Command line:
   tb_absDiff_isim_beh.exe
     -simmode  gui
     -simrunnum  0
     -socket  44182

Sun Apr 20 18:45:23 2014


 Elaboration Time: 0.02 sec

 Current Memory Usage: 196.235 Meg

 Total Signals          : 11
 Total Nets             : 52
 Total Signal Drivers   : 7
 Total Blocks           : 6
 Total Primitive Blocks : 5
 Total Processes        : 6
 Total Traceable Variables  : 17
 Total Scalar Nets and Variables : 1057
Total Line Count : 35

 Total Simulation Time: 0.04 sec

 Current Memory Usage: 271.737 Meg

Sun Apr 20 18:47:26 2014

