Release 14.7 - platgen Xilinx EDK 14.7 Build EDK_P.20131013
 (lin64)
Copyright (c) 1995-2013 Xilinx, Inc.  All rights reserved.

Command Line: platgen -p xc6slx45csg324-3 -lang vhdl -intstyle ise -lp
/home/cccitron/mastersThesis/Atlys_BSB_Support_v_3_6/Atlys_AXI_BSB_Support/lib/
-toplevel no -ti atlysCore_i -msg __xps/ise/xmsgprops.lst atlysCore.mhs 

ERROR:EDK - INFO:Security:71 - If a license for part 'xc6slx45' is available, it
   will be possible to use 'XPS_TDP' instead of 'XPS'.
   INFO:Security:61 - The XILINXD_LICENSE_FILE environment variable is not set.
   INFO:Security:63 - The LM_LICENSE_FILE environment variable is not set.
   INFO:Security:68 - For more information or for assistance in obtaining 
    a license, please run the Xilinx License Configuration Manager
          (xlcm or "Manage Xilinx Licenses".)
   INFO:Security:68a - user is cccitron, on host unknown.
   WARNING:Security:9b - No 'XPS' feature version 2013.10 was available for part
   'xc6slx45'.
   ERROR:Security:12 - No 'xc6slx45' feature version 2013.10 was available (-5),
        so 'XPS_TDP' may not be used.

   No such feature exists.
   Feature:       XPS
   License path: 
   /home/cccitron/.Xilinx/Xilinx.lic:/opt/Xilinx/14.7/ISE_DS/EDK/data/*.lic:/opt
   /Xilinx/14.7/ISE_DS/ISE//data/*.lic:/opt/Xilinx/14.7/ISE_DS/ISE//coregen/core
   _licenses/Xilinx.lic:/opt/Xilinx/14.7/ISE_DS/ISE//coregen/core_licenses/Xilin
   xFree.lic:/opt/Xilinx/14.7/ISE_DS/EDK/data/core_licenses/Xilinx.lic:
   FLEXnet Licensing error:-5,357
   For further information, refer to the FLEXnet Licensing documentation,
   available at "www.flexerasoftware.com".No such feature exists.
   Feature:       xc6slx45
   License path: 
   /home/cccitron/.Xilinx/Xilinx.lic:/opt/Xilinx/14.7/ISE_DS/EDK/data/*.lic:/opt
   /Xilinx/14.7/ISE_DS/ISE//data/*.lic:/opt/Xilinx/14.7/ISE_DS/ISE//coregen/core
   _licenses/Xilinx.lic:/opt/Xilinx/14.7/ISE_DS/ISE//coregen/core_licenses/Xilin
   xFree.lic:/opt/Xilinx/14.7/ISE_DS/EDK/data/core_licenses/Xilinx.lic:
   FLEXnet Licensing error:-5,357
   For further information, refer to the FLEXnet Licensing documentation,
   available at "www.flexerasoftware.com".
ERROR:EDK:440 - platgen failed with errors!
