Release 14.7 Map P.20131013 (lin64)
Xilinx Mapping Report File for Design 'top_level'

Design Information
------------------
Command Line   : map -intstyle ise -p xc6slx45-csg324-3 -w -logic_opt off -ol
high -t 1 -xt 0 -register_duplication off -r 4 -global_opt off -mt off -ir off
-pr off -lc off -power off -o top_level_map.ncd top_level.ngd top_level.pcf 
Target Device  : xc6slx45
Target Package : csg324
Target Speed   : -3
Mapper Version : spartan6 -- $Revision: 1.55 $
Mapped Date    : Wed Jun 25 16:52:11 2014

Design Summary
--------------
Number of errors:      0
Number of warnings:    0
Slice Logic Utilization:
  Number of Slice Registers:                 2,141 out of  54,576    3%
    Number used as Flip Flops:               1,757
    Number used as Latches:                      0
    Number used as Latch-thrus:                  0
    Number used as AND/OR logics:              384
  Number of Slice LUTs:                      8,023 out of  27,288   29%
    Number used as logic:                    8,013 out of  27,288   29%
      Number using O6 output only:           6,265
      Number using O5 output only:             249
      Number using O5 and O6:                1,499
      Number used as ROM:                        0
    Number used as Memory:                       0 out of   6,408    0%
    Number used exclusively as route-thrus:     10
      Number with same-slice register load:      0
      Number with same-slice carry load:        10
      Number with other load:                    0

Slice Logic Distribution:
  Number of occupied Slices:                 2,718 out of   6,822   39%
  Number of MUXCYs used:                     5,556 out of  13,644   40%
  Number of LUT Flip Flop pairs used:        8,215
    Number with an unused Flip Flop:         6,076 out of   8,215   73%
    Number with an unused LUT:                 192 out of   8,215    2%
    Number of fully used LUT-FF pairs:       1,947 out of   8,215   23%
    Number of unique control sets:             164
    Number of slice register sites lost
      to control set restrictions:              35 out of  54,576    1%

  A LUT Flip Flop pair for this architecture represents one LUT paired with
  one Flip Flop within a slice.  A control set is a unique combination of
  clock, reset, set, and enable signals for a registered element.
  The Slice Logic Distribution report is not meaningful if the design is
  over-mapped for a non-slice resource or if Placement fails.

IO Utilization:
  Number of bonded IOBs:                        33 out of     218   15%
    Number of LOCed IOBs:                       33 out of      33  100%

Specific Feature Utilization:
  Number of RAMB16BWERs:                         0 out of     116    0%
  Number of RAMB8BWERs:                          0 out of     232    0%
  Number of BUFIO2/BUFIO2_2CLKs:                 0 out of      32    0%
  Number of BUFIO2FB/BUFIO2FB_2CLKs:             0 out of      32    0%
  Number of BUFG/BUFGMUXs:                       1 out of      16    6%
    Number used as BUFGs:                        1
    Number used as BUFGMUX:                      0
  Number of DCM/DCM_CLKGENs:                     0 out of       8    0%
  Number of ILOGIC2/ISERDES2s:                   0 out of     376    0%
  Number of IODELAY2/IODRP2/IODRP2_MCBs:         0 out of     376    0%
  Number of OLOGIC2/OSERDES2s:                   0 out of     376    0%
  Number of BSCANs:                              0 out of       4    0%
  Number of BUFHs:                               0 out of     256    0%
  Number of BUFPLLs:                             0 out of       8    0%
  Number of BUFPLL_MCBs:                         0 out of       4    0%
  Number of DSP48A1s:                            0 out of      58    0%
  Number of ICAPs:                               0 out of       1    0%
  Number of MCBs:                                0 out of       2    0%
  Number of PCILOGICSEs:                         0 out of       2    0%
  Number of PLL_ADVs:                            0 out of       4    0%
  Number of PMVs:                                0 out of       1    0%
  Number of STARTUPs:                            0 out of       1    0%
  Number of SUSPEND_SYNCs:                       0 out of       1    0%

Average Fanout of Non-Clock Nets:                3.41

Peak Memory Usage:  893 MB
Total REAL time to MAP completion:  1 mins 49 secs 
Total CPU time to MAP completion:   1 mins 49 secs 

Table of Contents
-----------------
Section 1 - Errors
Section 2 - Warnings
Section 3 - Informational
Section 4 - Removed Logic Summary
Section 5 - Removed Logic
Section 6 - IOB Properties
Section 7 - RPMs
Section 8 - Guide Report
Section 9 - Area Group and Partition Summary
Section 10 - Timing Report
Section 11 - Configuration String Information
Section 12 - Control Set Information
Section 13 - Utilization by Hierarchy

Section 1 - Errors
------------------

Section 2 - Warnings
--------------------

Section 3 - Informational
-------------------------
INFO:MapLib:562 - No environment variables are currently set.
INFO:LIT:244 - All of the single ended outputs in this design are using slew
   rate limited output drivers. The delay on speed critical single ended outputs
   can be dramatically reduced by designating them as fast outputs.
INFO:Pack:1716 - Initializing temperature to 85.000 Celsius. (default - Range:
   0.000 to 85.000 Celsius)
INFO:Pack:1720 - Initializing voltage to 1.140 Volts. (default - Range: 1.140 to
   1.260 Volts)
INFO:Map:215 - The Interim Design Summary has been generated in the MAP Report
   (.mrp).
INFO:Pack:1650 - Map created a placed design.

Section 4 - Removed Logic Summary
---------------------------------
  64 block(s) removed
   2 block(s) optimized away

Section 5 - Removed Logic
-------------------------

The trimmed logic report below shows the logic removed from your design due to
sourceless or loadless signals, and VCC or ground connections.  If the removal
of a signal or symbol results in the subsequent removal of an additional signal
or symbol, the message explaining that second removal will be indented.  This
indentation will be repeated as a chain of related logic is removed.

To quickly locate the original cause for the removal of a chain of logic, look
above the place where that logic is listed in the trimming report, then locate
the lines that are least indented (begin at the leftmost edge).

Loadless block
"sad_wrappings/g_signed_sad[0].g_signed_sad_calc[0].i_sad_alg_3x3/ADDERTREE_INTE
RNAL_Madd127" (ROM) removed.
Loadless block
"sad_wrappings/g_signed_sad[0].g_signed_sad_calc[0].i_sad_alg_3x3/ADDERTREE_INTE
RNAL_Madd97" (ROM) removed.
Loadless block
"sad_wrappings/g_signed_sad[0].g_signed_sad_calc[10].i_sad_alg_3x3/ADDERTREE_INT
ERNAL_Madd127" (ROM) removed.
Loadless block
"sad_wrappings/g_signed_sad[0].g_signed_sad_calc[10].i_sad_alg_3x3/ADDERTREE_INT
ERNAL_Madd97" (ROM) removed.
Loadless block
"sad_wrappings/g_signed_sad[0].g_signed_sad_calc[11].i_sad_alg_3x3/ADDERTREE_INT
ERNAL_Madd127" (ROM) removed.
Loadless block
"sad_wrappings/g_signed_sad[0].g_signed_sad_calc[11].i_sad_alg_3x3/ADDERTREE_INT
ERNAL_Madd97" (ROM) removed.
Loadless block
"sad_wrappings/g_signed_sad[0].g_signed_sad_calc[12].i_sad_alg_3x3/ADDERTREE_INT
ERNAL_Madd127" (ROM) removed.
Loadless block
"sad_wrappings/g_signed_sad[0].g_signed_sad_calc[12].i_sad_alg_3x3/ADDERTREE_INT
ERNAL_Madd97" (ROM) removed.
Loadless block
"sad_wrappings/g_signed_sad[0].g_signed_sad_calc[13].i_sad_alg_3x3/ADDERTREE_INT
ERNAL_Madd127" (ROM) removed.
Loadless block
"sad_wrappings/g_signed_sad[0].g_signed_sad_calc[13].i_sad_alg_3x3/ADDERTREE_INT
ERNAL_Madd97" (ROM) removed.
Loadless block
"sad_wrappings/g_signed_sad[0].g_signed_sad_calc[14].i_sad_alg_3x3/ADDERTREE_INT
ERNAL_Madd127" (ROM) removed.
Loadless block
"sad_wrappings/g_signed_sad[0].g_signed_sad_calc[14].i_sad_alg_3x3/ADDERTREE_INT
ERNAL_Madd97" (ROM) removed.
Loadless block
"sad_wrappings/g_signed_sad[0].g_signed_sad_calc[15].i_sad_alg_3x3/ADDERTREE_INT
ERNAL_Madd127" (ROM) removed.
Loadless block
"sad_wrappings/g_signed_sad[0].g_signed_sad_calc[15].i_sad_alg_3x3/ADDERTREE_INT
ERNAL_Madd97" (ROM) removed.
Loadless block
"sad_wrappings/g_signed_sad[0].g_signed_sad_calc[1].i_sad_alg_3x3/ADDERTREE_INTE
RNAL_Madd127" (ROM) removed.
Loadless block
"sad_wrappings/g_signed_sad[0].g_signed_sad_calc[1].i_sad_alg_3x3/ADDERTREE_INTE
RNAL_Madd97" (ROM) removed.
Loadless block
"sad_wrappings/g_signed_sad[0].g_signed_sad_calc[2].i_sad_alg_3x3/ADDERTREE_INTE
RNAL_Madd127" (ROM) removed.
Loadless block
"sad_wrappings/g_signed_sad[0].g_signed_sad_calc[2].i_sad_alg_3x3/ADDERTREE_INTE
RNAL_Madd97" (ROM) removed.
Loadless block
"sad_wrappings/g_signed_sad[0].g_signed_sad_calc[3].i_sad_alg_3x3/ADDERTREE_INTE
RNAL_Madd127" (ROM) removed.
Loadless block
"sad_wrappings/g_signed_sad[0].g_signed_sad_calc[3].i_sad_alg_3x3/ADDERTREE_INTE
RNAL_Madd97" (ROM) removed.
Loadless block
"sad_wrappings/g_signed_sad[0].g_signed_sad_calc[4].i_sad_alg_3x3/ADDERTREE_INTE
RNAL_Madd127" (ROM) removed.
Loadless block
"sad_wrappings/g_signed_sad[0].g_signed_sad_calc[4].i_sad_alg_3x3/ADDERTREE_INTE
RNAL_Madd97" (ROM) removed.
Loadless block
"sad_wrappings/g_signed_sad[0].g_signed_sad_calc[5].i_sad_alg_3x3/ADDERTREE_INTE
RNAL_Madd127" (ROM) removed.
Loadless block
"sad_wrappings/g_signed_sad[0].g_signed_sad_calc[5].i_sad_alg_3x3/ADDERTREE_INTE
RNAL_Madd97" (ROM) removed.
Loadless block
"sad_wrappings/g_signed_sad[0].g_signed_sad_calc[6].i_sad_alg_3x3/ADDERTREE_INTE
RNAL_Madd127" (ROM) removed.
Loadless block
"sad_wrappings/g_signed_sad[0].g_signed_sad_calc[6].i_sad_alg_3x3/ADDERTREE_INTE
RNAL_Madd97" (ROM) removed.
Loadless block
"sad_wrappings/g_signed_sad[0].g_signed_sad_calc[7].i_sad_alg_3x3/ADDERTREE_INTE
RNAL_Madd127" (ROM) removed.
Loadless block
"sad_wrappings/g_signed_sad[0].g_signed_sad_calc[7].i_sad_alg_3x3/ADDERTREE_INTE
RNAL_Madd97" (ROM) removed.
Loadless block
"sad_wrappings/g_signed_sad[0].g_signed_sad_calc[8].i_sad_alg_3x3/ADDERTREE_INTE
RNAL_Madd127" (ROM) removed.
Loadless block
"sad_wrappings/g_signed_sad[0].g_signed_sad_calc[8].i_sad_alg_3x3/ADDERTREE_INTE
RNAL_Madd97" (ROM) removed.
Loadless block
"sad_wrappings/g_signed_sad[0].g_signed_sad_calc[9].i_sad_alg_3x3/ADDERTREE_INTE
RNAL_Madd127" (ROM) removed.
Loadless block
"sad_wrappings/g_signed_sad[0].g_signed_sad_calc[9].i_sad_alg_3x3/ADDERTREE_INTE
RNAL_Madd97" (ROM) removed.
Loadless block
"sad_wrappings/g_signed_sad[1].g_signed_sad_calc[0].i_sad_alg_3x3/ADDERTREE_INTE
RNAL_Madd127" (ROM) removed.
Loadless block
"sad_wrappings/g_signed_sad[1].g_signed_sad_calc[0].i_sad_alg_3x3/ADDERTREE_INTE
RNAL_Madd97" (ROM) removed.
Loadless block
"sad_wrappings/g_signed_sad[1].g_signed_sad_calc[10].i_sad_alg_3x3/ADDERTREE_INT
ERNAL_Madd127" (ROM) removed.
Loadless block
"sad_wrappings/g_signed_sad[1].g_signed_sad_calc[10].i_sad_alg_3x3/ADDERTREE_INT
ERNAL_Madd97" (ROM) removed.
Loadless block
"sad_wrappings/g_signed_sad[1].g_signed_sad_calc[11].i_sad_alg_3x3/ADDERTREE_INT
ERNAL_Madd127" (ROM) removed.
Loadless block
"sad_wrappings/g_signed_sad[1].g_signed_sad_calc[11].i_sad_alg_3x3/ADDERTREE_INT
ERNAL_Madd97" (ROM) removed.
Loadless block
"sad_wrappings/g_signed_sad[1].g_signed_sad_calc[12].i_sad_alg_3x3/ADDERTREE_INT
ERNAL_Madd127" (ROM) removed.
Loadless block
"sad_wrappings/g_signed_sad[1].g_signed_sad_calc[12].i_sad_alg_3x3/ADDERTREE_INT
ERNAL_Madd97" (ROM) removed.
Loadless block
"sad_wrappings/g_signed_sad[1].g_signed_sad_calc[13].i_sad_alg_3x3/ADDERTREE_INT
ERNAL_Madd127" (ROM) removed.
Loadless block
"sad_wrappings/g_signed_sad[1].g_signed_sad_calc[13].i_sad_alg_3x3/ADDERTREE_INT
ERNAL_Madd97" (ROM) removed.
Loadless block
"sad_wrappings/g_signed_sad[1].g_signed_sad_calc[14].i_sad_alg_3x3/ADDERTREE_INT
ERNAL_Madd127" (ROM) removed.
Loadless block
"sad_wrappings/g_signed_sad[1].g_signed_sad_calc[14].i_sad_alg_3x3/ADDERTREE_INT
ERNAL_Madd97" (ROM) removed.
Loadless block
"sad_wrappings/g_signed_sad[1].g_signed_sad_calc[15].i_sad_alg_3x3/ADDERTREE_INT
ERNAL_Madd127" (ROM) removed.
Loadless block
"sad_wrappings/g_signed_sad[1].g_signed_sad_calc[15].i_sad_alg_3x3/ADDERTREE_INT
ERNAL_Madd97" (ROM) removed.
Loadless block
"sad_wrappings/g_signed_sad[1].g_signed_sad_calc[1].i_sad_alg_3x3/ADDERTREE_INTE
RNAL_Madd127" (ROM) removed.
Loadless block
"sad_wrappings/g_signed_sad[1].g_signed_sad_calc[1].i_sad_alg_3x3/ADDERTREE_INTE
RNAL_Madd97" (ROM) removed.
Loadless block
"sad_wrappings/g_signed_sad[1].g_signed_sad_calc[2].i_sad_alg_3x3/ADDERTREE_INTE
RNAL_Madd127" (ROM) removed.
Loadless block
"sad_wrappings/g_signed_sad[1].g_signed_sad_calc[2].i_sad_alg_3x3/ADDERTREE_INTE
RNAL_Madd97" (ROM) removed.
Loadless block
"sad_wrappings/g_signed_sad[1].g_signed_sad_calc[3].i_sad_alg_3x3/ADDERTREE_INTE
RNAL_Madd127" (ROM) removed.
Loadless block
"sad_wrappings/g_signed_sad[1].g_signed_sad_calc[3].i_sad_alg_3x3/ADDERTREE_INTE
RNAL_Madd97" (ROM) removed.
Loadless block
"sad_wrappings/g_signed_sad[1].g_signed_sad_calc[4].i_sad_alg_3x3/ADDERTREE_INTE
RNAL_Madd127" (ROM) removed.
Loadless block
"sad_wrappings/g_signed_sad[1].g_signed_sad_calc[4].i_sad_alg_3x3/ADDERTREE_INTE
RNAL_Madd97" (ROM) removed.
Loadless block
"sad_wrappings/g_signed_sad[1].g_signed_sad_calc[5].i_sad_alg_3x3/ADDERTREE_INTE
RNAL_Madd127" (ROM) removed.
Loadless block
"sad_wrappings/g_signed_sad[1].g_signed_sad_calc[5].i_sad_alg_3x3/ADDERTREE_INTE
RNAL_Madd97" (ROM) removed.
Loadless block
"sad_wrappings/g_signed_sad[1].g_signed_sad_calc[6].i_sad_alg_3x3/ADDERTREE_INTE
RNAL_Madd127" (ROM) removed.
Loadless block
"sad_wrappings/g_signed_sad[1].g_signed_sad_calc[6].i_sad_alg_3x3/ADDERTREE_INTE
RNAL_Madd97" (ROM) removed.
Loadless block
"sad_wrappings/g_signed_sad[1].g_signed_sad_calc[7].i_sad_alg_3x3/ADDERTREE_INTE
RNAL_Madd127" (ROM) removed.
Loadless block
"sad_wrappings/g_signed_sad[1].g_signed_sad_calc[7].i_sad_alg_3x3/ADDERTREE_INTE
RNAL_Madd97" (ROM) removed.
Loadless block
"sad_wrappings/g_signed_sad[1].g_signed_sad_calc[8].i_sad_alg_3x3/ADDERTREE_INTE
RNAL_Madd127" (ROM) removed.
Loadless block
"sad_wrappings/g_signed_sad[1].g_signed_sad_calc[8].i_sad_alg_3x3/ADDERTREE_INTE
RNAL_Madd97" (ROM) removed.
Loadless block
"sad_wrappings/g_signed_sad[1].g_signed_sad_calc[9].i_sad_alg_3x3/ADDERTREE_INTE
RNAL_Madd127" (ROM) removed.
Loadless block
"sad_wrappings/g_signed_sad[1].g_signed_sad_calc[9].i_sad_alg_3x3/ADDERTREE_INTE
RNAL_Madd97" (ROM) removed.

Optimized Block(s):
TYPE 		BLOCK
GND 		XST_GND
VCC 		XST_VCC

To enable printing of redundant blocks removed and signals merged, set the
detailed map report option and rerun map.

Section 6 - IOB Properties
--------------------------

+---------------------------------------------------------------------------------------------------------------------------------------------------------+
| IOB Name                           | Type             | Direction | IO Standard          | Diff  | Drive    | Slew | Reg (s)      | Resistor | IOB      |
|                                    |                  |           |                      | Term  | Strength | Rate |              |          | Delay    |
+---------------------------------------------------------------------------------------------------------------------------------------------------------+
| fx2Addr_out<0>                     | IOB              | OUTPUT    | LVTTL                |       | 12       | SLOW |              |          |          |
| fx2Addr_out<1>                     | IOB              | OUTPUT    | LVTTL                |       | 12       | SLOW |              |          |          |
| fx2Clk_in                          | IOB              | INPUT     | LVTTL                |       |          |      |              |          |          |
| fx2Data_io<0>                      | IOB              | BIDIR     | LVTTL                |       | 12       | SLOW |              |          |          |
| fx2Data_io<1>                      | IOB              | BIDIR     | LVTTL                |       | 12       | SLOW |              |          |          |
| fx2Data_io<2>                      | IOB              | BIDIR     | LVTTL                |       | 12       | SLOW |              |          |          |
| fx2Data_io<3>                      | IOB              | BIDIR     | LVTTL                |       | 12       | SLOW |              |          |          |
| fx2Data_io<4>                      | IOB              | BIDIR     | LVTTL                |       | 12       | SLOW |              |          |          |
| fx2Data_io<5>                      | IOB              | BIDIR     | LVTTL                |       | 12       | SLOW |              |          |          |
| fx2Data_io<6>                      | IOB              | BIDIR     | LVTTL                |       | 12       | SLOW |              |          |          |
| fx2Data_io<7>                      | IOB              | BIDIR     | LVTTL                |       | 12       | SLOW |              |          |          |
| fx2GotData_in                      | IOB              | INPUT     | LVTTL                |       |          |      |              |          |          |
| fx2GotRoom_in                      | IOB              | INPUT     | LVTTL                |       |          |      |              |          |          |
| fx2OE_out                          | IOB              | OUTPUT    | LVTTL                |       | 12       | SLOW |              |          |          |
| fx2PktEnd_out                      | IOB              | OUTPUT    | LVTTL                |       | 12       | SLOW |              |          |          |
| fx2Read_out                        | IOB              | OUTPUT    | LVTTL                |       | 12       | SLOW |              |          |          |
| fx2Write_out                       | IOB              | OUTPUT    | LVTTL                |       | 12       | SLOW |              |          |          |
| led_out<0>                         | IOB              | OUTPUT    | LVTTL                |       | 12       | SLOW |              |          |          |
| led_out<1>                         | IOB              | OUTPUT    | LVTTL                |       | 12       | SLOW |              |          |          |
| led_out<2>                         | IOB              | OUTPUT    | LVTTL                |       | 12       | SLOW |              |          |          |
| led_out<3>                         | IOB              | OUTPUT    | LVTTL                |       | 12       | SLOW |              |          |          |
| led_out<4>                         | IOB              | OUTPUT    | LVTTL                |       | 12       | SLOW |              |          |          |
| led_out<5>                         | IOB              | OUTPUT    | LVTTL                |       | 12       | SLOW |              |          |          |
| led_out<6>                         | IOB              | OUTPUT    | LVTTL                |       | 12       | SLOW |              |          |          |
| led_out<7>                         | IOB              | OUTPUT    | LVTTL                |       | 12       | SLOW |              |          |          |
| sw_in<0>                           | IOB              | INPUT     | LVTTL                |       |          |      |              |          |          |
| sw_in<1>                           | IOB              | INPUT     | LVTTL                |       |          |      |              |          |          |
| sw_in<2>                           | IOB              | INPUT     | LVTTL                |       |          |      |              |          |          |
| sw_in<3>                           | IOB              | INPUT     | LVTTL                |       |          |      |              |          |          |
| sw_in<4>                           | IOB              | INPUT     | LVTTL                |       |          |      |              |          |          |
| sw_in<5>                           | IOB              | INPUT     | LVTTL                |       |          |      |              |          |          |
| sw_in<6>                           | IOB              | INPUT     | LVTTL                |       |          |      |              |          |          |
| sw_in<7>                           | IOB              | INPUT     | LVTTL                |       |          |      |              |          |          |
+---------------------------------------------------------------------------------------------------------------------------------------------------------+

Section 7 - RPMs
----------------

Section 8 - Guide Report
------------------------
Guide not run on this design.

Section 9 - Area Group and Partition Summary
--------------------------------------------

Partition Implementation Status
-------------------------------

  No Partitions were found in this design.

-------------------------------

Area Group Information
----------------------

  No area groups were found in this design.

----------------------

Section 10 - Timing Report
--------------------------
A logic-level (pre-route) timing report can be generated by using Xilinx static
timing analysis tools, Timing Analyzer (GUI) or TRCE (command line), with the
mapped NCD and PCF files. Please note that this timing report will be generated
using estimated delay information. For accurate numbers, please generate a
timing report with the post Place and Route NCD file.

For more information about the Timing Analyzer, consult the Xilinx Timing
Analyzer Reference Manual; for more information about TRCE, consult the Xilinx
Command Line Tools User Guide "TRACE" chapter.

Section 11 - Configuration String Details
-----------------------------------------
Use the "-detail" map option to print out Configuration Strings

Section 12 - Control Set Information
------------------------------------
Use the "-detail" map option to print out Control Set Information.

Section 13 - Utilization by Hierarchy
-------------------------------------
Use the "-detail" map option to print out the Utilization by Hierarchy section.
