Release 14.7 - xst P.20131013 (lin64)
Copyright (c) 1995-2013 Xilinx, Inc.  All rights reserved.
--> 
Parameter TMPDIR set to xst/projnav.tmp


Total REAL time to Xst completion: 0.00 secs
Total CPU time to Xst completion: 0.06 secs
 
--> 
Parameter xsthdpdir set to xst


Total REAL time to Xst completion: 0.00 secs
Total CPU time to Xst completion: 0.06 secs
 
--> 
Reading design: top_level.prj

TABLE OF CONTENTS
  1) Synthesis Options Summary
  2) HDL Parsing
  3) HDL Elaboration
  4) HDL Synthesis
       4.1) HDL Synthesis Report
  5) Advanced HDL Synthesis
       5.1) Advanced HDL Synthesis Report
  6) Low Level Synthesis
  7) Partition Report
  8) Design Summary
       8.1) Primitive and Black Box Usage
       8.2) Device utilization summary
       8.3) Partition Resource Summary
       8.4) Timing Report
            8.4.1) Clock Information
            8.4.2) Asynchronous Control Signals Information
            8.4.3) Timing Summary
            8.4.4) Timing Details
            8.4.5) Cross Clock Domains Report


=========================================================================
*                      Synthesis Options Summary                        *
=========================================================================
---- Source Parameters
Input File Name                    : "top_level.prj"
Ignore Synthesis Constraint File   : NO

---- Target Parameters
Output File Name                   : "top_level"
Output Format                      : NGC
Target Device                      : xc6slx45-3-csg324

---- Source Options
Top Module Name                    : top_level
Automatic FSM Extraction           : YES
FSM Encoding Algorithm             : Auto
Safe Implementation                : No
FSM Style                          : LUT
RAM Extraction                     : Yes
RAM Style                          : Auto
ROM Extraction                     : Yes
Shift Register Extraction          : YES
ROM Style                          : Auto
Resource Sharing                   : YES
Asynchronous To Synchronous        : NO
Shift Register Minimum Size        : 2
Use DSP Block                      : Auto
Automatic Register Balancing       : No

---- Target Options
LUT Combining                      : Auto
Reduce Control Sets                : Auto
Add IO Buffers                     : YES
Global Maximum Fanout              : 100000
Add Generic Clock Buffer(BUFG)     : 16
Register Duplication               : YES
Optimize Instantiated Primitives   : NO
Use Clock Enable                   : Auto
Use Synchronous Set                : Auto
Use Synchronous Reset              : Auto
Pack IO Registers into IOBs        : Auto
Equivalent register Removal        : YES

---- General Options
Optimization Goal                  : Speed
Optimization Effort                : 1
Power Reduction                    : NO
Keep Hierarchy                     : No
Netlist Hierarchy                  : As_Optimized
RTL Output                         : Yes
Global Optimization                : AllClockNets
Read Cores                         : YES
Write Timing Constraints           : NO
Cross Clock Analysis               : NO
Hierarchy Separator                : /
Bus Delimiter                      : <>
Case Specifier                     : Maintain
Slice Utilization Ratio            : 100
BRAM Utilization Ratio             : 100
DSP48 Utilization Ratio            : 100
Auto BRAM Packing                  : NO
Slice Utilization Ratio Delta      : 5

=========================================================================


=========================================================================
*                          HDL Parsing                                  *
=========================================================================
Parsing VHDL file "/home/cccitron/mastersThesis/makestuff/libs/libfpgalink-20120621/hdl/fx2/vhdl/ex_cksum-me_compToFPGA/top_level/sadAlgorithm_3x3.vhd" into library work
Parsing entity <sadAlgorithm_3x3>.
Parsing architecture <Behavioral> of entity <sadalgorithm_3x3>.
ERROR:HDLCompiler:1731 - "/home/cccitron/mastersThesis/makestuff/libs/libfpgalink-20120621/hdl/fx2/vhdl/ex_cksum-me_compToFPGA/top_level/sadAlgorithm_3x3.vhd" Line 101: found '2' definitions of operator "&", cannot determine exact overloaded matching definition for "&"
first match for '"&"' found here : "/build/xfndry10/P.20131013/rtf/vhdl/xst/src/std_1164.vhd" Line 69.
another match for '"&"' found here : "/home/cccitron/mastersThesis/makestuff/libs/libfpgalink-20120621/hdl/fx2/vhdl/ex_cksum-me_compToFPGA/top_level/sadAlgorithm_3x3.vhd" Line 66.
first match for '"&"' found here : "/build/xfndry10/P.20131013/rtf/vhdl/xst/src/std_1164.vhd" Line 69.
another match for '"&"' found here : "/home/cccitron/mastersThesis/makestuff/libs/libfpgalink-20120621/hdl/fx2/vhdl/ex_cksum-me_compToFPGA/top_level/sadAlgorithm_3x3.vhd" Line 66.
ERROR:HDLCompiler:1731 - "/home/cccitron/mastersThesis/makestuff/libs/libfpgalink-20120621/hdl/fx2/vhdl/ex_cksum-me_compToFPGA/top_level/sadAlgorithm_3x3.vhd" Line 103: found '2' definitions of operator "&", cannot determine exact overloaded matching definition for "&"
first match for '"&"' found here : "/build/xfndry10/P.20131013/rtf/vhdl/xst/src/std_1164.vhd" Line 69.
another match for '"&"' found here : "/home/cccitron/mastersThesis/makestuff/libs/libfpgalink-20120621/hdl/fx2/vhdl/ex_cksum-me_compToFPGA/top_level/sadAlgorithm_3x3.vhd" Line 66.
first match for '"&"' found here : "/build/xfndry10/P.20131013/rtf/vhdl/xst/src/std_1164.vhd" Line 69.
another match for '"&"' found here : "/home/cccitron/mastersThesis/makestuff/libs/libfpgalink-20120621/hdl/fx2/vhdl/ex_cksum-me_compToFPGA/top_level/sadAlgorithm_3x3.vhd" Line 66.
ERROR:HDLCompiler:1731 - "/home/cccitron/mastersThesis/makestuff/libs/libfpgalink-20120621/hdl/fx2/vhdl/ex_cksum-me_compToFPGA/top_level/sadAlgorithm_3x3.vhd" Line 104: found '2' definitions of operator "&", cannot determine exact overloaded matching definition for "&"
first match for '"&"' found here : "/build/xfndry10/P.20131013/rtf/vhdl/xst/src/std_1164.vhd" Line 69.
another match for '"&"' found here : "/home/cccitron/mastersThesis/makestuff/libs/libfpgalink-20120621/hdl/fx2/vhdl/ex_cksum-me_compToFPGA/top_level/sadAlgorithm_3x3.vhd" Line 66.
first match for '"&"' found here : "/build/xfndry10/P.20131013/rtf/vhdl/xst/src/std_1164.vhd" Line 69.
another match for '"&"' found here : "/home/cccitron/mastersThesis/makestuff/libs/libfpgalink-20120621/hdl/fx2/vhdl/ex_cksum-me_compToFPGA/top_level/sadAlgorithm_3x3.vhd" Line 66.
ERROR:HDLCompiler:1731 - "/home/cccitron/mastersThesis/makestuff/libs/libfpgalink-20120621/hdl/fx2/vhdl/ex_cksum-me_compToFPGA/top_level/sadAlgorithm_3x3.vhd" Line 105: found '2' definitions of operator "&", cannot determine exact overloaded matching definition for "&"
first match for '"&"' found here : "/build/xfndry10/P.20131013/rtf/vhdl/xst/src/std_1164.vhd" Line 69.
another match for '"&"' found here : "/home/cccitron/mastersThesis/makestuff/libs/libfpgalink-20120621/hdl/fx2/vhdl/ex_cksum-me_compToFPGA/top_level/sadAlgorithm_3x3.vhd" Line 66.
first match for '"&"' found here : "/build/xfndry10/P.20131013/rtf/vhdl/xst/src/std_1164.vhd" Line 69.
another match for '"&"' found here : "/home/cccitron/mastersThesis/makestuff/libs/libfpgalink-20120621/hdl/fx2/vhdl/ex_cksum-me_compToFPGA/top_level/sadAlgorithm_3x3.vhd" Line 66.
ERROR:HDLCompiler:1731 - "/home/cccitron/mastersThesis/makestuff/libs/libfpgalink-20120621/hdl/fx2/vhdl/ex_cksum-me_compToFPGA/top_level/sadAlgorithm_3x3.vhd" Line 106: found '2' definitions of operator "&", cannot determine exact overloaded matching definition for "&"
first match for '"&"' found here : "/build/xfndry10/P.20131013/rtf/vhdl/xst/src/std_1164.vhd" Line 69.
another match for '"&"' found here : "/home/cccitron/mastersThesis/makestuff/libs/libfpgalink-20120621/hdl/fx2/vhdl/ex_cksum-me_compToFPGA/top_level/sadAlgorithm_3x3.vhd" Line 66.
first match for '"&"' found here : "/build/xfndry10/P.20131013/rtf/vhdl/xst/src/std_1164.vhd" Line 69.
another match for '"&"' found here : "/home/cccitron/mastersThesis/makestuff/libs/libfpgalink-20120621/hdl/fx2/vhdl/ex_cksum-me_compToFPGA/top_level/sadAlgorithm_3x3.vhd" Line 66.
ERROR:HDLCompiler:1731 - "/home/cccitron/mastersThesis/makestuff/libs/libfpgalink-20120621/hdl/fx2/vhdl/ex_cksum-me_compToFPGA/top_level/sadAlgorithm_3x3.vhd" Line 107: found '2' definitions of operator "&", cannot determine exact overloaded matching definition for "&"
first match for '"&"' found here : "/build/xfndry10/P.20131013/rtf/vhdl/xst/src/std_1164.vhd" Line 69.
another match for '"&"' found here : "/home/cccitron/mastersThesis/makestuff/libs/libfpgalink-20120621/hdl/fx2/vhdl/ex_cksum-me_compToFPGA/top_level/sadAlgorithm_3x3.vhd" Line 66.
first match for '"&"' found here : "/build/xfndry10/P.20131013/rtf/vhdl/xst/src/std_1164.vhd" Line 69.
another match for '"&"' found here : "/home/cccitron/mastersThesis/makestuff/libs/libfpgalink-20120621/hdl/fx2/vhdl/ex_cksum-me_compToFPGA/top_level/sadAlgorithm_3x3.vhd" Line 66.
ERROR:HDLCompiler:1731 - "/home/cccitron/mastersThesis/makestuff/libs/libfpgalink-20120621/hdl/fx2/vhdl/ex_cksum-me_compToFPGA/top_level/sadAlgorithm_3x3.vhd" Line 108: found '2' definitions of operator "&", cannot determine exact overloaded matching definition for "&"
first match for '"&"' found here : "/build/xfndry10/P.20131013/rtf/vhdl/xst/src/std_1164.vhd" Line 69.
another match for '"&"' found here : "/home/cccitron/mastersThesis/makestuff/libs/libfpgalink-20120621/hdl/fx2/vhdl/ex_cksum-me_compToFPGA/top_level/sadAlgorithm_3x3.vhd" Line 66.
first match for '"&"' found here : "/build/xfndry10/P.20131013/rtf/vhdl/xst/src/std_1164.vhd" Line 69.
another match for '"&"' found here : "/home/cccitron/mastersThesis/makestuff/libs/libfpgalink-20120621/hdl/fx2/vhdl/ex_cksum-me_compToFPGA/top_level/sadAlgorithm_3x3.vhd" Line 66.
ERROR:HDLCompiler:1731 - "/home/cccitron/mastersThesis/makestuff/libs/libfpgalink-20120621/hdl/fx2/vhdl/ex_cksum-me_compToFPGA/top_level/sadAlgorithm_3x3.vhd" Line 109: found '2' definitions of operator "&", cannot determine exact overloaded matching definition for "&"
first match for '"&"' found here : "/build/xfndry10/P.20131013/rtf/vhdl/xst/src/std_1164.vhd" Line 69.
another match for '"&"' found here : "/home/cccitron/mastersThesis/makestuff/libs/libfpgalink-20120621/hdl/fx2/vhdl/ex_cksum-me_compToFPGA/top_level/sadAlgorithm_3x3.vhd" Line 66.
first match for '"&"' found here : "/build/xfndry10/P.20131013/rtf/vhdl/xst/src/std_1164.vhd" Line 69.
another match for '"&"' found here : "/home/cccitron/mastersThesis/makestuff/libs/libfpgalink-20120621/hdl/fx2/vhdl/ex_cksum-me_compToFPGA/top_level/sadAlgorithm_3x3.vhd" Line 66.
ERROR:HDLCompiler:1731 - "/home/cccitron/mastersThesis/makestuff/libs/libfpgalink-20120621/hdl/fx2/vhdl/ex_cksum-me_compToFPGA/top_level/sadAlgorithm_3x3.vhd" Line 111: found '2' definitions of operator "&", cannot determine exact overloaded matching definition for "&"
first match for '"&"' found here : "/build/xfndry10/P.20131013/rtf/vhdl/xst/src/std_1164.vhd" Line 69.
another match for '"&"' found here : "/home/cccitron/mastersThesis/makestuff/libs/libfpgalink-20120621/hdl/fx2/vhdl/ex_cksum-me_compToFPGA/top_level/sadAlgorithm_3x3.vhd" Line 66.
first match for '"&"' found here : "/build/xfndry10/P.20131013/rtf/vhdl/xst/src/std_1164.vhd" Line 69.
another match for '"&"' found here : "/home/cccitron/mastersThesis/makestuff/libs/libfpgalink-20120621/hdl/fx2/vhdl/ex_cksum-me_compToFPGA/top_level/sadAlgorithm_3x3.vhd" Line 66.
ERROR:HDLCompiler:854 - "/home/cccitron/mastersThesis/makestuff/libs/libfpgalink-20120621/hdl/fx2/vhdl/ex_cksum-me_compToFPGA/top_level/sadAlgorithm_3x3.vhd" Line 64: Unit <behavioral> ignored due to previous errors.
VHDL file /home/cccitron/mastersThesis/makestuff/libs/libfpgalink-20120621/hdl/fx2/vhdl/ex_cksum-me_compToFPGA/top_level/sadAlgorithm_3x3.vhd ignored due to errors
--> 


Total memory usage is 316380 kilobytes

Number of errors   :   10 (   0 filtered)
Number of warnings :    0 (   0 filtered)
Number of infos    :    0 (   0 filtered)

