Release 14.7 - xst P.20131013 (lin64)
Copyright (c) 1995-2013 Xilinx, Inc.  All rights reserved.
--> 
Parameter TMPDIR set to xst/projnav.tmp


Total REAL time to Xst completion: 1.00 secs
Total CPU time to Xst completion: 0.10 secs
 
--> 
Parameter xsthdpdir set to xst


Total REAL time to Xst completion: 1.00 secs
Total CPU time to Xst completion: 0.10 secs
 
--> 
Reading design: top_level.prj

TABLE OF CONTENTS
  1) Synthesis Options Summary
  2) HDL Parsing
  3) HDL Elaboration
  4) HDL Synthesis
       4.1) HDL Synthesis Report
  5) Advanced HDL Synthesis
       5.1) Advanced HDL Synthesis Report
  6) Low Level Synthesis
  7) Partition Report
  8) Design Summary
       8.1) Primitive and Black Box Usage
       8.2) Device utilization summary
       8.3) Partition Resource Summary
       8.4) Timing Report
            8.4.1) Clock Information
            8.4.2) Asynchronous Control Signals Information
            8.4.3) Timing Summary
            8.4.4) Timing Details
            8.4.5) Cross Clock Domains Report


=========================================================================
*                      Synthesis Options Summary                        *
=========================================================================
---- Source Parameters
Input File Name                    : "top_level.prj"
Input Format                       : mixed
Ignore Synthesis Constraint File   : NO

---- Target Parameters
Output File Name                   : "top_level"
Output Format                      : NGC
Target Device                      : xc6slx45-3-csg324

---- Source Options
Top Module Name                    : top_level
Automatic FSM Extraction           : YES
FSM Encoding Algorithm             : Auto
Safe Implementation                : No
FSM Style                          : LUT
RAM Extraction                     : Yes
RAM Style                          : Auto
ROM Extraction                     : Yes
Shift Register Extraction          : YES
ROM Style                          : Auto
Resource Sharing                   : YES
Asynchronous To Synchronous        : NO
Shift Register Minimum Size        : 2
Use DSP Block                      : Auto
Automatic Register Balancing       : No

---- Target Options
LUT Combining                      : Auto
Reduce Control Sets                : Auto
Add IO Buffers                     : YES
Global Maximum Fanout              : 100000
Add Generic Clock Buffer(BUFG)     : 16
Register Duplication               : YES
Optimize Instantiated Primitives   : NO
Use Clock Enable                   : Auto
Use Synchronous Set                : Auto
Use Synchronous Reset              : Auto
Pack IO Registers into IOBs        : Auto
Equivalent register Removal        : YES

---- General Options
Optimization Goal                  : Speed
Optimization Effort                : 1
Power Reduction                    : NO
Keep Hierarchy                     : No
Netlist Hierarchy                  : As_Optimized
RTL Output                         : Yes
Global Optimization                : AllClockNets
Read Cores                         : YES
Write Timing Constraints           : NO
Cross Clock Analysis               : NO
Hierarchy Separator                : /
Bus Delimiter                      : <>
Case Specifier                     : Maintain
Slice Utilization Ratio            : 100
BRAM Utilization Ratio             : 100
DSP48 Utilization Ratio            : 100
Auto BRAM Packing                  : NO
Slice Utilization Ratio Delta      : 5

=========================================================================


=========================================================================
*                          HDL Parsing                                  *
=========================================================================
Parsing VHDL file "/home/cccitron/makestuff/libs/libfpgalink-20120621/hdl/fx2/vhdl/comm_fpga/comm_fpga_fx2.vhdl" into library work
Parsing entity <comm_fpga_fx2>.
Parsing architecture <behavioural> of entity <comm_fpga_fx2>.
Parsing VHDL file "/home/cccitron/makestuff/libs/libfpgalink-20120621/hdl/common/vhdl/seven_seg/seven_seg.vhdl" into library work
Parsing entity <seven_seg>.
Parsing architecture <behavioural> of entity <seven_seg>.
Parsing VHDL file "/home/cccitron/makestuff/libs/libfpgalink-20120621/hdl/fx2/vhdl/ex_cksum/top_level.vhdl" into library work
Parsing entity <top_level>.
Parsing architecture <behavioural> of entity <top_level>.

=========================================================================
*                            HDL Elaboration                            *
=========================================================================

Elaborating entity <top_level> (architecture <behavioural>) from library <work>.

Elaborating entity <comm_fpga_fx2> (architecture <behavioural>) from library <work>.

Elaborating entity <seven_seg> (architecture <behavioural>) with generics from library <work>.

=========================================================================
*                           HDL Synthesis                               *
=========================================================================

Synthesizing Unit <top_level>.
    Related source file is "/home/cccitron/makestuff/libs/libfpgalink-20120621/hdl/fx2/vhdl/ex_cksum/top_level.vhdl".
    Found 8-bit register for signal <reg0>.
    Found 8-bit register for signal <reg1>.
    Found 8-bit register for signal <reg2>.
    Found 8-bit register for signal <reg3>.
    Found 16-bit register for signal <checksum>.
    Found 16-bit adder for signal <checksum[15]_GND_4_o_add_8_OUT> created at line 89.
    Found 8-bit 4-to-1 multiplexer for signal <_n0063> created at line 57.
    Summary:
	inferred   1 Adder/Subtractor(s).
	inferred  48 D-type flip-flop(s).
	inferred   2 Multiplexer(s).
Unit <top_level> synthesized.

Synthesizing Unit <comm_fpga_fx2>.
    Related source file is "/home/cccitron/makestuff/libs/libfpgalink-20120621/hdl/fx2/vhdl/comm_fpga/comm_fpga_fx2.vhdl".
    Found 32-bit register for signal <count>.
    Found 7-bit register for signal <chanAddr>.
    Found 1-bit register for signal <isWrite>.
    Found 1-bit register for signal <isAligned>.
    Found 4-bit register for signal <state>.
    Found finite state machine <FSM_0> for signal <state>.
    -----------------------------------------------------------------------
    | States             | 10                                             |
    | Transitions        | 21                                             |
    | Inputs             | 5                                              |
    | Outputs            | 8                                              |
    | Clock              | fx2Clk_in (rising_edge)                        |
    | Power Up State     | s_idle                                         |
    | Encoding           | auto                                           |
    | Implementation     | LUT                                            |
    -----------------------------------------------------------------------
    Found 32-bit subtractor for signal <GND_5_o_GND_5_o_sub_18_OUT<31:0>> created at line 1308.
    Found 1-bit tristate buffer for signal <fx2Data_io<7>> created at line 222
    Found 1-bit tristate buffer for signal <fx2Data_io<6>> created at line 222
    Found 1-bit tristate buffer for signal <fx2Data_io<5>> created at line 222
    Found 1-bit tristate buffer for signal <fx2Data_io<4>> created at line 222
    Found 1-bit tristate buffer for signal <fx2Data_io<3>> created at line 222
    Found 1-bit tristate buffer for signal <fx2Data_io<2>> created at line 222
    Found 1-bit tristate buffer for signal <fx2Data_io<1>> created at line 222
    Found 1-bit tristate buffer for signal <fx2Data_io<0>> created at line 222
    Summary:
	inferred   1 Adder/Subtractor(s).
	inferred  41 D-type flip-flop(s).
	inferred  48 Multiplexer(s).
	inferred   8 Tristate(s).
	inferred   1 Finite State Machine(s).
Unit <comm_fpga_fx2> synthesized.

Synthesizing Unit <seven_seg>.
    Related source file is "/home/cccitron/makestuff/libs/libfpgalink-20120621/hdl/common/vhdl/seven_seg/seven_seg.vhdl".
        COUNTER_WIDTH = 18
    Found 18-bit register for signal <count>.
    Found 18-bit adder for signal <count_next> created at line 1241.
    Found 4x4-bit Read Only RAM for signal <anodes_out>
    Found 16x7-bit Read Only RAM for signal <segs>
    Found 1-bit 4-to-1 multiplexer for signal <dot> created at line 67.
    Found 1-bit 4-to-1 multiplexer for signal <nibble<3>> created at line 81.
    Found 1-bit 4-to-1 multiplexer for signal <nibble<2>> created at line 81.
    Found 1-bit 4-to-1 multiplexer for signal <nibble<1>> created at line 81.
    Found 1-bit 4-to-1 multiplexer for signal <nibble<0>> created at line 81.
    Summary:
	inferred   2 RAM(s).
	inferred   1 Adder/Subtractor(s).
	inferred  18 D-type flip-flop(s).
	inferred   5 Multiplexer(s).
Unit <seven_seg> synthesized.

=========================================================================
HDL Synthesis Report

Macro Statistics
# RAMs                                                 : 2
 16x7-bit single-port Read Only RAM                    : 1
 4x4-bit single-port Read Only RAM                     : 1
# Adders/Subtractors                                   : 3
 16-bit adder                                          : 1
 18-bit adder                                          : 1
 32-bit subtractor                                     : 1
# Registers                                            : 10
 1-bit register                                        : 2
 16-bit register                                       : 1
 18-bit register                                       : 1
 32-bit register                                       : 1
 7-bit register                                        : 1
 8-bit register                                        : 4
# Multiplexers                                         : 55
 1-bit 2-to-1 multiplexer                              : 34
 1-bit 4-to-1 multiplexer                              : 5
 2-bit 2-to-1 multiplexer                              : 7
 32-bit 2-to-1 multiplexer                             : 5
 8-bit 2-to-1 multiplexer                              : 3
 8-bit 4-to-1 multiplexer                              : 1
# Tristates                                            : 8
 1-bit tristate buffer                                 : 8
# FSMs                                                 : 1

=========================================================================

=========================================================================
*                       Advanced HDL Synthesis                          *
=========================================================================


Synthesizing (advanced) Unit <seven_seg>.
The following registers are absorbed into counter <count>: 1 register on signal <count>.
INFO:Xst:3218 - HDL ADVISOR - The RAM <Mram_anodes_out> will be implemented on LUTs either because you have described an asynchronous read or because of currently unsupported block RAM features. If you have described an asynchronous read, making it synchronous would allow you to take advantage of available block RAM resources, for optimized device usage and improved timings. Please refer to your documentation for coding guidelines.
    -----------------------------------------------------------------------
    | ram_type           | Distributed                         |          |
    -----------------------------------------------------------------------
    | Port A                                                              |
    |     aspect ratio   | 4-word x 4-bit                      |          |
    |     weA            | connected to signal <GND>           | high     |
    |     addrA          | connected to signal <count>         |          |
    |     diA            | connected to signal <GND>           |          |
    |     doA            | connected to signal <anodes_out>    |          |
    -----------------------------------------------------------------------
INFO:Xst:3218 - HDL ADVISOR - The RAM <Mram_segs> will be implemented on LUTs either because you have described an asynchronous read or because of currently unsupported block RAM features. If you have described an asynchronous read, making it synchronous would allow you to take advantage of available block RAM resources, for optimized device usage and improved timings. Please refer to your documentation for coding guidelines.
    -----------------------------------------------------------------------
    | ram_type           | Distributed                         |          |
    -----------------------------------------------------------------------
    | Port A                                                              |
    |     aspect ratio   | 16-word x 7-bit                     |          |
    |     weA            | connected to signal <GND>           | high     |
    |     addrA          | connected to signal <nibble>        |          |
    |     diA            | connected to signal <GND>           |          |
    |     doA            | connected to signal <segs>          |          |
    -----------------------------------------------------------------------
Unit <seven_seg> synthesized (advanced).

Synthesizing (advanced) Unit <top_level>.
The following registers are absorbed into accumulator <checksum>: 1 register on signal <checksum>.
Unit <top_level> synthesized (advanced).

=========================================================================
Advanced HDL Synthesis Report

Macro Statistics
# RAMs                                                 : 2
 16x7-bit single-port distributed Read Only RAM        : 1
 4x4-bit single-port distributed Read Only RAM         : 1
# Adders/Subtractors                                   : 1
 32-bit subtractor                                     : 1
# Counters                                             : 1
 18-bit up counter                                     : 1
# Accumulators                                         : 1
 16-bit up accumulator                                 : 1
# Registers                                            : 73
 Flip-Flops                                            : 73
# Multiplexers                                         : 55
 1-bit 2-to-1 multiplexer                              : 34
 1-bit 4-to-1 multiplexer                              : 5
 2-bit 2-to-1 multiplexer                              : 7
 32-bit 2-to-1 multiplexer                             : 5
 8-bit 2-to-1 multiplexer                              : 3
 8-bit 4-to-1 multiplexer                              : 1
# FSMs                                                 : 1

=========================================================================

=========================================================================
*                         Low Level Synthesis                           *
=========================================================================
Analyzing FSM <MFsm> for best encoding.
Optimizing FSM <comm_fpga_fx2/FSM_0> on signal <state[1:4]> with user encoding.
------------------------------------
 State                  | Encoding
------------------------------------
 s_idle                 | 0000
 s_get_count0           | 0001
 s_get_count1           | 0010
 s_get_count2           | 0011
 s_get_count3           | 0100
 s_begin_write          | 0101
 s_write                | 0110
 s_end_write_aligned    | 0111
 s_end_write_nonaligned | 1000
 s_read                 | 1001
------------------------------------

Optimizing unit <top_level> ...

Optimizing unit <seven_seg> ...

Mapping all equations...
Building and optimizing final netlist ...
Found area constraint ratio of 100 (+ 5) on block top_level, actual ratio is 0.
FlipFlop comm_fpga_fx2/chanAddr_0 has been replicated 1 time(s)
FlipFlop comm_fpga_fx2/chanAddr_1 has been replicated 1 time(s)
FlipFlop comm_fpga_fx2/state_FSM_FFd1 has been replicated 2 time(s)
FlipFlop comm_fpga_fx2/state_FSM_FFd2 has been replicated 2 time(s)
FlipFlop comm_fpga_fx2/state_FSM_FFd3 has been replicated 2 time(s)
FlipFlop comm_fpga_fx2/state_FSM_FFd4 has been replicated 1 time(s)

Final Macro Processing ...

=========================================================================
Final Register Report

Macro Statistics
# Registers                                            : 120
 Flip-Flops                                            : 120

=========================================================================

=========================================================================
*                           Partition Report                            *
=========================================================================

Partition Implementation Status
-------------------------------

  No Partitions were found in this design.

-------------------------------

=========================================================================
*                            Design Summary                             *
=========================================================================

Top Level Output File Name         : top_level.ngc

Primitive and Black Box Usage:
------------------------------
# BELS                             : 402
#      GND                         : 1
#      INV                         : 32
#      LUT1                        : 26
#      LUT2                        : 14
#      LUT3                        : 23
#      LUT4                        : 31
#      LUT5                        : 62
#      LUT6                        : 82
#      MUXCY                       : 63
#      MUXF7                       : 1
#      VCC                         : 1
#      XORCY                       : 66
# FlipFlops/Latches                : 120
#      FD                          : 46
#      FDE                         : 74
# Clock Buffers                    : 1
#      BUFGP                       : 1
# IO Buffers                       : 44
#      IBUF                        : 10
#      IOBUF                       : 8
#      OBUF                        : 26

Device utilization summary:
---------------------------

Selected Device : 6slx45csg324-3 


Slice Logic Utilization: 
 Number of Slice Registers:             120  out of  54576     0%  
 Number of Slice LUTs:                  270  out of  27288     0%  
    Number used as Logic:               270  out of  27288     0%  

Slice Logic Distribution: 
 Number of LUT Flip Flop pairs used:    282
   Number with an unused Flip Flop:     162  out of    282    57%  
   Number with an unused LUT:            12  out of    282     4%  
   Number of fully used LUT-FF pairs:   108  out of    282    38%  
   Number of unique control sets:         4

IO Utilization: 
 Number of IOs:                          45
 Number of bonded IOBs:                  45  out of    218    20%  

Specific Feature Utilization:
 Number of BUFG/BUFGCTRLs:                1  out of     16     6%  

---------------------------
Partition Resource Summary:
---------------------------

  No Partitions were found in this design.

---------------------------


=========================================================================
Timing Report

NOTE: THESE TIMING NUMBERS ARE ONLY A SYNTHESIS ESTIMATE.
      FOR ACCURATE TIMING INFORMATION PLEASE REFER TO THE TRACE REPORT
      GENERATED AFTER PLACE-and-ROUTE.

Clock Information:
------------------
-----------------------------------+------------------------+-------+
Clock Signal                       | Clock buffer(FF name)  | Load  |
-----------------------------------+------------------------+-------+
fx2Clk_in                          | BUFGP                  | 120   |
-----------------------------------+------------------------+-------+

Asynchronous Control Signals Information:
----------------------------------------
No asynchronous control signals found in this design

Timing Summary:
---------------
Speed Grade: -3

   Minimum period: 3.783ns (Maximum Frequency: 264.365MHz)
   Minimum input arrival time before clock: 5.487ns
   Maximum output required time after clock: 7.884ns
   Maximum combinational path delay: 7.663ns

Timing Details:
---------------
All values displayed in nanoseconds (ns)

=========================================================================
Timing constraint: Default period analysis for Clock 'fx2Clk_in'
  Clock period: 3.783ns (frequency: 264.365MHz)
  Total number of paths / destination ports: 2526 / 184
-------------------------------------------------------------------------
Delay:               3.783ns (Levels of Logic = 3)
  Source:            comm_fpga_fx2/count_14 (FF)
  Destination:       comm_fpga_fx2/state_FSM_FFd2 (FF)
  Source Clock:      fx2Clk_in rising
  Destination Clock: fx2Clk_in rising

  Data Path: comm_fpga_fx2/count_14 to comm_fpga_fx2/state_FSM_FFd2
                                Gate     Net
    Cell:in->out      fanout   Delay   Delay  Logical Name (Net Name)
    ----------------------------------------  ------------
     FDE:C->Q              3   0.447   1.015  comm_fpga_fx2/count_14 (comm_fpga_fx2/count_14)
     LUT6:I0->O            1   0.203   0.924  comm_fpga_fx2/count[31]_GND_5_o_equal_19_o<31>5 (comm_fpga_fx2/count[31]_GND_5_o_equal_19_o<31>4)
     LUT6:I1->O            4   0.203   0.684  comm_fpga_fx2/count[31]_GND_5_o_equal_19_o<31>6 (comm_fpga_fx2/count[31]_GND_5_o_equal_19_o)
     LUT6:I5->O            3   0.205   0.000  comm_fpga_fx2/state_FSM_FFd1-In5 (comm_fpga_fx2/state_FSM_FFd1-In)
     FD:D                      0.102          comm_fpga_fx2/state_FSM_FFd1
    ----------------------------------------
    Total                      3.783ns (1.160ns logic, 2.623ns route)
                                       (30.7% logic, 69.3% route)

=========================================================================
Timing constraint: Default OFFSET IN BEFORE for Clock 'fx2Clk_in'
  Total number of paths / destination ports: 394 / 143
-------------------------------------------------------------------------
Offset:              5.487ns (Levels of Logic = 4)
  Source:            fx2GotData_in (PAD)
  Destination:       checksum_0 (FF)
  Destination Clock: fx2Clk_in rising

  Data Path: fx2GotData_in to checksum_0
                                Gate     Net
    Cell:in->out      fanout   Delay   Delay  Logical Name (Net Name)
    ----------------------------------------  ------------
     IBUF:I->O            48   1.222   1.864  fx2GotData_in_IBUF (fx2GotData_in_IBUF)
     LUT5:I0->O            1   0.203   0.580  GND_4_o_h2fValid_AND_5_o1_SW0 (N21)
     LUT6:I5->O           16   0.205   1.109  _n00681 (_n0068)
     LUT4:I2->O            1   0.203   0.000  checksum_0_rstpot (checksum_0_rstpot)
     FD:D                      0.102          checksum_0
    ----------------------------------------
    Total                      5.487ns (1.935ns logic, 3.552ns route)
                                       (35.3% logic, 64.7% route)

=========================================================================
Timing constraint: Default OFFSET OUT AFTER for Clock 'fx2Clk_in'
  Total number of paths / destination ports: 362 / 33
-------------------------------------------------------------------------
Offset:              7.884ns (Levels of Logic = 4)
  Source:            comm_fpga_fx2/state_FSM_FFd1 (FF)
  Destination:       fx2Data_io<7> (PAD)
  Source Clock:      fx2Clk_in rising

  Data Path: comm_fpga_fx2/state_FSM_FFd1 to fx2Data_io<7>
                                Gate     Net
    Cell:in->out      fanout   Delay   Delay  Logical Name (Net Name)
    ----------------------------------------  ------------
     FD:C->Q              73   0.447   1.928  comm_fpga_fx2/state_FSM_FFd1 (comm_fpga_fx2/state_FSM_FFd1)
     LUT5:I2->O            1   0.205   0.580  comm_fpga_fx2/Mmux_dataOut12_SW0 (N23)
     LUT6:I5->O            8   0.205   1.167  comm_fpga_fx2/Mmux_dataOut12 (comm_fpga_fx2/Mmux_dataOut12)
     LUT6:I0->O            1   0.203   0.579  comm_fpga_fx2/Mmux_dataOut1 (comm_fpga_fx2/dataOut<0>)
     IOBUF:I->IO               2.571          fx2Data_io_0_IOBUF (fx2Data_io<0>)
    ----------------------------------------
    Total                      7.884ns (3.631ns logic, 4.253ns route)
                                       (46.1% logic, 53.9% route)

=========================================================================
Timing constraint: Default path analysis
  Total number of paths / destination ports: 28 / 12
-------------------------------------------------------------------------
Delay:               7.663ns (Levels of Logic = 5)
  Source:            fx2GotRoom_in (PAD)
  Destination:       fx2Data_io<7> (PAD)

  Data Path: fx2GotRoom_in to fx2Data_io<7>
                                Gate     Net
    Cell:in->out      fanout   Delay   Delay  Logical Name (Net Name)
    ----------------------------------------  ------------
     IBUF:I->O             9   1.222   0.934  fx2GotRoom_in_IBUF (fx2GotRoom_in_IBUF)
     LUT5:I3->O            1   0.203   0.580  comm_fpga_fx2/Mmux_dataOut12_SW0 (N23)
     LUT6:I5->O            8   0.205   1.167  comm_fpga_fx2/Mmux_dataOut12 (comm_fpga_fx2/Mmux_dataOut12)
     LUT6:I0->O            1   0.203   0.579  comm_fpga_fx2/Mmux_dataOut1 (comm_fpga_fx2/dataOut<0>)
     IOBUF:I->IO               2.571          fx2Data_io_0_IOBUF (fx2Data_io<0>)
    ----------------------------------------
    Total                      7.663ns (4.404ns logic, 3.259ns route)
                                       (57.5% logic, 42.5% route)

=========================================================================

Cross Clock Domains Report:
--------------------------

Clock to Setup on destination clock fx2Clk_in
---------------+---------+---------+---------+---------+
               | Src:Rise| Src:Fall| Src:Rise| Src:Fall|
Source Clock   |Dest:Rise|Dest:Rise|Dest:Fall|Dest:Fall|
---------------+---------+---------+---------+---------+
fx2Clk_in      |    3.783|         |         |         |
---------------+---------+---------+---------+---------+

=========================================================================


Total REAL time to Xst completion: 11.00 secs
Total CPU time to Xst completion: 6.65 secs
 
--> 


Total memory usage is 387124 kilobytes

Number of errors   :    0 (   0 filtered)
Number of warnings :    0 (   0 filtered)
Number of infos    :    2 (   0 filtered)

