Command line:
   tb_sad_wrapper_isim_beh.exe
     -simmode  gui
     -simrunnum  0
     -socket  51521

Fri Aug  8 13:54:28 2014


 Elaboration Time: 0.43 sec

 Current Memory Usage: 363.004 Meg

 Total Signals          : 28772
 Total Nets             : 131894
 Total Signal Drivers   : 11871
 Total Blocks           : 10225
 Total Primitive Blocks : 7881
 Total Processes        : 10282
 Total Traceable Variables  : 25342
 Total Scalar Nets and Variables : 230051
Total Line Count : 49477

 Total Simulation Time: 2.05 sec

 Current Memory Usage: 443.347 Meg

Fri Aug  8 13:54:57 2014

