Command line:
   tb_VmodCAM_Ref_isim_beh.exe
     -simmode  gui
     -simrunnum  0
     -socket  37550

Sat Feb 22 11:10:11 2014


 Elaboration Time: 1.24 sec

 Current Memory Usage: 662.626 Meg

 Total Signals          : 194724
 Total Nets             : 91291
 Total Signal Drivers   : 90368
 Total Blocks           : 23214
 Total Primitive Blocks : 19741
 Total Processes        : 106134
 Total Traceable Variables  : 6013
 Total Scalar Nets and Variables : 375648
Total Line Count : 171201

 Total Simulation Time: 2.73 sec

 Current Memory Usage: 742.355 Meg

Sat Feb 22 11:16:56 2014

