Command line:
   tb_top_level_isim_beh.exe
     -simmode  gui
     -simrunnum  0
     -socket  40012

Wed Apr 30 12:38:09 2014


 Elaboration Time: 0.03 sec

 Current Memory Usage: 202.916 Meg

 Total Signals          : 1256
 Total Nets             : 6366
 Total Signal Drivers   : 483
 Total Blocks           : 86
 Total Primitive Blocks : 56
 Total Processes        : 220
 Total Traceable Variables  : 670
 Total Scalar Nets and Variables : 8171
Total Line Count : 564

 Total Simulation Time: 0.05 sec

 Current Memory Usage: 278.417 Meg

Wed Apr 30 12:38:19 2014

