Command line:
   tb_FBCtl_isim_beh.exe
     -simmode  gui
     -simrunnum  0
     -socket  50041

Sun Mar  2 16:13:18 2014


 Elaboration Time: 1 sec

 Current Memory Usage: 644.354 Meg

 Total Signals          : 190714
 Total Nets             : 79532
 Total Signal Drivers   : 87923
 Total Blocks           : 22983
 Total Primitive Blocks : 19571
 Total Processes        : 104608
 Total Traceable Variables  : 4741
 Total Scalar Nets and Variables : 137804
Total Line Count : 163351
Total Line Count : 163351
Total Line Count : 163351

 Total Simulation Time: 3.34 sec

 Current Memory Usage: 725.25 Meg

Sun Mar  2 17:12:07 2014

