Release 14.7 - xst P.20131013 (lin64)
Copyright (c) 1995-2013 Xilinx, Inc.  All rights reserved.
--> 
Parameter TMPDIR set to xst/projnav.tmp


Total REAL time to Xst completion: 0.00 secs
Total CPU time to Xst completion: 0.05 secs
 
--> 
Parameter xsthdpdir set to xst


Total REAL time to Xst completion: 0.00 secs
Total CPU time to Xst completion: 0.05 secs
 
--> 
Reading design: top_level.prj

TABLE OF CONTENTS
  1) Synthesis Options Summary
  2) HDL Parsing
  3) HDL Elaboration
  4) HDL Synthesis
       4.1) HDL Synthesis Report
  5) Advanced HDL Synthesis
       5.1) Advanced HDL Synthesis Report
  6) Low Level Synthesis
  7) Partition Report
  8) Design Summary
       8.1) Primitive and Black Box Usage
       8.2) Device utilization summary
       8.3) Partition Resource Summary
       8.4) Timing Report
            8.4.1) Clock Information
            8.4.2) Asynchronous Control Signals Information
            8.4.3) Timing Summary
            8.4.4) Timing Details
            8.4.5) Cross Clock Domains Report


=========================================================================
*                      Synthesis Options Summary                        *
=========================================================================
---- Source Parameters
Input File Name                    : "top_level.prj"
Ignore Synthesis Constraint File   : NO

---- Target Parameters
Output File Name                   : "top_level"
Output Format                      : NGC
Target Device                      : xc6slx45-3-csg324

---- Source Options
Top Module Name                    : top_level
Automatic FSM Extraction           : YES
FSM Encoding Algorithm             : Auto
Safe Implementation                : No
FSM Style                          : LUT
RAM Extraction                     : Yes
RAM Style                          : Auto
ROM Extraction                     : Yes
Shift Register Extraction          : YES
ROM Style                          : Auto
Resource Sharing                   : YES
Asynchronous To Synchronous        : NO
Shift Register Minimum Size        : 2
Use DSP Block                      : Auto
Automatic Register Balancing       : No

---- Target Options
LUT Combining                      : Auto
Reduce Control Sets                : Auto
Add IO Buffers                     : YES
Global Maximum Fanout              : 100000
Add Generic Clock Buffer(BUFG)     : 16
Register Duplication               : YES
Optimize Instantiated Primitives   : NO
Use Clock Enable                   : Auto
Use Synchronous Set                : Auto
Use Synchronous Reset              : Auto
Pack IO Registers into IOBs        : Auto
Equivalent register Removal        : YES

---- General Options
Optimization Goal                  : Speed
Optimization Effort                : 1
Power Reduction                    : NO
Keep Hierarchy                     : No
Netlist Hierarchy                  : As_Optimized
RTL Output                         : Yes
Global Optimization                : AllClockNets
Read Cores                         : YES
Write Timing Constraints           : NO
Cross Clock Analysis               : NO
Hierarchy Separator                : /
Bus Delimiter                      : <>
Case Specifier                     : Maintain
Slice Utilization Ratio            : 100
BRAM Utilization Ratio             : 100
DSP48 Utilization Ratio            : 100
Auto BRAM Packing                  : NO
Slice Utilization Ratio Delta      : 5

---- Other Options
Cores Search Directories           : {"ipcore_dir"  }

=========================================================================


=========================================================================
*                          HDL Parsing                                  *
=========================================================================
Parsing VHDL file "/home/cccitron/mastersThesis/makestuff/libs/libfpgalink-20120621/hdl/fx2/vhdl/ex_fifo-me_compToFPGA/fifo/ipcore_dir/fifo.vhd" into library work
Parsing entity <fifo>.
Parsing architecture <fifo_a> of entity <fifo>.
Parsing VHDL file "/home/cccitron/mastersThesis/makestuff/libs/libfpgalink-20120621/hdl/fx2/vhdl/ex_fifo-me_compToFPGA/fifo/timer.vhd" into library work
Parsing entity <timer>.
Parsing architecture <behavioural> of entity <timer>.
Parsing VHDL file "/home/cccitron/mastersThesis/makestuff/libs/libfpgalink-20120621/hdl/fx2/vhdl/ex_fifo-me_compToFPGA/fifo/fifo_wrapper_xilinx.vhd" into library work
Parsing entity <fifo_wrapper>.
Parsing architecture <behavioural> of entity <fifo_wrapper>.
Parsing VHDL file "/home/cccitron/mastersThesis/makestuff/libs/libfpgalink-20120621/hdl/fx2/vhdl/ex_fifo-me_compToFPGA/fifo/comm_fpga_fx2.vhd" into library work
Parsing entity <comm_fpga_fx2>.
Parsing architecture <behavioural> of entity <comm_fpga_fx2>.
Parsing VHDL file "/home/cccitron/mastersThesis/makestuff/libs/libfpgalink-20120621/hdl/fx2/vhdl/ex_fifo-me_compToFPGA/fifo/top_level.vhd" into library work
Parsing entity <top_level>.
Parsing architecture <behavioural> of entity <top_level>.

=========================================================================
*                            HDL Elaboration                            *
=========================================================================

Elaborating entity <top_level> (architecture <behavioural>) from library <work>.

Elaborating entity <comm_fpga_fx2> (architecture <behavioural>) from library <work>.

Elaborating entity <fifo_wrapper> (architecture <behavioural>) from library <work>.

Elaborating entity <fifo> (architecture <fifo_a>) from library <work>.

Elaborating entity <timer> (architecture <behavioural>) with generics from library <work>.

=========================================================================
*                           HDL Synthesis                               *
=========================================================================

Synthesizing Unit <top_level>.
    Related source file is "/home/cccitron/mastersThesis/makestuff/libs/libfpgalink-20120621/hdl/fx2/vhdl/ex_fifo-me_compToFPGA/fifo/top_level.vhd".
INFO:Xst:3210 - "/home/cccitron/mastersThesis/makestuff/libs/libfpgalink-20120621/hdl/fx2/vhdl/ex_fifo-me_compToFPGA/fifo/top_level.vhd" line 187: Output port <depth_out> of the instance <write_fifo> is unconnected or connected to loadless signal.
INFO:Xst:3210 - "/home/cccitron/mastersThesis/makestuff/libs/libfpgalink-20120621/hdl/fx2/vhdl/ex_fifo-me_compToFPGA/fifo/top_level.vhd" line 204: Output port <depth_out> of the instance <read_fifo> is unconnected or connected to loadless signal.
INFO:Xst:3210 - "/home/cccitron/mastersThesis/makestuff/libs/libfpgalink-20120621/hdl/fx2/vhdl/ex_fifo-me_compToFPGA/fifo/top_level.vhd" line 204: Output port <outputData_out> of the instance <read_fifo> is unconnected or connected to loadless signal.
INFO:Xst:3210 - "/home/cccitron/mastersThesis/makestuff/libs/libfpgalink-20120621/hdl/fx2/vhdl/ex_fifo-me_compToFPGA/fifo/top_level.vhd" line 204: Output port <inputReady_out> of the instance <read_fifo> is unconnected or connected to loadless signal.
INFO:Xst:3210 - "/home/cccitron/mastersThesis/makestuff/libs/libfpgalink-20120621/hdl/fx2/vhdl/ex_fifo-me_compToFPGA/fifo/top_level.vhd" line 204: Output port <outputValid_out> of the instance <read_fifo> is unconnected or connected to loadless signal.
    Found 8-bit register for signal <temp_array<0>>.
    Found 8-bit register for signal <temp_array<1>>.
    Found 8-bit register for signal <temp_array<2>>.
    Found 8-bit register for signal <temp_array<3>>.
    Found 8-bit register for signal <temp_array<4>>.
    Found 8-bit register for signal <temp_array<5>>.
    Found 8-bit register for signal <temp_array<6>>.
    Found 8-bit register for signal <temp_array<7>>.
    Found 8-bit register for signal <temp_array<8>>.
    Found 32-bit register for signal <ndx>.
    Found 8-bit register for signal <count>.
    Found 8-bit adder for signal <count[7]_GND_4_o_add_4_OUT> created at line 1241.
    Found 32-bit adder for signal <ndx[31]_GND_4_o_add_40_OUT> created at line 272.
    Found 1-bit 9-to-1 multiplexer for signal <ndx[3]_X_4_o_wide_mux_28_OUT[7]> created at line 270.
    Found 1-bit 9-to-1 multiplexer for signal <ndx[3]_X_4_o_wide_mux_28_OUT[6]> created at line 270.
    Found 1-bit 9-to-1 multiplexer for signal <ndx[3]_X_4_o_wide_mux_28_OUT[5]> created at line 270.
    Found 1-bit 9-to-1 multiplexer for signal <ndx[3]_X_4_o_wide_mux_28_OUT[4]> created at line 270.
    Found 1-bit 9-to-1 multiplexer for signal <ndx[3]_X_4_o_wide_mux_28_OUT[3]> created at line 270.
    Found 1-bit 9-to-1 multiplexer for signal <ndx[3]_X_4_o_wide_mux_28_OUT[2]> created at line 270.
    Found 1-bit 9-to-1 multiplexer for signal <ndx[3]_X_4_o_wide_mux_28_OUT[1]> created at line 270.
    Found 1-bit 9-to-1 multiplexer for signal <ndx[3]_X_4_o_wide_mux_28_OUT[0]> created at line 270.
    Found 8-bit 4-to-1 multiplexer for signal <_n0194> created at line 57.
WARNING:Xst:737 - Found 1-bit latch for signal <temp_array_next<8><7>>. Latches may be generated from incomplete case or if statements. We do not recommend the use of latches in FPGA/CPLD designs, as they may lead to timing problems.
WARNING:Xst:737 - Found 1-bit latch for signal <temp_array_next<8><6>>. Latches may be generated from incomplete case or if statements. We do not recommend the use of latches in FPGA/CPLD designs, as they may lead to timing problems.
WARNING:Xst:737 - Found 1-bit latch for signal <temp_array_next<8><5>>. Latches may be generated from incomplete case or if statements. We do not recommend the use of latches in FPGA/CPLD designs, as they may lead to timing problems.
WARNING:Xst:737 - Found 1-bit latch for signal <temp_array_next<8><4>>. Latches may be generated from incomplete case or if statements. We do not recommend the use of latches in FPGA/CPLD designs, as they may lead to timing problems.
WARNING:Xst:737 - Found 1-bit latch for signal <temp_array_next<8><3>>. Latches may be generated from incomplete case or if statements. We do not recommend the use of latches in FPGA/CPLD designs, as they may lead to timing problems.
WARNING:Xst:737 - Found 1-bit latch for signal <temp_array_next<8><2>>. Latches may be generated from incomplete case or if statements. We do not recommend the use of latches in FPGA/CPLD designs, as they may lead to timing problems.
WARNING:Xst:737 - Found 1-bit latch for signal <temp_array_next<8><1>>. Latches may be generated from incomplete case or if statements. We do not recommend the use of latches in FPGA/CPLD designs, as they may lead to timing problems.
WARNING:Xst:737 - Found 1-bit latch for signal <temp_array_next<8><0>>. Latches may be generated from incomplete case or if statements. We do not recommend the use of latches in FPGA/CPLD designs, as they may lead to timing problems.
WARNING:Xst:737 - Found 1-bit latch for signal <temp_array_next<7><7>>. Latches may be generated from incomplete case or if statements. We do not recommend the use of latches in FPGA/CPLD designs, as they may lead to timing problems.
WARNING:Xst:737 - Found 1-bit latch for signal <temp_array_next<7><6>>. Latches may be generated from incomplete case or if statements. We do not recommend the use of latches in FPGA/CPLD designs, as they may lead to timing problems.
WARNING:Xst:737 - Found 1-bit latch for signal <temp_array_next<7><5>>. Latches may be generated from incomplete case or if statements. We do not recommend the use of latches in FPGA/CPLD designs, as they may lead to timing problems.
WARNING:Xst:737 - Found 1-bit latch for signal <temp_array_next<7><4>>. Latches may be generated from incomplete case or if statements. We do not recommend the use of latches in FPGA/CPLD designs, as they may lead to timing problems.
WARNING:Xst:737 - Found 1-bit latch for signal <temp_array_next<7><3>>. Latches may be generated from incomplete case or if statements. We do not recommend the use of latches in FPGA/CPLD designs, as they may lead to timing problems.
WARNING:Xst:737 - Found 1-bit latch for signal <temp_array_next<7><2>>. Latches may be generated from incomplete case or if statements. We do not recommend the use of latches in FPGA/CPLD designs, as they may lead to timing problems.
WARNING:Xst:737 - Found 1-bit latch for signal <temp_array_next<7><1>>. Latches may be generated from incomplete case or if statements. We do not recommend the use of latches in FPGA/CPLD designs, as they may lead to timing problems.
WARNING:Xst:737 - Found 1-bit latch for signal <temp_array_next<7><0>>. Latches may be generated from incomplete case or if statements. We do not recommend the use of latches in FPGA/CPLD designs, as they may lead to timing problems.
WARNING:Xst:737 - Found 1-bit latch for signal <temp_array_next<6><7>>. Latches may be generated from incomplete case or if statements. We do not recommend the use of latches in FPGA/CPLD designs, as they may lead to timing problems.
WARNING:Xst:737 - Found 1-bit latch for signal <temp_array_next<6><6>>. Latches may be generated from incomplete case or if statements. We do not recommend the use of latches in FPGA/CPLD designs, as they may lead to timing problems.
WARNING:Xst:737 - Found 1-bit latch for signal <temp_array_next<6><5>>. Latches may be generated from incomplete case or if statements. We do not recommend the use of latches in FPGA/CPLD designs, as they may lead to timing problems.
WARNING:Xst:737 - Found 1-bit latch for signal <temp_array_next<6><4>>. Latches may be generated from incomplete case or if statements. We do not recommend the use of latches in FPGA/CPLD designs, as they may lead to timing problems.
WARNING:Xst:737 - Found 1-bit latch for signal <temp_array_next<6><3>>. Latches may be generated from incomplete case or if statements. We do not recommend the use of latches in FPGA/CPLD designs, as they may lead to timing problems.
WARNING:Xst:737 - Found 1-bit latch for signal <temp_array_next<6><2>>. Latches may be generated from incomplete case or if statements. We do not recommend the use of latches in FPGA/CPLD designs, as they may lead to timing problems.
WARNING:Xst:737 - Found 1-bit latch for signal <temp_array_next<6><1>>. Latches may be generated from incomplete case or if statements. We do not recommend the use of latches in FPGA/CPLD designs, as they may lead to timing problems.
WARNING:Xst:737 - Found 1-bit latch for signal <temp_array_next<6><0>>. Latches may be generated from incomplete case or if statements. We do not recommend the use of latches in FPGA/CPLD designs, as they may lead to timing problems.
WARNING:Xst:737 - Found 1-bit latch for signal <temp_array_next<5><7>>. Latches may be generated from incomplete case or if statements. We do not recommend the use of latches in FPGA/CPLD designs, as they may lead to timing problems.
WARNING:Xst:737 - Found 1-bit latch for signal <temp_array_next<5><6>>. Latches may be generated from incomplete case or if statements. We do not recommend the use of latches in FPGA/CPLD designs, as they may lead to timing problems.
WARNING:Xst:737 - Found 1-bit latch for signal <temp_array_next<5><5>>. Latches may be generated from incomplete case or if statements. We do not recommend the use of latches in FPGA/CPLD designs, as they may lead to timing problems.
WARNING:Xst:737 - Found 1-bit latch for signal <temp_array_next<5><4>>. Latches may be generated from incomplete case or if statements. We do not recommend the use of latches in FPGA/CPLD designs, as they may lead to timing problems.
WARNING:Xst:737 - Found 1-bit latch for signal <temp_array_next<5><3>>. Latches may be generated from incomplete case or if statements. We do not recommend the use of latches in FPGA/CPLD designs, as they may lead to timing problems.
WARNING:Xst:737 - Found 1-bit latch for signal <temp_array_next<5><2>>. Latches may be generated from incomplete case or if statements. We do not recommend the use of latches in FPGA/CPLD designs, as they may lead to timing problems.
WARNING:Xst:737 - Found 1-bit latch for signal <temp_array_next<5><1>>. Latches may be generated from incomplete case or if statements. We do not recommend the use of latches in FPGA/CPLD designs, as they may lead to timing problems.
WARNING:Xst:737 - Found 1-bit latch for signal <temp_array_next<5><0>>. Latches may be generated from incomplete case or if statements. We do not recommend the use of latches in FPGA/CPLD designs, as they may lead to timing problems.
WARNING:Xst:737 - Found 1-bit latch for signal <temp_array_next<4><7>>. Latches may be generated from incomplete case or if statements. We do not recommend the use of latches in FPGA/CPLD designs, as they may lead to timing problems.
WARNING:Xst:737 - Found 1-bit latch for signal <temp_array_next<4><6>>. Latches may be generated from incomplete case or if statements. We do not recommend the use of latches in FPGA/CPLD designs, as they may lead to timing problems.
WARNING:Xst:737 - Found 1-bit latch for signal <temp_array_next<4><5>>. Latches may be generated from incomplete case or if statements. We do not recommend the use of latches in FPGA/CPLD designs, as they may lead to timing problems.
WARNING:Xst:737 - Found 1-bit latch for signal <temp_array_next<4><4>>. Latches may be generated from incomplete case or if statements. We do not recommend the use of latches in FPGA/CPLD designs, as they may lead to timing problems.
WARNING:Xst:737 - Found 1-bit latch for signal <temp_array_next<4><3>>. Latches may be generated from incomplete case or if statements. We do not recommend the use of latches in FPGA/CPLD designs, as they may lead to timing problems.
WARNING:Xst:737 - Found 1-bit latch for signal <temp_array_next<4><2>>. Latches may be generated from incomplete case or if statements. We do not recommend the use of latches in FPGA/CPLD designs, as they may lead to timing problems.
WARNING:Xst:737 - Found 1-bit latch for signal <temp_array_next<4><1>>. Latches may be generated from incomplete case or if statements. We do not recommend the use of latches in FPGA/CPLD designs, as they may lead to timing problems.
WARNING:Xst:737 - Found 1-bit latch for signal <temp_array_next<4><0>>. Latches may be generated from incomplete case or if statements. We do not recommend the use of latches in FPGA/CPLD designs, as they may lead to timing problems.
WARNING:Xst:737 - Found 1-bit latch for signal <temp_array_next<3><7>>. Latches may be generated from incomplete case or if statements. We do not recommend the use of latches in FPGA/CPLD designs, as they may lead to timing problems.
WARNING:Xst:737 - Found 1-bit latch for signal <temp_array_next<3><6>>. Latches may be generated from incomplete case or if statements. We do not recommend the use of latches in FPGA/CPLD designs, as they may lead to timing problems.
WARNING:Xst:737 - Found 1-bit latch for signal <temp_array_next<3><5>>. Latches may be generated from incomplete case or if statements. We do not recommend the use of latches in FPGA/CPLD designs, as they may lead to timing problems.
WARNING:Xst:737 - Found 1-bit latch for signal <temp_array_next<3><4>>. Latches may be generated from incomplete case or if statements. We do not recommend the use of latches in FPGA/CPLD designs, as they may lead to timing problems.
WARNING:Xst:737 - Found 1-bit latch for signal <temp_array_next<3><3>>. Latches may be generated from incomplete case or if statements. We do not recommend the use of latches in FPGA/CPLD designs, as they may lead to timing problems.
WARNING:Xst:737 - Found 1-bit latch for signal <temp_array_next<3><2>>. Latches may be generated from incomplete case or if statements. We do not recommend the use of latches in FPGA/CPLD designs, as they may lead to timing problems.
WARNING:Xst:737 - Found 1-bit latch for signal <temp_array_next<3><1>>. Latches may be generated from incomplete case or if statements. We do not recommend the use of latches in FPGA/CPLD designs, as they may lead to timing problems.
WARNING:Xst:737 - Found 1-bit latch for signal <temp_array_next<3><0>>. Latches may be generated from incomplete case or if statements. We do not recommend the use of latches in FPGA/CPLD designs, as they may lead to timing problems.
WARNING:Xst:737 - Found 1-bit latch for signal <temp_array_next<2><7>>. Latches may be generated from incomplete case or if statements. We do not recommend the use of latches in FPGA/CPLD designs, as they may lead to timing problems.
WARNING:Xst:737 - Found 1-bit latch for signal <temp_array_next<2><6>>. Latches may be generated from incomplete case or if statements. We do not recommend the use of latches in FPGA/CPLD designs, as they may lead to timing problems.
WARNING:Xst:737 - Found 1-bit latch for signal <temp_array_next<2><5>>. Latches may be generated from incomplete case or if statements. We do not recommend the use of latches in FPGA/CPLD designs, as they may lead to timing problems.
WARNING:Xst:737 - Found 1-bit latch for signal <temp_array_next<2><4>>. Latches may be generated from incomplete case or if statements. We do not recommend the use of latches in FPGA/CPLD designs, as they may lead to timing problems.
WARNING:Xst:737 - Found 1-bit latch for signal <temp_array_next<2><3>>. Latches may be generated from incomplete case or if statements. We do not recommend the use of latches in FPGA/CPLD designs, as they may lead to timing problems.
WARNING:Xst:737 - Found 1-bit latch for signal <temp_array_next<2><2>>. Latches may be generated from incomplete case or if statements. We do not recommend the use of latches in FPGA/CPLD designs, as they may lead to timing problems.
WARNING:Xst:737 - Found 1-bit latch for signal <temp_array_next<2><1>>. Latches may be generated from incomplete case or if statements. We do not recommend the use of latches in FPGA/CPLD designs, as they may lead to timing problems.
WARNING:Xst:737 - Found 1-bit latch for signal <temp_array_next<2><0>>. Latches may be generated from incomplete case or if statements. We do not recommend the use of latches in FPGA/CPLD designs, as they may lead to timing problems.
WARNING:Xst:737 - Found 1-bit latch for signal <temp_array_next<1><7>>. Latches may be generated from incomplete case or if statements. We do not recommend the use of latches in FPGA/CPLD designs, as they may lead to timing problems.
WARNING:Xst:737 - Found 1-bit latch for signal <temp_array_next<1><6>>. Latches may be generated from incomplete case or if statements. We do not recommend the use of latches in FPGA/CPLD designs, as they may lead to timing problems.
WARNING:Xst:737 - Found 1-bit latch for signal <temp_array_next<1><5>>. Latches may be generated from incomplete case or if statements. We do not recommend the use of latches in FPGA/CPLD designs, as they may lead to timing problems.
WARNING:Xst:737 - Found 1-bit latch for signal <temp_array_next<1><4>>. Latches may be generated from incomplete case or if statements. We do not recommend the use of latches in FPGA/CPLD designs, as they may lead to timing problems.
WARNING:Xst:737 - Found 1-bit latch for signal <temp_array_next<1><3>>. Latches may be generated from incomplete case or if statements. We do not recommend the use of latches in FPGA/CPLD designs, as they may lead to timing problems.
WARNING:Xst:737 - Found 1-bit latch for signal <temp_array_next<1><2>>. Latches may be generated from incomplete case or if statements. We do not recommend the use of latches in FPGA/CPLD designs, as they may lead to timing problems.
WARNING:Xst:737 - Found 1-bit latch for signal <temp_array_next<1><1>>. Latches may be generated from incomplete case or if statements. We do not recommend the use of latches in FPGA/CPLD designs, as they may lead to timing problems.
WARNING:Xst:737 - Found 1-bit latch for signal <temp_array_next<1><0>>. Latches may be generated from incomplete case or if statements. We do not recommend the use of latches in FPGA/CPLD designs, as they may lead to timing problems.
WARNING:Xst:737 - Found 1-bit latch for signal <temp_array_next<0><7>>. Latches may be generated from incomplete case or if statements. We do not recommend the use of latches in FPGA/CPLD designs, as they may lead to timing problems.
WARNING:Xst:737 - Found 1-bit latch for signal <temp_array_next<0><6>>. Latches may be generated from incomplete case or if statements. We do not recommend the use of latches in FPGA/CPLD designs, as they may lead to timing problems.
WARNING:Xst:737 - Found 1-bit latch for signal <temp_array_next<0><5>>. Latches may be generated from incomplete case or if statements. We do not recommend the use of latches in FPGA/CPLD designs, as they may lead to timing problems.
WARNING:Xst:737 - Found 1-bit latch for signal <temp_array_next<0><4>>. Latches may be generated from incomplete case or if statements. We do not recommend the use of latches in FPGA/CPLD designs, as they may lead to timing problems.
WARNING:Xst:737 - Found 1-bit latch for signal <temp_array_next<0><3>>. Latches may be generated from incomplete case or if statements. We do not recommend the use of latches in FPGA/CPLD designs, as they may lead to timing problems.
WARNING:Xst:737 - Found 1-bit latch for signal <temp_array_next<0><2>>. Latches may be generated from incomplete case or if statements. We do not recommend the use of latches in FPGA/CPLD designs, as they may lead to timing problems.
WARNING:Xst:737 - Found 1-bit latch for signal <temp_array_next<0><1>>. Latches may be generated from incomplete case or if statements. We do not recommend the use of latches in FPGA/CPLD designs, as they may lead to timing problems.
WARNING:Xst:737 - Found 1-bit latch for signal <temp_array_next<0><0>>. Latches may be generated from incomplete case or if statements. We do not recommend the use of latches in FPGA/CPLD designs, as they may lead to timing problems.
    Summary:
	inferred   2 Adder/Subtractor(s).
	inferred 112 D-type flip-flop(s).
	inferred  72 Latch(s).
	inferred  18 Multiplexer(s).
Unit <top_level> synthesized.

Synthesizing Unit <comm_fpga_fx2>.
    Related source file is "/home/cccitron/mastersThesis/makestuff/libs/libfpgalink-20120621/hdl/fx2/vhdl/ex_fifo-me_compToFPGA/fifo/comm_fpga_fx2.vhd".
    Found 32-bit register for signal <count>.
    Found 7-bit register for signal <chanAddr>.
    Found 1-bit register for signal <isWrite>.
    Found 1-bit register for signal <isAligned>.
    Found 4-bit register for signal <state>.
    Found finite state machine <FSM_0> for signal <state>.
    -----------------------------------------------------------------------
    | States             | 10                                             |
    | Transitions        | 22                                             |
    | Inputs             | 6                                              |
    | Outputs            | 8                                              |
    | Clock              | fx2Clk_in (rising_edge)                        |
    | Power Up State     | s_idle                                         |
    | Encoding           | auto                                           |
    | Implementation     | LUT                                            |
    -----------------------------------------------------------------------
    Found 32-bit subtractor for signal <GND_5_o_GND_5_o_sub_18_OUT<31:0>> created at line 1308.
    Found 1-bit tristate buffer for signal <fx2Data_io<7>> created at line 222
    Found 1-bit tristate buffer for signal <fx2Data_io<6>> created at line 222
    Found 1-bit tristate buffer for signal <fx2Data_io<5>> created at line 222
    Found 1-bit tristate buffer for signal <fx2Data_io<4>> created at line 222
    Found 1-bit tristate buffer for signal <fx2Data_io<3>> created at line 222
    Found 1-bit tristate buffer for signal <fx2Data_io<2>> created at line 222
    Found 1-bit tristate buffer for signal <fx2Data_io<1>> created at line 222
    Found 1-bit tristate buffer for signal <fx2Data_io<0>> created at line 222
    Summary:
	inferred   1 Adder/Subtractor(s).
	inferred  41 D-type flip-flop(s).
	inferred  48 Multiplexer(s).
	inferred   8 Tristate(s).
	inferred   1 Finite State Machine(s).
Unit <comm_fpga_fx2> synthesized.

Synthesizing Unit <fifo_wrapper>.
    Related source file is "/home/cccitron/mastersThesis/makestuff/libs/libfpgalink-20120621/hdl/fx2/vhdl/ex_fifo-me_compToFPGA/fifo/fifo_wrapper_xilinx.vhd".
    Summary:
	no macro.
Unit <fifo_wrapper> synthesized.

Synthesizing Unit <timer>.
    Related source file is "/home/cccitron/mastersThesis/makestuff/libs/libfpgalink-20120621/hdl/fx2/vhdl/ex_fifo-me_compToFPGA/fifo/timer.vhd".
        COUNTER_WIDTH = 25
        CEILING_WIDTH = 4
    Found 26-bit register for signal <count>.
    Found 26-bit adder for signal <count[25]_GND_16_o_add_3_OUT> created at line 1241.
    Found 1-bit 16-to-1 multiplexer for signal <tick_out> created at line 61.
    Summary:
	inferred   1 Adder/Subtractor(s).
	inferred  26 D-type flip-flop(s).
	inferred   1 Multiplexer(s).
Unit <timer> synthesized.

=========================================================================
HDL Synthesis Report

Macro Statistics
# Adders/Subtractors                                   : 5
 26-bit adder                                          : 2
 32-bit adder                                          : 1
 32-bit subtractor                                     : 1
 8-bit adder                                           : 1
# Registers                                            : 17
 1-bit register                                        : 2
 26-bit register                                       : 2
 32-bit register                                       : 2
 7-bit register                                        : 1
 8-bit register                                        : 10
# Latches                                              : 72
 1-bit latch                                           : 72
# Multiplexers                                         : 68
 1-bit 16-to-1 multiplexer                             : 2
 1-bit 2-to-1 multiplexer                              : 42
 1-bit 9-to-1 multiplexer                              : 8
 2-bit 2-to-1 multiplexer                              : 7
 32-bit 2-to-1 multiplexer                             : 5
 8-bit 2-to-1 multiplexer                              : 3
 8-bit 4-to-1 multiplexer                              : 1
# Tristates                                            : 8
 1-bit tristate buffer                                 : 8
# FSMs                                                 : 1

=========================================================================

=========================================================================
*                       Advanced HDL Synthesis                          *
=========================================================================

Reading core <ipcore_dir/fifo.ngc>.
Loading core <fifo> for timing and area information for instance <fifo>.

Synthesizing (advanced) Unit <timer>.
The following registers are absorbed into counter <count>: 1 register on signal <count>.
Unit <timer> synthesized (advanced).

Synthesizing (advanced) Unit <top_level>.
The following registers are absorbed into counter <count>: 1 register on signal <count>.
The following registers are absorbed into counter <ndx>: 1 register on signal <ndx>.
Unit <top_level> synthesized (advanced).

=========================================================================
Advanced HDL Synthesis Report

Macro Statistics
# Adders/Subtractors                                   : 1
 32-bit subtractor                                     : 1
# Counters                                             : 4
 26-bit up counter                                     : 2
 32-bit up counter                                     : 1
 8-bit up counter                                      : 1
# Registers                                            : 113
 Flip-Flops                                            : 113
# Multiplexers                                         : 68
 1-bit 16-to-1 multiplexer                             : 2
 1-bit 2-to-1 multiplexer                              : 42
 1-bit 9-to-1 multiplexer                              : 8
 2-bit 2-to-1 multiplexer                              : 7
 32-bit 2-to-1 multiplexer                             : 5
 8-bit 2-to-1 multiplexer                              : 3
 8-bit 4-to-1 multiplexer                              : 1
# FSMs                                                 : 1

=========================================================================

=========================================================================
*                         Low Level Synthesis                           *
=========================================================================
WARNING:Xst:1989 - Unit <top_level>: instances <producer_timer>, <consumer_timer> of unit <timer> are equivalent, second instance is removed
Analyzing FSM <MFsm> for best encoding.
Optimizing FSM <comm_fpga_fx2/FSM_0> on signal <state[1:4]> with user encoding.
------------------------------------
 State                  | Encoding
------------------------------------
 s_idle                 | 0000
 s_get_count0           | 0001
 s_get_count1           | 0010
 s_get_count2           | 0011
 s_get_count3           | 0100
 s_begin_write          | 0101
 s_write                | 0110
 s_end_write_aligned    | 0111
 s_end_write_nonaligned | 1000
 s_read                 | 1001
------------------------------------
WARNING:Xst:2677 - Node <producer_timer/count_11> of sequential type is unconnected in block <top_level>.
WARNING:Xst:2677 - Node <producer_timer/count_12> of sequential type is unconnected in block <top_level>.
WARNING:Xst:2677 - Node <producer_timer/count_13> of sequential type is unconnected in block <top_level>.
WARNING:Xst:2677 - Node <producer_timer/count_14> of sequential type is unconnected in block <top_level>.
WARNING:Xst:2677 - Node <producer_timer/count_15> of sequential type is unconnected in block <top_level>.
WARNING:Xst:2677 - Node <producer_timer/count_16> of sequential type is unconnected in block <top_level>.
WARNING:Xst:2677 - Node <producer_timer/count_17> of sequential type is unconnected in block <top_level>.
WARNING:Xst:2677 - Node <producer_timer/count_18> of sequential type is unconnected in block <top_level>.
WARNING:Xst:2677 - Node <producer_timer/count_19> of sequential type is unconnected in block <top_level>.
WARNING:Xst:2677 - Node <producer_timer/count_20> of sequential type is unconnected in block <top_level>.
WARNING:Xst:2677 - Node <producer_timer/count_21> of sequential type is unconnected in block <top_level>.
WARNING:Xst:2677 - Node <producer_timer/count_22> of sequential type is unconnected in block <top_level>.
WARNING:Xst:2677 - Node <producer_timer/count_23> of sequential type is unconnected in block <top_level>.
WARNING:Xst:2677 - Node <producer_timer/count_24> of sequential type is unconnected in block <top_level>.
WARNING:Xst:2677 - Node <producer_timer/count_25> of sequential type is unconnected in block <top_level>.

Optimizing unit <top_level> ...
WARNING:Xst:1293 - FF/Latch <ndx_31> has a constant value of 0 in block <top_level>. This FF/Latch will be trimmed during the optimization process.
WARNING:Xst:1896 - Due to other FF/Latch trimming, FF/Latch <ndx_30> has a constant value of 0 in block <top_level>. This FF/Latch will be trimmed during the optimization process.
WARNING:Xst:1896 - Due to other FF/Latch trimming, FF/Latch <ndx_29> has a constant value of 0 in block <top_level>. This FF/Latch will be trimmed during the optimization process.
WARNING:Xst:1896 - Due to other FF/Latch trimming, FF/Latch <ndx_28> has a constant value of 0 in block <top_level>. This FF/Latch will be trimmed during the optimization process.
WARNING:Xst:1896 - Due to other FF/Latch trimming, FF/Latch <ndx_27> has a constant value of 0 in block <top_level>. This FF/Latch will be trimmed during the optimization process.
WARNING:Xst:1896 - Due to other FF/Latch trimming, FF/Latch <ndx_26> has a constant value of 0 in block <top_level>. This FF/Latch will be trimmed during the optimization process.
WARNING:Xst:1896 - Due to other FF/Latch trimming, FF/Latch <ndx_25> has a constant value of 0 in block <top_level>. This FF/Latch will be trimmed during the optimization process.
WARNING:Xst:1896 - Due to other FF/Latch trimming, FF/Latch <ndx_24> has a constant value of 0 in block <top_level>. This FF/Latch will be trimmed during the optimization process.
WARNING:Xst:1896 - Due to other FF/Latch trimming, FF/Latch <ndx_23> has a constant value of 0 in block <top_level>. This FF/Latch will be trimmed during the optimization process.
WARNING:Xst:1896 - Due to other FF/Latch trimming, FF/Latch <ndx_22> has a constant value of 0 in block <top_level>. This FF/Latch will be trimmed during the optimization process.
WARNING:Xst:1896 - Due to other FF/Latch trimming, FF/Latch <ndx_21> has a constant value of 0 in block <top_level>. This FF/Latch will be trimmed during the optimization process.
WARNING:Xst:1896 - Due to other FF/Latch trimming, FF/Latch <ndx_20> has a constant value of 0 in block <top_level>. This FF/Latch will be trimmed during the optimization process.
WARNING:Xst:1896 - Due to other FF/Latch trimming, FF/Latch <ndx_19> has a constant value of 0 in block <top_level>. This FF/Latch will be trimmed during the optimization process.
WARNING:Xst:1896 - Due to other FF/Latch trimming, FF/Latch <ndx_18> has a constant value of 0 in block <top_level>. This FF/Latch will be trimmed during the optimization process.
WARNING:Xst:1896 - Due to other FF/Latch trimming, FF/Latch <ndx_17> has a constant value of 0 in block <top_level>. This FF/Latch will be trimmed during the optimization process.
WARNING:Xst:1896 - Due to other FF/Latch trimming, FF/Latch <ndx_16> has a constant value of 0 in block <top_level>. This FF/Latch will be trimmed during the optimization process.
WARNING:Xst:1896 - Due to other FF/Latch trimming, FF/Latch <ndx_15> has a constant value of 0 in block <top_level>. This FF/Latch will be trimmed during the optimization process.
WARNING:Xst:1896 - Due to other FF/Latch trimming, FF/Latch <ndx_14> has a constant value of 0 in block <top_level>. This FF/Latch will be trimmed during the optimization process.
WARNING:Xst:1896 - Due to other FF/Latch trimming, FF/Latch <ndx_13> has a constant value of 0 in block <top_level>. This FF/Latch will be trimmed during the optimization process.
WARNING:Xst:1896 - Due to other FF/Latch trimming, FF/Latch <ndx_12> has a constant value of 0 in block <top_level>. This FF/Latch will be trimmed during the optimization process.
WARNING:Xst:1896 - Due to other FF/Latch trimming, FF/Latch <ndx_11> has a constant value of 0 in block <top_level>. This FF/Latch will be trimmed during the optimization process.
WARNING:Xst:1896 - Due to other FF/Latch trimming, FF/Latch <ndx_10> has a constant value of 0 in block <top_level>. This FF/Latch will be trimmed during the optimization process.
WARNING:Xst:1896 - Due to other FF/Latch trimming, FF/Latch <ndx_9> has a constant value of 0 in block <top_level>. This FF/Latch will be trimmed during the optimization process.
WARNING:Xst:1896 - Due to other FF/Latch trimming, FF/Latch <ndx_8> has a constant value of 0 in block <top_level>. This FF/Latch will be trimmed during the optimization process.
WARNING:Xst:1896 - Due to other FF/Latch trimming, FF/Latch <ndx_7> has a constant value of 0 in block <top_level>. This FF/Latch will be trimmed during the optimization process.
WARNING:Xst:1896 - Due to other FF/Latch trimming, FF/Latch <ndx_6> has a constant value of 0 in block <top_level>. This FF/Latch will be trimmed during the optimization process.
WARNING:Xst:1896 - Due to other FF/Latch trimming, FF/Latch <ndx_5> has a constant value of 0 in block <top_level>. This FF/Latch will be trimmed during the optimization process.
WARNING:Xst:1896 - Due to other FF/Latch trimming, FF/Latch <ndx_4> has a constant value of 0 in block <top_level>. This FF/Latch will be trimmed during the optimization process.

Mapping all equations...
Building and optimizing final netlist ...
Found area constraint ratio of 100 (+ 5) on block top_level, actual ratio is 1.
INFO:Xst:2260 - The FF/Latch <U0/xst_fifo_generator/gconvfifo.rf/grf.rf/gntv_or_sync_fifo.gl0.wr/gwss.wsts/ram_full_i> in Unit <write_fifo/fifo> is equivalent to the following FF/Latch : <U0/xst_fifo_generator/gconvfifo.rf/grf.rf/gntv_or_sync_fifo.gl0.wr/gwss.wsts/ram_full_fb_i> 
INFO:Xst:2260 - The FF/Latch <U0/xst_fifo_generator/gconvfifo.rf/grf.rf/gntv_or_sync_fifo.gl0.rd/gr1.rfwft/empty_fwft_i> in Unit <write_fifo/fifo> is equivalent to the following FF/Latch : <U0/xst_fifo_generator/gconvfifo.rf/grf.rf/gntv_or_sync_fifo.gl0.rd/gr1.rfwft/empty_fwft_fb> 
INFO:Xst:2260 - The FF/Latch <U0/xst_fifo_generator/gconvfifo.rf/grf.rf/gntv_or_sync_fifo.gl0.wr/gwss.wsts/ram_full_i> in Unit <read_fifo/fifo> is equivalent to the following FF/Latch : <U0/xst_fifo_generator/gconvfifo.rf/grf.rf/gntv_or_sync_fifo.gl0.wr/gwss.wsts/ram_full_fb_i> 
INFO:Xst:2260 - The FF/Latch <U0/xst_fifo_generator/gconvfifo.rf/grf.rf/gntv_or_sync_fifo.gl0.rd/gr1.rfwft/empty_fwft_i> in Unit <read_fifo/fifo> is equivalent to the following FF/Latch : <U0/xst_fifo_generator/gconvfifo.rf/grf.rf/gntv_or_sync_fifo.gl0.rd/gr1.rfwft/empty_fwft_fb> 
INFO:Xst:2260 - The FF/Latch <U0/xst_fifo_generator/gconvfifo.rf/grf.rf/gntv_or_sync_fifo.gl0.wr/gwss.wsts/ram_full_i> in Unit <write_fifo/fifo> is equivalent to the following FF/Latch : <U0/xst_fifo_generator/gconvfifo.rf/grf.rf/gntv_or_sync_fifo.gl0.wr/gwss.wsts/ram_full_fb_i> 
INFO:Xst:2260 - The FF/Latch <U0/xst_fifo_generator/gconvfifo.rf/grf.rf/gntv_or_sync_fifo.gl0.rd/gr1.rfwft/empty_fwft_i> in Unit <write_fifo/fifo> is equivalent to the following FF/Latch : <U0/xst_fifo_generator/gconvfifo.rf/grf.rf/gntv_or_sync_fifo.gl0.rd/gr1.rfwft/empty_fwft_fb> 
INFO:Xst:2260 - The FF/Latch <U0/xst_fifo_generator/gconvfifo.rf/grf.rf/gntv_or_sync_fifo.gl0.wr/gwss.wsts/ram_full_i> in Unit <read_fifo/fifo> is equivalent to the following FF/Latch : <U0/xst_fifo_generator/gconvfifo.rf/grf.rf/gntv_or_sync_fifo.gl0.wr/gwss.wsts/ram_full_fb_i> 
INFO:Xst:2260 - The FF/Latch <U0/xst_fifo_generator/gconvfifo.rf/grf.rf/gntv_or_sync_fifo.gl0.rd/gr1.rfwft/empty_fwft_i> in Unit <read_fifo/fifo> is equivalent to the following FF/Latch : <U0/xst_fifo_generator/gconvfifo.rf/grf.rf/gntv_or_sync_fifo.gl0.rd/gr1.rfwft/empty_fwft_fb> 
FlipFlop comm_fpga_fx2/state_FSM_FFd1 has been replicated 1 time(s)
FlipFlop comm_fpga_fx2/state_FSM_FFd2 has been replicated 1 time(s)
FlipFlop comm_fpga_fx2/state_FSM_FFd3 has been replicated 1 time(s)

Final Macro Processing ...

=========================================================================
Final Register Report

Macro Statistics
# Registers                                            : 143
 Flip-Flops                                            : 143

=========================================================================

=========================================================================
*                           Partition Report                            *
=========================================================================

Partition Implementation Status
-------------------------------

  No Partitions were found in this design.

-------------------------------

=========================================================================
*                            Design Summary                             *
=========================================================================

Top Level Output File Name         : top_level.ngc

Primitive and Black Box Usage:
------------------------------
# BELS                             : 483
#      GND                         : 3
#      INV                         : 39
#      LUT1                        : 20
#      LUT2                        : 10
#      LUT3                        : 42
#      LUT4                        : 39
#      LUT5                        : 67
#      LUT6                        : 123
#      MUXCY                       : 65
#      MUXF7                       : 3
#      VCC                         : 1
#      XORCY                       : 71
# FlipFlops/Latches                : 313
#      FD                          : 94
#      FDE                         : 132
#      FDR                         : 11
#      FDRE                        : 4
#      LD                          : 72
# RAMS                             : 2
#      RAMB8BWER                   : 2
# Clock Buffers                    : 1
#      BUFGP                       : 1
# IO Buffers                       : 32
#      IBUF                        : 10
#      IOBUF                       : 8
#      OBUF                        : 14

Device utilization summary:
---------------------------

Selected Device : 6slx45csg324-3 


Slice Logic Utilization: 
 Number of Slice Registers:             313  out of  54576     0%  
 Number of Slice LUTs:                  340  out of  27288     1%  
    Number used as Logic:               340  out of  27288     1%  

Slice Logic Distribution: 
 Number of LUT Flip Flop pairs used:    479
   Number with an unused Flip Flop:     166  out of    479    34%  
   Number with an unused LUT:           139  out of    479    29%  
   Number of fully used LUT-FF pairs:   174  out of    479    36%  
   Number of unique control sets:        25

IO Utilization: 
 Number of IOs:                          33
 Number of bonded IOBs:                  33  out of    218    15%  

Specific Feature Utilization:
 Number of Block RAM/FIFO:                1  out of    116     0%  
    Number using Block RAM only:          1
 Number of BUFG/BUFGCTRLs:                1  out of     16     6%  

---------------------------
Partition Resource Summary:
---------------------------

  No Partitions were found in this design.

---------------------------


=========================================================================
Timing Report

NOTE: THESE TIMING NUMBERS ARE ONLY A SYNTHESIS ESTIMATE.
      FOR ACCURATE TIMING INFORMATION PLEASE REFER TO THE TRACE REPORT
      GENERATED AFTER PLACE-and-ROUTE.

Clock Information:
------------------
--------------------------------------------------------+------------------------------+-------+
Clock Signal                                            | Clock buffer(FF name)        | Load  |
--------------------------------------------------------+------------------------------+-------+
ndx[3]_Decoder_30_OUT<8>(ndx[3]_Decoder_30_OUT<8><3>1:O)| NONE(*)(temp_array_next<8>_7)| 8     |
ndx[3]_Decoder_30_OUT<7>(ndx[3]_Decoder_30_OUT<7><3>1:O)| NONE(*)(temp_array_next<7>_6)| 8     |
ndx[3]_Decoder_30_OUT<6>(ndx[3]_Decoder_30_OUT<6><3>1:O)| NONE(*)(temp_array_next<6>_5)| 8     |
ndx[3]_Decoder_30_OUT<5>(ndx[3]_Decoder_30_OUT<5><3>1:O)| NONE(*)(temp_array_next<5>_4)| 8     |
ndx[3]_Decoder_30_OUT<4>(ndx[3]_Decoder_30_OUT<4><3>1:O)| NONE(*)(temp_array_next<4>_3)| 8     |
ndx[3]_Decoder_30_OUT<3>(ndx[3]_Decoder_30_OUT<3><3>1:O)| NONE(*)(temp_array_next<3>_2)| 8     |
ndx[3]_Decoder_30_OUT<2>(ndx[3]_Decoder_30_OUT<2><3>1:O)| NONE(*)(temp_array_next<2>_1)| 8     |
ndx[3]_Decoder_30_OUT<1>(ndx[3]_Decoder_30_OUT<1><3>1:O)| NONE(*)(temp_array_next<1>_0)| 8     |
fx2Clk_in                                               | BUFGP                        | 243   |
ndx[3]_Decoder_30_OUT<0>(ndx[3]_Decoder_30_OUT<0><3>1:O)| NONE(*)(temp_array_next<0>_7)| 8     |
--------------------------------------------------------+------------------------------+-------+
(*) These 9 clock signal(s) are generated by combinatorial logic,
and XST is not able to identify which are the primary clock signals.
Please use the CLOCK_SIGNAL constraint to specify the clock signal(s) generated by combinatorial logic.
INFO:Xst:2169 - HDL ADVISOR - Some clock signals were not automatically buffered by XST with BUFG/BUFR resources. Please use the buffer_type constraint in order to insert these buffers to the clock signals to help prevent skew problems.

Asynchronous Control Signals Information:
----------------------------------------
No asynchronous control signals found in this design

Timing Summary:
---------------
Speed Grade: -3

   Minimum period: 6.263ns (Maximum Frequency: 159.676MHz)
   Minimum input arrival time before clock: 6.894ns
   Maximum output required time after clock: 7.574ns
   Maximum combinational path delay: 9.153ns

Timing Details:
---------------
All values displayed in nanoseconds (ns)

=========================================================================
Timing constraint: Default period analysis for Clock 'fx2Clk_in'
  Clock period: 6.263ns (frequency: 159.676MHz)
  Total number of paths / destination ports: 3853 / 360
-------------------------------------------------------------------------
Delay:               6.263ns (Levels of Logic = 6)
  Source:            comm_fpga_fx2/chanAddr_0 (FF)
  Destination:       read_fifo/fifo/U0/xst_fifo_generator/gconvfifo.rf/grf.rf/gntv_or_sync_fifo.gl0.rd/grss.rsts/ram_empty_fb_i (FF)
  Source Clock:      fx2Clk_in rising
  Destination Clock: fx2Clk_in rising

  Data Path: comm_fpga_fx2/chanAddr_0 to read_fifo/fifo/U0/xst_fifo_generator/gconvfifo.rf/grf.rf/gntv_or_sync_fifo.gl0.rd/grss.rsts/ram_empty_fb_i
                                Gate     Net
    Cell:in->out      fanout   Delay   Delay  Logical Name (Net Name)
    ----------------------------------------  ------------
     FDE:C->Q             20   0.447   1.197  comm_fpga_fx2/chanAddr_0 (comm_fpga_fx2/chanAddr_0)
     LUT3:I1->O            1   0.203   0.684  readFifoOutputReady11_SW0 (N73)
     LUT6:I4->O           15   0.203   1.229  readFifoOutputReady2 (readFifoOutputReady)
     begin scope: 'read_fifo/fifo:rd_en'
     LUT4:I0->O           16   0.203   1.005  U0/xst_fifo_generator/gconvfifo.rf/grf.rf/gntv_or_sync_fifo.gl0.rd/gr1.rfwft/Mmux_RAM_RD_EN_FWFT11 (U0/xst_fifo_generator/gconvfifo.rf/grf.rf/gntv_or_sync_fifo.mem/gbm.tmp_ram_rd_en)
     LUT5:I4->O            1   0.205   0.580  U0/xst_fifo_generator/gconvfifo.rf/grf.rf/gntv_or_sync_fifo.gl0.rd/grss.rsts/going_empty_leaving_empty_OR_6_o1 (U0/xst_fifo_generator/gconvfifo.rf/grf.rf/gntv_or_sync_fifo.gl0.rd/grss.rsts/going_empty_leaving_empty_OR_6_o1)
     LUT6:I5->O            1   0.205   0.000  U0/xst_fifo_generator/gconvfifo.rf/grf.rf/gntv_or_sync_fifo.gl0.rd/grss.rsts/going_empty_leaving_empty_OR_6_o4 (U0/xst_fifo_generator/gconvfifo.rf/grf.rf/gntv_or_sync_fifo.gl0.rd/grss.rsts/going_empty_leaving_empty_OR_6_o)
     FD:D                      0.102          U0/xst_fifo_generator/gconvfifo.rf/grf.rf/gntv_or_sync_fifo.gl0.rd/grss.rsts/ram_empty_fb_i
    ----------------------------------------
    Total                      6.263ns (1.568ns logic, 4.695ns route)
                                       (25.0% logic, 75.0% route)

=========================================================================
Timing constraint: Default OFFSET IN BEFORE for Clock 'ndx[3]_Decoder_30_OUT<8>'
  Total number of paths / destination ports: 8 / 8
-------------------------------------------------------------------------
Offset:              2.238ns (Levels of Logic = 2)
  Source:            fx2Data_io<7> (PAD)
  Destination:       temp_array_next<8>_7 (LATCH)
  Destination Clock: ndx[3]_Decoder_30_OUT<8> falling

  Data Path: fx2Data_io<7> to temp_array_next<8>_7
                                Gate     Net
    Cell:in->out      fanout   Delay   Delay  Logical Name (Net Name)
    ----------------------------------------  ------------
     IOBUF:IO->O           7   1.222   0.774  fx2Data_io_7_IOBUF (N43)
     LUT6:I5->O            9   0.205   0.000  Mmux_ndx[3]_h2fData[7]_mux_29_OUT<7>14 (ndx[3]_h2fData[7]_mux_29_OUT<7>)
     LD:D                      0.037          temp_array_next<8>_7
    ----------------------------------------
    Total                      2.238ns (1.464ns logic, 0.774ns route)
                                       (65.4% logic, 34.6% route)

=========================================================================
Timing constraint: Default OFFSET IN BEFORE for Clock 'ndx[3]_Decoder_30_OUT<7>'
  Total number of paths / destination ports: 8 / 8
-------------------------------------------------------------------------
Offset:              2.238ns (Levels of Logic = 2)
  Source:            fx2Data_io<6> (PAD)
  Destination:       temp_array_next<7>_6 (LATCH)
  Destination Clock: ndx[3]_Decoder_30_OUT<7> falling

  Data Path: fx2Data_io<6> to temp_array_next<7>_6
                                Gate     Net
    Cell:in->out      fanout   Delay   Delay  Logical Name (Net Name)
    ----------------------------------------  ------------
     IOBUF:IO->O           7   1.222   0.774  fx2Data_io_6_IOBUF (N44)
     LUT6:I5->O            9   0.205   0.000  Mmux_ndx[3]_h2fData[7]_mux_29_OUT<6>14 (ndx[3]_h2fData[7]_mux_29_OUT<6>)
     LD:D                      0.037          temp_array_next<7>_6
    ----------------------------------------
    Total                      2.238ns (1.464ns logic, 0.774ns route)
                                       (65.4% logic, 34.6% route)

=========================================================================
Timing constraint: Default OFFSET IN BEFORE for Clock 'ndx[3]_Decoder_30_OUT<6>'
  Total number of paths / destination ports: 8 / 8
-------------------------------------------------------------------------
Offset:              2.238ns (Levels of Logic = 2)
  Source:            fx2Data_io<5> (PAD)
  Destination:       temp_array_next<6>_5 (LATCH)
  Destination Clock: ndx[3]_Decoder_30_OUT<6> falling

  Data Path: fx2Data_io<5> to temp_array_next<6>_5
                                Gate     Net
    Cell:in->out      fanout   Delay   Delay  Logical Name (Net Name)
    ----------------------------------------  ------------
     IOBUF:IO->O           7   1.222   0.774  fx2Data_io_5_IOBUF (N45)
     LUT6:I5->O            9   0.205   0.000  Mmux_ndx[3]_h2fData[7]_mux_29_OUT<5>14 (ndx[3]_h2fData[7]_mux_29_OUT<5>)
     LD:D                      0.037          temp_array_next<6>_5
    ----------------------------------------
    Total                      2.238ns (1.464ns logic, 0.774ns route)
                                       (65.4% logic, 34.6% route)

=========================================================================
Timing constraint: Default OFFSET IN BEFORE for Clock 'ndx[3]_Decoder_30_OUT<5>'
  Total number of paths / destination ports: 8 / 8
-------------------------------------------------------------------------
Offset:              2.238ns (Levels of Logic = 2)
  Source:            fx2Data_io<4> (PAD)
  Destination:       temp_array_next<5>_4 (LATCH)
  Destination Clock: ndx[3]_Decoder_30_OUT<5> falling

  Data Path: fx2Data_io<4> to temp_array_next<5>_4
                                Gate     Net
    Cell:in->out      fanout   Delay   Delay  Logical Name (Net Name)
    ----------------------------------------  ------------
     IOBUF:IO->O           7   1.222   0.774  fx2Data_io_4_IOBUF (N46)
     LUT6:I5->O            9   0.205   0.000  Mmux_ndx[3]_h2fData[7]_mux_29_OUT<4>14 (ndx[3]_h2fData[7]_mux_29_OUT<4>)
     LD:D                      0.037          temp_array_next<5>_4
    ----------------------------------------
    Total                      2.238ns (1.464ns logic, 0.774ns route)
                                       (65.4% logic, 34.6% route)

=========================================================================
Timing constraint: Default OFFSET IN BEFORE for Clock 'ndx[3]_Decoder_30_OUT<4>'
  Total number of paths / destination ports: 8 / 8
-------------------------------------------------------------------------
Offset:              2.238ns (Levels of Logic = 2)
  Source:            fx2Data_io<3> (PAD)
  Destination:       temp_array_next<4>_3 (LATCH)
  Destination Clock: ndx[3]_Decoder_30_OUT<4> falling

  Data Path: fx2Data_io<3> to temp_array_next<4>_3
                                Gate     Net
    Cell:in->out      fanout   Delay   Delay  Logical Name (Net Name)
    ----------------------------------------  ------------
     IOBUF:IO->O           7   1.222   0.774  fx2Data_io_3_IOBUF (N47)
     LUT6:I5->O            9   0.205   0.000  Mmux_ndx[3]_h2fData[7]_mux_29_OUT<3>14 (ndx[3]_h2fData[7]_mux_29_OUT<3>)
     LD:D                      0.037          temp_array_next<4>_3
    ----------------------------------------
    Total                      2.238ns (1.464ns logic, 0.774ns route)
                                       (65.4% logic, 34.6% route)

=========================================================================
Timing constraint: Default OFFSET IN BEFORE for Clock 'ndx[3]_Decoder_30_OUT<3>'
  Total number of paths / destination ports: 8 / 8
-------------------------------------------------------------------------
Offset:              2.238ns (Levels of Logic = 2)
  Source:            fx2Data_io<2> (PAD)
  Destination:       temp_array_next<3>_2 (LATCH)
  Destination Clock: ndx[3]_Decoder_30_OUT<3> falling

  Data Path: fx2Data_io<2> to temp_array_next<3>_2
                                Gate     Net
    Cell:in->out      fanout   Delay   Delay  Logical Name (Net Name)
    ----------------------------------------  ------------
     IOBUF:IO->O           7   1.222   0.774  fx2Data_io_2_IOBUF (N48)
     LUT6:I5->O            9   0.205   0.000  Mmux_ndx[3]_h2fData[7]_mux_29_OUT<2>14 (ndx[3]_h2fData[7]_mux_29_OUT<2>)
     LD:D                      0.037          temp_array_next<3>_2
    ----------------------------------------
    Total                      2.238ns (1.464ns logic, 0.774ns route)
                                       (65.4% logic, 34.6% route)

=========================================================================
Timing constraint: Default OFFSET IN BEFORE for Clock 'ndx[3]_Decoder_30_OUT<2>'
  Total number of paths / destination ports: 8 / 8
-------------------------------------------------------------------------
Offset:              2.238ns (Levels of Logic = 2)
  Source:            fx2Data_io<1> (PAD)
  Destination:       temp_array_next<2>_1 (LATCH)
  Destination Clock: ndx[3]_Decoder_30_OUT<2> falling

  Data Path: fx2Data_io<1> to temp_array_next<2>_1
                                Gate     Net
    Cell:in->out      fanout   Delay   Delay  Logical Name (Net Name)
    ----------------------------------------  ------------
     IOBUF:IO->O           7   1.222   0.774  fx2Data_io_1_IOBUF (N49)
     LUT6:I5->O            9   0.205   0.000  Mmux_ndx[3]_h2fData[7]_mux_29_OUT<1>14 (ndx[3]_h2fData[7]_mux_29_OUT<1>)
     LD:D                      0.037          temp_array_next<2>_1
    ----------------------------------------
    Total                      2.238ns (1.464ns logic, 0.774ns route)
                                       (65.4% logic, 34.6% route)

=========================================================================
Timing constraint: Default OFFSET IN BEFORE for Clock 'ndx[3]_Decoder_30_OUT<1>'
  Total number of paths / destination ports: 8 / 8
-------------------------------------------------------------------------
Offset:              2.238ns (Levels of Logic = 2)
  Source:            fx2Data_io<0> (PAD)
  Destination:       temp_array_next<1>_0 (LATCH)
  Destination Clock: ndx[3]_Decoder_30_OUT<1> falling

  Data Path: fx2Data_io<0> to temp_array_next<1>_0
                                Gate     Net
    Cell:in->out      fanout   Delay   Delay  Logical Name (Net Name)
    ----------------------------------------  ------------
     IOBUF:IO->O           7   1.222   0.774  fx2Data_io_0_IOBUF (N50)
     LUT6:I5->O            9   0.205   0.000  Mmux_ndx[3]_h2fData[7]_mux_29_OUT<0>14 (ndx[3]_h2fData[7]_mux_29_OUT<0>)
     LD:D                      0.037          temp_array_next<1>_0
    ----------------------------------------
    Total                      2.238ns (1.464ns logic, 0.774ns route)
                                       (65.4% logic, 34.6% route)

=========================================================================
Timing constraint: Default OFFSET IN BEFORE for Clock 'ndx[3]_Decoder_30_OUT<0>'
  Total number of paths / destination ports: 8 / 8
-------------------------------------------------------------------------
Offset:              2.238ns (Levels of Logic = 2)
  Source:            fx2Data_io<7> (PAD)
  Destination:       temp_array_next<0>_7 (LATCH)
  Destination Clock: ndx[3]_Decoder_30_OUT<0> falling

  Data Path: fx2Data_io<7> to temp_array_next<0>_7
                                Gate     Net
    Cell:in->out      fanout   Delay   Delay  Logical Name (Net Name)
    ----------------------------------------  ------------
     IOBUF:IO->O           7   1.222   0.774  fx2Data_io_7_IOBUF (N43)
     LUT6:I5->O            9   0.205   0.000  Mmux_ndx[3]_h2fData[7]_mux_29_OUT<7>14 (ndx[3]_h2fData[7]_mux_29_OUT<7>)
     LD:D                      0.037          temp_array_next<0>_7
    ----------------------------------------
    Total                      2.238ns (1.464ns logic, 0.774ns route)
                                       (65.4% logic, 34.6% route)

=========================================================================
Timing constraint: Default OFFSET IN BEFORE for Clock 'fx2Clk_in'
  Total number of paths / destination ports: 292 / 169
-------------------------------------------------------------------------
Offset:              6.894ns (Levels of Logic = 7)
  Source:            fx2GotData_in (PAD)
  Destination:       write_fifo/fifo/U0/xst_fifo_generator/gconvfifo.rf/grf.rf/gntv_or_sync_fifo.gl0.wr/gwss.wsts/ram_full_i (FF)
  Destination Clock: fx2Clk_in rising

  Data Path: fx2GotData_in to write_fifo/fifo/U0/xst_fifo_generator/gconvfifo.rf/grf.rf/gntv_or_sync_fifo.gl0.wr/gwss.wsts/ram_full_i
                                Gate     Net
    Cell:in->out      fanout   Delay   Delay  Logical Name (Net Name)
    ----------------------------------------  ------------
     IBUF:I->O            37   1.222   1.610  fx2GotData_in_IBUF (fx2GotData_in_IBUF)
     LUT4:I0->O            1   0.203   0.580  comm_fpga_fx2/fx2GotData_in_h2fReady_in_AND_11_o1_SW0 (N59)
     LUT6:I5->O            3   0.205   0.995  writeFifoInputValid (writeFifoInputValid)
     begin scope: 'write_fifo/fifo:wr_en'
     LUT5:I0->O            1   0.203   0.684  U0/xst_fifo_generator/gconvfifo.rf/grf.rf/gntv_or_sync_fifo.gl0.wr/gwss.wsts/ram_full_comb1 (U0/xst_fifo_generator/gconvfifo.rf/grf.rf/gntv_or_sync_fifo.gl0.wr/gwss.wsts/ram_full_comb1)
     LUT6:I4->O            1   0.203   0.684  U0/xst_fifo_generator/gconvfifo.rf/grf.rf/gntv_or_sync_fifo.gl0.wr/gwss.wsts/ram_full_comb3 (U0/xst_fifo_generator/gconvfifo.rf/grf.rf/gntv_or_sync_fifo.gl0.wr/gwss.wsts/ram_full_comb3)
     LUT4:I2->O            2   0.203   0.000  U0/xst_fifo_generator/gconvfifo.rf/grf.rf/gntv_or_sync_fifo.gl0.wr/gwss.wsts/ram_full_comb4 (U0/xst_fifo_generator/gconvfifo.rf/grf.rf/gntv_or_sync_fifo.gl0.wr/gwss.wsts/ram_full_comb)
     FD:D                      0.102          U0/xst_fifo_generator/gconvfifo.rf/grf.rf/gntv_or_sync_fifo.gl0.wr/gwss.wsts/ram_full_i
    ----------------------------------------
    Total                      6.894ns (2.341ns logic, 4.553ns route)
                                       (34.0% logic, 66.0% route)

=========================================================================
Timing constraint: Default OFFSET OUT AFTER for Clock 'fx2Clk_in'
  Total number of paths / destination ports: 252 / 21
-------------------------------------------------------------------------
Offset:              7.574ns (Levels of Logic = 4)
  Source:            comm_fpga_fx2/chanAddr_2 (FF)
  Destination:       fx2Data_io<7> (PAD)
  Source Clock:      fx2Clk_in rising

  Data Path: comm_fpga_fx2/chanAddr_2 to fx2Data_io<7>
                                Gate     Net
    Cell:in->out      fanout   Delay   Delay  Logical Name (Net Name)
    ----------------------------------------  ------------
     FDE:C->Q              1   0.447   0.924  comm_fpga_fx2/chanAddr_2 (comm_fpga_fx2/chanAddr_2)
     LUT5:I0->O           13   0.203   1.277  _n0195<6>1 (_n0195)
     LUT6:I1->O            8   0.203   1.167  readFifoOutputReady11 (readFifoOutputReady1)
     LUT6:I0->O            1   0.203   0.579  comm_fpga_fx2/Mmux_dataOut11 (comm_fpga_fx2/dataOut<0>)
     IOBUF:I->IO               2.571          fx2Data_io_0_IOBUF (fx2Data_io<0>)
    ----------------------------------------
    Total                      7.574ns (3.627ns logic, 3.947ns route)
                                       (47.9% logic, 52.1% route)

=========================================================================
Timing constraint: Default path analysis
  Total number of paths / destination ports: 361 / 19
-------------------------------------------------------------------------
Delay:               9.153ns (Levels of Logic = 6)
  Source:            sw_in<6> (PAD)
  Destination:       led_out<7> (PAD)

  Data Path: sw_in<6> to led_out<7>
                                Gate     Net
    Cell:in->out      fanout   Delay   Delay  Logical Name (Net Name)
    ----------------------------------------  ------------
     IBUF:I->O            14   1.222   1.186  sw_in_6_IBUF (sw_in_6_IBUF)
     LUT3:I0->O            8   0.205   1.167  GND_4_o_sw_in[7]_equal_48_o<7>11 (GND_4_o_sw_in[7]_equal_48_o<7>1)
     LUT6:I0->O            8   0.203   0.803  GND_4_o_sw_in[7]_equal_48_o<7>1 (GND_4_o_sw_in[7]_equal_48_o)
     LUT5:I4->O            1   0.205   0.808  led_out<1>2 (led_out<1>2)
     LUT3:I0->O            1   0.205   0.579  led_out<1>6 (led_out_7_OBUF)
     OBUF:I->O                 2.571          led_out_7_OBUF (led_out<7>)
    ----------------------------------------
    Total                      9.153ns (4.611ns logic, 4.542ns route)
                                       (50.4% logic, 49.6% route)

=========================================================================

Cross Clock Domains Report:
--------------------------

Clock to Setup on destination clock fx2Clk_in
------------------------+---------+---------+---------+---------+
                        | Src:Rise| Src:Fall| Src:Rise| Src:Fall|
Source Clock            |Dest:Rise|Dest:Rise|Dest:Fall|Dest:Fall|
------------------------+---------+---------+---------+---------+
fx2Clk_in               |    6.263|         |         |         |
ndx[3]_Decoder_30_OUT<0>|         |    1.179|         |         |
ndx[3]_Decoder_30_OUT<1>|         |    1.179|         |         |
ndx[3]_Decoder_30_OUT<2>|         |    1.179|         |         |
ndx[3]_Decoder_30_OUT<3>|         |    1.179|         |         |
ndx[3]_Decoder_30_OUT<4>|         |    1.179|         |         |
ndx[3]_Decoder_30_OUT<5>|         |    1.179|         |         |
ndx[3]_Decoder_30_OUT<6>|         |    1.179|         |         |
ndx[3]_Decoder_30_OUT<7>|         |    1.179|         |         |
ndx[3]_Decoder_30_OUT<8>|         |    1.179|         |         |
------------------------+---------+---------+---------+---------+

Clock to Setup on destination clock ndx[3]_Decoder_30_OUT<0>
---------------+---------+---------+---------+---------+
               | Src:Rise| Src:Fall| Src:Rise| Src:Fall|
Source Clock   |Dest:Rise|Dest:Rise|Dest:Fall|Dest:Fall|
---------------+---------+---------+---------+---------+
fx2Clk_in      |         |         |    4.432|         |
---------------+---------+---------+---------+---------+

Clock to Setup on destination clock ndx[3]_Decoder_30_OUT<1>
---------------+---------+---------+---------+---------+
               | Src:Rise| Src:Fall| Src:Rise| Src:Fall|
Source Clock   |Dest:Rise|Dest:Rise|Dest:Fall|Dest:Fall|
---------------+---------+---------+---------+---------+
fx2Clk_in      |         |         |    4.432|         |
---------------+---------+---------+---------+---------+

Clock to Setup on destination clock ndx[3]_Decoder_30_OUT<2>
---------------+---------+---------+---------+---------+
               | Src:Rise| Src:Fall| Src:Rise| Src:Fall|
Source Clock   |Dest:Rise|Dest:Rise|Dest:Fall|Dest:Fall|
---------------+---------+---------+---------+---------+
fx2Clk_in      |         |         |    4.432|         |
---------------+---------+---------+---------+---------+

Clock to Setup on destination clock ndx[3]_Decoder_30_OUT<3>
---------------+---------+---------+---------+---------+
               | Src:Rise| Src:Fall| Src:Rise| Src:Fall|
Source Clock   |Dest:Rise|Dest:Rise|Dest:Fall|Dest:Fall|
---------------+---------+---------+---------+---------+
fx2Clk_in      |         |         |    4.432|         |
---------------+---------+---------+---------+---------+

Clock to Setup on destination clock ndx[3]_Decoder_30_OUT<4>
---------------+---------+---------+---------+---------+
               | Src:Rise| Src:Fall| Src:Rise| Src:Fall|
Source Clock   |Dest:Rise|Dest:Rise|Dest:Fall|Dest:Fall|
---------------+---------+---------+---------+---------+
fx2Clk_in      |         |         |    4.432|         |
---------------+---------+---------+---------+---------+

Clock to Setup on destination clock ndx[3]_Decoder_30_OUT<5>
---------------+---------+---------+---------+---------+
               | Src:Rise| Src:Fall| Src:Rise| Src:Fall|
Source Clock   |Dest:Rise|Dest:Rise|Dest:Fall|Dest:Fall|
---------------+---------+---------+---------+---------+
fx2Clk_in      |         |         |    4.432|         |
---------------+---------+---------+---------+---------+

Clock to Setup on destination clock ndx[3]_Decoder_30_OUT<6>
---------------+---------+---------+---------+---------+
               | Src:Rise| Src:Fall| Src:Rise| Src:Fall|
Source Clock   |Dest:Rise|Dest:Rise|Dest:Fall|Dest:Fall|
---------------+---------+---------+---------+---------+
fx2Clk_in      |         |         |    4.432|         |
---------------+---------+---------+---------+---------+

Clock to Setup on destination clock ndx[3]_Decoder_30_OUT<7>
---------------+---------+---------+---------+---------+
               | Src:Rise| Src:Fall| Src:Rise| Src:Fall|
Source Clock   |Dest:Rise|Dest:Rise|Dest:Fall|Dest:Fall|
---------------+---------+---------+---------+---------+
fx2Clk_in      |         |         |    4.432|         |
---------------+---------+---------+---------+---------+

Clock to Setup on destination clock ndx[3]_Decoder_30_OUT<8>
---------------+---------+---------+---------+---------+
               | Src:Rise| Src:Fall| Src:Rise| Src:Fall|
Source Clock   |Dest:Rise|Dest:Rise|Dest:Fall|Dest:Fall|
---------------+---------+---------+---------+---------+
fx2Clk_in      |         |         |    4.432|         |
---------------+---------+---------+---------+---------+

=========================================================================


Total REAL time to Xst completion: 9.00 secs
Total CPU time to Xst completion: 9.37 secs
 
--> 


Total memory usage is 391804 kilobytes

Number of errors   :    0 (   0 filtered)
Number of warnings :  116 (   0 filtered)
Number of infos    :   14 (   0 filtered)

