Command line:
   tb_sad_wrapper_isim_beh.exe
     -simmode  gui
     -simrunnum  0
     -socket  38897

Fri Aug  8 15:08:47 2014


 Elaboration Time: 0.43 sec

 Current Memory Usage: 482.185 Meg

 Total Signals          : 10271
 Total Nets             : 337297
 Total Signal Drivers   : 4489
 Total Blocks           : 3093
 Total Primitive Blocks : 2311
 Total Processes        : 3642
 Total Traceable Variables  : 7584
 Total Scalar Nets and Variables : 366496
Total Line Count : 17306

 Total Simulation Time: 4.84 sec

 Current Memory Usage: 604.422 Meg

Fri Aug  8 15:09:09 2014

