Command line:
   tb_sad_wrapper_isim_beh.exe
     -simmode  gui
     -simrunnum  0
     -socket  45185

Fri Aug 15 18:12:46 2014


 Elaboration Time: 0.4 sec

 Current Memory Usage: 364.876 Meg

 Total Signals          : 28774
 Total Nets             : 134463
 Total Signal Drivers   : 11875
 Total Blocks           : 10225
 Total Primitive Blocks : 7881
 Total Processes        : 10282
 Total Traceable Variables  : 25342
 Total Scalar Nets and Variables : 232620
Total Line Count : 49507
Total Line Count : 49507
Total Line Count : 49507

 Total Simulation Time: 2.8 sec

 Current Memory Usage: 445.071 Meg

Fri Aug 15 18:14:37 2014

