Command line:
   tb_sad_wrapper_isim_beh.exe
     -simmode  gui
     -simrunnum  0
     -socket  48388

Thu Aug  7 18:14:58 2014


 Elaboration Time: 0.35 sec

 Current Memory Usage: 383.222 Meg

 Total Signals          : 10218
 Total Nets             : 204838
 Total Signal Drivers   : 4495
 Total Blocks           : 3093
 Total Primitive Blocks : 2311
 Total Processes        : 3644
 Total Traceable Variables  : 7584
 Total Scalar Nets and Variables : 234037
Total Line Count : 17325

 Total Simulation Time: 1.82 sec

 Current Memory Usage: 491.373 Meg

Thu Aug  7 18:15:43 2014

