Command line:
   tb_top_level_isim_beh.exe
     -simmode  gui
     -simrunnum  0
     -socket  54570

Sun May  4 01:20:38 2014


 Elaboration Time: 0.02 sec

 Current Memory Usage: 197.448 Meg

 Total Signals          : 252
 Total Nets             : 1376
 Total Signal Drivers   : 83
 Total Blocks           : 22
 Total Primitive Blocks : 13
 Total Processes        : 48
 Total Traceable Variables  : 233
 Total Scalar Nets and Variables : 2845
Total Line Count : 410

 Total Simulation Time: 0.03 sec

 Current Memory Usage: 272.949 Meg

Sun May  4 01:20:56 2014

