Release 14.7 - xst P.20131013 (lin64)
Copyright (c) 1995-2013 Xilinx, Inc.  All rights reserved.
--> 
Parameter TMPDIR set to xst/projnav.tmp


Total REAL time to Xst completion: 0.00 secs
Total CPU time to Xst completion: 0.08 secs
 
--> 
Parameter xsthdpdir set to xst


Total REAL time to Xst completion: 0.00 secs
Total CPU time to Xst completion: 0.08 secs
 
--> 
Reading design: top_level.prj

TABLE OF CONTENTS
  1) Synthesis Options Summary
  2) HDL Parsing
  3) HDL Elaboration
  4) HDL Synthesis
       4.1) HDL Synthesis Report
  5) Advanced HDL Synthesis
       5.1) Advanced HDL Synthesis Report
  6) Low Level Synthesis
  7) Partition Report
  8) Design Summary
       8.1) Primitive and Black Box Usage
       8.2) Device utilization summary
       8.3) Partition Resource Summary
       8.4) Timing Report
            8.4.1) Clock Information
            8.4.2) Asynchronous Control Signals Information
            8.4.3) Timing Summary
            8.4.4) Timing Details
            8.4.5) Cross Clock Domains Report


=========================================================================
*                      Synthesis Options Summary                        *
=========================================================================
---- Source Parameters
Input File Name                    : "top_level.prj"
Ignore Synthesis Constraint File   : NO

---- Target Parameters
Output File Name                   : "top_level"
Output Format                      : NGC
Target Device                      : xc6slx45-3-csg324

---- Source Options
Top Module Name                    : top_level
Automatic FSM Extraction           : YES
FSM Encoding Algorithm             : Auto
Safe Implementation                : No
FSM Style                          : LUT
RAM Extraction                     : Yes
RAM Style                          : Auto
ROM Extraction                     : Yes
Shift Register Extraction          : YES
ROM Style                          : Auto
Resource Sharing                   : YES
Asynchronous To Synchronous        : NO
Shift Register Minimum Size        : 2
Use DSP Block                      : Auto
Automatic Register Balancing       : No

---- Target Options
LUT Combining                      : Auto
Reduce Control Sets                : Auto
Add IO Buffers                     : YES
Global Maximum Fanout              : 100000
Add Generic Clock Buffer(BUFG)     : 16
Register Duplication               : YES
Optimize Instantiated Primitives   : NO
Use Clock Enable                   : Auto
Use Synchronous Set                : Auto
Use Synchronous Reset              : Auto
Pack IO Registers into IOBs        : Auto
Equivalent register Removal        : YES

---- General Options
Optimization Goal                  : Speed
Optimization Effort                : 1
Power Reduction                    : NO
Keep Hierarchy                     : No
Netlist Hierarchy                  : As_Optimized
RTL Output                         : Yes
Global Optimization                : AllClockNets
Read Cores                         : YES
Write Timing Constraints           : NO
Cross Clock Analysis               : NO
Hierarchy Separator                : /
Bus Delimiter                      : <>
Case Specifier                     : Maintain
Slice Utilization Ratio            : 100
BRAM Utilization Ratio             : 100
DSP48 Utilization Ratio            : 100
Auto BRAM Packing                  : NO
Slice Utilization Ratio Delta      : 5

---- Other Options
Cores Search Directories           : {"ipcore_dir" "../ipcore_dir"  }

=========================================================================


=========================================================================
*                          HDL Parsing                                  *
=========================================================================
Parsing VHDL file "/home/cccitron/mastersThesis/makestuff/libs/libfpgalink-20120621/hdl/fx2/vhdl/pipeline_fifo-me/top_level/ipcore_dir/bram_9x8.vhd" into library work
Parsing entity <bram_9x8>.
Parsing architecture <bram_9x8_a> of entity <bram_9x8>.
Parsing VHDL file "/home/cccitron/mastersThesis/makestuff/libs/libfpgalink-20120621/hdl/fx2/vhdl/pipeline_fifo-me/ipcore_dir/fifo.vhd" into library work
Parsing entity <fifo>.
Parsing architecture <fifo_a> of entity <fifo>.
Parsing VHDL file "/home/cccitron/mastersThesis/makestuff/libs/libfpgalink-20120621/hdl/fx2/vhdl/pipeline_fifo-me/top_level/window_array.vhd" into library work
Parsing package <window_array>.
Parsing package body <window_array>.
Parsing VHDL file "/home/cccitron/mastersThesis/makestuff/libs/libfpgalink-20120621/hdl/fx2/vhdl/pipeline_fifo-me/top_level/adder.vhd" into library work
Parsing entity <adder>.
Parsing architecture <Behavioral> of entity <adder>.
Parsing VHDL file "/home/cccitron/mastersThesis/makestuff/libs/libfpgalink-20120621/hdl/fx2/vhdl/pipeline_fifo-me/top_level/timer.vhd" into library work
Parsing entity <timer>.
Parsing architecture <behavioural> of entity <timer>.
Parsing VHDL file "/home/cccitron/mastersThesis/makestuff/libs/libfpgalink-20120621/hdl/fx2/vhdl/pipeline_fifo-me/top_level/state_wrapper.vhd" into library work
Parsing entity <state_wrapper>.
Parsing architecture <Behavioral> of entity <state_wrapper>.
Parsing VHDL file "/home/cccitron/mastersThesis/makestuff/libs/libfpgalink-20120621/hdl/fx2/vhdl/pipeline_fifo-me/top_level/fifo_wrapper_xilinx.vhd" into library work
Parsing entity <fifo_wrapper>.
Parsing architecture <behavioural> of entity <fifo_wrapper>.
Parsing VHDL file "/home/cccitron/mastersThesis/makestuff/libs/libfpgalink-20120621/hdl/fx2/vhdl/pipeline_fifo-me/top_level/comm_fpga_fx2.vhd" into library work
Parsing entity <comm_fpga_fx2>.
Parsing architecture <behavioural> of entity <comm_fpga_fx2>.
Parsing VHDL file "/home/cccitron/mastersThesis/makestuff/libs/libfpgalink-20120621/hdl/fx2/vhdl/pipeline_fifo-me/top_level/top_level.vhd" into library work
Parsing entity <top_level>.
Parsing architecture <behavioural> of entity <top_level>.

=========================================================================
*                            HDL Elaboration                            *
=========================================================================

Elaborating entity <top_level> (architecture <behavioural>) from library <work>.
WARNING:HDLCompiler:92 - "/home/cccitron/mastersThesis/makestuff/libs/libfpgalink-20120621/hdl/fx2/vhdl/pipeline_fifo-me/top_level/top_level.vhd" Line 253: reg4_bram_t should be on the sensitivity list of the process
WARNING:HDLCompiler:92 - "/home/cccitron/mastersThesis/makestuff/libs/libfpgalink-20120621/hdl/fx2/vhdl/pipeline_fifo-me/top_level/top_level.vhd" Line 255: reg2_sad should be on the sensitivity list of the process
WARNING:HDLCompiler:92 - "/home/cccitron/mastersThesis/makestuff/libs/libfpgalink-20120621/hdl/fx2/vhdl/pipeline_fifo-me/top_level/top_level.vhd" Line 257: reg4_bram_t should be on the sensitivity list of the process
WARNING:HDLCompiler:92 - "/home/cccitron/mastersThesis/makestuff/libs/libfpgalink-20120621/hdl/fx2/vhdl/pipeline_fifo-me/top_level/top_level.vhd" Line 258: reg5_bram_s should be on the sensitivity list of the process

Elaborating entity <comm_fpga_fx2> (architecture <behavioural>) from library <work>.

Elaborating entity <fifo_wrapper> (architecture <behavioural>) from library <work>.

Elaborating entity <fifo> (architecture <fifo_a>) from library <work>.

Elaborating entity <timer> (architecture <behavioural>) with generics from library <work>.

Elaborating entity <state_wrapper> (architecture <Behavioral>) from library <work>.
WARNING:HDLCompiler:92 - "/home/cccitron/mastersThesis/makestuff/libs/libfpgalink-20120621/hdl/fx2/vhdl/pipeline_fifo-me/top_level/state_wrapper.vhd" Line 246: f2hready_i should be on the sensitivity list of the process

Elaborating entity <bram_9x8> (architecture <bram_9x8_a>) from library <work>.

Elaborating entity <adder> (architecture <Behavioral>) from library <work>.

=========================================================================
*                           HDL Synthesis                               *
=========================================================================

Synthesizing Unit <top_level>.
    Related source file is "/home/cccitron/mastersThesis/makestuff/libs/libfpgalink-20120621/hdl/fx2/vhdl/pipeline_fifo-me/top_level/top_level.vhd".
WARNING:Xst:647 - Input <clk> is never used. This port will be preserved and left unconnected if it belongs to a top-level block or it belongs to a sub-block and the hierarchy of this sub-block is preserved.
WARNING:Xst:647 - Input <reset> is never used. This port will be preserved and left unconnected if it belongs to a top-level block or it belongs to a sub-block and the hierarchy of this sub-block is preserved.
INFO:Xst:3210 - "/home/cccitron/mastersThesis/makestuff/libs/libfpgalink-20120621/hdl/fx2/vhdl/pipeline_fifo-me/top_level/top_level.vhd" line 351: Output port <outputData_out> of the instance <write_fifo> is unconnected or connected to loadless signal.
INFO:Xst:3210 - "/home/cccitron/mastersThesis/makestuff/libs/libfpgalink-20120621/hdl/fx2/vhdl/pipeline_fifo-me/top_level/top_level.vhd" line 351: Output port <outputValid_out> of the instance <write_fifo> is unconnected or connected to loadless signal.
INFO:Xst:3210 - "/home/cccitron/mastersThesis/makestuff/libs/libfpgalink-20120621/hdl/fx2/vhdl/pipeline_fifo-me/top_level/top_level.vhd" line 368: Output port <depth_out> of the instance <read_fifo> is unconnected or connected to loadless signal.
INFO:Xst:3210 - "/home/cccitron/mastersThesis/makestuff/libs/libfpgalink-20120621/hdl/fx2/vhdl/pipeline_fifo-me/top_level/top_level.vhd" line 368: Output port <inputReady_out> of the instance <read_fifo> is unconnected or connected to loadless signal.
INFO:Xst:3210 - "/home/cccitron/mastersThesis/makestuff/libs/libfpgalink-20120621/hdl/fx2/vhdl/pipeline_fifo-me/top_level/top_level.vhd" line 368: Output port <outputValid_out> of the instance <read_fifo> is unconnected or connected to loadless signal.
    Found 8-bit register for signal <count>.
    Summary:
	inferred   8 D-type flip-flop(s).
Unit <top_level> synthesized.

Synthesizing Unit <comm_fpga_fx2>.
    Related source file is "/home/cccitron/mastersThesis/makestuff/libs/libfpgalink-20120621/hdl/fx2/vhdl/pipeline_fifo-me/top_level/comm_fpga_fx2.vhd".
    Found 32-bit register for signal <count>.
    Found 7-bit register for signal <chanAddr>.
    Found 1-bit register for signal <isWrite>.
    Found 1-bit register for signal <isAligned>.
    Found 4-bit register for signal <state>.
    Found finite state machine <FSM_0> for signal <state>.
    -----------------------------------------------------------------------
    | States             | 10                                             |
    | Transitions        | 23                                             |
    | Inputs             | 7                                              |
    | Outputs            | 8                                              |
    | Clock              | fx2Clk_in (rising_edge)                        |
    | Power Up State     | s_idle                                         |
    | Encoding           | auto                                           |
    | Implementation     | LUT                                            |
    -----------------------------------------------------------------------
    Found 32-bit subtractor for signal <GND_6_o_GND_6_o_sub_18_OUT<31:0>> created at line 1308.
    Found 1-bit tristate buffer for signal <fx2Data_io<7>> created at line 222
    Found 1-bit tristate buffer for signal <fx2Data_io<6>> created at line 222
    Found 1-bit tristate buffer for signal <fx2Data_io<5>> created at line 222
    Found 1-bit tristate buffer for signal <fx2Data_io<4>> created at line 222
    Found 1-bit tristate buffer for signal <fx2Data_io<3>> created at line 222
    Found 1-bit tristate buffer for signal <fx2Data_io<2>> created at line 222
    Found 1-bit tristate buffer for signal <fx2Data_io<1>> created at line 222
    Found 1-bit tristate buffer for signal <fx2Data_io<0>> created at line 222
    Summary:
	inferred   1 Adder/Subtractor(s).
	inferred  41 D-type flip-flop(s).
	inferred  49 Multiplexer(s).
	inferred   8 Tristate(s).
	inferred   1 Finite State Machine(s).
Unit <comm_fpga_fx2> synthesized.

Synthesizing Unit <fifo_wrapper>.
    Related source file is "/home/cccitron/mastersThesis/makestuff/libs/libfpgalink-20120621/hdl/fx2/vhdl/pipeline_fifo-me/top_level/fifo_wrapper_xilinx.vhd".
    Summary:
	no macro.
Unit <fifo_wrapper> synthesized.

Synthesizing Unit <timer>.
    Related source file is "/home/cccitron/mastersThesis/makestuff/libs/libfpgalink-20120621/hdl/fx2/vhdl/pipeline_fifo-me/top_level/timer.vhd".
        COUNTER_WIDTH = 25
        CEILING_WIDTH = 4
    Found 26-bit register for signal <count>.
    Found 26-bit adder for signal <count[25]_GND_17_o_add_3_OUT> created at line 1241.
    Found 1-bit 16-to-1 multiplexer for signal <tick_out> created at line 61.
    Summary:
	inferred   1 Adder/Subtractor(s).
	inferred  26 D-type flip-flop(s).
	inferred   1 Multiplexer(s).
Unit <timer> synthesized.

Synthesizing Unit <state_wrapper>.
    Related source file is "/home/cccitron/mastersThesis/makestuff/libs/libfpgalink-20120621/hdl/fx2/vhdl/pipeline_fifo-me/top_level/state_wrapper.vhd".
    Found 1-bit register for signal <s_rd>.
    Found 1-bit register for signal <read_bram>.
    Found 8-bit register for signal <dinA_template<0>>.
    Found 8-bit register for signal <dinA_template<1>>.
    Found 8-bit register for signal <dinA_template<2>>.
    Found 8-bit register for signal <dinA_template<3>>.
    Found 8-bit register for signal <dinA_template<4>>.
    Found 8-bit register for signal <dinA_template<5>>.
    Found 8-bit register for signal <dinA_template<6>>.
    Found 8-bit register for signal <dinA_template<7>>.
    Found 8-bit register for signal <dinA_template<8>>.
    Found 8-bit register for signal <dinB_search<0>>.
    Found 8-bit register for signal <dinB_search<1>>.
    Found 8-bit register for signal <dinB_search<2>>.
    Found 8-bit register for signal <dinB_search<3>>.
    Found 8-bit register for signal <dinB_search<4>>.
    Found 8-bit register for signal <dinB_search<5>>.
    Found 8-bit register for signal <dinB_search<6>>.
    Found 8-bit register for signal <dinB_search<7>>.
    Found 8-bit register for signal <dinB_search<8>>.
    Found 32-bit register for signal <ndx_t_rd>.
    Found 32-bit register for signal <ndx_s_rd>.
    Found 4-bit register for signal <addr_t>.
    Found 1-bit register for signal <first_t>.
    Found 1-bit register for signal <ready_t>.
    Found 4-bit register for signal <addr_s>.
    Found 1-bit register for signal <ready_s>.
    Found 1-bit register for signal <t_rd>.
    Found 32-bit adder for signal <ndx_t_rd[31]_GND_18_o_add_21_OUT> created at line 138.
    Found 32-bit adder for signal <ndx_s_rd[31]_GND_18_o_add_24_OUT> created at line 146.
    Found 4-bit adder for signal <addr_t[3]_GND_18_o_add_88_OUT> created at line 1241.
    Found 4-bit adder for signal <addr_s[3]_GND_18_o_add_100_OUT> created at line 1241.
    Summary:
	inferred   4 Adder/Subtractor(s).
	inferred 222 D-type flip-flop(s).
	inferred  13 Multiplexer(s).
Unit <state_wrapper> synthesized.

Synthesizing Unit <adder>.
    Related source file is "/home/cccitron/mastersThesis/makestuff/libs/libfpgalink-20120621/hdl/fx2/vhdl/pipeline_fifo-me/top_level/adder.vhd".
    Found 9-bit register for signal <temp<1>>.
    Found 9-bit register for signal <temp<2>>.
    Found 9-bit register for signal <temp<3>>.
    Found 9-bit register for signal <temp<4>>.
    Found 9-bit register for signal <temp<5>>.
    Found 9-bit register for signal <temp<6>>.
    Found 9-bit register for signal <temp<7>>.
    Found 9-bit register for signal <dout>.
    Found 9-bit register for signal <temp<0>>.
    Found 9-bit adder for signal <GND_84_o_GND_84_o_add_19_OUT> created at line 65.
    Found 9-bit adder for signal <n0232> created at line 67.
    Found 9-bit adder for signal <temp[0][8]_GND_84_o_add_22_OUT> created at line 67.
    Found 9-bit adder for signal <n0238> created at line 68.
    Found 9-bit adder for signal <temp[1][8]_GND_84_o_add_25_OUT> created at line 68.
    Found 9-bit adder for signal <n0244> created at line 69.
    Found 9-bit adder for signal <temp[2][8]_GND_84_o_add_28_OUT> created at line 69.
    Found 9-bit adder for signal <n0250> created at line 70.
    Found 9-bit adder for signal <temp[3][8]_GND_84_o_add_31_OUT> created at line 70.
    Found 9-bit adder for signal <n0256> created at line 71.
    Found 9-bit adder for signal <temp[4][8]_GND_84_o_add_34_OUT> created at line 71.
    Found 9-bit adder for signal <n0262> created at line 72.
    Found 9-bit adder for signal <temp[5][8]_GND_84_o_add_37_OUT> created at line 72.
    Found 9-bit adder for signal <n0268> created at line 73.
    Found 9-bit adder for signal <temp[6][8]_GND_84_o_add_40_OUT> created at line 73.
    Found 9-bit adder for signal <n0274> created at line 75.
    Found 9-bit adder for signal <temp[7][8]_GND_84_o_add_43_OUT> created at line 75.
    Found 9-bit subtractor for signal <GND_84_o_GND_84_o_sub_19_OUT<8:0>> created at line 65.
    Found 9-bit subtractor for signal <GND_84_o_GND_84_o_sub_21_OUT<8:0>> created at line 67.
    Found 9-bit subtractor for signal <GND_84_o_GND_84_o_sub_24_OUT<8:0>> created at line 68.
    Found 9-bit subtractor for signal <GND_84_o_GND_84_o_sub_27_OUT<8:0>> created at line 69.
    Found 9-bit subtractor for signal <GND_84_o_GND_84_o_sub_30_OUT<8:0>> created at line 70.
    Found 9-bit subtractor for signal <GND_84_o_GND_84_o_sub_33_OUT<8:0>> created at line 71.
    Found 9-bit subtractor for signal <GND_84_o_GND_84_o_sub_36_OUT<8:0>> created at line 72.
    Found 9-bit subtractor for signal <GND_84_o_GND_84_o_sub_39_OUT<8:0>> created at line 73.
    Found 9-bit subtractor for signal <GND_84_o_GND_84_o_sub_42_OUT<8:0>> created at line 75.
    Summary:
	inferred  26 Adder/Subtractor(s).
	inferred  81 D-type flip-flop(s).
Unit <adder> synthesized.

=========================================================================
HDL Synthesis Report

Macro Statistics
# Adders/Subtractors                                   : 33
 26-bit adder                                          : 2
 32-bit adder                                          : 2
 32-bit subtractor                                     : 1
 4-bit adder                                           : 2
 9-bit adder                                           : 17
 9-bit subtractor                                      : 9
# Registers                                            : 44
 1-bit register                                        : 8
 26-bit register                                       : 2
 32-bit register                                       : 3
 4-bit register                                        : 2
 7-bit register                                        : 1
 8-bit register                                        : 19
 9-bit register                                        : 9
# Multiplexers                                         : 64
 1-bit 16-to-1 multiplexer                             : 2
 1-bit 2-to-1 multiplexer                              : 41
 2-bit 2-to-1 multiplexer                              : 7
 32-bit 2-to-1 multiplexer                             : 5
 4-bit 2-to-1 multiplexer                              : 7
 8-bit 2-to-1 multiplexer                              : 2
# Tristates                                            : 8
 1-bit tristate buffer                                 : 8
# FSMs                                                 : 1
# Xors                                                 : 72
 1-bit xor2                                            : 72

=========================================================================

=========================================================================
*                       Advanced HDL Synthesis                          *
=========================================================================

Reading core <ipcore_dir/bram_9x8.ngc>.
Reading core <../ipcore_dir/fifo.ngc>.
Loading core <bram_9x8> for timing and area information for instance <bram_template>.
Loading core <bram_9x8> for timing and area information for instance <bram_search>.
Loading core <fifo> for timing and area information for instance <fifo>.
WARNING:Xst:2677 - Node <dout_8> of sequential type is unconnected in block <sadder>.

Synthesizing (advanced) Unit <state_wrapper>.
The following registers are absorbed into counter <ndx_s_rd>: 1 register on signal <ndx_s_rd>.
The following registers are absorbed into counter <ndx_t_rd>: 1 register on signal <ndx_t_rd>.
Unit <state_wrapper> synthesized (advanced).

Synthesizing (advanced) Unit <timer>.
The following registers are absorbed into counter <count>: 1 register on signal <count>.
Unit <timer> synthesized (advanced).
WARNING:Xst:2677 - Node <dout_8> of sequential type is unconnected in block <adder>.

=========================================================================
Advanced HDL Synthesis Report

Macro Statistics
# Adders/Subtractors                                   : 21
 32-bit subtractor                                     : 1
 4-bit adder                                           : 2
 9-bit adder                                           : 1
 9-bit adder carry in                                  : 8
 9-bit subtractor                                      : 9
# Counters                                             : 4
 26-bit up counter                                     : 2
 32-bit up counter                                     : 2
# Registers                                            : 287
 Flip-Flops                                            : 287
# Multiplexers                                         : 64
 1-bit 16-to-1 multiplexer                             : 2
 1-bit 2-to-1 multiplexer                              : 41
 2-bit 2-to-1 multiplexer                              : 7
 32-bit 2-to-1 multiplexer                             : 5
 4-bit 2-to-1 multiplexer                              : 7
 8-bit 2-to-1 multiplexer                              : 2
# FSMs                                                 : 1
# Xors                                                 : 72
 1-bit xor2                                            : 72

=========================================================================

=========================================================================
*                         Low Level Synthesis                           *
=========================================================================
WARNING:Xst:1989 - Unit <top_level>: instances <producer_timer>, <consumer_timer> of unit <timer> are equivalent, second instance is removed
Analyzing FSM <MFsm> for best encoding.
Optimizing FSM <comm_fpga_fx2/FSM_0> on signal <state[1:4]> with user encoding.
------------------------------------
 State                  | Encoding
------------------------------------
 s_idle                 | 0000
 s_get_count0           | 0001
 s_get_count1           | 0010
 s_get_count2           | 0011
 s_get_count3           | 0100
 s_begin_write          | 0101
 s_write                | 0110
 s_end_write_aligned    | 0111
 s_end_write_nonaligned | 1000
 s_read                 | 1001
------------------------------------
WARNING:Xst:2677 - Node <temp_0_8> of sequential type is unconnected in block <adder>.
WARNING:Xst:2677 - Node <temp_1_8> of sequential type is unconnected in block <adder>.
WARNING:Xst:2677 - Node <temp_2_8> of sequential type is unconnected in block <adder>.
WARNING:Xst:2677 - Node <temp_3_8> of sequential type is unconnected in block <adder>.
WARNING:Xst:2677 - Node <temp_4_8> of sequential type is unconnected in block <adder>.
WARNING:Xst:2677 - Node <temp_5_8> of sequential type is unconnected in block <adder>.
WARNING:Xst:2677 - Node <temp_6_8> of sequential type is unconnected in block <adder>.
WARNING:Xst:2677 - Node <temp_7_8> of sequential type is unconnected in block <adder>.
WARNING:Xst:2677 - Node <producer_timer/count_11> of sequential type is unconnected in block <top_level>.
WARNING:Xst:2677 - Node <producer_timer/count_12> of sequential type is unconnected in block <top_level>.
WARNING:Xst:2677 - Node <producer_timer/count_13> of sequential type is unconnected in block <top_level>.
WARNING:Xst:2677 - Node <producer_timer/count_14> of sequential type is unconnected in block <top_level>.
WARNING:Xst:2677 - Node <producer_timer/count_15> of sequential type is unconnected in block <top_level>.
WARNING:Xst:2677 - Node <producer_timer/count_16> of sequential type is unconnected in block <top_level>.
WARNING:Xst:2677 - Node <producer_timer/count_17> of sequential type is unconnected in block <top_level>.
WARNING:Xst:2677 - Node <producer_timer/count_18> of sequential type is unconnected in block <top_level>.
WARNING:Xst:2677 - Node <producer_timer/count_19> of sequential type is unconnected in block <top_level>.
WARNING:Xst:2677 - Node <producer_timer/count_20> of sequential type is unconnected in block <top_level>.
WARNING:Xst:2677 - Node <producer_timer/count_21> of sequential type is unconnected in block <top_level>.
WARNING:Xst:2677 - Node <producer_timer/count_22> of sequential type is unconnected in block <top_level>.
WARNING:Xst:2677 - Node <producer_timer/count_23> of sequential type is unconnected in block <top_level>.
WARNING:Xst:2677 - Node <producer_timer/count_24> of sequential type is unconnected in block <top_level>.
WARNING:Xst:2677 - Node <producer_timer/count_25> of sequential type is unconnected in block <top_level>.

Optimizing unit <top_level> ...

Optimizing unit <state_wrapper> ...

Optimizing unit <adder> ...
WARNING:Xst:1293 - FF/Latch <state_wrappings/ndx_s_rd_31> has a constant value of 0 in block <top_level>. This FF/Latch will be trimmed during the optimization process.
WARNING:Xst:1896 - Due to other FF/Latch trimming, FF/Latch <state_wrappings/ndx_s_rd_30> has a constant value of 0 in block <top_level>. This FF/Latch will be trimmed during the optimization process.
WARNING:Xst:1896 - Due to other FF/Latch trimming, FF/Latch <state_wrappings/ndx_s_rd_29> has a constant value of 0 in block <top_level>. This FF/Latch will be trimmed during the optimization process.
WARNING:Xst:1896 - Due to other FF/Latch trimming, FF/Latch <state_wrappings/ndx_s_rd_28> has a constant value of 0 in block <top_level>. This FF/Latch will be trimmed during the optimization process.
WARNING:Xst:1896 - Due to other FF/Latch trimming, FF/Latch <state_wrappings/ndx_s_rd_27> has a constant value of 0 in block <top_level>. This FF/Latch will be trimmed during the optimization process.
WARNING:Xst:1896 - Due to other FF/Latch trimming, FF/Latch <state_wrappings/ndx_s_rd_26> has a constant value of 0 in block <top_level>. This FF/Latch will be trimmed during the optimization process.
WARNING:Xst:1896 - Due to other FF/Latch trimming, FF/Latch <state_wrappings/ndx_s_rd_25> has a constant value of 0 in block <top_level>. This FF/Latch will be trimmed during the optimization process.
WARNING:Xst:1896 - Due to other FF/Latch trimming, FF/Latch <state_wrappings/ndx_s_rd_24> has a constant value of 0 in block <top_level>. This FF/Latch will be trimmed during the optimization process.
WARNING:Xst:1896 - Due to other FF/Latch trimming, FF/Latch <state_wrappings/ndx_s_rd_23> has a constant value of 0 in block <top_level>. This FF/Latch will be trimmed during the optimization process.
WARNING:Xst:1896 - Due to other FF/Latch trimming, FF/Latch <state_wrappings/ndx_s_rd_22> has a constant value of 0 in block <top_level>. This FF/Latch will be trimmed during the optimization process.
WARNING:Xst:1896 - Due to other FF/Latch trimming, FF/Latch <state_wrappings/ndx_s_rd_21> has a constant value of 0 in block <top_level>. This FF/Latch will be trimmed during the optimization process.
WARNING:Xst:1896 - Due to other FF/Latch trimming, FF/Latch <state_wrappings/ndx_s_rd_20> has a constant value of 0 in block <top_level>. This FF/Latch will be trimmed during the optimization process.
WARNING:Xst:1896 - Due to other FF/Latch trimming, FF/Latch <state_wrappings/ndx_s_rd_19> has a constant value of 0 in block <top_level>. This FF/Latch will be trimmed during the optimization process.
WARNING:Xst:1896 - Due to other FF/Latch trimming, FF/Latch <state_wrappings/ndx_s_rd_18> has a constant value of 0 in block <top_level>. This FF/Latch will be trimmed during the optimization process.
WARNING:Xst:1896 - Due to other FF/Latch trimming, FF/Latch <state_wrappings/ndx_s_rd_17> has a constant value of 0 in block <top_level>. This FF/Latch will be trimmed during the optimization process.
WARNING:Xst:1896 - Due to other FF/Latch trimming, FF/Latch <state_wrappings/ndx_s_rd_16> has a constant value of 0 in block <top_level>. This FF/Latch will be trimmed during the optimization process.
WARNING:Xst:1896 - Due to other FF/Latch trimming, FF/Latch <state_wrappings/ndx_s_rd_15> has a constant value of 0 in block <top_level>. This FF/Latch will be trimmed during the optimization process.
WARNING:Xst:1896 - Due to other FF/Latch trimming, FF/Latch <state_wrappings/ndx_s_rd_14> has a constant value of 0 in block <top_level>. This FF/Latch will be trimmed during the optimization process.
WARNING:Xst:1896 - Due to other FF/Latch trimming, FF/Latch <state_wrappings/ndx_s_rd_13> has a constant value of 0 in block <top_level>. This FF/Latch will be trimmed during the optimization process.
WARNING:Xst:1896 - Due to other FF/Latch trimming, FF/Latch <state_wrappings/ndx_s_rd_12> has a constant value of 0 in block <top_level>. This FF/Latch will be trimmed during the optimization process.
WARNING:Xst:1896 - Due to other FF/Latch trimming, FF/Latch <state_wrappings/ndx_s_rd_11> has a constant value of 0 in block <top_level>. This FF/Latch will be trimmed during the optimization process.
WARNING:Xst:1896 - Due to other FF/Latch trimming, FF/Latch <state_wrappings/ndx_s_rd_10> has a constant value of 0 in block <top_level>. This FF/Latch will be trimmed during the optimization process.
WARNING:Xst:1896 - Due to other FF/Latch trimming, FF/Latch <state_wrappings/ndx_s_rd_9> has a constant value of 0 in block <top_level>. This FF/Latch will be trimmed during the optimization process.
WARNING:Xst:1896 - Due to other FF/Latch trimming, FF/Latch <state_wrappings/ndx_s_rd_8> has a constant value of 0 in block <top_level>. This FF/Latch will be trimmed during the optimization process.
WARNING:Xst:1896 - Due to other FF/Latch trimming, FF/Latch <state_wrappings/ndx_s_rd_7> has a constant value of 0 in block <top_level>. This FF/Latch will be trimmed during the optimization process.
WARNING:Xst:1896 - Due to other FF/Latch trimming, FF/Latch <state_wrappings/ndx_s_rd_6> has a constant value of 0 in block <top_level>. This FF/Latch will be trimmed during the optimization process.
WARNING:Xst:1896 - Due to other FF/Latch trimming, FF/Latch <state_wrappings/ndx_s_rd_5> has a constant value of 0 in block <top_level>. This FF/Latch will be trimmed during the optimization process.
WARNING:Xst:1896 - Due to other FF/Latch trimming, FF/Latch <state_wrappings/ndx_s_rd_4> has a constant value of 0 in block <top_level>. This FF/Latch will be trimmed during the optimization process.
WARNING:Xst:1896 - Due to other FF/Latch trimming, FF/Latch <state_wrappings/ndx_t_rd_31> has a constant value of 0 in block <top_level>. This FF/Latch will be trimmed during the optimization process.
WARNING:Xst:1896 - Due to other FF/Latch trimming, FF/Latch <state_wrappings/ndx_t_rd_30> has a constant value of 0 in block <top_level>. This FF/Latch will be trimmed during the optimization process.
WARNING:Xst:1896 - Due to other FF/Latch trimming, FF/Latch <state_wrappings/ndx_t_rd_29> has a constant value of 0 in block <top_level>. This FF/Latch will be trimmed during the optimization process.
WARNING:Xst:1896 - Due to other FF/Latch trimming, FF/Latch <state_wrappings/ndx_t_rd_28> has a constant value of 0 in block <top_level>. This FF/Latch will be trimmed during the optimization process.
WARNING:Xst:1896 - Due to other FF/Latch trimming, FF/Latch <state_wrappings/ndx_t_rd_27> has a constant value of 0 in block <top_level>. This FF/Latch will be trimmed during the optimization process.
WARNING:Xst:1896 - Due to other FF/Latch trimming, FF/Latch <state_wrappings/ndx_t_rd_26> has a constant value of 0 in block <top_level>. This FF/Latch will be trimmed during the optimization process.
WARNING:Xst:1896 - Due to other FF/Latch trimming, FF/Latch <state_wrappings/ndx_t_rd_25> has a constant value of 0 in block <top_level>. This FF/Latch will be trimmed during the optimization process.
WARNING:Xst:1896 - Due to other FF/Latch trimming, FF/Latch <state_wrappings/ndx_t_rd_24> has a constant value of 0 in block <top_level>. This FF/Latch will be trimmed during the optimization process.
WARNING:Xst:1896 - Due to other FF/Latch trimming, FF/Latch <state_wrappings/ndx_t_rd_23> has a constant value of 0 in block <top_level>. This FF/Latch will be trimmed during the optimization process.
WARNING:Xst:1896 - Due to other FF/Latch trimming, FF/Latch <state_wrappings/ndx_t_rd_22> has a constant value of 0 in block <top_level>. This FF/Latch will be trimmed during the optimization process.
WARNING:Xst:1896 - Due to other FF/Latch trimming, FF/Latch <state_wrappings/ndx_t_rd_21> has a constant value of 0 in block <top_level>. This FF/Latch will be trimmed during the optimization process.
WARNING:Xst:1896 - Due to other FF/Latch trimming, FF/Latch <state_wrappings/ndx_t_rd_20> has a constant value of 0 in block <top_level>. This FF/Latch will be trimmed during the optimization process.
WARNING:Xst:1896 - Due to other FF/Latch trimming, FF/Latch <state_wrappings/ndx_t_rd_19> has a constant value of 0 in block <top_level>. This FF/Latch will be trimmed during the optimization process.
WARNING:Xst:1896 - Due to other FF/Latch trimming, FF/Latch <state_wrappings/ndx_t_rd_18> has a constant value of 0 in block <top_level>. This FF/Latch will be trimmed during the optimization process.
WARNING:Xst:1896 - Due to other FF/Latch trimming, FF/Latch <state_wrappings/ndx_t_rd_17> has a constant value of 0 in block <top_level>. This FF/Latch will be trimmed during the optimization process.
WARNING:Xst:1896 - Due to other FF/Latch trimming, FF/Latch <state_wrappings/ndx_t_rd_16> has a constant value of 0 in block <top_level>. This FF/Latch will be trimmed during the optimization process.
WARNING:Xst:1896 - Due to other FF/Latch trimming, FF/Latch <state_wrappings/ndx_t_rd_15> has a constant value of 0 in block <top_level>. This FF/Latch will be trimmed during the optimization process.
WARNING:Xst:1896 - Due to other FF/Latch trimming, FF/Latch <state_wrappings/ndx_t_rd_14> has a constant value of 0 in block <top_level>. This FF/Latch will be trimmed during the optimization process.
WARNING:Xst:1896 - Due to other FF/Latch trimming, FF/Latch <state_wrappings/ndx_t_rd_13> has a constant value of 0 in block <top_level>. This FF/Latch will be trimmed during the optimization process.
WARNING:Xst:1896 - Due to other FF/Latch trimming, FF/Latch <state_wrappings/ndx_t_rd_12> has a constant value of 0 in block <top_level>. This FF/Latch will be trimmed during the optimization process.
WARNING:Xst:1896 - Due to other FF/Latch trimming, FF/Latch <state_wrappings/ndx_t_rd_11> has a constant value of 0 in block <top_level>. This FF/Latch will be trimmed during the optimization process.
WARNING:Xst:1896 - Due to other FF/Latch trimming, FF/Latch <state_wrappings/ndx_t_rd_10> has a constant value of 0 in block <top_level>. This FF/Latch will be trimmed during the optimization process.
WARNING:Xst:1896 - Due to other FF/Latch trimming, FF/Latch <state_wrappings/ndx_t_rd_9> has a constant value of 0 in block <top_level>. This FF/Latch will be trimmed during the optimization process.
WARNING:Xst:1896 - Due to other FF/Latch trimming, FF/Latch <state_wrappings/ndx_t_rd_8> has a constant value of 0 in block <top_level>. This FF/Latch will be trimmed during the optimization process.
WARNING:Xst:1896 - Due to other FF/Latch trimming, FF/Latch <state_wrappings/ndx_t_rd_7> has a constant value of 0 in block <top_level>. This FF/Latch will be trimmed during the optimization process.
WARNING:Xst:1896 - Due to other FF/Latch trimming, FF/Latch <state_wrappings/ndx_t_rd_6> has a constant value of 0 in block <top_level>. This FF/Latch will be trimmed during the optimization process.
WARNING:Xst:1896 - Due to other FF/Latch trimming, FF/Latch <state_wrappings/ndx_t_rd_5> has a constant value of 0 in block <top_level>. This FF/Latch will be trimmed during the optimization process.
WARNING:Xst:1896 - Due to other FF/Latch trimming, FF/Latch <state_wrappings/ndx_t_rd_4> has a constant value of 0 in block <top_level>. This FF/Latch will be trimmed during the optimization process.
INFO:Xst:2261 - The FF/Latch <state_wrappings/ndx_t_rd_0> in Unit <top_level> is equivalent to the following FF/Latch, which will be removed : <state_wrappings/ndx_s_rd_0> 
INFO:Xst:2261 - The FF/Latch <state_wrappings/ndx_t_rd_1> in Unit <top_level> is equivalent to the following FF/Latch, which will be removed : <state_wrappings/ndx_s_rd_1> 
INFO:Xst:2261 - The FF/Latch <state_wrappings/ndx_t_rd_2> in Unit <top_level> is equivalent to the following FF/Latch, which will be removed : <state_wrappings/ndx_s_rd_2> 
INFO:Xst:2261 - The FF/Latch <state_wrappings/ndx_t_rd_3> in Unit <top_level> is equivalent to the following FF/Latch, which will be removed : <state_wrappings/ndx_s_rd_3> 

Mapping all equations...
Building and optimizing final netlist ...
Found area constraint ratio of 100 (+ 5) on block top_level, actual ratio is 2.
INFO:Xst:2260 - The FF/Latch <U0/xst_fifo_generator/gconvfifo.rf/grf.rf/gntv_or_sync_fifo.gl0.wr/gwss.wsts/ram_full_i> in Unit <write_fifo/fifo> is equivalent to the following FF/Latch : <U0/xst_fifo_generator/gconvfifo.rf/grf.rf/gntv_or_sync_fifo.gl0.wr/gwss.wsts/ram_full_fb_i> 
INFO:Xst:2260 - The FF/Latch <U0/xst_fifo_generator/gconvfifo.rf/grf.rf/gntv_or_sync_fifo.gl0.rd/gr1.rfwft/empty_fwft_i> in Unit <write_fifo/fifo> is equivalent to the following FF/Latch : <U0/xst_fifo_generator/gconvfifo.rf/grf.rf/gntv_or_sync_fifo.gl0.rd/gr1.rfwft/empty_fwft_fb> 
INFO:Xst:2260 - The FF/Latch <U0/xst_fifo_generator/gconvfifo.rf/grf.rf/gntv_or_sync_fifo.gl0.wr/gwss.wsts/ram_full_i> in Unit <read_fifo/fifo> is equivalent to the following FF/Latch : <U0/xst_fifo_generator/gconvfifo.rf/grf.rf/gntv_or_sync_fifo.gl0.wr/gwss.wsts/ram_full_fb_i> 
INFO:Xst:2260 - The FF/Latch <U0/xst_fifo_generator/gconvfifo.rf/grf.rf/gntv_or_sync_fifo.gl0.rd/gr1.rfwft/empty_fwft_i> in Unit <read_fifo/fifo> is equivalent to the following FF/Latch : <U0/xst_fifo_generator/gconvfifo.rf/grf.rf/gntv_or_sync_fifo.gl0.rd/gr1.rfwft/empty_fwft_fb> 
INFO:Xst:2260 - The FF/Latch <U0/xst_fifo_generator/gconvfifo.rf/grf.rf/gntv_or_sync_fifo.gl0.wr/gwss.wsts/ram_full_i> in Unit <write_fifo/fifo> is equivalent to the following FF/Latch : <U0/xst_fifo_generator/gconvfifo.rf/grf.rf/gntv_or_sync_fifo.gl0.wr/gwss.wsts/ram_full_fb_i> 
INFO:Xst:2260 - The FF/Latch <U0/xst_fifo_generator/gconvfifo.rf/grf.rf/gntv_or_sync_fifo.gl0.rd/gr1.rfwft/empty_fwft_i> in Unit <write_fifo/fifo> is equivalent to the following FF/Latch : <U0/xst_fifo_generator/gconvfifo.rf/grf.rf/gntv_or_sync_fifo.gl0.rd/gr1.rfwft/empty_fwft_fb> 
INFO:Xst:2260 - The FF/Latch <U0/xst_fifo_generator/gconvfifo.rf/grf.rf/gntv_or_sync_fifo.gl0.wr/gwss.wsts/ram_full_i> in Unit <read_fifo/fifo> is equivalent to the following FF/Latch : <U0/xst_fifo_generator/gconvfifo.rf/grf.rf/gntv_or_sync_fifo.gl0.wr/gwss.wsts/ram_full_fb_i> 
INFO:Xst:2260 - The FF/Latch <U0/xst_fifo_generator/gconvfifo.rf/grf.rf/gntv_or_sync_fifo.gl0.rd/gr1.rfwft/empty_fwft_i> in Unit <read_fifo/fifo> is equivalent to the following FF/Latch : <U0/xst_fifo_generator/gconvfifo.rf/grf.rf/gntv_or_sync_fifo.gl0.rd/gr1.rfwft/empty_fwft_fb> 
FlipFlop comm_fpga_fx2/chanAddr_0 has been replicated 1 time(s)
FlipFlop comm_fpga_fx2/chanAddr_1 has been replicated 1 time(s)
FlipFlop comm_fpga_fx2/state_FSM_FFd1 has been replicated 1 time(s)
FlipFlop comm_fpga_fx2/state_FSM_FFd2 has been replicated 1 time(s)
FlipFlop comm_fpga_fx2/state_FSM_FFd3 has been replicated 1 time(s)
FlipFlop comm_fpga_fx2/state_FSM_FFd4 has been replicated 3 time(s)

Final Macro Processing ...

=========================================================================
Final Register Report

Macro Statistics
# Registers                                            : 306
 Flip-Flops                                            : 306

=========================================================================

=========================================================================
*                           Partition Report                            *
=========================================================================

Partition Implementation Status
-------------------------------

  No Partitions were found in this design.

-------------------------------

=========================================================================
*                            Design Summary                             *
=========================================================================

Top Level Output File Name         : top_level.ngc

Primitive and Black Box Usage:
------------------------------
# BELS                             : 959
#      GND                         : 5
#      INV                         : 37
#      LUT1                        : 14
#      LUT2                        : 91
#      LUT3                        : 100
#      LUT4                        : 61
#      LUT5                        : 86
#      LUT6                        : 161
#      MUXCY                       : 186
#      MUXF7                       : 7
#      VCC                         : 3
#      XORCY                       : 208
# FlipFlops/Latches                : 404
#      FD                          : 118
#      FDE                         : 270
#      FDR                         : 11
#      FDRE                        : 5
# RAMS                             : 4
#      RAMB8BWER                   : 4
# Clock Buffers                    : 1
#      BUFGP                       : 1
# IO Buffers                       : 32
#      IBUF                        : 10
#      IOBUF                       : 8
#      OBUF                        : 14

Device utilization summary:
---------------------------

Selected Device : 6slx45csg324-3 


Slice Logic Utilization: 
 Number of Slice Registers:             404  out of  54576     0%  
 Number of Slice LUTs:                  550  out of  27288     2%  
    Number used as Logic:               550  out of  27288     2%  

Slice Logic Distribution: 
 Number of LUT Flip Flop pairs used:    706
   Number with an unused Flip Flop:     302  out of    706    42%  
   Number with an unused LUT:           156  out of    706    22%  
   Number of fully used LUT-FF pairs:   248  out of    706    35%  
   Number of unique control sets:        25

IO Utilization: 
 Number of IOs:                          35
 Number of bonded IOBs:                  33  out of    218    15%  

Specific Feature Utilization:
 Number of Block RAM/FIFO:                2  out of    116     1%  
    Number using Block RAM only:          2
 Number of BUFG/BUFGCTRLs:                1  out of     16     6%  

---------------------------
Partition Resource Summary:
---------------------------

  No Partitions were found in this design.

---------------------------


=========================================================================
Timing Report

NOTE: THESE TIMING NUMBERS ARE ONLY A SYNTHESIS ESTIMATE.
      FOR ACCURATE TIMING INFORMATION PLEASE REFER TO THE TRACE REPORT
      GENERATED AFTER PLACE-and-ROUTE.

Clock Information:
------------------
-----------------------------------+------------------------+-------+
Clock Signal                       | Clock buffer(FF name)  | Load  |
-----------------------------------+------------------------+-------+
fx2Clk_in                          | BUFGP                  | 408   |
-----------------------------------+------------------------+-------+

Asynchronous Control Signals Information:
----------------------------------------
No asynchronous control signals found in this design

Timing Summary:
---------------
Speed Grade: -3

   Minimum period: 5.077ns (Maximum Frequency: 196.973MHz)
   Minimum input arrival time before clock: 6.436ns
   Maximum output required time after clock: 8.556ns
   Maximum combinational path delay: 8.419ns

Timing Details:
---------------
All values displayed in nanoseconds (ns)

=========================================================================
Timing constraint: Default period analysis for Clock 'fx2Clk_in'
  Clock period: 5.077ns (frequency: 196.973MHz)
  Total number of paths / destination ports: 16784 / 757
-------------------------------------------------------------------------
Delay:               5.077ns (Levels of Logic = 5)
  Source:            comm_fpga_fx2/state_FSM_FFd3_1 (FF)
  Destination:       read_fifo/fifo/U0/xst_fifo_generator/gconvfifo.rf/grf.rf/gntv_or_sync_fifo.gl0.rd/grss.rsts/ram_empty_fb_i (FF)
  Source Clock:      fx2Clk_in rising
  Destination Clock: fx2Clk_in rising

  Data Path: comm_fpga_fx2/state_FSM_FFd3_1 to read_fifo/fifo/U0/xst_fifo_generator/gconvfifo.rf/grf.rf/gntv_or_sync_fifo.gl0.rd/grss.rsts/ram_empty_fb_i
                                Gate     Net
    Cell:in->out      fanout   Delay   Delay  Logical Name (Net Name)
    ----------------------------------------  ------------
     FD:C->Q               3   0.447   0.898  comm_fpga_fx2/state_FSM_FFd3_1 (comm_fpga_fx2/state_FSM_FFd3_1)
     LUT5:I1->O           15   0.203   1.229  comm_fpga_fx2/driveBus1 (comm_fpga_fx2/driveBus)
     begin scope: 'read_fifo/fifo:rd_en'
     LUT4:I0->O           16   0.203   1.005  U0/xst_fifo_generator/gconvfifo.rf/grf.rf/gntv_or_sync_fifo.gl0.rd/gr1.rfwft/Mmux_RAM_RD_EN_FWFT11 (U0/xst_fifo_generator/gconvfifo.rf/grf.rf/gntv_or_sync_fifo.mem/gbm.tmp_ram_rd_en)
     LUT5:I4->O            1   0.205   0.580  U0/xst_fifo_generator/gconvfifo.rf/grf.rf/gntv_or_sync_fifo.gl0.rd/grss.rsts/going_empty_leaving_empty_OR_6_o1 (U0/xst_fifo_generator/gconvfifo.rf/grf.rf/gntv_or_sync_fifo.gl0.rd/grss.rsts/going_empty_leaving_empty_OR_6_o1)
     LUT6:I5->O            1   0.205   0.000  U0/xst_fifo_generator/gconvfifo.rf/grf.rf/gntv_or_sync_fifo.gl0.rd/grss.rsts/going_empty_leaving_empty_OR_6_o4 (U0/xst_fifo_generator/gconvfifo.rf/grf.rf/gntv_or_sync_fifo.gl0.rd/grss.rsts/going_empty_leaving_empty_OR_6_o)
     FD:D                      0.102          U0/xst_fifo_generator/gconvfifo.rf/grf.rf/gntv_or_sync_fifo.gl0.rd/grss.rsts/ram_empty_fb_i
    ----------------------------------------
    Total                      5.077ns (1.365ns logic, 3.712ns route)
                                       (26.9% logic, 73.1% route)

=========================================================================
Timing constraint: Default OFFSET IN BEFORE for Clock 'fx2Clk_in'
  Total number of paths / destination ports: 372 / 212
-------------------------------------------------------------------------
Offset:              6.436ns (Levels of Logic = 5)
  Source:            fx2GotData_in (PAD)
  Destination:       state_wrappings/addr_t_1 (FF)
  Destination Clock: fx2Clk_in rising

  Data Path: fx2GotData_in to state_wrappings/addr_t_1
                                Gate     Net
    Cell:in->out      fanout   Delay   Delay  Logical Name (Net Name)
    ----------------------------------------  ------------
     IBUF:I->O            41   1.222   1.784  fx2GotData_in_IBUF (fx2GotData_in_IBUF)
     LUT6:I0->O            5   0.203   0.819  comm_fpga_fx2/Mmux_h2fValid_out11 (h2fValid)
     LUT4:I2->O           12   0.203   1.013  state_wrappings/we_t1 (state_wrappings/we_t)
     LUT6:I4->O            1   0.203   0.684  state_wrappings/Mmux_addr_t_next[3]_GND_18_o_mux_51_OUT31 (state_wrappings/addr_t_next[3]_GND_18_o_mux_51_OUT<2>)
     LUT2:I0->O            1   0.203   0.000  state_wrappings/addr_t_2_rstpot (state_wrappings/addr_t_2_rstpot)
     FD:D                      0.102          state_wrappings/addr_t_2
    ----------------------------------------
    Total                      6.436ns (2.136ns logic, 4.300ns route)
                                       (33.2% logic, 66.8% route)

=========================================================================
Timing constraint: Default OFFSET OUT AFTER for Clock 'fx2Clk_in'
  Total number of paths / destination ports: 494 / 21
-------------------------------------------------------------------------
Offset:              8.556ns (Levels of Logic = 5)
  Source:            comm_fpga_fx2/chanAddr_6 (FF)
  Destination:       fx2Data_io<7> (PAD)
  Source Clock:      fx2Clk_in rising

  Data Path: comm_fpga_fx2/chanAddr_6 to fx2Data_io<7>
                                Gate     Net
    Cell:in->out      fanout   Delay   Delay  Logical Name (Net Name)
    ----------------------------------------  ------------
     FDE:C->Q              5   0.447   0.962  comm_fpga_fx2/chanAddr_6 (comm_fpga_fx2/chanAddr_6)
     LUT4:I0->O           26   0.203   1.207  _n0051<6>1 (_n0051)
     LUT4:I3->O            8   0.205   1.167  GND_5_o_chanAddr[6]_equal_14_o<6>1 (GND_5_o_chanAddr[6]_equal_14_o)
     LUT6:I0->O            1   0.203   0.808  comm_fpga_fx2/Mmux_dataOut1_SW0 (N5)
     LUT5:I2->O            1   0.205   0.579  comm_fpga_fx2/Mmux_dataOut1 (comm_fpga_fx2/dataOut<0>)
     IOBUF:I->IO               2.571          fx2Data_io_0_IOBUF (fx2Data_io<0>)
    ----------------------------------------
    Total                      8.556ns (3.834ns logic, 4.722ns route)
                                       (44.8% logic, 55.2% route)

=========================================================================
Timing constraint: Default path analysis
  Total number of paths / destination ports: 243 / 19
-------------------------------------------------------------------------
Delay:               8.419ns (Levels of Logic = 5)
  Source:            sw_in<2> (PAD)
  Destination:       led_out<7> (PAD)

  Data Path: sw_in<2> to led_out<7>
                                Gate     Net
    Cell:in->out      fanout   Delay   Delay  Logical Name (Net Name)
    ----------------------------------------  ------------
     IBUF:I->O            41   1.222   1.784  sw_in_2_IBUF (sw_in_2_IBUF)
     LUT6:I0->O            1   0.203   0.827  state_wrappings/led_O<7>5 (state_wrappings/led_O<7>4)
     LUT6:I2->O            1   0.203   0.827  state_wrappings/led_O<7>8 (state_wrappings/led_O<7>7)
     LUT6:I2->O            1   0.203   0.579  state_wrappings/led_O<7>9 (led_out_7_OBUF)
     OBUF:I->O                 2.571          led_out_7_OBUF (led_out<7>)
    ----------------------------------------
    Total                      8.419ns (4.402ns logic, 4.017ns route)
                                       (52.3% logic, 47.7% route)

=========================================================================

Cross Clock Domains Report:
--------------------------

Clock to Setup on destination clock fx2Clk_in
---------------+---------+---------+---------+---------+
               | Src:Rise| Src:Fall| Src:Rise| Src:Fall|
Source Clock   |Dest:Rise|Dest:Rise|Dest:Fall|Dest:Fall|
---------------+---------+---------+---------+---------+
fx2Clk_in      |    5.077|         |         |         |
---------------+---------+---------+---------+---------+

=========================================================================


Total REAL time to Xst completion: 14.00 secs
Total CPU time to Xst completion: 13.94 secs
 
--> 


Total memory usage is 397776 kilobytes

Number of errors   :    0 (   0 filtered)
Number of warnings :   89 (   0 filtered)
Number of infos    :   17 (   0 filtered)

