Command line:
   tb_top_level_isim_beh.exe
     -simmode  gui
     -simrunnum  0
     -socket  44991

Mon Jun 16 17:24:06 2014


 Elaboration Time: 0.04 sec

 Current Memory Usage: 201.531 Meg

 Total Signals          : 1115
 Total Nets             : 5109
 Total Signal Drivers   : 418
 Total Blocks           : 77
 Total Primitive Blocks : 49
 Total Processes        : 193
 Total Traceable Variables  : 666
 Total Scalar Nets and Variables : 6392
Total Line Count : 484

 Total Simulation Time: 0.05 sec

 Current Memory Usage: 277.033 Meg

Mon Jun 16 17:26:01 2014

