Command line:
   tb_state_wrapper_isim_beh.exe
     -simmode  gui
     -simrunnum  0
     -socket  48317

Tue Jul  8 13:22:55 2014


 Elaboration Time: 0.04 sec

 Current Memory Usage: 197.919 Meg

 Total Signals          : 510
 Total Nets             : 1723
 Total Signal Drivers   : 174
 Total Blocks           : 34
 Total Primitive Blocks : 18
 Total Processes        : 101
 Total Traceable Variables  : 445
 Total Scalar Nets and Variables : 3652
Total Line Count : 883
Total Line Count : 883

 Total Simulation Time: 0.09 sec

 Current Memory Usage: 273.42 Meg

Tue Jul  8 13:32:15 2014

