INFO:sim:172 - Generating IP...
Applying current project options...
Finished applying current project options.
Resolving generics for 'bram_right_single'...
WARNING:sim - A core named 'bram_right_single' already exists in the project.
   Output products for this core may be overwritten.
Applying external generics to 'bram_right_single'...
Delivering associated files for 'bram_right_single'...
Delivering EJava files for 'bram_right_single'...
Generating implementation netlist for 'bram_right_single'...
INFO:sim - Pre-processing HDL files for 'bram_right_single'...
Running synthesis for 'bram_right_single'
Running ngcbuild...
Writing VHO instantiation template for 'bram_right_single'...
Writing VHDL behavioral simulation model for 'bram_right_single'...
WARNING:sim - Overwriting existing file
   /home/cccitron/mastersThesis/bram/bram_test/ipcore_dir/tmp/_cg/bram_right_sin
   gle/doc/blk_mem_gen_v7_3_vinfo.html with file from view xilinx_documentation
Delivered 1 file into directory
/home/cccitron/mastersThesis/bram/bram_test/ipcore_dir/tmp/_cg/bram_right_single
Generating ASY schematic symbol...
INFO:sim:949 - Finished generation of ASY schematic symbol.
Generating SYM schematic symbol for 'bram_right_single'...
Generating metadata file...
Regenerating ISE project file for 'bram_right_single'...
Generating ISE project...
XCO file found: bram_right_single.xco
XMDF file found: bram_right_single_xmdf.tcl
Adding
/home/cccitron/mastersThesis/bram/bram_test/ipcore_dir/tmp/_cg/bram_right_single
.asy -view all -origin_type imported
Adding
/home/cccitron/mastersThesis/bram/bram_test/ipcore_dir/tmp/_cg/bram_right_single
.ngc -view all -origin_type created
Checking file
"/home/cccitron/mastersThesis/bram/bram_test/ipcore_dir/tmp/_cg/bram_right_singl
e.ngc" for project device match ...
File
"/home/cccitron/mastersThesis/bram/bram_test/ipcore_dir/tmp/_cg/bram_right_singl
e.ngc" device information matches project device.
Adding
/home/cccitron/mastersThesis/bram/bram_test/ipcore_dir/tmp/_cg/bram_right_single
.sym -view all -origin_type imported
Adding
/home/cccitron/mastersThesis/bram/bram_test/ipcore_dir/tmp/_cg/bram_right_single
.vhd -view all -origin_type created
INFO:HDLCompiler:1061 - Parsing VHDL file
   "/home/cccitron/mastersThesis/bram/bram_test/ipcore_dir/tmp/_cg/bram_right_si
   ngle.vhd" into library work
INFO:ProjectMgmt - Parsing design hierarchy completed successfully.
Adding
/home/cccitron/mastersThesis/bram/bram_test/ipcore_dir/tmp/_cg/bram_right_single
.vho -view all -origin_type imported
INFO:TclTasksC:2116 - The automatic calculation of top has been turned-off.
   Please set the new top explicitly by running the "project set top" command.
   To re-calculate the new top automatically, set the "Auto Implementation Top"
   property to true.
Top level has been set to "/bram_right_single"
Generating README file...
Generating FLIST file...
INFO:sim:948 - Finished FLIST file generation.
Moving files to output directory...
Finished moving files to output directory
Wrote CGP file for project 'bram_right_single'.
