WARNING:sim:991 - The project IP instance 'fifo' for IP 'Fifo Generator v8.1'
   was generated with a different version of the IP than is currently in the IP
   Catalog. It was originally generated using IP with the packaged timestamp
   '2011-02-03+22:23'; the IP in the current catalog has a different packaged
   timestamp '2013-10-13+18:02'. This mismatch is due to changes made to the IP
   in the user repositories. It may affect some functionality of the IP, if
   there are differences between these two versions of the IP.
INFO:sim:172 - Generating IP...
Applying current project options...
Finished applying current project options.
Resolving generics for 'fifo'...
WARNING:sim - A core named 'fifo' already exists in the project. Output products
   for this core may be overwritten.
Applying external generics to 'fifo'...
Delivering associated files for 'fifo'...
Delivering EJava files for 'fifo'...
Generating implementation netlist for 'fifo'...
INFO:sim - Pre-processing HDL files for 'fifo'...
Running synthesis for 'fifo'
Running ngcbuild...
Writing VHO instantiation template for 'fifo'...
Writing VHDL behavioral simulation model for 'fifo'...
Delivered 4 files into directory
/home/cccitron/mastersThesis/makestuff/libs/libfpgalink-20120621/hdl/fx2/vhdl/sa
d_fifo_3x3/fifo/ipcore_dir/tmp/_cg/fifo
Generating ASY schematic symbol...
INFO:sim:949 - Finished generation of ASY schematic symbol.
Generating SYM schematic symbol for 'fifo'...
Generating metadata file...
Generating ISE project...
XCO file found: fifo.xco
XMDF file found: fifo_xmdf.tcl
Adding
/home/cccitron/mastersThesis/makestuff/libs/libfpgalink-20120621/hdl/fx2/vhdl/sa
d_fifo_3x3/fifo/ipcore_dir/tmp/_cg/fifo.asy -view all -origin_type imported
Adding
/home/cccitron/mastersThesis/makestuff/libs/libfpgalink-20120621/hdl/fx2/vhdl/sa
d_fifo_3x3/fifo/ipcore_dir/tmp/_cg/fifo.ngc -view all -origin_type created
Checking file
"/home/cccitron/mastersThesis/makestuff/libs/libfpgalink-20120621/hdl/fx2/vhdl/s
ad_fifo_3x3/fifo/ipcore_dir/tmp/_cg/fifo.ngc" for project device match ...
File
"/home/cccitron/mastersThesis/makestuff/libs/libfpgalink-20120621/hdl/fx2/vhdl/s
ad_fifo_3x3/fifo/ipcore_dir/tmp/_cg/fifo.ngc" device information matches project
device.
Adding
/home/cccitron/mastersThesis/makestuff/libs/libfpgalink-20120621/hdl/fx2/vhdl/sa
d_fifo_3x3/fifo/ipcore_dir/tmp/_cg/fifo.sym -view all -origin_type imported
Adding
/home/cccitron/mastersThesis/makestuff/libs/libfpgalink-20120621/hdl/fx2/vhdl/sa
d_fifo_3x3/fifo/ipcore_dir/tmp/_cg/fifo.vhd -view all -origin_type created
INFO:HDLCompiler:1061 - Parsing VHDL file
   "/home/cccitron/mastersThesis/makestuff/libs/libfpgalink-20120621/hdl/fx2/vhd
   l/sad_fifo_3x3/fifo/ipcore_dir/tmp/_cg/fifo.vhd" into library work
INFO:ProjectMgmt - Parsing design hierarchy completed successfully.
Adding
/home/cccitron/mastersThesis/makestuff/libs/libfpgalink-20120621/hdl/fx2/vhdl/sa
d_fifo_3x3/fifo/ipcore_dir/tmp/_cg/fifo.vho -view all -origin_type imported
Adding
/home/cccitron/mastersThesis/makestuff/libs/libfpgalink-20120621/hdl/fx2/vhdl/sa
d_fifo_3x3/fifo/ipcore_dir/tmp/_cg/fifo_generator_readme.txt -view all
-origin_type imported
INFO:TclTasksC:2116 - The automatic calculation of top has been turned-off.
   Please set the new top explicitly by running the "project set top" command.
   To re-calculate the new top automatically, set the "Auto Implementation Top"
   property to true.
Top level has been set to "/fifo"
Generating README file...
Generating FLIST file...
INFO:sim:948 - Finished FLIST file generation.
Moving files to output directory...
Finished moving files to output directory
Wrote CGP file for project 'fifo'.
