ISim log file
Running: /home/cccitron/mastersThesis/makestuff/libs/libfpgalink-20120621/hdl/fx2/vhdl/ex_fifo-me/fifo/tb_ddr2_testbench_isim_beh.exe -intstyle ise -gui -tclbatch isim.cmd -wdb /home/cccitron/mastersThesis/makestuff/libs/libfpgalink-20120621/hdl/fx2/vhdl/ex_fifo-me/fifo/tb_ddr2_testbench_isim_beh.wdb 
ISim P.20131013 (signature 0xfbc00daa)
WARNING: A WEBPACK license was found.
WARNING: Please use Xilinx License Configuration Manager to check out a full ISim license.
WARNING: ISim will run in Lite mode. Please refer to the ISim documentation for more information on the differences between the Lite and the Full version.
This is a Lite version of ISim.
Time resolution is 1 ps
# onerror resume
# wave add /
# run 1000 ns
Simulator is doing circuit initialization process.
at 0 ps, Instance /tb_ddr2_testbench/uut/u_mig_39_2/memc3_wrapper_inst/memc3_mcb_raw_wrapper_inst/gen_term_calib/mcb_soft_calibration_top_inst/mcb_soft_calibration_inst/ : Warning: There is an 'U'|'X'|'W'|'Z'|'-' in an arithmetic operand, the result will be 'X'(es).
Finished circuit initialization process.
WARNING: This is a limited version of the ISim. The current design has exceeded the design size limit for this version and the performance of the simulation will be derated. Please contact your nearest sales office at http://www.xilinx.com/company/contact.htm or visit the Xilinx on-line store at http://www.xilinx.com/onlinestore/design_resources.htm if interested in purchasing the full, unlimited version of this simulator.
200 ns initial value of c3_calib_done: U
205 ns c3_calib_done changed value: 0
425 nsWaiting for c3_p1_rd_empty: 1
ISim P.20131013 (signature 0xfbc00daa)
WARNING: A WEBPACK license was found.
WARNING: Please use Xilinx License Configuration Manager to check out a full ISim license.
WARNING: ISim will run in Lite mode. Please refer to the ISim documentation for more information on the differences between the Lite and the Full version.
This is a Lite version of ISim.
# run 1000 ns
Simulator is doing circuit initialization process.
at 0 ps, Instance /tb_ddr2_testbench/uut/u_mig_39_2/memc3_wrapper_inst/memc3_mcb_raw_wrapper_inst/gen_term_calib/mcb_soft_calibration_top_inst/mcb_soft_calibration_inst/ : Warning: There is an 'U'|'X'|'W'|'Z'|'-' in an arithmetic operand, the result will be 'X'(es).
Finished circuit initialization process.
WARNING: This is a limited version of the ISim. The current design has exceeded the design size limit for this version and the performance of the simulation will be derated. Please contact your nearest sales office at http://www.xilinx.com/company/contact.htm or visit the Xilinx on-line store at http://www.xilinx.com/onlinestore/design_resources.htm if interested in purchasing the full, unlimited version of this simulator.
200 ns initial value of c3_calib_done: U
205 ns c3_calib_done changed value: 0
425 ns Waiting for c3_p1_rd_empty: 1
445 ns Waiting for c3_p1_rd_empty: 1
455 ns Read: 11111111111111111111111111111111, empty: 1
465 ns Read: 11111111111111111111111111111111, empty: 1
475 ns Read: 11111111111111111111111111111111, empty: 1
485 ns Read: 11111111111111111111111111111111, empty: 1
495 ns Read: 11111111111111111111111111111111, empty: 1
505 ns Read: 11111111111111111111111111111111, empty: 1
515 ns Read: 11111111111111111111111111111111, empty: 1
525 ns Read: 11111111111111111111111111111111, empty: 1
535 ns Read: 11111111111111111111111111111111, empty: 1
545 ns Read: 11111111111111111111111111111111, empty: 1
555 ns Read: 11111111111111111111111111111111, empty: 1
565 ns Read: 11111111111111111111111111111111, empty: 1
575 ns Read: 11111111111111111111111111111111, empty: 1
585 ns Read: 11111111111111111111111111111111, empty: 1
595 ns Read: 11111111111111111111111111111111, empty: 1
605 ns Read: 11111111111111111111111111111111, empty: 1
615 ns Read: 11111111111111111111111111111111, empty: 1
625 ns Read: 11111111111111111111111111111111, empty: 1
925 ns initial value of c3_calib_done: 0
ISim P.20131013 (signature 0xfbc00daa)
WARNING: A WEBPACK license was found.
WARNING: Please use Xilinx License Configuration Manager to check out a full ISim license.
WARNING: ISim will run in Lite mode. Please refer to the ISim documentation for more information on the differences between the Lite and the Full version.
This is a Lite version of ISim.
# run 1000 ns
Simulator is doing circuit initialization process.
at 0 ps, Instance /tb_ddr2_testbench/uut/u_mig_39_2/memc3_wrapper_inst/memc3_mcb_raw_wrapper_inst/gen_term_calib/mcb_soft_calibration_top_inst/mcb_soft_calibration_inst/ : Warning: There is an 'U'|'X'|'W'|'Z'|'-' in an arithmetic operand, the result will be 'X'(es).
Finished circuit initialization process.
WARNING: This is a limited version of the ISim. The current design has exceeded the design size limit for this version and the performance of the simulation will be derated. Please contact your nearest sales office at http://www.xilinx.com/company/contact.htm or visit the Xilinx on-line store at http://www.xilinx.com/onlinestore/design_resources.htm if interested in purchasing the full, unlimited version of this simulator.
300 ns initial value of c3_calib_done: U
415 ns c3_calib_done changed value: 0
585 ns WR count: 0000000
705 ns Waiting for c3_p1_rd_empty: 1
725 ns Waiting for c3_p1_rd_empty: 1
735 ns Read: 11111111111111111111111111111111, empty: 1
745 ns Read: 11111111111111111111111111111111, empty: 1
755 ns Read: 11111111111111111111111111111111, empty: 1
765 ns Read: 11111111111111111111111111111111, empty: 1
775 ns Read: 11111111111111111111111111111111, empty: 1
785 ns Read: 11111111111111111111111111111111, empty: 1
795 ns Read: 11111111111111111111111111111111, empty: 1
805 ns Read: 11111111111111111111111111111111, empty: 1
815 ns Read: 11111111111111111111111111111111, empty: 1
825 ns Read: 11111111111111111111111111111111, empty: 1
835 ns Read: 11111111111111111111111111111111, empty: 1
845 ns Read: 11111111111111111111111111111111, empty: 1
855 ns Read: 11111111111111111111111111111111, empty: 1
865 ns Read: 11111111111111111111111111111111, empty: 1
875 ns Read: 11111111111111111111111111111111, empty: 1
885 ns Read: 11111111111111111111111111111111, empty: 1
895 ns Read: 11111111111111111111111111111111, empty: 1
905 ns Read: 11111111111111111111111111111111, empty: 1
# exit 0
