Command line:
   tb_sad_wrapper_isim_beh.exe
     -simmode  gui
     -simrunnum  0
     -socket  50476

Sun Jul 20 14:22:39 2014


 Elaboration Time: 0.52 sec

 Current Memory Usage: 482.357 Meg

 Total Signals          : 10282
 Total Nets             : 337773
 Total Signal Drivers   : 4495
 Total Blocks           : 3093
 Total Primitive Blocks : 2311
 Total Processes        : 3644
 Total Traceable Variables  : 7584
 Total Scalar Nets and Variables : 366972
Total Line Count : 17301

 Total Simulation Time: 5.94 sec

 Current Memory Usage: 604.602 Meg

Sun Jul 20 14:23:13 2014

