Command line:
   tb_example_top_isim_beh.exe
     -simmode  gui
     -simrunnum  0
     -socket  45052

Thu Apr  3 20:49:44 2014


 Elaboration Time: 1.29 sec

 Current Memory Usage: 682.144 Meg

 Total Signals          : 194649
 Total Nets             : 113880
 Total Signal Drivers   : 89861
 Total Blocks           : 23176
 Total Primitive Blocks : 19665
 Total Processes        : 106044
 Total Traceable Variables  : 5799
 Total Scalar Nets and Variables : 179886
Total Line Count : 170404

 Total Simulation Time: 3.41 sec

 Current Memory Usage: 762.986 Meg

Thu Apr  3 20:58:55 2014

