INFO:sim:172 - Generating IP...
WARNING:sim - Verilog simulation file type 'Behavioral' is not valid for this
   core. Overriding with simulation file type 'Structural'.
Resolving generics for 'microblaze_mcs'...
WARNING:sim - Verilog simulation file type 'Behavioral' is not valid for this
   core. Overriding with simulation file type 'Structural'.
Applying external generics to 'microblaze_mcs'...
Delivering associated files for 'microblaze_mcs'...
Generating implementation netlist for 'microblaze_mcs'...
INFO:sim - Pre-processing HDL files for 'microblaze_mcs'...
Running synthesis for 'microblaze_mcs'
Running ngcbuild...
Delivered 3 files into directory
/home/cccitron/mastersThesis/makestuff/libs/libfpgalink-20120621/hdl/fx2/vhdl/Mi
croblaze_MCS/ipcore_dir/tmp/_cg/microblaze_mcs
INFO:sim - Running microblaze_mcs_gen_script.tcl
INFO:sim - Please source the "microblaze_mcs_setup.tcl" script in the Tcl
   Console to complete MicroBlaze MCS core generation
Writing VEO instantiation template for 'microblaze_mcs'...
WARNING:sim - Verilog simulation file type 'Behavioral' is not valid for this
   core. Overriding with simulation file type 'Structural'.
Writing Verilog structural simulation model for 'microblaze_mcs'...
WARNING:sim - Verilog simulation file type 'Behavioral' is not valid for this
   core. Overriding with simulation file type 'Structural'.
INFO:sim - Running microblaze_mcs_sim_script.tcl
INFO:sim - C_MICROBLAZE_INSTANCE = microblaze_mcs
INFO:sim - Netlist filename = ./_cg/microblaze_mcs.v
INFO:sim - Setting INIT_FILE = "microblaze_mcs.lmb_bram_7.mem" for BRAM 7
INFO:sim - Setting INIT_FILE = "microblaze_mcs.lmb_bram_6.mem" for BRAM 6
INFO:sim - Setting INIT_FILE = "microblaze_mcs.lmb_bram_5.mem" for BRAM 5
INFO:sim - Setting INIT_FILE = "microblaze_mcs.lmb_bram_4.mem" for BRAM 4
INFO:sim - Setting INIT_FILE = "microblaze_mcs.lmb_bram_3.mem" for BRAM 3
INFO:sim - Setting INIT_FILE = "microblaze_mcs.lmb_bram_2.mem" for BRAM 2
INFO:sim - Setting INIT_FILE = "microblaze_mcs.lmb_bram_1.mem" for BRAM 1
INFO:sim - Setting INIT_FILE = "microblaze_mcs.lmb_bram_0.mem" for BRAM 0
Generating ASY schematic symbol...
INFO:sim:949 - Finished generation of ASY schematic symbol.
Generating SYM schematic symbol for 'microblaze_mcs'...
Generating ISE project file for 'microblaze_mcs'...
Generating README file...
Generating FLIST file...
INFO:sim:948 - Finished FLIST file generation.
Launching README viewer...
Moving files to output directory...
Finished moving files to output directory
Wrote CGP file for project 'microblaze_mcs'.
