Command line:
   tb_top_level_isim_beh.exe
     -simmode  gui
     -simrunnum  0
     -socket  41460

Thu May 15 13:23:37 2014


 Elaboration Time: 0.05 sec

 Current Memory Usage: 199.574 Meg

 Total Signals          : 60
 Total Nets             : 5084
 Total Signal Drivers   : 25
 Total Blocks           : 7
 Total Primitive Blocks : 5
 Total Processes        : 7
 Total Traceable Variables  : 19
 Total Scalar Nets and Variables : 6091
Total Line Count : 221
Total Line Count : 221

 Total Simulation Time: 0.08 sec

 Current Memory Usage: 275.075 Meg

Thu May 15 13:26:25 2014

