Command line:
   tb_sad_wrapper_isim_beh.exe
     -simmode  gui
     -simrunnum  0
     -socket  56380

Fri Aug  8 15:10:13 2014


 Elaboration Time: 0.43 sec

 Current Memory Usage: 482.464 Meg

 Total Signals          : 10280
 Total Nets             : 337765
 Total Signal Drivers   : 4495
 Total Blocks           : 3093
 Total Primitive Blocks : 2311
 Total Processes        : 3644
 Total Traceable Variables  : 7584
 Total Scalar Nets and Variables : 366964
Total Line Count : 17322
Total Line Count : 17322

 Total Simulation Time: 8.69 sec

 Current Memory Usage: 604.705 Meg

Fri Aug  8 15:14:43 2014

