Command line:
   tb_sad_wrapper_isim_beh.exe
     -simmode  gui
     -simrunnum  0
     -socket  51480

Sat Aug  9 15:02:55 2014


 Elaboration Time: 0.48 sec

 Current Memory Usage: 482.767 Meg

 Total Signals          : 10288
 Total Nets             : 337927
 Total Signal Drivers   : 4501
 Total Blocks           : 3093
 Total Primitive Blocks : 2311
 Total Processes        : 3644
 Total Traceable Variables  : 7520
 Total Scalar Nets and Variables : 367062
Total Line Count : 17376

 Total Simulation Time: 3.87 sec

 Current Memory Usage: 604.5 Meg

Sat Aug  9 15:19:34 2014

