Release 14.7 Map P.20131013 (lin64)
Xilinx Mapping Report File for Design 'top_level'

Design Information
------------------
Command Line   : map -intstyle ise -p xc6slx45-csg324-3 -ir off -pr off -c 100
-o top_level_map.ncd top_level.ngd top_level.pcf 
Target Device  : xc6slx45
Target Package : csg324
Target Speed   : -3
Mapper Version : spartan6 -- $Revision: 1.55 $
Mapped Date    : Fri Jan 10 21:31:30 2014

Design Summary
--------------
Number of errors:      0
Number of warnings:    1
Slice Logic Utilization:
  Number of Slice Registers:                   221 out of  54,576    1%
    Number used as Flip Flops:                 221
    Number used as Latches:                      0
    Number used as Latch-thrus:                  0
    Number used as AND/OR logics:                0
  Number of Slice LUTs:                        324 out of  27,288    1%
    Number used as logic:                      315 out of  27,288    1%
      Number using O6 output only:             182
      Number using O5 output only:              71
      Number using O5 and O6:                   62
      Number used as ROM:                        0
    Number used as Memory:                       0 out of   6,408    0%
    Number used exclusively as route-thrus:      9
      Number with same-slice register load:      5
      Number with same-slice carry load:         4
      Number with other load:                    0

Slice Logic Distribution:
  Number of occupied Slices:                   125 out of   6,822    1%
  Number of MUXCYs used:                       132 out of  13,644    1%
  Number of LUT Flip Flop pairs used:          355
    Number with an unused Flip Flop:           148 out of     355   41%
    Number with an unused LUT:                  31 out of     355    8%
    Number of fully used LUT-FF pairs:         176 out of     355   49%
    Number of unique control sets:              15
    Number of slice register sites lost
      to control set restrictions:              35 out of  54,576    1%

  A LUT Flip Flop pair for this architecture represents one LUT paired with
  one Flip Flop within a slice.  A control set is a unique combination of
  clock, reset, set, and enable signals for a registered element.
  The Slice Logic Distribution report is not meaningful if the design is
  over-mapped for a non-slice resource or if Placement fails.

IO Utilization:
  Number of bonded IOBs:                        45 out of     218   20%
    Number of LOCed IOBs:                       45 out of      45  100%

Specific Feature Utilization:
  Number of RAMB16BWERs:                         0 out of     116    0%
  Number of RAMB8BWERs:                          2 out of     232    1%
  Number of BUFIO2/BUFIO2_2CLKs:                 0 out of      32    0%
  Number of BUFIO2FB/BUFIO2FB_2CLKs:             0 out of      32    0%
  Number of BUFG/BUFGMUXs:                       1 out of      16    6%
    Number used as BUFGs:                        1
    Number used as BUFGMUX:                      0
  Number of DCM/DCM_CLKGENs:                     0 out of       8    0%
  Number of ILOGIC2/ISERDES2s:                   0 out of     376    0%
  Number of IODELAY2/IODRP2/IODRP2_MCBs:         0 out of     376    0%
  Number of OLOGIC2/OSERDES2s:                   0 out of     376    0%
  Number of BSCANs:                              0 out of       4    0%
  Number of BUFHs:                               0 out of     256    0%
  Number of BUFPLLs:                             0 out of       8    0%
  Number of BUFPLL_MCBs:                         0 out of       4    0%
  Number of DSP48A1s:                            0 out of      58    0%
  Number of ICAPs:                               0 out of       1    0%
  Number of MCBs:                                0 out of       2    0%
  Number of PCILOGICSEs:                         0 out of       2    0%
  Number of PLL_ADVs:                            0 out of       4    0%
  Number of PMVs:                                0 out of       1    0%
  Number of STARTUPs:                            0 out of       1    0%
  Number of SUSPEND_SYNCs:                       0 out of       1    0%

Average Fanout of Non-Clock Nets:                3.26

Peak Memory Usage:  739 MB
Total REAL time to MAP completion:  16 secs 
Total CPU time to MAP completion:   16 secs 

Table of Contents
-----------------
Section 1 - Errors
Section 2 - Warnings
Section 3 - Informational
Section 4 - Removed Logic Summary
Section 5 - Removed Logic
Section 6 - IOB Properties
Section 7 - RPMs
Section 8 - Guide Report
Section 9 - Area Group and Partition Summary
Section 10 - Timing Report
Section 11 - Configuration String Information
Section 12 - Control Set Information
Section 13 - Utilization by Hierarchy

Section 1 - Errors
------------------

Section 2 - Warnings
--------------------
WARNING:PhysDesignRules:2410 - This design is using one or more 9K Block RAMs
   (RAMB8BWER).  9K Block RAM initialization data, both user defined and
   default, may be incorrect and should not be used.  For more information,
   please reference Xilinx Answer Record 39999.

Section 3 - Informational
-------------------------
INFO:MapLib:562 - No environment variables are currently set.
INFO:LIT:244 - All of the single ended outputs in this design are using slew
   rate limited output drivers. The delay on speed critical single ended outputs
   can be dramatically reduced by designating them as fast outputs.
INFO:Pack:1716 - Initializing temperature to 85.000 Celsius. (default - Range:
   0.000 to 85.000 Celsius)
INFO:Pack:1720 - Initializing voltage to 1.140 Volts. (default - Range: 1.140 to
   1.260 Volts)
INFO:Map:215 - The Interim Design Summary has been generated in the MAP Report
   (.mrp).
INFO:Pack:1650 - Map created a placed design.

Section 4 - Removed Logic Summary
---------------------------------
   4 block(s) optimized away

Section 5 - Removed Logic
-------------------------

Optimized Block(s):
TYPE 		BLOCK
GND 		XST_GND
VCC 		XST_VCC
GND 		read_fifo/fifo/XST_GND
GND 		write_fifo/fifo/XST_GND

To enable printing of redundant blocks removed and signals merged, set the
detailed map report option and rerun map.

Section 6 - IOB Properties
--------------------------

+---------------------------------------------------------------------------------------------------------------------------------------------------------+
| IOB Name                           | Type             | Direction | IO Standard          | Diff  | Drive    | Slew | Reg (s)      | Resistor | IOB      |
|                                    |                  |           |                      | Term  | Strength | Rate |              |          | Delay    |
+---------------------------------------------------------------------------------------------------------------------------------------------------------+
| anode_out<0>                       | IOB              | OUTPUT    | LVTTL                |       | 12       | SLOW |              |          |          |
| anode_out<1>                       | IOB              | OUTPUT    | LVTTL                |       | 12       | SLOW |              |          |          |
| anode_out<2>                       | IOB              | OUTPUT    | LVTTL                |       | 12       | SLOW |              |          |          |
| anode_out<3>                       | IOB              | OUTPUT    | LVTTL                |       | 12       | SLOW |              |          |          |
| fx2Addr_out<0>                     | IOB              | OUTPUT    | LVTTL                |       | 12       | SLOW |              |          |          |
| fx2Addr_out<1>                     | IOB              | OUTPUT    | LVTTL                |       | 12       | SLOW |              |          |          |
| fx2Clk_in                          | IOB              | INPUT     | LVTTL                |       |          |      |              |          |          |
| fx2Data_io<0>                      | IOB              | BIDIR     | LVTTL                |       | 12       | SLOW |              |          |          |
| fx2Data_io<1>                      | IOB              | BIDIR     | LVTTL                |       | 12       | SLOW |              |          |          |
| fx2Data_io<2>                      | IOB              | BIDIR     | LVTTL                |       | 12       | SLOW |              |          |          |
| fx2Data_io<3>                      | IOB              | BIDIR     | LVTTL                |       | 12       | SLOW |              |          |          |
| fx2Data_io<4>                      | IOB              | BIDIR     | LVTTL                |       | 12       | SLOW |              |          |          |
| fx2Data_io<5>                      | IOB              | BIDIR     | LVTTL                |       | 12       | SLOW |              |          |          |
| fx2Data_io<6>                      | IOB              | BIDIR     | LVTTL                |       | 12       | SLOW |              |          |          |
| fx2Data_io<7>                      | IOB              | BIDIR     | LVTTL                |       | 12       | SLOW |              |          |          |
| fx2GotData_in                      | IOB              | INPUT     | LVTTL                |       |          |      |              |          |          |
| fx2GotRoom_in                      | IOB              | INPUT     | LVTTL                |       |          |      |              |          |          |
| fx2OE_out                          | IOB              | OUTPUT    | LVTTL                |       | 12       | SLOW |              |          |          |
| fx2PktEnd_out                      | IOB              | OUTPUT    | LVTTL                |       | 12       | SLOW |              |          |          |
| fx2Read_out                        | IOB              | OUTPUT    | LVTTL                |       | 12       | SLOW |              |          |          |
| fx2Write_out                       | IOB              | OUTPUT    | LVTTL                |       | 12       | SLOW |              |          |          |
| led_out<0>                         | IOB              | OUTPUT    | LVTTL                |       | 12       | SLOW |              |          |          |
| led_out<1>                         | IOB              | OUTPUT    | LVTTL                |       | 12       | SLOW |              |          |          |
| led_out<2>                         | IOB              | OUTPUT    | LVTTL                |       | 12       | SLOW |              |          |          |
| led_out<3>                         | IOB              | OUTPUT    | LVTTL                |       | 12       | SLOW |              |          |          |
| led_out<4>                         | IOB              | OUTPUT    | LVTTL                |       | 12       | SLOW |              |          |          |
| led_out<5>                         | IOB              | OUTPUT    | LVTTL                |       | 12       | SLOW |              |          |          |
| led_out<6>                         | IOB              | OUTPUT    | LVTTL                |       | 12       | SLOW |              |          |          |
| led_out<7>                         | IOB              | OUTPUT    | LVTTL                |       | 12       | SLOW |              |          |          |
| sseg_out<0>                        | IOB              | OUTPUT    | LVTTL                |       | 12       | SLOW |              |          |          |
| sseg_out<1>                        | IOB              | OUTPUT    | LVTTL                |       | 12       | SLOW |              |          |          |
| sseg_out<2>                        | IOB              | OUTPUT    | LVTTL                |       | 12       | SLOW |              |          |          |
| sseg_out<3>                        | IOB              | OUTPUT    | LVTTL                |       | 12       | SLOW |              |          |          |
| sseg_out<4>                        | IOB              | OUTPUT    | LVTTL                |       | 12       | SLOW |              |          |          |
| sseg_out<5>                        | IOB              | OUTPUT    | LVTTL                |       | 12       | SLOW |              |          |          |
| sseg_out<6>                        | IOB              | OUTPUT    | LVTTL                |       | 12       | SLOW |              |          |          |
| sseg_out<7>                        | IOB              | OUTPUT    | LVTTL                |       | 12       | SLOW |              |          |          |
| sw_in<0>                           | IOB              | INPUT     | LVTTL                |       |          |      |              |          |          |
| sw_in<1>                           | IOB              | INPUT     | LVTTL                |       |          |      |              |          |          |
| sw_in<2>                           | IOB              | INPUT     | LVTTL                |       |          |      |              |          |          |
| sw_in<3>                           | IOB              | INPUT     | LVTTL                |       |          |      |              |          |          |
| sw_in<4>                           | IOB              | INPUT     | LVTTL                |       |          |      |              |          |          |
| sw_in<5>                           | IOB              | INPUT     | LVTTL                |       |          |      |              |          |          |
| sw_in<6>                           | IOB              | INPUT     | LVTTL                |       |          |      |              |          |          |
| sw_in<7>                           | IOB              | INPUT     | LVTTL                |       |          |      |              |          |          |
+---------------------------------------------------------------------------------------------------------------------------------------------------------+

Section 7 - RPMs
----------------

Section 8 - Guide Report
------------------------
Guide not run on this design.

Section 9 - Area Group and Partition Summary
--------------------------------------------

Partition Implementation Status
-------------------------------

  No Partitions were found in this design.

-------------------------------

Area Group Information
----------------------

  No area groups were found in this design.

----------------------

Section 10 - Timing Report
--------------------------
A logic-level (pre-route) timing report can be generated by using Xilinx static
timing analysis tools, Timing Analyzer (GUI) or TRCE (command line), with the
mapped NCD and PCF files. Please note that this timing report will be generated
using estimated delay information. For accurate numbers, please generate a
timing report with the post Place and Route NCD file.

For more information about the Timing Analyzer, consult the Xilinx Timing
Analyzer Reference Manual; for more information about TRCE, consult the Xilinx
Command Line Tools User Guide "TRACE" chapter.

Section 11 - Configuration String Details
-----------------------------------------
Use the "-detail" map option to print out Configuration Strings

Section 12 - Control Set Information
------------------------------------
Use the "-detail" map option to print out Control Set Information.

Section 13 - Utilization by Hierarchy
-------------------------------------
Use the "-detail" map option to print out the Utilization by Hierarchy section.
