Release 14.7 - xst P.20131013 (lin64)
Copyright (c) 1995-2013 Xilinx, Inc.  All rights reserved.
--> 
Parameter TMPDIR set to xst/projnav.tmp


Total REAL time to Xst completion: 0.00 secs
Total CPU time to Xst completion: 0.03 secs
 
--> 
Parameter xsthdpdir set to xst


Total REAL time to Xst completion: 0.00 secs
Total CPU time to Xst completion: 0.03 secs
 
--> 
Reading design: top_level.prj

TABLE OF CONTENTS
  1) Synthesis Options Summary
  2) HDL Parsing
  3) HDL Elaboration
  4) HDL Synthesis
       4.1) HDL Synthesis Report
  5) Advanced HDL Synthesis
       5.1) Advanced HDL Synthesis Report
  6) Low Level Synthesis
  7) Partition Report
  8) Design Summary
       8.1) Primitive and Black Box Usage
       8.2) Device utilization summary
       8.3) Partition Resource Summary
       8.4) Timing Report
            8.4.1) Clock Information
            8.4.2) Asynchronous Control Signals Information
            8.4.3) Timing Summary
            8.4.4) Timing Details
            8.4.5) Cross Clock Domains Report


=========================================================================
*                      Synthesis Options Summary                        *
=========================================================================
---- Source Parameters
Input File Name                    : "top_level.prj"
Input Format                       : mixed
Ignore Synthesis Constraint File   : NO

---- Target Parameters
Output File Name                   : "top_level"
Output Format                      : NGC
Target Device                      : xc6slx45-3-csg324

---- Source Options
Top Module Name                    : top_level
Automatic FSM Extraction           : YES
FSM Encoding Algorithm             : Auto
Safe Implementation                : No
FSM Style                          : LUT
RAM Extraction                     : Yes
RAM Style                          : Auto
ROM Extraction                     : Yes
Shift Register Extraction          : YES
ROM Style                          : Auto
Resource Sharing                   : YES
Asynchronous To Synchronous        : NO
Shift Register Minimum Size        : 2
Use DSP Block                      : Auto
Automatic Register Balancing       : No

---- Target Options
LUT Combining                      : Auto
Reduce Control Sets                : Auto
Add IO Buffers                     : YES
Global Maximum Fanout              : 100000
Add Generic Clock Buffer(BUFG)     : 16
Register Duplication               : YES
Optimize Instantiated Primitives   : NO
Use Clock Enable                   : Auto
Use Synchronous Set                : Auto
Use Synchronous Reset              : Auto
Pack IO Registers into IOBs        : Auto
Equivalent register Removal        : YES

---- General Options
Optimization Goal                  : Speed
Optimization Effort                : 1
Power Reduction                    : NO
Keep Hierarchy                     : No
Netlist Hierarchy                  : As_Optimized
RTL Output                         : Yes
Global Optimization                : AllClockNets
Read Cores                         : YES
Write Timing Constraints           : NO
Cross Clock Analysis               : NO
Hierarchy Separator                : /
Bus Delimiter                      : <>
Case Specifier                     : Maintain
Slice Utilization Ratio            : 100
BRAM Utilization Ratio             : 100
DSP48 Utilization Ratio            : 100
Auto BRAM Packing                  : NO
Slice Utilization Ratio Delta      : 5

=========================================================================


=========================================================================
*                          HDL Parsing                                  *
=========================================================================
Parsing VHDL file "/home/cccitron/makestuff/libs/libfpgalink-20120621/hdl/fx2/vhdl/ex_cksum-me/SysCon.vhdl" into library work
ERROR:HDLCompiler:104 - "/home/cccitron/makestuff/libs/libfpgalink-20120621/hdl/fx2/vhdl/ex_cksum-me/SysCon.vhdl" Line 28: Cannot find <video> in library <digilent>. Please ensure that the library was compiled, and that a library and a use clause are present in the VHDL file.
Parsing entity <SysCon>.
ERROR:HDLCompiler:69 - "/home/cccitron/makestuff/libs/libfpgalink-20120621/hdl/fx2/vhdl/ex_cksum-me/SysCon.vhdl" Line 41: <resolution> is not declared.
ERROR:HDLCompiler:854 - "/home/cccitron/makestuff/libs/libfpgalink-20120621/hdl/fx2/vhdl/ex_cksum-me/SysCon.vhdl" Line 34: Unit <syscon> ignored due to previous errors.
Parsing architecture <Behavioral> of entity <syscon>.
ERROR:HDLCompiler:374 - "/home/cccitron/makestuff/libs/libfpgalink-20120621/hdl/fx2/vhdl/ex_cksum-me/SysCon.vhdl" Line 59: Entity <syscon> is not yet compiled.
ERROR:HDLCompiler:69 - "/home/cccitron/makestuff/libs/libfpgalink-20120621/hdl/fx2/vhdl/ex_cksum-me/SysCon.vhdl" Line 61: <natural> is not declared.
ERROR:HDLCompiler:69 - "/home/cccitron/makestuff/libs/libfpgalink-20120621/hdl/fx2/vhdl/ex_cksum-me/SysCon.vhdl" Line 62: <real> is not declared.
ERROR:HDLCompiler:69 - "/home/cccitron/makestuff/libs/libfpgalink-20120621/hdl/fx2/vhdl/ex_cksum-me/SysCon.vhdl" Line 63: <natural> is not declared.
ERROR:HDLCompiler:69 - "/home/cccitron/makestuff/libs/libfpgalink-20120621/hdl/fx2/vhdl/ex_cksum-me/SysCon.vhdl" Line 64: <natural> is not declared.
ERROR:HDLCompiler:69 - "/home/cccitron/makestuff/libs/libfpgalink-20120621/hdl/fx2/vhdl/ex_cksum-me/SysCon.vhdl" Line 65: <natural> is not declared.
ERROR:HDLCompiler:69 - "/home/cccitron/makestuff/libs/libfpgalink-20120621/hdl/fx2/vhdl/ex_cksum-me/SysCon.vhdl" Line 76: <integer> is not declared.
ERROR:HDLCompiler:69 - "/home/cccitron/makestuff/libs/libfpgalink-20120621/hdl/fx2/vhdl/ex_cksum-me/SysCon.vhdl" Line 77: <integer> is not declared.
ERROR:HDLCompiler:69 - "/home/cccitron/makestuff/libs/libfpgalink-20120621/hdl/fx2/vhdl/ex_cksum-me/SysCon.vhdl" Line 79: <natural> is not declared.
ERROR:HDLCompiler:69 - "/home/cccitron/makestuff/libs/libfpgalink-20120621/hdl/fx2/vhdl/ex_cksum-me/SysCon.vhdl" Line 84: <std_logic> is not declared.
ERROR:HDLCompiler:69 - "/home/cccitron/makestuff/libs/libfpgalink-20120621/hdl/fx2/vhdl/ex_cksum-me/SysCon.vhdl" Line 86: <std_logic> is not declared.
ERROR:HDLCompiler:69 - "/home/cccitron/makestuff/libs/libfpgalink-20120621/hdl/fx2/vhdl/ex_cksum-me/SysCon.vhdl" Line 87: <std_logic> is not declared.
ERROR:HDLCompiler:69 - "/home/cccitron/makestuff/libs/libfpgalink-20120621/hdl/fx2/vhdl/ex_cksum-me/SysCon.vhdl" Line 89: <std_logic> is not declared.
ERROR:HDLCompiler:69 - "/home/cccitron/makestuff/libs/libfpgalink-20120621/hdl/fx2/vhdl/ex_cksum-me/SysCon.vhdl" Line 90: <std_logic> is not declared.
ERROR:HDLCompiler:69 - "/home/cccitron/makestuff/libs/libfpgalink-20120621/hdl/fx2/vhdl/ex_cksum-me/SysCon.vhdl" Line 96: <std_logic> is not declared.
ERROR:HDLCompiler:69 - "/home/cccitron/makestuff/libs/libfpgalink-20120621/hdl/fx2/vhdl/ex_cksum-me/SysCon.vhdl" Line 98: <std_logic> is not declared.
Sorry, too many errors..
--> 


Total memory usage is 327068 kilobytes

Number of errors   :   19 (   0 filtered)
Number of warnings :    0 (   0 filtered)
Number of infos    :    0 (   0 filtered)

