Command line:
   tb_sad_wrapper_isim_beh.exe
     -simmode  gui
     -simrunnum  0
     -socket  49225

Mon Aug 18 19:55:22 2014


 Elaboration Time: 0.4 sec

 Current Memory Usage: 385.438 Meg

 Total Signals          : 10225
 Total Nets             : 207636
 Total Signal Drivers   : 4503
 Total Blocks           : 3093
 Total Primitive Blocks : 2311
 Total Processes        : 3644
 Total Traceable Variables  : 7584
 Total Scalar Nets and Variables : 236835
Total Line Count : 17411
Total Line Count : 17411

 Total Simulation Time: 1.36 sec

 Current Memory Usage: 493.588 Meg

Mon Aug 18 23:08:14 2014

