Command line:
   tb_top_level_isim_beh.exe
     -simmode  gui
     -simrunnum  0
     -socket  59687

Thu May  8 14:08:04 2014


 Elaboration Time: 0.03 sec

 Current Memory Usage: 199.647 Meg

 Total Signals          : 60
 Total Nets             : 5086
 Total Signal Drivers   : 23
 Total Blocks           : 7
 Total Primitive Blocks : 5
 Total Processes        : 10
 Total Traceable Variables  : 19
 Total Scalar Nets and Variables : 6093
Total Line Count : 134
Total Line Count : 134

 Total Simulation Time: 0.06 sec

 Current Memory Usage: 275.149 Meg

Thu May  8 14:10:20 2014

