Command line:
   tb_sad_wrapper_isim_beh.exe
     -simmode  gui
     -simrunnum  0
     -socket  48033

Tue Aug 19 15:17:08 2014


 Elaboration Time: 0.47 sec

 Current Memory Usage: 365.253 Meg

 Total Signals          : 28768
 Total Nets             : 134377
 Total Signal Drivers   : 11877
 Total Blocks           : 10225
 Total Primitive Blocks : 7881
 Total Processes        : 10280
 Total Traceable Variables  : 25342
 Total Scalar Nets and Variables : 232534
Total Line Count : 49567
Total Line Count : 49567
Total Line Count : 49567

 Total Simulation Time: 1.84 sec

 Current Memory Usage: 445.452 Meg

Tue Aug 19 15:23:51 2014

