Release 14.7 Map P.20131013 (lin64)
Xilinx Mapping Report File for Design 'mcs_top'

Design Information
------------------
Command Line   : map -intstyle ise -p xc6slx45-csg324-3 -w -logic_opt off -ol
high -t 1 -xt 0 -register_duplication off -r 4 -global_opt off -mt off -ir off
-pr off -lc off -power off -o mcs_top_map.ncd mcs_top.ngd mcs_top.pcf 
Target Device  : xc6slx45
Target Package : csg324
Target Speed   : -3
Mapper Version : spartan6 -- $Revision: 1.55 $
Mapped Date    : Wed Mar 26 20:56:19 2014

Design Summary
--------------
Number of errors:      0
Number of warnings:    0
Slice Logic Utilization:
  Number of Slice Registers:                   297 out of  54,576    1%
    Number used as Flip Flops:                 295
    Number used as Latches:                      0
    Number used as Latch-thrus:                  0
    Number used as AND/OR logics:                2
  Number of Slice LUTs:                        568 out of  27,288    2%
    Number used as logic:                      456 out of  27,288    1%
      Number using O6 output only:             320
      Number using O5 output only:              14
      Number using O5 and O6:                  122
      Number used as ROM:                        0
    Number used as Memory:                     105 out of   6,408    1%
      Number used as Dual Port RAM:             64
        Number using O6 output only:             0
        Number using O5 output only:             0
        Number using O5 and O6:                 64
      Number used as Single Port RAM:            0
      Number used as Shift Register:            41
        Number using O6 output only:            33
        Number using O5 output only:             0
        Number using O5 and O6:                  8
    Number used exclusively as route-thrus:      7
      Number with same-slice register load:      5
      Number with same-slice carry load:         2
      Number with other load:                    0

Slice Logic Distribution:
  Number of occupied Slices:                   227 out of   6,822    3%
  Number of MUXCYs used:                        80 out of  13,644    1%
  Number of LUT Flip Flop pairs used:          624
    Number with an unused Flip Flop:           343 out of     624   54%
    Number with an unused LUT:                  56 out of     624    8%
    Number of fully used LUT-FF pairs:         225 out of     624   36%
    Number of unique control sets:              37
    Number of slice register sites lost
      to control set restrictions:             136 out of  54,576    1%

  A LUT Flip Flop pair for this architecture represents one LUT paired with
  one Flip Flop within a slice.  A control set is a unique combination of
  clock, reset, set, and enable signals for a registered element.
  The Slice Logic Distribution report is not meaningful if the design is
  over-mapped for a non-slice resource or if Placement fails.

IO Utilization:
  Number of bonded IOBs:                        20 out of     218    9%
    Number of LOCed IOBs:                       20 out of      20  100%

Specific Feature Utilization:
  Number of RAMB16BWERs:                         8 out of     116    6%
  Number of RAMB8BWERs:                          0 out of     232    0%
  Number of BUFIO2/BUFIO2_2CLKs:                 0 out of      32    0%
  Number of BUFIO2FB/BUFIO2FB_2CLKs:             0 out of      32    0%
  Number of BUFG/BUFGMUXs:                       1 out of      16    6%
    Number used as BUFGs:                        1
    Number used as BUFGMUX:                      0
  Number of DCM/DCM_CLKGENs:                     0 out of       8    0%
  Number of ILOGIC2/ISERDES2s:                   0 out of     376    0%
  Number of IODELAY2/IODRP2/IODRP2_MCBs:         0 out of     376    0%
  Number of OLOGIC2/OSERDES2s:                   0 out of     376    0%
  Number of BSCANs:                              0 out of       4    0%
  Number of BUFHs:                               0 out of     256    0%
  Number of BUFPLLs:                             0 out of       8    0%
  Number of BUFPLL_MCBs:                         0 out of       4    0%
  Number of DSP48A1s:                            0 out of      58    0%
  Number of ICAPs:                               0 out of       1    0%
  Number of MCBs:                                0 out of       2    0%
  Number of PCILOGICSEs:                         0 out of       2    0%
  Number of PLL_ADVs:                            0 out of       4    0%
  Number of PMVs:                                0 out of       1    0%
  Number of STARTUPs:                            0 out of       1    0%
  Number of SUSPEND_SYNCs:                       0 out of       1    0%

Average Fanout of Non-Clock Nets:                3.81

Peak Memory Usage:  754 MB
Total REAL time to MAP completion:  41 secs 
Total CPU time to MAP completion:   41 secs 

Table of Contents
-----------------
Section 1 - Errors
Section 2 - Warnings
Section 3 - Informational
Section 4 - Removed Logic Summary
Section 5 - Removed Logic
Section 6 - IOB Properties
Section 7 - RPMs
Section 8 - Guide Report
Section 9 - Area Group and Partition Summary
Section 10 - Timing Report
Section 11 - Configuration String Information
Section 12 - Control Set Information
Section 13 - Utilization by Hierarchy

Section 1 - Errors
------------------

Section 2 - Warnings
--------------------

Section 3 - Informational
-------------------------
INFO:LIT:243 - Logical network mcs_0/U0/iomodule_0/write_data<31> has no load.
INFO:LIT:395 - The above info message is repeated 58 more times for the
   following (max. 5 shown):
   mcs_0/U0/iomodule_0/write_data<30>,
   mcs_0/U0/iomodule_0/write_data<29>,
   mcs_0/U0/iomodule_0/write_data<28>,
   mcs_0/U0/iomodule_0/write_data<27>,
   mcs_0/U0/iomodule_0/write_data<26>
   To see the details of these info messages, please use the -detail switch.
INFO:MapLib:562 - No environment variables are currently set.
INFO:LIT:244 - All of the single ended outputs in this design are using slew
   rate limited output drivers. The delay on speed critical single ended outputs
   can be dramatically reduced by designating them as fast outputs.
INFO:Pack:1716 - Initializing temperature to 85.000 Celsius. (default - Range:
   0.000 to 85.000 Celsius)
INFO:Pack:1720 - Initializing voltage to 1.140 Volts. (default - Range: 1.140 to
   1.260 Volts)
INFO:Map:215 - The Interim Design Summary has been generated in the MAP Report
   (.mrp).
INFO:Pack:1650 - Map created a placed design.

Section 4 - Removed Logic Summary
---------------------------------
  79 block(s) removed
  36 block(s) optimized away
  34 signal(s) removed

Section 5 - Removed Logic
-------------------------

The trimmed logic report below shows the logic removed from your design due to
sourceless or loadless signals, and VCC or ground connections.  If the removal
of a signal or symbol results in the subsequent removal of an additional signal
or symbol, the message explaining that second removal will be indented.  This
indentation will be repeated as a chain of related logic is removed.

To quickly locate the original cause for the removal of a chain of logic, look
above the place where that logic is listed in the trimming report, then locate
the lines that are least indented (begin at the leftmost edge).

Loadless block
"mcs_0/U0/microblaze_I/MicroBlaze_Core_I/Area.Byte_Doublet_Handle_I/Using_FPGA.F
PGA_LUT6_Target_ADDR.LOW_ADDR_OUT_LUT6" (LUT6_2) removed.
 The signal
"mcs_0/U0/microblaze_I/MicroBlaze_Core_I/Area.Byte_Doublet_Handle_I/low_addr_i<1
>" is loadless and has been removed.
 The signal
"mcs_0/U0/microblaze_I/MicroBlaze_Core_I/Area.Byte_Doublet_Handle_I/low_addr_i<0
>" is loadless and has been removed.
Loadless block
"mcs_0/U0/microblaze_I/MicroBlaze_Core_I/Area.Data_Flow_I/PC_Module_I/Using_FPGA
.Not_All_Bits.PC_GEN[18].PC_Bit_I/PC_EX_DFF" (FF) removed.
Loadless block
"mcs_0/U0/microblaze_I/MicroBlaze_Core_I/Area.Data_Flow_I/PC_Module_I/Using_FPGA
.Not_All_Bits.PC_GEN[19].PC_Bit_I/PC_EX_DFF" (FF) removed.
Loadless block
"mcs_0/U0/microblaze_I/MicroBlaze_Core_I/Area.Data_Flow_I/PC_Module_I/Using_FPGA
.Not_All_Bits.PC_GEN[20].PC_Bit_I/PC_EX_DFF" (FF) removed.
Loadless block
"mcs_0/U0/microblaze_I/MicroBlaze_Core_I/Area.Data_Flow_I/PC_Module_I/Using_FPGA
.Not_All_Bits.PC_GEN[21].PC_Bit_I/PC_EX_DFF" (FF) removed.
Loadless block
"mcs_0/U0/microblaze_I/MicroBlaze_Core_I/Area.Data_Flow_I/PC_Module_I/Using_FPGA
.Not_All_Bits.PC_GEN[22].PC_Bit_I/PC_EX_DFF" (FF) removed.
Loadless block
"mcs_0/U0/microblaze_I/MicroBlaze_Core_I/Area.Data_Flow_I/PC_Module_I/Using_FPGA
.Not_All_Bits.PC_GEN[23].PC_Bit_I/PC_EX_DFF" (FF) removed.
Loadless block
"mcs_0/U0/microblaze_I/MicroBlaze_Core_I/Area.Data_Flow_I/PC_Module_I/Using_FPGA
.Not_All_Bits.PC_GEN[24].PC_Bit_I/PC_EX_DFF" (FF) removed.
Loadless block
"mcs_0/U0/microblaze_I/MicroBlaze_Core_I/Area.Data_Flow_I/PC_Module_I/Using_FPGA
.Not_All_Bits.PC_GEN[25].PC_Bit_I/PC_EX_DFF" (FF) removed.
Loadless block
"mcs_0/U0/microblaze_I/MicroBlaze_Core_I/Area.Data_Flow_I/PC_Module_I/Using_FPGA
.Not_All_Bits.PC_GEN[26].PC_Bit_I/PC_EX_DFF" (FF) removed.
Loadless block
"mcs_0/U0/microblaze_I/MicroBlaze_Core_I/Area.Data_Flow_I/PC_Module_I/Using_FPGA
.Not_All_Bits.PC_GEN[27].PC_Bit_I/PC_EX_DFF" (FF) removed.
Loadless block
"mcs_0/U0/microblaze_I/MicroBlaze_Core_I/Area.Data_Flow_I/PC_Module_I/Using_FPGA
.Not_All_Bits.PC_GEN[28].PC_Bit_I/PC_EX_DFF" (FF) removed.
Loadless block
"mcs_0/U0/microblaze_I/MicroBlaze_Core_I/Area.Data_Flow_I/PC_Module_I/Using_FPGA
.Not_All_Bits.PC_GEN[29].PC_Bit_I/PC_EX_DFF" (FF) removed.
Loadless block
"mcs_0/U0/microblaze_I/MicroBlaze_Core_I/Area.Data_Flow_I/Result_Mux_I/Using_FPG
A.Result_Mux_Bits[0].Result_Mux_Bit_I/EX_Result_DFF" (FF) removed.
Loadless block
"mcs_0/U0/microblaze_I/MicroBlaze_Core_I/Area.Data_Flow_I/Result_Mux_I/Using_FPG
A.Result_Mux_Bits[10].Result_Mux_Bit_I/EX_Result_DFF" (FF) removed.
Loadless block
"mcs_0/U0/microblaze_I/MicroBlaze_Core_I/Area.Data_Flow_I/Result_Mux_I/Using_FPG
A.Result_Mux_Bits[11].Result_Mux_Bit_I/EX_Result_DFF" (FF) removed.
Loadless block
"mcs_0/U0/microblaze_I/MicroBlaze_Core_I/Area.Data_Flow_I/Result_Mux_I/Using_FPG
A.Result_Mux_Bits[12].Result_Mux_Bit_I/EX_Result_DFF" (FF) removed.
Loadless block
"mcs_0/U0/microblaze_I/MicroBlaze_Core_I/Area.Data_Flow_I/Result_Mux_I/Using_FPG
A.Result_Mux_Bits[13].Result_Mux_Bit_I/EX_Result_DFF" (FF) removed.
Loadless block
"mcs_0/U0/microblaze_I/MicroBlaze_Core_I/Area.Data_Flow_I/Result_Mux_I/Using_FPG
A.Result_Mux_Bits[14].Result_Mux_Bit_I/EX_Result_DFF" (FF) removed.
Loadless block
"mcs_0/U0/microblaze_I/MicroBlaze_Core_I/Area.Data_Flow_I/Result_Mux_I/Using_FPG
A.Result_Mux_Bits[15].Result_Mux_Bit_I/EX_Result_DFF" (FF) removed.
Loadless block
"mcs_0/U0/microblaze_I/MicroBlaze_Core_I/Area.Data_Flow_I/Result_Mux_I/Using_FPG
A.Result_Mux_Bits[16].Result_Mux_Bit_I/EX_Result_DFF" (FF) removed.
Loadless block
"mcs_0/U0/microblaze_I/MicroBlaze_Core_I/Area.Data_Flow_I/Result_Mux_I/Using_FPG
A.Result_Mux_Bits[17].Result_Mux_Bit_I/EX_Result_DFF" (FF) removed.
Loadless block
"mcs_0/U0/microblaze_I/MicroBlaze_Core_I/Area.Data_Flow_I/Result_Mux_I/Using_FPG
A.Result_Mux_Bits[18].Result_Mux_Bit_I/EX_Result_DFF" (FF) removed.
Loadless block
"mcs_0/U0/microblaze_I/MicroBlaze_Core_I/Area.Data_Flow_I/Result_Mux_I/Using_FPG
A.Result_Mux_Bits[19].Result_Mux_Bit_I/EX_Result_DFF" (FF) removed.
Loadless block
"mcs_0/U0/microblaze_I/MicroBlaze_Core_I/Area.Data_Flow_I/Result_Mux_I/Using_FPG
A.Result_Mux_Bits[1].Result_Mux_Bit_I/EX_Result_DFF" (FF) removed.
Loadless block
"mcs_0/U0/microblaze_I/MicroBlaze_Core_I/Area.Data_Flow_I/Result_Mux_I/Using_FPG
A.Result_Mux_Bits[20].Result_Mux_Bit_I/EX_Result_DFF" (FF) removed.
Loadless block
"mcs_0/U0/microblaze_I/MicroBlaze_Core_I/Area.Data_Flow_I/Result_Mux_I/Using_FPG
A.Result_Mux_Bits[21].Result_Mux_Bit_I/EX_Result_DFF" (FF) removed.
Loadless block
"mcs_0/U0/microblaze_I/MicroBlaze_Core_I/Area.Data_Flow_I/Result_Mux_I/Using_FPG
A.Result_Mux_Bits[22].Result_Mux_Bit_I/EX_Result_DFF" (FF) removed.
Loadless block
"mcs_0/U0/microblaze_I/MicroBlaze_Core_I/Area.Data_Flow_I/Result_Mux_I/Using_FPG
A.Result_Mux_Bits[23].Result_Mux_Bit_I/EX_Result_DFF" (FF) removed.
Loadless block
"mcs_0/U0/microblaze_I/MicroBlaze_Core_I/Area.Data_Flow_I/Result_Mux_I/Using_FPG
A.Result_Mux_Bits[24].Result_Mux_Bit_I/EX_Result_DFF" (FF) removed.
Loadless block
"mcs_0/U0/microblaze_I/MicroBlaze_Core_I/Area.Data_Flow_I/Result_Mux_I/Using_FPG
A.Result_Mux_Bits[25].Result_Mux_Bit_I/EX_Result_DFF" (FF) removed.
Loadless block
"mcs_0/U0/microblaze_I/MicroBlaze_Core_I/Area.Data_Flow_I/Result_Mux_I/Using_FPG
A.Result_Mux_Bits[26].Result_Mux_Bit_I/EX_Result_DFF" (FF) removed.
Loadless block
"mcs_0/U0/microblaze_I/MicroBlaze_Core_I/Area.Data_Flow_I/Result_Mux_I/Using_FPG
A.Result_Mux_Bits[27].Result_Mux_Bit_I/EX_Result_DFF" (FF) removed.
Loadless block
"mcs_0/U0/microblaze_I/MicroBlaze_Core_I/Area.Data_Flow_I/Result_Mux_I/Using_FPG
A.Result_Mux_Bits[28].Result_Mux_Bit_I/EX_Result_DFF" (FF) removed.
Loadless block
"mcs_0/U0/microblaze_I/MicroBlaze_Core_I/Area.Data_Flow_I/Result_Mux_I/Using_FPG
A.Result_Mux_Bits[29].Result_Mux_Bit_I/EX_Result_DFF" (FF) removed.
Loadless block
"mcs_0/U0/microblaze_I/MicroBlaze_Core_I/Area.Data_Flow_I/Result_Mux_I/Using_FPG
A.Result_Mux_Bits[2].Result_Mux_Bit_I/EX_Result_DFF" (FF) removed.
Loadless block
"mcs_0/U0/microblaze_I/MicroBlaze_Core_I/Area.Data_Flow_I/Result_Mux_I/Using_FPG
A.Result_Mux_Bits[30].Result_Mux_Bit_I/EX_Result_DFF" (FF) removed.
Loadless block
"mcs_0/U0/microblaze_I/MicroBlaze_Core_I/Area.Data_Flow_I/Result_Mux_I/Using_FPG
A.Result_Mux_Bits[31].Result_Mux_Bit_I/EX_Result_DFF" (FF) removed.
Loadless block
"mcs_0/U0/microblaze_I/MicroBlaze_Core_I/Area.Data_Flow_I/Result_Mux_I/Using_FPG
A.Result_Mux_Bits[3].Result_Mux_Bit_I/EX_Result_DFF" (FF) removed.
Loadless block
"mcs_0/U0/microblaze_I/MicroBlaze_Core_I/Area.Data_Flow_I/Result_Mux_I/Using_FPG
A.Result_Mux_Bits[4].Result_Mux_Bit_I/EX_Result_DFF" (FF) removed.
Loadless block
"mcs_0/U0/microblaze_I/MicroBlaze_Core_I/Area.Data_Flow_I/Result_Mux_I/Using_FPG
A.Result_Mux_Bits[5].Result_Mux_Bit_I/EX_Result_DFF" (FF) removed.
Loadless block
"mcs_0/U0/microblaze_I/MicroBlaze_Core_I/Area.Data_Flow_I/Result_Mux_I/Using_FPG
A.Result_Mux_Bits[6].Result_Mux_Bit_I/EX_Result_DFF" (FF) removed.
Loadless block
"mcs_0/U0/microblaze_I/MicroBlaze_Core_I/Area.Data_Flow_I/Result_Mux_I/Using_FPG
A.Result_Mux_Bits[7].Result_Mux_Bit_I/EX_Result_DFF" (FF) removed.
Loadless block
"mcs_0/U0/microblaze_I/MicroBlaze_Core_I/Area.Data_Flow_I/Result_Mux_I/Using_FPG
A.Result_Mux_Bits[8].Result_Mux_Bit_I/EX_Result_DFF" (FF) removed.
Loadless block
"mcs_0/U0/microblaze_I/MicroBlaze_Core_I/Area.Data_Flow_I/Result_Mux_I/Using_FPG
A.Result_Mux_Bits[9].Result_Mux_Bit_I/EX_Result_DFF" (FF) removed.
Loadless block
"mcs_0/U0/microblaze_I/MicroBlaze_Core_I/Area.Decode_I/Using_FPGA.Ext_NM_BRK_FDR
SE" (FF) removed.
The signal "mcs_0/U0/iomodule_0/write_data<31>" is sourceless and has been
removed.
The signal "mcs_0/U0/iomodule_0/write_data<30>" is sourceless and has been
removed.
The signal "mcs_0/U0/iomodule_0/write_data<29>" is sourceless and has been
removed.
The signal "mcs_0/U0/iomodule_0/write_data<28>" is sourceless and has been
removed.
The signal "mcs_0/U0/iomodule_0/write_data<27>" is sourceless and has been
removed.
The signal "mcs_0/U0/iomodule_0/write_data<26>" is sourceless and has been
removed.
The signal "mcs_0/U0/iomodule_0/write_data<25>" is sourceless and has been
removed.
The signal "mcs_0/U0/iomodule_0/write_data<24>" is sourceless and has been
removed.
The signal "mcs_0/U0/iomodule_0/write_data<23>" is sourceless and has been
removed.
The signal "mcs_0/U0/iomodule_0/write_data<22>" is sourceless and has been
removed.
The signal "mcs_0/U0/iomodule_0/write_data<21>" is sourceless and has been
removed.
The signal "mcs_0/U0/iomodule_0/write_data<20>" is sourceless and has been
removed.
The signal "mcs_0/U0/iomodule_0/write_data<19>" is sourceless and has been
removed.
The signal "mcs_0/U0/iomodule_0/write_data<18>" is sourceless and has been
removed.
The signal "mcs_0/U0/iomodule_0/write_data<17>" is sourceless and has been
removed.
The signal "mcs_0/U0/iomodule_0/write_data<16>" is sourceless and has been
removed.
The signal "mcs_0/U0/iomodule_0/write_data<15>" is sourceless and has been
removed.
The signal "mcs_0/U0/iomodule_0/write_data<14>" is sourceless and has been
removed.
The signal "mcs_0/U0/iomodule_0/write_data<13>" is sourceless and has been
removed.
The signal "mcs_0/U0/iomodule_0/write_data<12>" is sourceless and has been
removed.
The signal "mcs_0/U0/iomodule_0/write_data<11>" is sourceless and has been
removed.
The signal "mcs_0/U0/iomodule_0/write_data<10>" is sourceless and has been
removed.
The signal "mcs_0/U0/iomodule_0/write_data<9>" is sourceless and has been
removed.
The signal "mcs_0/U0/iomodule_0/write_data<8>" is sourceless and has been
removed.
The signal "mcs_0/U0/iomodule_0/IOModule_Core_I1/intr_ctrl_I1/rst_cipr_rd" is
sourceless and has been removed.
The signal
"mcs_0/U0/microblaze_I/MicroBlaze_Core_I/Area.Decode_I/iFetch_In_Progress_n" is
sourceless and has been removed.
 Sourceless block
"mcs_0/U0/microblaze_I/MicroBlaze_Core_I/Area.Decode_I/Using_FPGA.iFetch_MuxCY_3
" (MUX) removed.
  The signal
"mcs_0/U0/microblaze_I/MicroBlaze_Core_I/Area.Decode_I/Using_FPGA.iFetch_MuxCY_3
/O" is sourceless and has been removed.
   Sourceless block
"mcs_0/U0/microblaze_I/MicroBlaze_Core_I/Area.Decode_I/Using_FPGA.iFetch_MuxCY_3
/MUXCY_L_BUF" (BUF) removed.
    The signal
"mcs_0/U0/microblaze_I/MicroBlaze_Core_I/Area.Decode_I/Using_FPGA.iFetch_MuxCY_3
/LO" is sourceless and has been removed.
The signal
"mcs_0/U0/microblaze_I/MicroBlaze_Core_I/Area.Data_Flow_I/PC_Module_I/Using_FPGA
.Not_All_Bits.PC_GEN[18].PC_Bit_I/MUXCY_X/O" is sourceless and has been removed.
 Sourceless block
"mcs_0/U0/microblaze_I/MicroBlaze_Core_I/Area.Data_Flow_I/PC_Module_I/Using_FPGA
.Not_All_Bits.PC_GEN[18].PC_Bit_I/MUXCY_X/MUXCY_L_BUF" (BUF) removed.
  The signal
"mcs_0/U0/microblaze_I/MicroBlaze_Core_I/Area.Data_Flow_I/PC_Module_I/Using_FPGA
.Not_All_Bits.PC_GEN[18].PC_Bit_I/MUXCY_X/LO" is sourceless and has been
removed.
The signal
"mcs_0/U0/microblaze_I/MicroBlaze_Core_I/Area.Decode_I/PreFetch_Buffer_I/Using_F
PGA.Buffer_DFFs[1].buffer_Addr_MUXCY_L/O" is sourceless and has been removed.
 Sourceless block
"mcs_0/U0/microblaze_I/MicroBlaze_Core_I/Area.Decode_I/PreFetch_Buffer_I/Using_F
PGA.Buffer_DFFs[1].buffer_Addr_MUXCY_L/MUXCY_L_BUF" (BUF) removed.
  The signal
"mcs_0/U0/microblaze_I/MicroBlaze_Core_I/Area.Decode_I/PreFetch_Buffer_I/Using_F
PGA.Buffer_DFFs[1].buffer_Addr_MUXCY_L/LO" is sourceless and has been removed.
Unused block "mcs_0/U0/iomodule_0/IOModule_Core_I1/intr_ctrl_I1/rst_cipr_rd1"
(ROM) removed.
Unused block "mcs_0/U0/iomodule_0/write_data_10" (FF) removed.
Unused block "mcs_0/U0/iomodule_0/write_data_11" (FF) removed.
Unused block "mcs_0/U0/iomodule_0/write_data_12" (FF) removed.
Unused block "mcs_0/U0/iomodule_0/write_data_13" (FF) removed.
Unused block "mcs_0/U0/iomodule_0/write_data_14" (FF) removed.
Unused block "mcs_0/U0/iomodule_0/write_data_15" (FF) removed.
Unused block "mcs_0/U0/iomodule_0/write_data_16" (FF) removed.
Unused block "mcs_0/U0/iomodule_0/write_data_17" (FF) removed.
Unused block "mcs_0/U0/iomodule_0/write_data_18" (FF) removed.
Unused block "mcs_0/U0/iomodule_0/write_data_19" (FF) removed.
Unused block "mcs_0/U0/iomodule_0/write_data_20" (FF) removed.
Unused block "mcs_0/U0/iomodule_0/write_data_21" (FF) removed.
Unused block "mcs_0/U0/iomodule_0/write_data_22" (FF) removed.
Unused block "mcs_0/U0/iomodule_0/write_data_23" (FF) removed.
Unused block "mcs_0/U0/iomodule_0/write_data_24" (FF) removed.
Unused block "mcs_0/U0/iomodule_0/write_data_25" (FF) removed.
Unused block "mcs_0/U0/iomodule_0/write_data_26" (FF) removed.
Unused block "mcs_0/U0/iomodule_0/write_data_27" (FF) removed.
Unused block "mcs_0/U0/iomodule_0/write_data_28" (FF) removed.
Unused block "mcs_0/U0/iomodule_0/write_data_29" (FF) removed.
Unused block "mcs_0/U0/iomodule_0/write_data_30" (FF) removed.
Unused block "mcs_0/U0/iomodule_0/write_data_31" (FF) removed.
Unused block "mcs_0/U0/iomodule_0/write_data_8" (FF) removed.
Unused block "mcs_0/U0/iomodule_0/write_data_9" (FF) removed.
Unused block
"mcs_0/U0/microblaze_I/MicroBlaze_Core_I/Area.Byte_Doublet_Handle_I/Using_FPGA.F
PGA_LUT6_Target.low_addr_i_INST" (LUT6_2) removed.
Unused block
"mcs_0/U0/microblaze_I/MicroBlaze_Core_I/Area.Data_Flow_I/PC_Module_I/Using_FPGA
.Not_All_Bits.PC_GEN[18].PC_Bit_I/MUXCY_X" (MUX) removed.
Unused block
"mcs_0/U0/microblaze_I/MicroBlaze_Core_I/Area.Decode_I/PreFetch_Buffer_I/Using_F
PGA.Buffer_DFFs[1].buffer_Addr_MUXCY_L" (MUX) removed.
Unused block
"mcs_0/U0/microblaze_I/MicroBlaze_Core_I/Area.Decode_I/iFetch_In_Progress_n1_INV
_0" (BUF) removed.

Optimized Block(s):
TYPE 		BLOCK
FDR 		mcs_0/U0/iomodule_0/IOModule_Core_I1/intr_ctrl_I1/cipr_rd_dff_all[0].fdr_i
   optimized to 0
FDR
		mcs_0/U0/iomodule_0/IOModule_Core_I1/intr_ctrl_I1/cipr_rd_dff_all[10].fdr_i
   optimized to 0
FDR
		mcs_0/U0/iomodule_0/IOModule_Core_I1/intr_ctrl_I1/cipr_rd_dff_all[11].fdr_i
   optimized to 0
FDR
		mcs_0/U0/iomodule_0/IOModule_Core_I1/intr_ctrl_I1/cipr_rd_dff_all[12].fdr_i
   optimized to 0
FDR
		mcs_0/U0/iomodule_0/IOModule_Core_I1/intr_ctrl_I1/cipr_rd_dff_all[13].fdr_i
   optimized to 0
FDR
		mcs_0/U0/iomodule_0/IOModule_Core_I1/intr_ctrl_I1/cipr_rd_dff_all[14].fdr_i
   optimized to 0
FDR
		mcs_0/U0/iomodule_0/IOModule_Core_I1/intr_ctrl_I1/cipr_rd_dff_all[15].fdr_i
   optimized to 0
FDR
		mcs_0/U0/iomodule_0/IOModule_Core_I1/intr_ctrl_I1/cipr_rd_dff_all[16].fdr_i
   optimized to 0
FDR
		mcs_0/U0/iomodule_0/IOModule_Core_I1/intr_ctrl_I1/cipr_rd_dff_all[17].fdr_i
   optimized to 0
FDR
		mcs_0/U0/iomodule_0/IOModule_Core_I1/intr_ctrl_I1/cipr_rd_dff_all[18].fdr_i
   optimized to 0
FDR
		mcs_0/U0/iomodule_0/IOModule_Core_I1/intr_ctrl_I1/cipr_rd_dff_all[19].fdr_i
   optimized to 0
FDR 		mcs_0/U0/iomodule_0/IOModule_Core_I1/intr_ctrl_I1/cipr_rd_dff_all[1].fdr_i
   optimized to 0
FDR
		mcs_0/U0/iomodule_0/IOModule_Core_I1/intr_ctrl_I1/cipr_rd_dff_all[20].fdr_i
   optimized to 0
FDR
		mcs_0/U0/iomodule_0/IOModule_Core_I1/intr_ctrl_I1/cipr_rd_dff_all[21].fdr_i
   optimized to 0
FDR
		mcs_0/U0/iomodule_0/IOModule_Core_I1/intr_ctrl_I1/cipr_rd_dff_all[22].fdr_i
   optimized to 0
FDR
		mcs_0/U0/iomodule_0/IOModule_Core_I1/intr_ctrl_I1/cipr_rd_dff_all[23].fdr_i
   optimized to 0
FDR
		mcs_0/U0/iomodule_0/IOModule_Core_I1/intr_ctrl_I1/cipr_rd_dff_all[24].fdr_i
   optimized to 0
FDR
		mcs_0/U0/iomodule_0/IOModule_Core_I1/intr_ctrl_I1/cipr_rd_dff_all[25].fdr_i
   optimized to 0
FDR
		mcs_0/U0/iomodule_0/IOModule_Core_I1/intr_ctrl_I1/cipr_rd_dff_all[26].fdr_i
   optimized to 0
FDR
		mcs_0/U0/iomodule_0/IOModule_Core_I1/intr_ctrl_I1/cipr_rd_dff_all[27].fdr_i
   optimized to 0
FDR
		mcs_0/U0/iomodule_0/IOModule_Core_I1/intr_ctrl_I1/cipr_rd_dff_all[28].fdr_i
   optimized to 0
FDR
		mcs_0/U0/iomodule_0/IOModule_Core_I1/intr_ctrl_I1/cipr_rd_dff_all[29].fdr_i
   optimized to 0
FDR 		mcs_0/U0/iomodule_0/IOModule_Core_I1/intr_ctrl_I1/cipr_rd_dff_all[2].fdr_i
   optimized to 0
FDR
		mcs_0/U0/iomodule_0/IOModule_Core_I1/intr_ctrl_I1/cipr_rd_dff_all[30].fdr_i
   optimized to 0
FDR
		mcs_0/U0/iomodule_0/IOModule_Core_I1/intr_ctrl_I1/cipr_rd_dff_all[31].fdr_i
   optimized to 0
FDR 		mcs_0/U0/iomodule_0/IOModule_Core_I1/intr_ctrl_I1/cipr_rd_dff_all[3].fdr_i
   optimized to 0
FDR 		mcs_0/U0/iomodule_0/IOModule_Core_I1/intr_ctrl_I1/cipr_rd_dff_all[4].fdr_i
   optimized to 0
FDR 		mcs_0/U0/iomodule_0/IOModule_Core_I1/intr_ctrl_I1/cipr_rd_dff_all[5].fdr_i
   optimized to 0
FDR 		mcs_0/U0/iomodule_0/IOModule_Core_I1/intr_ctrl_I1/cipr_rd_dff_all[6].fdr_i
   optimized to 0
FDR 		mcs_0/U0/iomodule_0/IOModule_Core_I1/intr_ctrl_I1/cipr_rd_dff_all[7].fdr_i
   optimized to 0
FDR 		mcs_0/U0/iomodule_0/IOModule_Core_I1/intr_ctrl_I1/cipr_rd_dff_all[8].fdr_i
   optimized to 0
FDR 		mcs_0/U0/iomodule_0/IOModule_Core_I1/intr_ctrl_I1/cipr_rd_dff_all[9].fdr_i
   optimized to 0
LUT3
		mcs_0/U0/microblaze_I/MicroBlaze_Core_I/Area.Data_Flow_I/ALU_I/FPGA_Target.No_
Carry_Decoding.alu_carry_select_LUT
   optimized to 0
FDR 		mcs_0/U0/microblaze_I/MicroBlaze_Core_I/Area.Decode_I/Write_DIV_result
   optimized to 0
GND 		mcs_0/XST_GND
VCC 		mcs_0/XST_VCC

To enable printing of redundant blocks removed and signals merged, set the
detailed map report option and rerun map.

Section 6 - IOB Properties
--------------------------

+---------------------------------------------------------------------------------------------------------------------------------------------------------+
| IOB Name                           | Type             | Direction | IO Standard          | Diff  | Drive    | Slew | Reg (s)      | Resistor | IOB      |
|                                    |                  |           |                      | Term  | Strength | Rate |              |          | Delay    |
+---------------------------------------------------------------------------------------------------------------------------------------------------------+
| UART_Rx                            | IOB              | INPUT     | LVCMOS33             |       |          |      |              |          |          |
| UART_Tx                            | IOB              | OUTPUT    | LVCMOS33             |       | 12       | SLOW |              |          |          |
| clk                                | IOB              | INPUT     | LVCMOS25             |       |          |      |              |          |          |
| leds<0>                            | IOB              | OUTPUT    | LVCMOS33             |       | 12       | SLOW |              |          |          |
| leds<1>                            | IOB              | OUTPUT    | LVCMOS33             |       | 12       | SLOW |              |          |          |
| leds<2>                            | IOB              | OUTPUT    | LVCMOS33             |       | 12       | SLOW |              |          |          |
| leds<3>                            | IOB              | OUTPUT    | LVCMOS33             |       | 12       | SLOW |              |          |          |
| leds<4>                            | IOB              | OUTPUT    | LVCMOS33             |       | 12       | SLOW |              |          |          |
| leds<5>                            | IOB              | OUTPUT    | LVCMOS33             |       | 12       | SLOW |              |          |          |
| leds<6>                            | IOB              | OUTPUT    | LVCMOS33             |       | 12       | SLOW |              |          |          |
| leds<7>                            | IOB              | OUTPUT    | LVCMOS33             |       | 12       | SLOW |              |          |          |
| reset                              | IOB              | INPUT     | LVCMOS25             |       |          |      |              |          |          |
| switch<0>                          | IOB              | INPUT     | LVCMOS33             |       |          |      |              |          |          |
| switch<1>                          | IOB              | INPUT     | LVCMOS33             |       |          |      |              |          |          |
| switch<2>                          | IOB              | INPUT     | LVCMOS33             |       |          |      |              |          |          |
| switch<3>                          | IOB              | INPUT     | LVCMOS33             |       |          |      |              |          |          |
| switch<4>                          | IOB              | INPUT     | LVCMOS33             |       |          |      |              |          |          |
| switch<5>                          | IOB              | INPUT     | LVCMOS33             |       |          |      |              |          |          |
| switch<6>                          | IOB              | INPUT     | LVCMOS33             |       |          |      |              |          |          |
| switch<7>                          | IOB              | INPUT     | LVCMOS33             |       |          |      |              |          |          |
+---------------------------------------------------------------------------------------------------------------------------------------------------------+

Section 7 - RPMs
----------------

Section 8 - Guide Report
------------------------
Guide not run on this design.

Section 9 - Area Group and Partition Summary
--------------------------------------------

Partition Implementation Status
-------------------------------

  No Partitions were found in this design.

-------------------------------

Area Group Information
----------------------

  No area groups were found in this design.

----------------------

Section 10 - Timing Report
--------------------------
A logic-level (pre-route) timing report can be generated by using Xilinx static
timing analysis tools, Timing Analyzer (GUI) or TRCE (command line), with the
mapped NCD and PCF files. Please note that this timing report will be generated
using estimated delay information. For accurate numbers, please generate a
timing report with the post Place and Route NCD file.

For more information about the Timing Analyzer, consult the Xilinx Timing
Analyzer Reference Manual; for more information about TRCE, consult the Xilinx
Command Line Tools User Guide "TRACE" chapter.

Section 11 - Configuration String Details
-----------------------------------------
Use the "-detail" map option to print out Configuration Strings

Section 12 - Control Set Information
------------------------------------
Use the "-detail" map option to print out Control Set Information.

Section 13 - Utilization by Hierarchy
-------------------------------------
Use the "-detail" map option to print out the Utilization by Hierarchy section.
