INFO:sim:172 - Generating IP...
Applying current project options...
Finished applying current project options.
WARNING:sim - A core named 'my_bram8x8' already exists in the project. Output
   products for this core may be overwritten.
Resolving generics for 'my_bram8x8'...
WARNING:sim - A core named 'my_bram8x8' already exists in the project. Output
   products for this core may be overwritten.
Applying external generics to 'my_bram8x8'...
Delivering associated files for 'my_bram8x8'...
Delivering EJava files for 'my_bram8x8'...
Generating implementation netlist for 'my_bram8x8'...
INFO:sim - Pre-processing HDL files for 'my_bram8x8'...
Running synthesis for 'my_bram8x8'
Running ngcbuild...
Writing VHO instantiation template for 'my_bram8x8'...
Writing VHDL behavioral simulation model for 'my_bram8x8'...
WARNING:sim - Overwriting existing file
   /home/cccitron/mastersThesis/lab5_files/mem_internal/ipcore_dir/tmp/_cg/my_br
   am8x8/doc/blk_mem_gen_v7_3_vinfo.html with file from view
   xilinx_documentation
Delivered 1 file into directory
/home/cccitron/mastersThesis/lab5_files/mem_internal/ipcore_dir/tmp/_cg/my_bram8
x8
Generating ASY schematic symbol...
INFO:sim:949 - Finished generation of ASY schematic symbol.
Generating SYM schematic symbol for 'my_bram8x8'...
Generating metadata file...
Regenerating ISE project file for 'my_bram8x8'...
Generating ISE project...
XCO file found: my_bram8x8.xco
XMDF file found: my_bram8x8_xmdf.tcl
Adding
/home/cccitron/mastersThesis/lab5_files/mem_internal/ipcore_dir/tmp/_cg/my_bram8
x8.asy -view all -origin_type imported
Adding
/home/cccitron/mastersThesis/lab5_files/mem_internal/ipcore_dir/tmp/_cg/my_bram8
x8.ngc -view all -origin_type created
Checking file
"/home/cccitron/mastersThesis/lab5_files/mem_internal/ipcore_dir/tmp/_cg/my_bram
8x8.ngc" for project device match ...
File
"/home/cccitron/mastersThesis/lab5_files/mem_internal/ipcore_dir/tmp/_cg/my_bram
8x8.ngc" device information matches project device.
Adding
/home/cccitron/mastersThesis/lab5_files/mem_internal/ipcore_dir/tmp/_cg/my_bram8
x8.sym -view all -origin_type imported
Adding
/home/cccitron/mastersThesis/lab5_files/mem_internal/ipcore_dir/tmp/_cg/my_bram8
x8.vhd -view all -origin_type created
INFO:HDLCompiler:1061 - Parsing VHDL file
   "/home/cccitron/mastersThesis/lab5_files/mem_internal/ipcore_dir/tmp/_cg/my_b
   ram8x8.vhd" into library work
INFO:ProjectMgmt - Parsing design hierarchy completed successfully.
Adding
/home/cccitron/mastersThesis/lab5_files/mem_internal/ipcore_dir/tmp/_cg/my_bram8
x8.vho -view all -origin_type imported
INFO:TclTasksC:2116 - The automatic calculation of top has been turned-off.
   Please set the new top explicitly by running the "project set top" command.
   To re-calculate the new top automatically, set the "Auto Implementation Top"
   property to true.
Top level has been set to "/my_bram8x8"
Generating README file...
Generating FLIST file...
INFO:sim:948 - Finished FLIST file generation.
Launching README viewer...
Moving files to output directory...
Finished moving files to output directory
Wrote CGP file for project 'my_bram8x8'.
