Command line:
   comm_fpga_fx2_tb_isim_beh.exe
     -simmode  gui
     -simrunnum  0
     -socket  40890

Sun Mar  2 17:10:40 2014


 Elaboration Time: 0.01 sec

 Current Memory Usage: 196.248 Meg

 Total Signals          : 44
 Total Nets             : 138
 Total Signal Drivers   : 30
 Total Blocks           : 6
 Total Primitive Blocks : 5
 Total Processes        : 10
 Total Traceable Variables  : 21
 Total Scalar Nets and Variables : 1150
Total Line Count : 165
Total Line Count : 165

 Total Simulation Time: 0.08 sec

 Current Memory Usage: 271.749 Meg

Sun Mar  2 17:11:21 2014

