Command line:
   tb_sad_wrapper_isim_beh.exe
     -simmode  gui
     -simrunnum  0
     -socket  51276

Tue Aug 26 08:57:21 2014


 Elaboration Time: 0.55 sec

 Current Memory Usage: 485.29 Meg

 Total Signals          : 10277
 Total Nets             : 341592
 Total Signal Drivers   : 4499
 Total Blocks           : 3093
 Total Primitive Blocks : 2311
 Total Processes        : 3642
 Total Traceable Variables  : 7520
 Total Scalar Nets and Variables : 370727
Total Line Count : 17403

 Total Simulation Time: 2.14 sec

 Current Memory Usage: 607.646 Meg

Tue Aug 26 09:17:48 2014

