Command line:
   tb_top_level_isim_beh.exe
     -simmode  gui
     -simrunnum  0
     -socket  46904

Sat Apr  5 12:57:33 2014


 Elaboration Time: 0.02 sec

 Current Memory Usage: 198.308 Meg

 Total Signals          : 249
 Total Nets             : 2544
 Total Signal Drivers   : 82
 Total Blocks           : 22
 Total Primitive Blocks : 13
 Total Processes        : 49
 Total Traceable Variables  : 233
 Total Scalar Nets and Variables : 4021
Total Line Count : 408

 Total Simulation Time: 0.13 sec

 Current Memory Usage: 273.809 Meg

Sat Apr  5 12:59:00 2014

