Release 12.2 - xst M.63c (nt)
Copyright (c) 1995-2010 Xilinx, Inc.  All rights reserved.
--> Parameter TMPDIR set to xst/projnav.tmp


Total REAL time to Xst completion: 0.00 secs
Total CPU time to Xst completion: 0.21 secs
 
--> Parameter xsthdpdir set to xst


Total REAL time to Xst completion: 0.00 secs
Total CPU time to Xst completion: 0.21 secs
 
--> Reading design: quad_spi_if.prj

TABLE OF CONTENTS
  1) Synthesis Options Summary
  2) HDL Parsing
  3) HDL Elaboration
  4) HDL Synthesis
       4.1) HDL Synthesis Report
  5) Advanced HDL Synthesis
       5.1) Advanced HDL Synthesis Report
  6) Low Level Synthesis
  7) Partition Report
  8) Design Summary
       8.1) Primitive and Black Box Usage
       8.2) Device utilization summary
       8.3) Partition Resource Summary
       8.4) Timing Report
            8.4.1) Clock Information
            8.4.2) Asynchronous Control Signals Information
            8.4.3) Timing Summary
            8.4.4) Timing Details


=========================================================================
*                      Synthesis Options Summary                        *
=========================================================================
---- Source Parameters
Input File Name                    : "quad_spi_if.prj"
Input Format                       : mixed
Ignore Synthesis Constraint File   : NO

---- Target Parameters
Output File Name                   : "quad_spi_if"
Output Format                      : NGC
Target Device                      : xc6slx45-2-csg324

---- Source Options
Top Module Name                    : quad_spi_if
Automatic FSM Extraction           : YES
FSM Encoding Algorithm             : Auto
Safe Implementation                : No
FSM Style                          : LUT
RAM Extraction                     : Yes
RAM Style                          : Auto
ROM Extraction                     : Yes
Shift Register Extraction          : YES
ROM Style                          : Auto
Resource Sharing                   : YES
Asynchronous To Synchronous        : NO
Shift Register Minimum Size        : 2
Use DSP Block                      : Auto
Automatic Register Balancing       : No

---- Target Options
LUT Combining                      : Auto
Reduce Control Sets                : Auto
Add IO Buffers                     : YES
Global Maximum Fanout              : 100000
Add Generic Clock Buffer(BUFG)     : 16
Register Duplication               : YES
Optimize Instantiated Primitives   : NO
Use Clock Enable                   : Auto
Use Synchronous Set                : Auto
Use Synchronous Reset              : Auto
Pack IO Registers into IOBs        : Auto
Equivalent register Removal        : YES

---- General Options
Optimization Goal                  : Speed
Optimization Effort                : 1
Power Reduction                    : NO
Keep Hierarchy                     : No
Netlist Hierarchy                  : As_Optimized
RTL Output                         : Yes
Global Optimization                : AllClockNets
Read Cores                         : YES
Write Timing Constraints           : NO
Cross Clock Analysis               : NO
Hierarchy Separator                : /
Bus Delimiter                      : <>
Case Specifier                     : Maintain
Slice Utilization Ratio            : 100
BRAM Utilization Ratio             : 100
DSP48 Utilization Ratio            : 100
Auto BRAM Packing                  : NO
Slice Utilization Ratio Delta      : 5

=========================================================================


=========================================================================
*                          HDL Parsing                                  *
=========================================================================
Analyzing Verilog file \"\Download\Atlys\Atlys_12_2_RevC_BIST\pcores\quad_spi_if_v1_00_a\devl\projnav\../../hdl/verilog/spi_tr8.v\" into library work
Parsing module <spi_tr8>.
Analyzing Verilog file \"\Download\Atlys\Atlys_12_2_RevC_BIST\pcores\quad_spi_if_v1_00_a\devl\projnav\../../hdl/verilog/spi_fifo_send.v\" into library work
Parsing module <spi_fifo_send>.
Analyzing Verilog file \"\Download\Atlys\Atlys_12_2_RevC_BIST\pcores\quad_spi_if_v1_00_a\devl\projnav\../../hdl/verilog/spi_fifo_receive.v\" into library work
Parsing module <spi_fifo_receive>.
Analyzing Verilog file \"\Download\Atlys\Atlys_12_2_RevC_BIST\pcores\quad_spi_if_v1_00_a\devl\projnav\../../hdl/verilog/spi_sf.v\" into library work
Parsing module <spi_sf>.
Parsing VHDL file "\Download\Atlys\Atlys_12_2_RevC_BIST\pcores\quad_spi_if_v1_00_a\devl\projnav\../../../../../../../Xilinx/12.2/ISE_DS/EDK/hw/XilinxProcessorIPLib/pcores/proc_common_v3_00_a/hdl/vhdl/proc_common_pkg.vhd" into library proc_common_v3_00_a
Parsing package <proc_common_pkg>.
Parsing package body <proc_common_pkg>.
Parsing VHDL file "\Download\Atlys\Atlys_12_2_RevC_BIST\pcores\quad_spi_if_v1_00_a\devl\projnav\../../../../../../../Xilinx/12.2/ISE_DS/EDK/hw/XilinxProcessorIPLib/pcores/proc_common_v3_00_a/hdl/vhdl/or_muxcy.vhd" into library proc_common_v3_00_a
Parsing entity <or_muxcy>.
Parsing architecture <implementation> of entity <or_muxcy>.
Parsing VHDL file "\Download\Atlys\Atlys_12_2_RevC_BIST\pcores\quad_spi_if_v1_00_a\devl\projnav\../../../../../../../Xilinx/12.2/ISE_DS/EDK/hw/XilinxProcessorIPLib/pcores/proc_common_v3_00_a/hdl/vhdl/family_support.vhd" into library proc_common_v3_00_a
Parsing package <family_support>.
Parsing package body <family_support>.
Parsing VHDL file "\Download\Atlys\Atlys_12_2_RevC_BIST\pcores\quad_spi_if_v1_00_a\devl\projnav\../../../../../../../Xilinx/12.2/ISE_DS/EDK/hw/XilinxProcessorIPLib/pcores/proc_common_v3_00_a/hdl/vhdl/pselect_f.vhd" into library proc_common_v3_00_a
Parsing entity <pselect_f>.
Parsing architecture <imp> of entity <pselect_f>.
Parsing VHDL file "\Download\Atlys\Atlys_12_2_RevC_BIST\pcores\quad_spi_if_v1_00_a\devl\projnav\../../../../../../../Xilinx/12.2/ISE_DS/EDK/hw/XilinxProcessorIPLib/pcores/proc_common_v3_00_a/hdl/vhdl/or_gate128.vhd" into library proc_common_v3_00_a
Parsing entity <or_gate128>.
Parsing architecture <imp> of entity <or_gate128>.
Parsing VHDL file "\Download\Atlys\Atlys_12_2_RevC_BIST\pcores\quad_spi_if_v1_00_a\devl\projnav\../../../../../../../Xilinx/12.2/ISE_DS/EDK/hw/XilinxProcessorIPLib/pcores/proc_common_v3_00_a/hdl/vhdl/ipif_pkg.vhd" into library proc_common_v3_00_a
Parsing package <ipif_pkg>.
Parsing package body <ipif_pkg>.
Parsing VHDL file "\Download\Atlys\Atlys_12_2_RevC_BIST\pcores\quad_spi_if_v1_00_a\devl\projnav\../../../../../../../Xilinx/12.2/ISE_DS/EDK/hw/XilinxProcessorIPLib/pcores/proc_common_v3_00_a/hdl/vhdl/counter_f.vhd" into library proc_common_v3_00_a
Parsing entity <counter_f>.
Parsing architecture <imp> of entity <counter_f>.
Parsing VHDL file "\Download\Atlys\Atlys_12_2_RevC_BIST\pcores\quad_spi_if_v1_00_a\devl\projnav\../../../../../../../Xilinx/12.2/ISE_DS/EDK/hw/XilinxProcessorIPLib/pcores/plbv46_slave_single_v1_01_a/hdl/vhdl/plb_address_decoder.vhd" into library plbv46_slave_single_v1_01_a
Parsing entity <plb_address_decoder>.
Parsing architecture <IMP> of entity <plb_address_decoder>.
Parsing VHDL file "\Download\Atlys\Atlys_12_2_RevC_BIST\pcores\quad_spi_if_v1_00_a\devl\projnav\../../../../../../../Xilinx/12.2/ISE_DS/EDK/hw/XilinxProcessorIPLib/pcores/plbv46_slave_single_v1_01_a/hdl/vhdl/plb_slave_attachment.vhd" into library plbv46_slave_single_v1_01_a
Parsing entity <plb_slave_attachment>.
Parsing architecture <implementation> of entity <plb_slave_attachment>.
Parsing VHDL file "\Download\Atlys\Atlys_12_2_RevC_BIST\pcores\quad_spi_if_v1_00_a\devl\projnav\../../../../../../../Xilinx/12.2/ISE_DS/EDK/hw/XilinxProcessorIPLib/pcores/plbv46_slave_single_v1_01_a/hdl/vhdl/plbv46_slave_single.vhd" into library plbv46_slave_single_v1_01_a
Parsing entity <plbv46_slave_single>.
Parsing architecture <implementation> of entity <plbv46_slave_single>.
Parsing VHDL file "\Download\Atlys\Atlys_12_2_RevC_BIST\pcores\quad_spi_if_v1_00_a\devl\projnav\../../hdl/vhdl/user_logic.vhd" into library quad_spi_if_v1_00_a
Parsing entity <user_logic>.
Parsing architecture <IMP> of entity <user_logic>.
Parsing VHDL file "\Download\Atlys\Atlys_12_2_RevC_BIST\pcores\quad_spi_if_v1_00_a\devl\projnav\../../hdl/vhdl/quad_spi_if.vhd" into library quad_spi_if_v1_00_a
Parsing entity <quad_spi_if>.
Parsing architecture <IMP> of entity <quad_spi_if>.

=========================================================================
*                            HDL Elaboration                            *
=========================================================================

Elaborating entity <quad_spi_if> (architecture <IMP>) with generics from library <quad_spi_if_v1_00_a>.

Elaborating entity <plbv46_slave_single> (architecture <implementation>) with generics from library <plbv46_slave_single_v1_01_a>.
INFO:HDLCompiler:679 - Case statement is complete. Others clause is never selected and therefore discarded.

Elaborating entity <plb_slave_attachment> (architecture <implementation>) with generics from library <plbv46_slave_single_v1_01_a>.

Elaborating entity <plb_address_decoder> (architecture <IMP>) with generics from library <plbv46_slave_single_v1_01_a>.
WARNING:HDLCompiler:1127 - "\Download\Atlys\Atlys_12_2_RevC_BIST\pcores\quad_spi_if_v1_00_a\devl\projnav\../../../../../../../Xilinx/12.2/ISE_DS/EDK/hw/XilinxProcessorIPLib/pcores/plbv46_slave_single_v1_01_a/hdl/vhdl/plb_address_decoder.vhd" Line 319: Assignment to cs_s_h_clr ignored, since the identifier is never used
WARNING:HDLCompiler:1127 - "\Download\Atlys\Atlys_12_2_RevC_BIST\pcores\quad_spi_if_v1_00_a\devl\projnav\../../../../../../../Xilinx/12.2/ISE_DS/EDK/hw/XilinxProcessorIPLib/pcores/plbv46_slave_single_v1_01_a/hdl/vhdl/plb_address_decoder.vhd" Line 323: Assignment to addr_match_clr ignored, since the identifier is never used

Elaborating entity <pselect_f> (architecture <imp>) with generics from library <proc_common_v3_00_a>.

Elaborating entity <pselect_f> (architecture <imp>) with generics from library <proc_common_v3_00_a>.

Elaborating entity <pselect_f> (architecture <imp>) with generics from library <proc_common_v3_00_a>.

Elaborating entity <pselect_f> (architecture <imp>) with generics from library <proc_common_v3_00_a>.

Elaborating entity <pselect_f> (architecture <imp>) with generics from library <proc_common_v3_00_a>.

Elaborating entity <pselect_f> (architecture <imp>) with generics from library <proc_common_v3_00_a>.

Elaborating entity <pselect_f> (architecture <imp>) with generics from library <proc_common_v3_00_a>.

Elaborating entity <pselect_f> (architecture <imp>) with generics from library <proc_common_v3_00_a>.

Elaborating entity <pselect_f> (architecture <imp>) with generics from library <proc_common_v3_00_a>.

Elaborating entity <pselect_f> (architecture <imp>) with generics from library <proc_common_v3_00_a>.

Elaborating entity <pselect_f> (architecture <imp>) with generics from library <proc_common_v3_00_a>.

Elaborating entity <pselect_f> (architecture <imp>) with generics from library <proc_common_v3_00_a>.

Elaborating entity <pselect_f> (architecture <imp>) with generics from library <proc_common_v3_00_a>.

Elaborating entity <pselect_f> (architecture <imp>) with generics from library <proc_common_v3_00_a>.

Elaborating entity <pselect_f> (architecture <imp>) with generics from library <proc_common_v3_00_a>.

Elaborating entity <pselect_f> (architecture <imp>) with generics from library <proc_common_v3_00_a>.

Elaborating entity <pselect_f> (architecture <imp>) with generics from library <proc_common_v3_00_a>.

Elaborating entity <or_gate128> (architecture <imp>) with generics from library <proc_common_v3_00_a>.

Elaborating entity <or_muxcy> (architecture <implementation>) with generics from library <proc_common_v3_00_a>.
INFO:HDLCompiler:679 - Case statement is complete. Others clause is never selected and therefore discarded.
WARNING:HDLCompiler:1127 - "\Download\Atlys\Atlys_12_2_RevC_BIST\pcores\quad_spi_if_v1_00_a\devl\projnav\../../../../../../../Xilinx/12.2/ISE_DS/EDK/hw/XilinxProcessorIPLib/pcores/plbv46_slave_single_v1_01_a/hdl/vhdl/plb_slave_attachment.vhd" Line 1025: Assignment to start_data_phase ignored, since the identifier is never used

Elaborating entity <counter_f> (architecture <imp>) with generics from library <proc_common_v3_00_a>.

Elaborating entity <user_logic> (architecture <IMP>) with generics from library <quad_spi_if_v1_00_a>.
WARNING:HDLCompiler:89 - "\Download\Atlys\Atlys_12_2_RevC_BIST\pcores\quad_spi_if_v1_00_a\devl\projnav\../../hdl/vhdl/user_logic.vhd" Line 136: <spi_sf> remains a black-box since it has no binding entity.

=========================================================================
*                           HDL Synthesis                               *
=========================================================================

Synthesizing Unit <quad_spi_if>.
    Related source file is "/download/atlys/atlys_12_2_revc_bist/pcores/quad_spi_if_v1_00_a/hdl/vhdl/quad_spi_if.vhd".
WARNING:Xst:37 - Detected unknown constraint/property "sigis". This constraint/property is not supported by the current software release and will be ignored.
WARNING:Xst:37 - Detected unknown constraint/property "sigis". This constraint/property is not supported by the current software release and will be ignored.
        C_BASEADDR = "11111111111111111111111111111111"
        C_HIGHADDR = "00000000000000000000000000000000"
        C_SPLB_AWIDTH = 32
        C_SPLB_DWIDTH = 128
        C_SPLB_NUM_MASTERS = 8
        C_SPLB_MID_WIDTH = 3
        C_SPLB_NATIVE_DWIDTH = 32
        C_SPLB_P2P = 0
        C_SPLB_SUPPORT_BURSTS = 0
        C_SPLB_SMALLEST_MASTER = 32
        C_SPLB_CLK_PERIOD_PS = 10000
        C_INCLUDE_DPHASE_TIMER = 1
        C_FAMILY = "virtex5"
WARNING:Xst:37 - Detected unknown constraint/property "sigis". This constraint/property is not supported by the current software release and will be ignored.
WARNING:Xst:37 - Detected unknown constraint/property "sigis". This constraint/property is not supported by the current software release and will be ignored.
INFO:Xst:3010 - "/download/atlys/atlys_12_2_revc_bist/pcores/quad_spi_if_v1_00_a/hdl/vhdl/quad_spi_if.vhd" line 305: Output port <Bus2IP_Addr> of the instance <PLBV46_SLAVE_SINGLE_I> is unconnected or connected to loadless signal.
INFO:Xst:3010 - "/download/atlys/atlys_12_2_revc_bist/pcores/quad_spi_if_v1_00_a/hdl/vhdl/quad_spi_if.vhd" line 305: Output port <Bus2IP_CS> of the instance <PLBV46_SLAVE_SINGLE_I> is unconnected or connected to loadless signal.
INFO:Xst:3010 - "/download/atlys/atlys_12_2_revc_bist/pcores/quad_spi_if_v1_00_a/hdl/vhdl/quad_spi_if.vhd" line 305: Output port <Bus2IP_RNW> of the instance <PLBV46_SLAVE_SINGLE_I> is unconnected or connected to loadless signal.
    Summary:
	no macro.
Unit <quad_spi_if> synthesized.

Synthesizing Unit <plbv46_slave_single>.
    Related source file is "/xilinx/12.2/ise_ds/edk/hw/xilinxprocessoriplib/pcores/plbv46_slave_single_v1_01_a/hdl/vhdl/plbv46_slave_single.vhd".
        C_ARD_ADDR_RANGE_ARRAY = ("0000000000000000000000000000000011111111111111111111111111111111","0000000000000000000000000000000000000000000000000000000000000000")
        C_ARD_NUM_CE_ARRAY = (16)
        C_SPLB_P2P = 0
        C_BUS2CORE_CLK_RATIO = 1
        C_INCLUDE_DPHASE_TIMER = 1
        C_SPLB_MID_WIDTH = 3
        C_SPLB_NUM_MASTERS = 8
        C_SPLB_AWIDTH = 32
        C_SPLB_DWIDTH = 128
        C_SIPIF_DWIDTH = 32
        C_FAMILY = "virtex5"
WARNING:Xst:647 - Input <PLB_MSize<0:1>> is never used. This port will be preserved and left unconnected if it belongs to a top-level block or it belongs to a sub-block and the hierarchy of this sub-block is preserved.
WARNING:Xst:647 - Input <PLB_wrDBus<32:127>> is never used. This port will be preserved and left unconnected if it belongs to a top-level block or it belongs to a sub-block and the hierarchy of this sub-block is preserved.
WARNING:Xst:647 - Input <PLB_wrPendPri<0:1>> is never used. This port will be preserved and left unconnected if it belongs to a top-level block or it belongs to a sub-block and the hierarchy of this sub-block is preserved.
WARNING:Xst:647 - Input <PLB_rdPendPri<0:1>> is never used. This port will be preserved and left unconnected if it belongs to a top-level block or it belongs to a sub-block and the hierarchy of this sub-block is preserved.
WARNING:Xst:647 - Input <PLB_reqPri<0:1>> is never used. This port will be preserved and left unconnected if it belongs to a top-level block or it belongs to a sub-block and the hierarchy of this sub-block is preserved.
WARNING:Xst:647 - Input <PLB_TAttribute<0:15>> is never used. This port will be preserved and left unconnected if it belongs to a top-level block or it belongs to a sub-block and the hierarchy of this sub-block is preserved.
WARNING:Xst:647 - Input <PLB_SAValid> is never used. This port will be preserved and left unconnected if it belongs to a top-level block or it belongs to a sub-block and the hierarchy of this sub-block is preserved.
WARNING:Xst:647 - Input <PLB_rdPrim> is never used. This port will be preserved and left unconnected if it belongs to a top-level block or it belongs to a sub-block and the hierarchy of this sub-block is preserved.
WARNING:Xst:647 - Input <PLB_wrPrim> is never used. This port will be preserved and left unconnected if it belongs to a top-level block or it belongs to a sub-block and the hierarchy of this sub-block is preserved.
WARNING:Xst:647 - Input <PLB_abort> is never used. This port will be preserved and left unconnected if it belongs to a top-level block or it belongs to a sub-block and the hierarchy of this sub-block is preserved.
WARNING:Xst:647 - Input <PLB_busLock> is never used. This port will be preserved and left unconnected if it belongs to a top-level block or it belongs to a sub-block and the hierarchy of this sub-block is preserved.
WARNING:Xst:647 - Input <PLB_lockErr> is never used. This port will be preserved and left unconnected if it belongs to a top-level block or it belongs to a sub-block and the hierarchy of this sub-block is preserved.
WARNING:Xst:647 - Input <PLB_wrBurst> is never used. This port will be preserved and left unconnected if it belongs to a top-level block or it belongs to a sub-block and the hierarchy of this sub-block is preserved.
WARNING:Xst:647 - Input <PLB_rdBurst> is never used. This port will be preserved and left unconnected if it belongs to a top-level block or it belongs to a sub-block and the hierarchy of this sub-block is preserved.
WARNING:Xst:647 - Input <PLB_wrPendReq> is never used. This port will be preserved and left unconnected if it belongs to a top-level block or it belongs to a sub-block and the hierarchy of this sub-block is preserved.
WARNING:Xst:647 - Input <PLB_rdPendReq> is never used. This port will be preserved and left unconnected if it belongs to a top-level block or it belongs to a sub-block and the hierarchy of this sub-block is preserved.
    Found 4-bit 4-to-1 multiplexer for signal <plb_be_muxed> created at line 524.
    Summary:
	inferred   1 Multiplexer(s).
Unit <plbv46_slave_single> synthesized.

Synthesizing Unit <plb_slave_attachment>.
    Related source file is "/xilinx/12.2/ise_ds/edk/hw/xilinxprocessoriplib/pcores/plbv46_slave_single_v1_01_a/hdl/vhdl/plb_slave_attachment.vhd".
        C_ARD_ADDR_RANGE_ARRAY = ("0000000000000000000000000000000011111111111111111111111111111111","0000000000000000000000000000000000000000000000000000000000000000")
        C_ARD_NUM_CE_ARRAY = (16)
        C_PLB_NUM_MASTERS = 8
        C_PLB_MID_WIDTH = 3
        C_SPLB_P2P = 0
        C_BUS2CORE_CLK_RATIO = 1
        C_IPIF_ABUS_WIDTH = 32
        C_IPIF_DBUS_WIDTH = 32
        C_DPHASE_TIMEOUT = 128
        C_INCLUDE_DPHASE_TIMER = 1
        C_FAMILY = "virtex5"
WARNING:Xst:647 - Input <PLB_UABus<0:31>> is never used. This port will be preserved and left unconnected if it belongs to a top-level block or it belongs to a sub-block and the hierarchy of this sub-block is preserved.
INFO:Xst:3010 - "/xilinx/12.2/ise_ds/edk/hw/xilinxprocessoriplib/pcores/plbv46_slave_single_v1_01_a/hdl/vhdl/plb_slave_attachment.vhd" line 1201: Output port <Count_Out> of the instance <INCLUDE_DATA_PHASE_WDT.I_DPTO_COUNTER> is unconnected or connected to loadless signal.
    Register <sl_rdcomp_i> equivalent to <rd_clear_sl_busy> has been removed
    Register <sl_rddack_i> equivalent to <rd_clear_sl_busy> has been removed
    Register <wr_clear_sl_busy> equivalent to <sl_wrdack_i> has been removed
    Register <sl_wrcomp_i> equivalent to <sl_wrdack_i> has been removed
    Register <set_sl_busy> equivalent to <sl_addrack_i> has been removed
    Found 32-bit register for signal <plb_wrdbus_reg>.
    Found 3-bit register for signal <plb_masterid_reg>.
    Found 1-bit register for signal <plb_rnw_reg>.
    Found 4-bit register for signal <plb_size_reg>.
    Found 3-bit register for signal <plb_type_reg>.
    Found 1-bit register for signal <plb_pavalid_reg>.
    Found 32-bit register for signal <plb_abus_reg>.
    Found 1-bit register for signal <GEN_FOR_SHARED.addr_cntl_cs>.
    Found 1-bit register for signal <sl_addrack_i>.
    Found 1-bit register for signal <sl_rearbitrate_i>.
    Found 1-bit register for signal <addr_cycle_flush>.
    Found 32-bit register for signal <master_id>.
    Found 1-bit register for signal <sl_busy>.
    Found 8-bit register for signal <sl_mbusy_i>.
    Found 8-bit register for signal <sl_mrderr_i>.
    Found 8-bit register for signal <sl_mwrerr_i>.
    Found 1-bit register for signal <sl_wrdack_i>.
    Found 1-bit register for signal <rd_clear_sl_busy>.
    Found 32-bit register for signal <sl_rddbus_i>.
    Found 1-bit register for signal <bus2ip_rnw_i>.
    Found 4-bit register for signal <bus2ip_be_i>.
    Found 32-bit register for signal <bus2ip_addr_i>.
    Found 1-bit register for signal <data_timeout>.
    Found 4-bit register for signal <plb_be_reg>.
    Summary:
	inferred 213 D-type flip-flop(s).
	inferred  36 Multiplexer(s).
Unit <plb_slave_attachment> synthesized.

Synthesizing Unit <plb_address_decoder>.
    Related source file is "/xilinx/12.2/ise_ds/edk/hw/xilinxprocessoriplib/pcores/plbv46_slave_single_v1_01_a/hdl/vhdl/plb_address_decoder.vhd".
        C_BUS_AWIDTH = 32
        C_ARD_ADDR_RANGE_ARRAY = ("0000000000000000000000000000000011111111111111111111111111111111","0000000000000000000000000000000000000000000000000000000000000000")
        C_ARD_NUM_CE_ARRAY = (16)
        C_SPLB_P2P = 0
        C_FAMILY = "nofamily"
WARNING:Xst:647 - Input <Address_In_Erly<0:31>> is never used. This port will be preserved and left unconnected if it belongs to a top-level block or it belongs to a sub-block and the hierarchy of this sub-block is preserved.
WARNING:Xst:647 - Input <Address_Valid_Erly> is never used. This port will be preserved and left unconnected if it belongs to a top-level block or it belongs to a sub-block and the hierarchy of this sub-block is preserved.
WARNING:Xst:647 - Input <Bus_RNW_Erly> is never used. This port will be preserved and left unconnected if it belongs to a top-level block or it belongs to a sub-block and the hierarchy of this sub-block is preserved.
    Found 6-bit register for signal <addr_out_s_h>.
    Found 1-bit register for signal <MEM_DECODE_GEN[0].GEN_PLB_SHARED.cs_out_s_h>.
    Found 1-bit register for signal <cs_out_i>.
    Found 1-bit register for signal <decode_hit_reg>.
    Found 1-bit register for signal <rdce_out_i<0>>.
    Found 1-bit register for signal <wrce_out_i<0>>.
    Found 1-bit register for signal <rdce_out_i<1>>.
    Found 1-bit register for signal <wrce_out_i<1>>.
    Found 1-bit register for signal <rdce_out_i<2>>.
    Found 1-bit register for signal <wrce_out_i<2>>.
    Found 1-bit register for signal <rdce_out_i<3>>.
    Found 1-bit register for signal <wrce_out_i<3>>.
    Found 1-bit register for signal <rdce_out_i<4>>.
    Found 1-bit register for signal <wrce_out_i<4>>.
    Found 1-bit register for signal <rdce_out_i<5>>.
    Found 1-bit register for signal <wrce_out_i<5>>.
    Found 1-bit register for signal <rdce_out_i<6>>.
    Found 1-bit register for signal <wrce_out_i<6>>.
    Found 1-bit register for signal <rdce_out_i<7>>.
    Found 1-bit register for signal <wrce_out_i<7>>.
    Found 1-bit register for signal <rdce_out_i<8>>.
    Found 1-bit register for signal <wrce_out_i<8>>.
    Found 1-bit register for signal <rdce_out_i<9>>.
    Found 1-bit register for signal <wrce_out_i<9>>.
    Found 1-bit register for signal <rdce_out_i<10>>.
    Found 1-bit register for signal <wrce_out_i<10>>.
    Found 1-bit register for signal <rdce_out_i<11>>.
    Found 1-bit register for signal <wrce_out_i<11>>.
    Found 1-bit register for signal <rdce_out_i<12>>.
    Found 1-bit register for signal <wrce_out_i<12>>.
    Found 1-bit register for signal <rdce_out_i<13>>.
    Found 1-bit register for signal <wrce_out_i<13>>.
    Found 1-bit register for signal <rdce_out_i<14>>.
    Found 1-bit register for signal <wrce_out_i<14>>.
    Found 1-bit register for signal <rdce_out_i<15>>.
    Found 1-bit register for signal <wrce_out_i<15>>.
    Found 1-bit register for signal <rnw_s_h>.
    Summary:
	inferred  42 D-type flip-flop(s).
Unit <plb_address_decoder> synthesized.

Synthesizing Unit <pselect_f_1>.
    Related source file is "/xilinx/12.2/ise_ds/edk/hw/xilinxprocessoriplib/pcores/proc_common_v3_00_a/hdl/vhdl/pselect_f.vhd".
        C_AB = 0
        C_AW = 32
        C_BAR = "11111111111111111111111111111111"
        C_FAMILY = "nofamily"
WARNING:Xst:647 - Input <A<0:31>> is never used. This port will be preserved and left unconnected if it belongs to a top-level block or it belongs to a sub-block and the hierarchy of this sub-block is preserved.
    Summary:
	no macro.
Unit <pselect_f_1> synthesized.

Synthesizing Unit <pselect_f_2>.
    Related source file is "/xilinx/12.2/ise_ds/edk/hw/xilinxprocessoriplib/pcores/proc_common_v3_00_a/hdl/vhdl/pselect_f.vhd".
        C_AB = 4
        C_AW = 4
        C_BAR = "0000"
        C_FAMILY = "nofamily"
    Summary:
	inferred   1 Multiplexer(s).
Unit <pselect_f_2> synthesized.

Synthesizing Unit <pselect_f_3>.
    Related source file is "/xilinx/12.2/ise_ds/edk/hw/xilinxprocessoriplib/pcores/proc_common_v3_00_a/hdl/vhdl/pselect_f.vhd".
        C_AB = 4
        C_AW = 4
        C_BAR = "0001"
        C_FAMILY = "nofamily"
    Summary:
	inferred   1 Multiplexer(s).
Unit <pselect_f_3> synthesized.

Synthesizing Unit <pselect_f_4>.
    Related source file is "/xilinx/12.2/ise_ds/edk/hw/xilinxprocessoriplib/pcores/proc_common_v3_00_a/hdl/vhdl/pselect_f.vhd".
        C_AB = 4
        C_AW = 4
        C_BAR = "0010"
        C_FAMILY = "nofamily"
    Summary:
	inferred   1 Multiplexer(s).
Unit <pselect_f_4> synthesized.

Synthesizing Unit <pselect_f_5>.
    Related source file is "/xilinx/12.2/ise_ds/edk/hw/xilinxprocessoriplib/pcores/proc_common_v3_00_a/hdl/vhdl/pselect_f.vhd".
        C_AB = 4
        C_AW = 4
        C_BAR = "0011"
        C_FAMILY = "nofamily"
    Summary:
	inferred   1 Multiplexer(s).
Unit <pselect_f_5> synthesized.

Synthesizing Unit <pselect_f_6>.
    Related source file is "/xilinx/12.2/ise_ds/edk/hw/xilinxprocessoriplib/pcores/proc_common_v3_00_a/hdl/vhdl/pselect_f.vhd".
        C_AB = 4
        C_AW = 4
        C_BAR = "0100"
        C_FAMILY = "nofamily"
    Summary:
	inferred   1 Multiplexer(s).
Unit <pselect_f_6> synthesized.

Synthesizing Unit <pselect_f_7>.
    Related source file is "/xilinx/12.2/ise_ds/edk/hw/xilinxprocessoriplib/pcores/proc_common_v3_00_a/hdl/vhdl/pselect_f.vhd".
        C_AB = 4
        C_AW = 4
        C_BAR = "0101"
        C_FAMILY = "nofamily"
    Summary:
	inferred   1 Multiplexer(s).
Unit <pselect_f_7> synthesized.

Synthesizing Unit <pselect_f_8>.
    Related source file is "/xilinx/12.2/ise_ds/edk/hw/xilinxprocessoriplib/pcores/proc_common_v3_00_a/hdl/vhdl/pselect_f.vhd".
        C_AB = 4
        C_AW = 4
        C_BAR = "0110"
        C_FAMILY = "nofamily"
    Summary:
	inferred   1 Multiplexer(s).
Unit <pselect_f_8> synthesized.

Synthesizing Unit <pselect_f_9>.
    Related source file is "/xilinx/12.2/ise_ds/edk/hw/xilinxprocessoriplib/pcores/proc_common_v3_00_a/hdl/vhdl/pselect_f.vhd".
        C_AB = 4
        C_AW = 4
        C_BAR = "0111"
        C_FAMILY = "nofamily"
    Summary:
	inferred   1 Multiplexer(s).
Unit <pselect_f_9> synthesized.

Synthesizing Unit <pselect_f_10>.
    Related source file is "/xilinx/12.2/ise_ds/edk/hw/xilinxprocessoriplib/pcores/proc_common_v3_00_a/hdl/vhdl/pselect_f.vhd".
        C_AB = 4
        C_AW = 4
        C_BAR = "1000"
        C_FAMILY = "nofamily"
    Summary:
	inferred   1 Multiplexer(s).
Unit <pselect_f_10> synthesized.

Synthesizing Unit <pselect_f_11>.
    Related source file is "/xilinx/12.2/ise_ds/edk/hw/xilinxprocessoriplib/pcores/proc_common_v3_00_a/hdl/vhdl/pselect_f.vhd".
        C_AB = 4
        C_AW = 4
        C_BAR = "1001"
        C_FAMILY = "nofamily"
    Summary:
	inferred   1 Multiplexer(s).
Unit <pselect_f_11> synthesized.

Synthesizing Unit <pselect_f_12>.
    Related source file is "/xilinx/12.2/ise_ds/edk/hw/xilinxprocessoriplib/pcores/proc_common_v3_00_a/hdl/vhdl/pselect_f.vhd".
        C_AB = 4
        C_AW = 4
        C_BAR = "1010"
        C_FAMILY = "nofamily"
    Summary:
	inferred   1 Multiplexer(s).
Unit <pselect_f_12> synthesized.

Synthesizing Unit <pselect_f_13>.
    Related source file is "/xilinx/12.2/ise_ds/edk/hw/xilinxprocessoriplib/pcores/proc_common_v3_00_a/hdl/vhdl/pselect_f.vhd".
        C_AB = 4
        C_AW = 4
        C_BAR = "1011"
        C_FAMILY = "nofamily"
    Summary:
	inferred   1 Multiplexer(s).
Unit <pselect_f_13> synthesized.

Synthesizing Unit <pselect_f_14>.
    Related source file is "/xilinx/12.2/ise_ds/edk/hw/xilinxprocessoriplib/pcores/proc_common_v3_00_a/hdl/vhdl/pselect_f.vhd".
        C_AB = 4
        C_AW = 4
        C_BAR = "1100"
        C_FAMILY = "nofamily"
    Summary:
	inferred   1 Multiplexer(s).
Unit <pselect_f_14> synthesized.

Synthesizing Unit <pselect_f_15>.
    Related source file is "/xilinx/12.2/ise_ds/edk/hw/xilinxprocessoriplib/pcores/proc_common_v3_00_a/hdl/vhdl/pselect_f.vhd".
        C_AB = 4
        C_AW = 4
        C_BAR = "1101"
        C_FAMILY = "nofamily"
    Summary:
	inferred   1 Multiplexer(s).
Unit <pselect_f_15> synthesized.

Synthesizing Unit <pselect_f_16>.
    Related source file is "/xilinx/12.2/ise_ds/edk/hw/xilinxprocessoriplib/pcores/proc_common_v3_00_a/hdl/vhdl/pselect_f.vhd".
        C_AB = 4
        C_AW = 4
        C_BAR = "1110"
        C_FAMILY = "nofamily"
    Summary:
	inferred   1 Multiplexer(s).
Unit <pselect_f_16> synthesized.

Synthesizing Unit <pselect_f_17>.
    Related source file is "/xilinx/12.2/ise_ds/edk/hw/xilinxprocessoriplib/pcores/proc_common_v3_00_a/hdl/vhdl/pselect_f.vhd".
        C_AB = 4
        C_AW = 4
        C_BAR = "1111"
        C_FAMILY = "nofamily"
    Summary:
	inferred   1 Multiplexer(s).
Unit <pselect_f_17> synthesized.

Synthesizing Unit <or_gate128>.
    Related source file is "/xilinx/12.2/ise_ds/edk/hw/xilinxprocessoriplib/pcores/proc_common_v3_00_a/hdl/vhdl/or_gate128.vhd".
        C_OR_WIDTH = 1
        C_BUS_WIDTH = 1
        C_USE_LUT_OR = false
    Summary:
	no macro.
Unit <or_gate128> synthesized.

Synthesizing Unit <or_muxcy>.
    Related source file is "/xilinx/12.2/ise_ds/edk/hw/xilinxprocessoriplib/pcores/proc_common_v3_00_a/hdl/vhdl/or_muxcy.vhd".
        C_NUM_BITS = 1
    Summary:
	no macro.
Unit <or_muxcy> synthesized.

Synthesizing Unit <counter_f>.
    Related source file is "/xilinx/12.2/ise_ds/edk/hw/xilinxprocessoriplib/pcores/proc_common_v3_00_a/hdl/vhdl/counter_f.vhd".
        C_NUM_BITS = 8
        C_FAMILY = "nofamily"
    Found 9-bit register for signal <INFERRED_GEN.icount_out>.
    Found 9-bit subtractor for signal <INFERRED_GEN.icount_out[8]_GND_34_o_mux_5_OUT>.
    Summary:
	inferred   1 Adder/Subtractor(s).
	inferred   9 D-type flip-flop(s).
Unit <counter_f> synthesized.

Synthesizing Unit <user_logic>.
    Related source file is "/download/atlys/atlys_12_2_revc_bist/pcores/quad_spi_if_v1_00_a/hdl/vhdl/user_logic.vhd".
WARNING:Xst:37 - Detected unknown constraint/property "sigis". This constraint/property is not supported by the current software release and will be ignored.
WARNING:Xst:37 - Detected unknown constraint/property "sigis". This constraint/property is not supported by the current software release and will be ignored.
        C_SLV_DWIDTH = 32
        C_NUM_REG = 10
WARNING:Xst:37 - Detected unknown constraint/property "sigis". This constraint/property is not supported by the current software release and will be ignored.
WARNING:Xst:37 - Detected unknown constraint/property "sigis". This constraint/property is not supported by the current software release and will be ignored.
    Found 32-bit register for signal <STATUS_REG>.
    Found 32-bit register for signal <OCCUPANCY_RXFIFO_REG>.
    Found 32-bit register for signal <OCCUPANCY_TXFIFO_REG>.
    Found 32-bit register for signal <CONTROL_CYCLE_REG>.
    Found 32-bit register for signal <DATA_IN_REG>.
    Found 32-bit register for signal <DATA_OUT_REG>.
    Found 32-bit register for signal <CONTROL_FIFO_REG>.
    Found 32-bit register for signal <MODES_REG>.
    Found 32-bit register for signal <slv_reg9>.
    Found 32-bit register for signal <RESET_REG>.
    Summary:
	inferred 320 D-type flip-flop(s).
	inferred 193 Multiplexer(s).
Unit <user_logic> synthesized.

=========================================================================
HDL Synthesis Report

Macro Statistics
# Adders/Subtractors                                   : 1
 9-bit subtractor                                      : 1
# Registers                                            : 42
 1-bit register                                        : 15
 16-bit register                                       : 2
 3-bit register                                        : 2
 32-bit register                                       : 15
 4-bit register                                        : 3
 6-bit register                                        : 1
 8-bit register                                        : 3
 9-bit register                                        : 1
# Multiplexers                                         : 246
 1-bit 2-to-1 multiplexer                              : 237
 32-bit 2-to-1 multiplexer                             : 1
 4-bit 4-to-1 multiplexer                              : 1
 8-bit 2-to-1 multiplexer                              : 7

=========================================================================

=========================================================================
*                       Advanced HDL Synthesis                          *
=========================================================================

INFO:Xst:2261 - The FF/Latch <STATUS_REG_26> in Unit <USER_LOGIC_I> is equivalent to the following 94 FFs/Latches, which will be removed : <STATUS_REG_25> <STATUS_REG_24> <STATUS_REG_23> <STATUS_REG_22> <STATUS_REG_21> <STATUS_REG_20> <STATUS_REG_19> <STATUS_REG_18> <STATUS_REG_17> <STATUS_REG_16> <STATUS_REG_15> <STATUS_REG_14> <STATUS_REG_13> <STATUS_REG_12> <STATUS_REG_11> <STATUS_REG_10> <STATUS_REG_9> <STATUS_REG_8> <STATUS_REG_7> <STATUS_REG_6> <STATUS_REG_5> <STATUS_REG_4> <STATUS_REG_3> <STATUS_REG_2> <OCCUPANCY_RXFIFO_REG_22> <OCCUPANCY_RXFIFO_REG_21> <OCCUPANCY_RXFIFO_REG_20> <OCCUPANCY_RXFIFO_REG_19> <OCCUPANCY_RXFIFO_REG_18> <OCCUPANCY_RXFIFO_REG_17> <OCCUPANCY_RXFIFO_REG_16> <OCCUPANCY_RXFIFO_REG_15> <OCCUPANCY_RXFIFO_REG_14> <OCCUPANCY_RXFIFO_REG_13> <OCCUPANCY_RXFIFO_REG_12> <OCCUPANCY_RXFIFO_REG_11> <OCCUPANCY_RXFIFO_REG_10> <OCCUPANCY_RXFIFO_REG_9> <OCCUPANCY_RXFIFO_REG_8> <OCCUPANCY_RXFIFO_REG_7> <OCCUPANCY_RXFIFO_REG_6> <OCCUPANCY_RXFIFO_REG_5> <OCCUPANCY_RXFIFO_REG_4>
   <OCCUPANCY_RXFIFO_REG_3> <OCCUPANCY_RXFIFO_REG_2> <OCCUPANCY_RXFIFO_REG_1> <OCCUPANCY_RXFIFO_REG_0> <OCCUPANCY_TXFIFO_REG_22> <OCCUPANCY_TXFIFO_REG_21> <OCCUPANCY_TXFIFO_REG_20> <OCCUPANCY_TXFIFO_REG_19> <OCCUPANCY_TXFIFO_REG_18> <OCCUPANCY_TXFIFO_REG_17> <OCCUPANCY_TXFIFO_REG_16> <OCCUPANCY_TXFIFO_REG_15> <OCCUPANCY_TXFIFO_REG_14> <OCCUPANCY_TXFIFO_REG_13> <OCCUPANCY_TXFIFO_REG_12> <OCCUPANCY_TXFIFO_REG_11> <OCCUPANCY_TXFIFO_REG_10> <OCCUPANCY_TXFIFO_REG_9> <OCCUPANCY_TXFIFO_REG_8> <OCCUPANCY_TXFIFO_REG_7> <OCCUPANCY_TXFIFO_REG_6> <OCCUPANCY_TXFIFO_REG_5> <OCCUPANCY_TXFIFO_REG_4> <OCCUPANCY_TXFIFO_REG_3> <OCCUPANCY_TXFIFO_REG_2> <OCCUPANCY_TXFIFO_REG_1> <OCCUPANCY_TXFIFO_REG_0> <DATA_OUT_REG_23> <DATA_OUT_REG_22> <DATA_OUT_REG_21> <DATA_OUT_REG_20> <DATA_OUT_REG_19> <DATA_OUT_REG_18> <DATA_OUT_REG_17> <DATA_OUT_REG_16> <DATA_OUT_REG_15> <DATA_OUT_REG_14> <DATA_OUT_REG_13> <DATA_OUT_REG_12> <DATA_OUT_REG_11> <DATA_OUT_REG_10> <DATA_OUT_REG_9> <DATA_OUT_REG_8> <DATA_OUT_REG_7> <DATA_OUT_REG_6>
   <DATA_OUT_REG_5> <DATA_OUT_REG_4> <DATA_OUT_REG_3> <DATA_OUT_REG_2> <DATA_OUT_REG_1> <DATA_OUT_REG_0> 
INFO:Xst:2261 - The FF/Latch <master_id_3> in Unit <I_SLAVE_ATTACHMENT> is equivalent to the following 27 FFs/Latches, which will be removed : <master_id_4> <master_id_5> <master_id_6> <master_id_7> <master_id_8> <master_id_9> <master_id_10> <master_id_11> <master_id_12> <master_id_13> <master_id_14> <master_id_15> <master_id_16> <master_id_17> <master_id_18> <master_id_19> <master_id_20> <master_id_21> <master_id_22> <master_id_23> <master_id_24> <master_id_25> <master_id_26> <master_id_27> <master_id_28> <master_id_29> <master_id_30> 
INFO:Xst:2261 - The FF/Latch <GEN_FOR_SHARED.addr_cntl_cs> in Unit <I_SLAVE_ATTACHMENT> is equivalent to the following FF/Latch, which will be removed : <addr_cycle_flush> 
WARNING:Xst:1426 - The value init of the FF/Latch master_id_31 hinder the constant cleaning in the block I_SLAVE_ATTACHMENT.
   You should achieve better results by setting this init to 0.
WARNING:Xst:1710 - FF/Latch <STATUS_REG_26> (without init value) has a constant value of 0 in block <USER_LOGIC_I>. This FF/Latch will be trimmed during the optimization process.
WARNING:Xst:1293 - FF/Latch <master_id_3> has a constant value of 0 in block <I_SLAVE_ATTACHMENT>. This FF/Latch will be trimmed during the optimization process.
WARNING:Xst:2677 - Node <addr_out_s_h_5> of sequential type is unconnected in block <I_DECODER>.
WARNING:Xst:2677 - Node <addr_out_s_h_4> of sequential type is unconnected in block <I_DECODER>.
WARNING:Xst:2677 - Node <rdce_out_i_15> of sequential type is unconnected in block <I_DECODER>.
WARNING:Xst:2677 - Node <rdce_out_i_14> of sequential type is unconnected in block <I_DECODER>.
WARNING:Xst:2677 - Node <rdce_out_i_13> of sequential type is unconnected in block <I_DECODER>.
WARNING:Xst:2677 - Node <rdce_out_i_12> of sequential type is unconnected in block <I_DECODER>.
WARNING:Xst:2677 - Node <rdce_out_i_11> of sequential type is unconnected in block <I_DECODER>.
WARNING:Xst:2677 - Node <rdce_out_i_10> of sequential type is unconnected in block <I_DECODER>.
WARNING:Xst:2677 - Node <wrce_out_i_15> of sequential type is unconnected in block <I_DECODER>.
WARNING:Xst:2677 - Node <wrce_out_i_14> of sequential type is unconnected in block <I_DECODER>.
WARNING:Xst:2677 - Node <wrce_out_i_13> of sequential type is unconnected in block <I_DECODER>.
WARNING:Xst:2677 - Node <wrce_out_i_12> of sequential type is unconnected in block <I_DECODER>.
WARNING:Xst:2677 - Node <wrce_out_i_11> of sequential type is unconnected in block <I_DECODER>.
WARNING:Xst:2677 - Node <wrce_out_i_10> of sequential type is unconnected in block <I_DECODER>.
WARNING:Xst:2677 - Node <plb_abus_reg_31> of sequential type is unconnected in block <I_SLAVE_ATTACHMENT>.
WARNING:Xst:2677 - Node <plb_abus_reg_30> of sequential type is unconnected in block <I_SLAVE_ATTACHMENT>.
WARNING:Xst:2677 - Node <plb_abus_reg_25> of sequential type is unconnected in block <I_SLAVE_ATTACHMENT>.
WARNING:Xst:2677 - Node <plb_abus_reg_24> of sequential type is unconnected in block <I_SLAVE_ATTACHMENT>.
WARNING:Xst:2677 - Node <plb_abus_reg_23> of sequential type is unconnected in block <I_SLAVE_ATTACHMENT>.
WARNING:Xst:2677 - Node <plb_abus_reg_22> of sequential type is unconnected in block <I_SLAVE_ATTACHMENT>.
WARNING:Xst:2677 - Node <plb_abus_reg_21> of sequential type is unconnected in block <I_SLAVE_ATTACHMENT>.
WARNING:Xst:2677 - Node <plb_abus_reg_20> of sequential type is unconnected in block <I_SLAVE_ATTACHMENT>.
WARNING:Xst:2677 - Node <plb_abus_reg_19> of sequential type is unconnected in block <I_SLAVE_ATTACHMENT>.
WARNING:Xst:2677 - Node <plb_abus_reg_18> of sequential type is unconnected in block <I_SLAVE_ATTACHMENT>.
WARNING:Xst:2677 - Node <plb_abus_reg_17> of sequential type is unconnected in block <I_SLAVE_ATTACHMENT>.
WARNING:Xst:2677 - Node <plb_abus_reg_16> of sequential type is unconnected in block <I_SLAVE_ATTACHMENT>.
WARNING:Xst:2677 - Node <plb_abus_reg_15> of sequential type is unconnected in block <I_SLAVE_ATTACHMENT>.
WARNING:Xst:2677 - Node <plb_abus_reg_14> of sequential type is unconnected in block <I_SLAVE_ATTACHMENT>.
WARNING:Xst:2677 - Node <plb_abus_reg_13> of sequential type is unconnected in block <I_SLAVE_ATTACHMENT>.
WARNING:Xst:2677 - Node <plb_abus_reg_12> of sequential type is unconnected in block <I_SLAVE_ATTACHMENT>.
WARNING:Xst:2677 - Node <plb_abus_reg_11> of sequential type is unconnected in block <I_SLAVE_ATTACHMENT>.
WARNING:Xst:2677 - Node <plb_abus_reg_10> of sequential type is unconnected in block <I_SLAVE_ATTACHMENT>.
WARNING:Xst:2677 - Node <plb_abus_reg_9> of sequential type is unconnected in block <I_SLAVE_ATTACHMENT>.
WARNING:Xst:2677 - Node <plb_abus_reg_8> of sequential type is unconnected in block <I_SLAVE_ATTACHMENT>.
WARNING:Xst:2677 - Node <plb_abus_reg_7> of sequential type is unconnected in block <I_SLAVE_ATTACHMENT>.
WARNING:Xst:2677 - Node <plb_abus_reg_6> of sequential type is unconnected in block <I_SLAVE_ATTACHMENT>.
WARNING:Xst:2677 - Node <plb_abus_reg_5> of sequential type is unconnected in block <I_SLAVE_ATTACHMENT>.
WARNING:Xst:2677 - Node <plb_abus_reg_4> of sequential type is unconnected in block <I_SLAVE_ATTACHMENT>.
WARNING:Xst:2677 - Node <plb_abus_reg_3> of sequential type is unconnected in block <I_SLAVE_ATTACHMENT>.
WARNING:Xst:2677 - Node <plb_abus_reg_2> of sequential type is unconnected in block <I_SLAVE_ATTACHMENT>.
WARNING:Xst:2677 - Node <plb_abus_reg_1> of sequential type is unconnected in block <I_SLAVE_ATTACHMENT>.
WARNING:Xst:2677 - Node <plb_abus_reg_0> of sequential type is unconnected in block <I_SLAVE_ATTACHMENT>.
WARNING:Xst:2404 -  FFs/Latches <OCCUPANCY_RXFIFO_REG<0:8>> (without init value) have a constant value of 0 in block <user_logic>.
WARNING:Xst:2404 -  FFs/Latches <OCCUPANCY_TXFIFO_REG<0:8>> (without init value) have a constant value of 0 in block <user_logic>.
WARNING:Xst:2404 -  FFs/Latches <DATA_OUT_REG<0:7>> (without init value) have a constant value of 0 in block <user_logic>.
WARNING:Xst:2677 - Node <addr_out_s_h_5> of sequential type is unconnected in block <plb_address_decoder>.
WARNING:Xst:2677 - Node <addr_out_s_h_4> of sequential type is unconnected in block <plb_address_decoder>.

=========================================================================
Advanced HDL Synthesis Report

Macro Statistics
# Adders/Subtractors                                   : 1
 9-bit subtractor                                      : 1
# Registers                                            : 512
 Flip-Flops                                            : 512
# Multiplexers                                         : 230
 1-bit 2-to-1 multiplexer                              : 221
 32-bit 2-to-1 multiplexer                             : 1
 4-bit 4-to-1 multiplexer                              : 1
 8-bit 2-to-1 multiplexer                              : 7

=========================================================================

=========================================================================
*                         Low Level Synthesis                           *
=========================================================================
WARNING:Xst:1710 - FF/Latch <STATUS_REG_2> (without init value) has a constant value of 0 in block <user_logic>. This FF/Latch will be trimmed during the optimization process.
WARNING:Xst:1895 - Due to other FF/Latch trimming, FF/Latch <STATUS_REG_3> (without init value) has a constant value of 0 in block <user_logic>. This FF/Latch will be trimmed during the optimization process.
WARNING:Xst:1895 - Due to other FF/Latch trimming, FF/Latch <STATUS_REG_4> (without init value) has a constant value of 0 in block <user_logic>. This FF/Latch will be trimmed during the optimization process.
WARNING:Xst:1895 - Due to other FF/Latch trimming, FF/Latch <STATUS_REG_5> (without init value) has a constant value of 0 in block <user_logic>. This FF/Latch will be trimmed during the optimization process.
WARNING:Xst:1895 - Due to other FF/Latch trimming, FF/Latch <STATUS_REG_6> (without init value) has a constant value of 0 in block <user_logic>. This FF/Latch will be trimmed during the optimization process.
WARNING:Xst:1895 - Due to other FF/Latch trimming, FF/Latch <STATUS_REG_7> (without init value) has a constant value of 0 in block <user_logic>. This FF/Latch will be trimmed during the optimization process.
WARNING:Xst:1895 - Due to other FF/Latch trimming, FF/Latch <STATUS_REG_8> (without init value) has a constant value of 0 in block <user_logic>. This FF/Latch will be trimmed during the optimization process.
WARNING:Xst:1895 - Due to other FF/Latch trimming, FF/Latch <STATUS_REG_9> (without init value) has a constant value of 0 in block <user_logic>. This FF/Latch will be trimmed during the optimization process.
WARNING:Xst:1895 - Due to other FF/Latch trimming, FF/Latch <STATUS_REG_10> (without init value) has a constant value of 0 in block <user_logic>. This FF/Latch will be trimmed during the optimization process.
WARNING:Xst:1895 - Due to other FF/Latch trimming, FF/Latch <STATUS_REG_11> (without init value) has a constant value of 0 in block <user_logic>. This FF/Latch will be trimmed during the optimization process.
WARNING:Xst:1895 - Due to other FF/Latch trimming, FF/Latch <STATUS_REG_12> (without init value) has a constant value of 0 in block <user_logic>. This FF/Latch will be trimmed during the optimization process.
WARNING:Xst:1895 - Due to other FF/Latch trimming, FF/Latch <STATUS_REG_13> (without init value) has a constant value of 0 in block <user_logic>. This FF/Latch will be trimmed during the optimization process.
WARNING:Xst:1895 - Due to other FF/Latch trimming, FF/Latch <STATUS_REG_14> (without init value) has a constant value of 0 in block <user_logic>. This FF/Latch will be trimmed during the optimization process.
WARNING:Xst:1895 - Due to other FF/Latch trimming, FF/Latch <STATUS_REG_15> (without init value) has a constant value of 0 in block <user_logic>. This FF/Latch will be trimmed during the optimization process.
WARNING:Xst:1895 - Due to other FF/Latch trimming, FF/Latch <STATUS_REG_16> (without init value) has a constant value of 0 in block <user_logic>. This FF/Latch will be trimmed during the optimization process.
WARNING:Xst:1895 - Due to other FF/Latch trimming, FF/Latch <STATUS_REG_17> (without init value) has a constant value of 0 in block <user_logic>. This FF/Latch will be trimmed during the optimization process.
WARNING:Xst:1895 - Due to other FF/Latch trimming, FF/Latch <STATUS_REG_18> (without init value) has a constant value of 0 in block <user_logic>. This FF/Latch will be trimmed during the optimization process.
WARNING:Xst:1895 - Due to other FF/Latch trimming, FF/Latch <STATUS_REG_19> (without init value) has a constant value of 0 in block <user_logic>. This FF/Latch will be trimmed during the optimization process.
WARNING:Xst:1895 - Due to other FF/Latch trimming, FF/Latch <STATUS_REG_20> (without init value) has a constant value of 0 in block <user_logic>. This FF/Latch will be trimmed during the optimization process.
WARNING:Xst:1895 - Due to other FF/Latch trimming, FF/Latch <STATUS_REG_21> (without init value) has a constant value of 0 in block <user_logic>. This FF/Latch will be trimmed during the optimization process.
WARNING:Xst:1895 - Due to other FF/Latch trimming, FF/Latch <STATUS_REG_22> (without init value) has a constant value of 0 in block <user_logic>. This FF/Latch will be trimmed during the optimization process.
WARNING:Xst:1895 - Due to other FF/Latch trimming, FF/Latch <STATUS_REG_23> (without init value) has a constant value of 0 in block <user_logic>. This FF/Latch will be trimmed during the optimization process.
WARNING:Xst:1895 - Due to other FF/Latch trimming, FF/Latch <STATUS_REG_24> (without init value) has a constant value of 0 in block <user_logic>. This FF/Latch will be trimmed during the optimization process.
WARNING:Xst:1895 - Due to other FF/Latch trimming, FF/Latch <STATUS_REG_25> (without init value) has a constant value of 0 in block <user_logic>. This FF/Latch will be trimmed during the optimization process.
WARNING:Xst:1895 - Due to other FF/Latch trimming, FF/Latch <STATUS_REG_26> (without init value) has a constant value of 0 in block <user_logic>. This FF/Latch will be trimmed during the optimization process.
WARNING:Xst:1426 - The value init of the FF/Latch master_id_31 hinder the constant cleaning in the block plb_slave_attachment.
   You should achieve better results by setting this init to 0.
WARNING:Xst:1293 - FF/Latch <master_id_30> has a constant value of 0 in block <plb_slave_attachment>. This FF/Latch will be trimmed during the optimization process.
WARNING:Xst:1896 - Due to other FF/Latch trimming, FF/Latch <master_id_29> has a constant value of 0 in block <plb_slave_attachment>. This FF/Latch will be trimmed during the optimization process.
WARNING:Xst:1896 - Due to other FF/Latch trimming, FF/Latch <master_id_28> has a constant value of 0 in block <plb_slave_attachment>. This FF/Latch will be trimmed during the optimization process.
WARNING:Xst:1896 - Due to other FF/Latch trimming, FF/Latch <master_id_27> has a constant value of 0 in block <plb_slave_attachment>. This FF/Latch will be trimmed during the optimization process.
WARNING:Xst:1896 - Due to other FF/Latch trimming, FF/Latch <master_id_26> has a constant value of 0 in block <plb_slave_attachment>. This FF/Latch will be trimmed during the optimization process.
WARNING:Xst:1896 - Due to other FF/Latch trimming, FF/Latch <master_id_25> has a constant value of 0 in block <plb_slave_attachment>. This FF/Latch will be trimmed during the optimization process.
WARNING:Xst:1896 - Due to other FF/Latch trimming, FF/Latch <master_id_24> has a constant value of 0 in block <plb_slave_attachment>. This FF/Latch will be trimmed during the optimization process.
WARNING:Xst:1896 - Due to other FF/Latch trimming, FF/Latch <master_id_23> has a constant value of 0 in block <plb_slave_attachment>. This FF/Latch will be trimmed during the optimization process.
WARNING:Xst:1896 - Due to other FF/Latch trimming, FF/Latch <master_id_22> has a constant value of 0 in block <plb_slave_attachment>. This FF/Latch will be trimmed during the optimization process.
WARNING:Xst:1896 - Due to other FF/Latch trimming, FF/Latch <master_id_21> has a constant value of 0 in block <plb_slave_attachment>. This FF/Latch will be trimmed during the optimization process.
WARNING:Xst:1896 - Due to other FF/Latch trimming, FF/Latch <master_id_20> has a constant value of 0 in block <plb_slave_attachment>. This FF/Latch will be trimmed during the optimization process.
WARNING:Xst:1896 - Due to other FF/Latch trimming, FF/Latch <master_id_19> has a constant value of 0 in block <plb_slave_attachment>. This FF/Latch will be trimmed during the optimization process.
WARNING:Xst:1896 - Due to other FF/Latch trimming, FF/Latch <master_id_18> has a constant value of 0 in block <plb_slave_attachment>. This FF/Latch will be trimmed during the optimization process.
WARNING:Xst:1896 - Due to other FF/Latch trimming, FF/Latch <master_id_17> has a constant value of 0 in block <plb_slave_attachment>. This FF/Latch will be trimmed during the optimization process.
WARNING:Xst:1896 - Due to other FF/Latch trimming, FF/Latch <master_id_16> has a constant value of 0 in block <plb_slave_attachment>. This FF/Latch will be trimmed during the optimization process.
WARNING:Xst:1896 - Due to other FF/Latch trimming, FF/Latch <master_id_15> has a constant value of 0 in block <plb_slave_attachment>. This FF/Latch will be trimmed during the optimization process.
WARNING:Xst:1896 - Due to other FF/Latch trimming, FF/Latch <master_id_14> has a constant value of 0 in block <plb_slave_attachment>. This FF/Latch will be trimmed during the optimization process.
WARNING:Xst:1896 - Due to other FF/Latch trimming, FF/Latch <master_id_13> has a constant value of 0 in block <plb_slave_attachment>. This FF/Latch will be trimmed during the optimization process.
WARNING:Xst:1896 - Due to other FF/Latch trimming, FF/Latch <master_id_12> has a constant value of 0 in block <plb_slave_attachment>. This FF/Latch will be trimmed during the optimization process.
WARNING:Xst:1896 - Due to other FF/Latch trimming, FF/Latch <master_id_11> has a constant value of 0 in block <plb_slave_attachment>. This FF/Latch will be trimmed during the optimization process.
WARNING:Xst:1896 - Due to other FF/Latch trimming, FF/Latch <master_id_10> has a constant value of 0 in block <plb_slave_attachment>. This FF/Latch will be trimmed during the optimization process.
WARNING:Xst:1896 - Due to other FF/Latch trimming, FF/Latch <master_id_9> has a constant value of 0 in block <plb_slave_attachment>. This FF/Latch will be trimmed during the optimization process.
WARNING:Xst:1896 - Due to other FF/Latch trimming, FF/Latch <master_id_8> has a constant value of 0 in block <plb_slave_attachment>. This FF/Latch will be trimmed during the optimization process.
WARNING:Xst:1896 - Due to other FF/Latch trimming, FF/Latch <master_id_7> has a constant value of 0 in block <plb_slave_attachment>. This FF/Latch will be trimmed during the optimization process.
WARNING:Xst:1896 - Due to other FF/Latch trimming, FF/Latch <master_id_6> has a constant value of 0 in block <plb_slave_attachment>. This FF/Latch will be trimmed during the optimization process.
WARNING:Xst:1896 - Due to other FF/Latch trimming, FF/Latch <master_id_5> has a constant value of 0 in block <plb_slave_attachment>. This FF/Latch will be trimmed during the optimization process.
WARNING:Xst:1896 - Due to other FF/Latch trimming, FF/Latch <master_id_4> has a constant value of 0 in block <plb_slave_attachment>. This FF/Latch will be trimmed during the optimization process.
WARNING:Xst:1896 - Due to other FF/Latch trimming, FF/Latch <master_id_3> has a constant value of 0 in block <plb_slave_attachment>. This FF/Latch will be trimmed during the optimization process.
INFO:Xst:2261 - The FF/Latch <GEN_FOR_SHARED.addr_cntl_cs> in Unit <plb_slave_attachment> is equivalent to the following FF/Latch, which will be removed : <addr_cycle_flush> 

Optimizing unit <quad_spi_if> ...

Optimizing unit <user_logic> ...

Optimizing unit <plb_slave_attachment> ...

Optimizing unit <plb_address_decoder> ...

Optimizing unit <counter_f> ...
WARNING:Xst:1710 - FF/Latch <PLBV46_SLAVE_SINGLE_I/I_SLAVE_ATTACHMENT/sl_mwrerr_i_0> (without init value) has a constant value of 0 in block <quad_spi_if>. This FF/Latch will be trimmed during the optimization process.
WARNING:Xst:1895 - Due to other FF/Latch trimming, FF/Latch <PLBV46_SLAVE_SINGLE_I/I_SLAVE_ATTACHMENT/sl_mwrerr_i_1> (without init value) has a constant value of 0 in block <quad_spi_if>. This FF/Latch will be trimmed during the optimization process.
WARNING:Xst:1895 - Due to other FF/Latch trimming, FF/Latch <PLBV46_SLAVE_SINGLE_I/I_SLAVE_ATTACHMENT/sl_mwrerr_i_2> (without init value) has a constant value of 0 in block <quad_spi_if>. This FF/Latch will be trimmed during the optimization process.
WARNING:Xst:1895 - Due to other FF/Latch trimming, FF/Latch <PLBV46_SLAVE_SINGLE_I/I_SLAVE_ATTACHMENT/sl_mwrerr_i_3> (without init value) has a constant value of 0 in block <quad_spi_if>. This FF/Latch will be trimmed during the optimization process.
WARNING:Xst:1895 - Due to other FF/Latch trimming, FF/Latch <PLBV46_SLAVE_SINGLE_I/I_SLAVE_ATTACHMENT/sl_mwrerr_i_4> (without init value) has a constant value of 0 in block <quad_spi_if>. This FF/Latch will be trimmed during the optimization process.
WARNING:Xst:1895 - Due to other FF/Latch trimming, FF/Latch <PLBV46_SLAVE_SINGLE_I/I_SLAVE_ATTACHMENT/sl_mwrerr_i_5> (without init value) has a constant value of 0 in block <quad_spi_if>. This FF/Latch will be trimmed during the optimization process.
WARNING:Xst:1895 - Due to other FF/Latch trimming, FF/Latch <PLBV46_SLAVE_SINGLE_I/I_SLAVE_ATTACHMENT/sl_mwrerr_i_6> (without init value) has a constant value of 0 in block <quad_spi_if>. This FF/Latch will be trimmed during the optimization process.
WARNING:Xst:1895 - Due to other FF/Latch trimming, FF/Latch <PLBV46_SLAVE_SINGLE_I/I_SLAVE_ATTACHMENT/sl_mwrerr_i_7> (without init value) has a constant value of 0 in block <quad_spi_if>. This FF/Latch will be trimmed during the optimization process.
WARNING:Xst:1895 - Due to other FF/Latch trimming, FF/Latch <PLBV46_SLAVE_SINGLE_I/I_SLAVE_ATTACHMENT/sl_mrderr_i_0> (without init value) has a constant value of 0 in block <quad_spi_if>. This FF/Latch will be trimmed during the optimization process.
WARNING:Xst:1895 - Due to other FF/Latch trimming, FF/Latch <PLBV46_SLAVE_SINGLE_I/I_SLAVE_ATTACHMENT/sl_mrderr_i_1> (without init value) has a constant value of 0 in block <quad_spi_if>. This FF/Latch will be trimmed during the optimization process.
WARNING:Xst:1895 - Due to other FF/Latch trimming, FF/Latch <PLBV46_SLAVE_SINGLE_I/I_SLAVE_ATTACHMENT/sl_mrderr_i_2> (without init value) has a constant value of 0 in block <quad_spi_if>. This FF/Latch will be trimmed during the optimization process.
WARNING:Xst:1895 - Due to other FF/Latch trimming, FF/Latch <PLBV46_SLAVE_SINGLE_I/I_SLAVE_ATTACHMENT/sl_mrderr_i_3> (without init value) has a constant value of 0 in block <quad_spi_if>. This FF/Latch will be trimmed during the optimization process.
WARNING:Xst:1895 - Due to other FF/Latch trimming, FF/Latch <PLBV46_SLAVE_SINGLE_I/I_SLAVE_ATTACHMENT/sl_mrderr_i_4> (without init value) has a constant value of 0 in block <quad_spi_if>. This FF/Latch will be trimmed during the optimization process.
WARNING:Xst:1895 - Due to other FF/Latch trimming, FF/Latch <PLBV46_SLAVE_SINGLE_I/I_SLAVE_ATTACHMENT/sl_mrderr_i_5> (without init value) has a constant value of 0 in block <quad_spi_if>. This FF/Latch will be trimmed during the optimization process.
WARNING:Xst:1895 - Due to other FF/Latch trimming, FF/Latch <PLBV46_SLAVE_SINGLE_I/I_SLAVE_ATTACHMENT/sl_mrderr_i_6> (without init value) has a constant value of 0 in block <quad_spi_if>. This FF/Latch will be trimmed during the optimization process.
WARNING:Xst:1895 - Due to other FF/Latch trimming, FF/Latch <PLBV46_SLAVE_SINGLE_I/I_SLAVE_ATTACHMENT/sl_mrderr_i_7> (without init value) has a constant value of 0 in block <quad_spi_if>. This FF/Latch will be trimmed during the optimization process.
WARNING:Xst:2677 - Node <PLBV46_SLAVE_SINGLE_I/I_SLAVE_ATTACHMENT/bus2ip_addr_i_0> of sequential type is unconnected in block <quad_spi_if>.
WARNING:Xst:2677 - Node <PLBV46_SLAVE_SINGLE_I/I_SLAVE_ATTACHMENT/bus2ip_addr_i_1> of sequential type is unconnected in block <quad_spi_if>.
WARNING:Xst:2677 - Node <PLBV46_SLAVE_SINGLE_I/I_SLAVE_ATTACHMENT/bus2ip_addr_i_2> of sequential type is unconnected in block <quad_spi_if>.
WARNING:Xst:2677 - Node <PLBV46_SLAVE_SINGLE_I/I_SLAVE_ATTACHMENT/bus2ip_addr_i_3> of sequential type is unconnected in block <quad_spi_if>.
WARNING:Xst:2677 - Node <PLBV46_SLAVE_SINGLE_I/I_SLAVE_ATTACHMENT/bus2ip_addr_i_4> of sequential type is unconnected in block <quad_spi_if>.
WARNING:Xst:2677 - Node <PLBV46_SLAVE_SINGLE_I/I_SLAVE_ATTACHMENT/bus2ip_addr_i_5> of sequential type is unconnected in block <quad_spi_if>.
WARNING:Xst:2677 - Node <PLBV46_SLAVE_SINGLE_I/I_SLAVE_ATTACHMENT/bus2ip_addr_i_6> of sequential type is unconnected in block <quad_spi_if>.
WARNING:Xst:2677 - Node <PLBV46_SLAVE_SINGLE_I/I_SLAVE_ATTACHMENT/bus2ip_addr_i_7> of sequential type is unconnected in block <quad_spi_if>.
WARNING:Xst:2677 - Node <PLBV46_SLAVE_SINGLE_I/I_SLAVE_ATTACHMENT/bus2ip_addr_i_8> of sequential type is unconnected in block <quad_spi_if>.
WARNING:Xst:2677 - Node <PLBV46_SLAVE_SINGLE_I/I_SLAVE_ATTACHMENT/bus2ip_addr_i_9> of sequential type is unconnected in block <quad_spi_if>.
WARNING:Xst:2677 - Node <PLBV46_SLAVE_SINGLE_I/I_SLAVE_ATTACHMENT/bus2ip_addr_i_10> of sequential type is unconnected in block <quad_spi_if>.
WARNING:Xst:2677 - Node <PLBV46_SLAVE_SINGLE_I/I_SLAVE_ATTACHMENT/bus2ip_addr_i_11> of sequential type is unconnected in block <quad_spi_if>.
WARNING:Xst:2677 - Node <PLBV46_SLAVE_SINGLE_I/I_SLAVE_ATTACHMENT/bus2ip_addr_i_12> of sequential type is unconnected in block <quad_spi_if>.
WARNING:Xst:2677 - Node <PLBV46_SLAVE_SINGLE_I/I_SLAVE_ATTACHMENT/bus2ip_addr_i_13> of sequential type is unconnected in block <quad_spi_if>.
WARNING:Xst:2677 - Node <PLBV46_SLAVE_SINGLE_I/I_SLAVE_ATTACHMENT/bus2ip_addr_i_14> of sequential type is unconnected in block <quad_spi_if>.
WARNING:Xst:2677 - Node <PLBV46_SLAVE_SINGLE_I/I_SLAVE_ATTACHMENT/bus2ip_addr_i_15> of sequential type is unconnected in block <quad_spi_if>.
WARNING:Xst:2677 - Node <PLBV46_SLAVE_SINGLE_I/I_SLAVE_ATTACHMENT/bus2ip_addr_i_16> of sequential type is unconnected in block <quad_spi_if>.
WARNING:Xst:2677 - Node <PLBV46_SLAVE_SINGLE_I/I_SLAVE_ATTACHMENT/bus2ip_addr_i_17> of sequential type is unconnected in block <quad_spi_if>.
WARNING:Xst:2677 - Node <PLBV46_SLAVE_SINGLE_I/I_SLAVE_ATTACHMENT/bus2ip_addr_i_18> of sequential type is unconnected in block <quad_spi_if>.
WARNING:Xst:2677 - Node <PLBV46_SLAVE_SINGLE_I/I_SLAVE_ATTACHMENT/bus2ip_addr_i_19> of sequential type is unconnected in block <quad_spi_if>.
WARNING:Xst:2677 - Node <PLBV46_SLAVE_SINGLE_I/I_SLAVE_ATTACHMENT/bus2ip_addr_i_20> of sequential type is unconnected in block <quad_spi_if>.
WARNING:Xst:2677 - Node <PLBV46_SLAVE_SINGLE_I/I_SLAVE_ATTACHMENT/bus2ip_addr_i_21> of sequential type is unconnected in block <quad_spi_if>.
WARNING:Xst:2677 - Node <PLBV46_SLAVE_SINGLE_I/I_SLAVE_ATTACHMENT/bus2ip_addr_i_22> of sequential type is unconnected in block <quad_spi_if>.
WARNING:Xst:2677 - Node <PLBV46_SLAVE_SINGLE_I/I_SLAVE_ATTACHMENT/bus2ip_addr_i_23> of sequential type is unconnected in block <quad_spi_if>.
WARNING:Xst:2677 - Node <PLBV46_SLAVE_SINGLE_I/I_SLAVE_ATTACHMENT/bus2ip_addr_i_24> of sequential type is unconnected in block <quad_spi_if>.
WARNING:Xst:2677 - Node <PLBV46_SLAVE_SINGLE_I/I_SLAVE_ATTACHMENT/bus2ip_addr_i_25> of sequential type is unconnected in block <quad_spi_if>.
WARNING:Xst:2677 - Node <PLBV46_SLAVE_SINGLE_I/I_SLAVE_ATTACHMENT/bus2ip_addr_i_26> of sequential type is unconnected in block <quad_spi_if>.
WARNING:Xst:2677 - Node <PLBV46_SLAVE_SINGLE_I/I_SLAVE_ATTACHMENT/bus2ip_addr_i_27> of sequential type is unconnected in block <quad_spi_if>.
WARNING:Xst:2677 - Node <PLBV46_SLAVE_SINGLE_I/I_SLAVE_ATTACHMENT/bus2ip_addr_i_28> of sequential type is unconnected in block <quad_spi_if>.
WARNING:Xst:2677 - Node <PLBV46_SLAVE_SINGLE_I/I_SLAVE_ATTACHMENT/bus2ip_addr_i_29> of sequential type is unconnected in block <quad_spi_if>.
WARNING:Xst:2677 - Node <PLBV46_SLAVE_SINGLE_I/I_SLAVE_ATTACHMENT/bus2ip_addr_i_30> of sequential type is unconnected in block <quad_spi_if>.
WARNING:Xst:2677 - Node <PLBV46_SLAVE_SINGLE_I/I_SLAVE_ATTACHMENT/bus2ip_addr_i_31> of sequential type is unconnected in block <quad_spi_if>.
WARNING:Xst:2677 - Node <PLBV46_SLAVE_SINGLE_I/I_SLAVE_ATTACHMENT/plb_abus_reg_0> of sequential type is unconnected in block <quad_spi_if>.
WARNING:Xst:2677 - Node <PLBV46_SLAVE_SINGLE_I/I_SLAVE_ATTACHMENT/plb_abus_reg_1> of sequential type is unconnected in block <quad_spi_if>.
WARNING:Xst:2677 - Node <PLBV46_SLAVE_SINGLE_I/I_SLAVE_ATTACHMENT/plb_abus_reg_2> of sequential type is unconnected in block <quad_spi_if>.
WARNING:Xst:2677 - Node <PLBV46_SLAVE_SINGLE_I/I_SLAVE_ATTACHMENT/plb_abus_reg_3> of sequential type is unconnected in block <quad_spi_if>.
WARNING:Xst:2677 - Node <PLBV46_SLAVE_SINGLE_I/I_SLAVE_ATTACHMENT/plb_abus_reg_4> of sequential type is unconnected in block <quad_spi_if>.
WARNING:Xst:2677 - Node <PLBV46_SLAVE_SINGLE_I/I_SLAVE_ATTACHMENT/plb_abus_reg_5> of sequential type is unconnected in block <quad_spi_if>.
WARNING:Xst:2677 - Node <PLBV46_SLAVE_SINGLE_I/I_SLAVE_ATTACHMENT/plb_abus_reg_6> of sequential type is unconnected in block <quad_spi_if>.
WARNING:Xst:2677 - Node <PLBV46_SLAVE_SINGLE_I/I_SLAVE_ATTACHMENT/plb_abus_reg_7> of sequential type is unconnected in block <quad_spi_if>.
WARNING:Xst:2677 - Node <PLBV46_SLAVE_SINGLE_I/I_SLAVE_ATTACHMENT/plb_abus_reg_8> of sequential type is unconnected in block <quad_spi_if>.
WARNING:Xst:2677 - Node <PLBV46_SLAVE_SINGLE_I/I_SLAVE_ATTACHMENT/plb_abus_reg_9> of sequential type is unconnected in block <quad_spi_if>.
WARNING:Xst:2677 - Node <PLBV46_SLAVE_SINGLE_I/I_SLAVE_ATTACHMENT/plb_abus_reg_10> of sequential type is unconnected in block <quad_spi_if>.
WARNING:Xst:2677 - Node <PLBV46_SLAVE_SINGLE_I/I_SLAVE_ATTACHMENT/plb_abus_reg_11> of sequential type is unconnected in block <quad_spi_if>.
WARNING:Xst:2677 - Node <PLBV46_SLAVE_SINGLE_I/I_SLAVE_ATTACHMENT/plb_abus_reg_12> of sequential type is unconnected in block <quad_spi_if>.
WARNING:Xst:2677 - Node <PLBV46_SLAVE_SINGLE_I/I_SLAVE_ATTACHMENT/plb_abus_reg_13> of sequential type is unconnected in block <quad_spi_if>.
WARNING:Xst:2677 - Node <PLBV46_SLAVE_SINGLE_I/I_SLAVE_ATTACHMENT/plb_abus_reg_14> of sequential type is unconnected in block <quad_spi_if>.
WARNING:Xst:2677 - Node <PLBV46_SLAVE_SINGLE_I/I_SLAVE_ATTACHMENT/plb_abus_reg_15> of sequential type is unconnected in block <quad_spi_if>.
WARNING:Xst:2677 - Node <PLBV46_SLAVE_SINGLE_I/I_SLAVE_ATTACHMENT/plb_abus_reg_16> of sequential type is unconnected in block <quad_spi_if>.
WARNING:Xst:2677 - Node <PLBV46_SLAVE_SINGLE_I/I_SLAVE_ATTACHMENT/plb_abus_reg_17> of sequential type is unconnected in block <quad_spi_if>.
WARNING:Xst:2677 - Node <PLBV46_SLAVE_SINGLE_I/I_SLAVE_ATTACHMENT/plb_abus_reg_18> of sequential type is unconnected in block <quad_spi_if>.
WARNING:Xst:2677 - Node <PLBV46_SLAVE_SINGLE_I/I_SLAVE_ATTACHMENT/plb_abus_reg_19> of sequential type is unconnected in block <quad_spi_if>.
WARNING:Xst:2677 - Node <PLBV46_SLAVE_SINGLE_I/I_SLAVE_ATTACHMENT/plb_abus_reg_20> of sequential type is unconnected in block <quad_spi_if>.
WARNING:Xst:2677 - Node <PLBV46_SLAVE_SINGLE_I/I_SLAVE_ATTACHMENT/plb_abus_reg_21> of sequential type is unconnected in block <quad_spi_if>.
WARNING:Xst:2677 - Node <PLBV46_SLAVE_SINGLE_I/I_SLAVE_ATTACHMENT/plb_abus_reg_22> of sequential type is unconnected in block <quad_spi_if>.
WARNING:Xst:2677 - Node <PLBV46_SLAVE_SINGLE_I/I_SLAVE_ATTACHMENT/plb_abus_reg_23> of sequential type is unconnected in block <quad_spi_if>.
WARNING:Xst:2677 - Node <PLBV46_SLAVE_SINGLE_I/I_SLAVE_ATTACHMENT/plb_abus_reg_24> of sequential type is unconnected in block <quad_spi_if>.
WARNING:Xst:2677 - Node <PLBV46_SLAVE_SINGLE_I/I_SLAVE_ATTACHMENT/plb_abus_reg_25> of sequential type is unconnected in block <quad_spi_if>.
WARNING:Xst:2677 - Node <PLBV46_SLAVE_SINGLE_I/I_SLAVE_ATTACHMENT/plb_abus_reg_30> of sequential type is unconnected in block <quad_spi_if>.
WARNING:Xst:2677 - Node <PLBV46_SLAVE_SINGLE_I/I_SLAVE_ATTACHMENT/plb_abus_reg_31> of sequential type is unconnected in block <quad_spi_if>.
WARNING:Xst:2677 - Node <PLBV46_SLAVE_SINGLE_I/I_SLAVE_ATTACHMENT/I_DECODER/wrce_out_i_10> of sequential type is unconnected in block <quad_spi_if>.
WARNING:Xst:2677 - Node <PLBV46_SLAVE_SINGLE_I/I_SLAVE_ATTACHMENT/I_DECODER/wrce_out_i_11> of sequential type is unconnected in block <quad_spi_if>.
WARNING:Xst:2677 - Node <PLBV46_SLAVE_SINGLE_I/I_SLAVE_ATTACHMENT/I_DECODER/wrce_out_i_12> of sequential type is unconnected in block <quad_spi_if>.
WARNING:Xst:2677 - Node <PLBV46_SLAVE_SINGLE_I/I_SLAVE_ATTACHMENT/I_DECODER/wrce_out_i_13> of sequential type is unconnected in block <quad_spi_if>.
WARNING:Xst:2677 - Node <PLBV46_SLAVE_SINGLE_I/I_SLAVE_ATTACHMENT/I_DECODER/wrce_out_i_14> of sequential type is unconnected in block <quad_spi_if>.
WARNING:Xst:2677 - Node <PLBV46_SLAVE_SINGLE_I/I_SLAVE_ATTACHMENT/I_DECODER/wrce_out_i_15> of sequential type is unconnected in block <quad_spi_if>.
WARNING:Xst:2677 - Node <PLBV46_SLAVE_SINGLE_I/I_SLAVE_ATTACHMENT/I_DECODER/rdce_out_i_10> of sequential type is unconnected in block <quad_spi_if>.
WARNING:Xst:2677 - Node <PLBV46_SLAVE_SINGLE_I/I_SLAVE_ATTACHMENT/I_DECODER/rdce_out_i_11> of sequential type is unconnected in block <quad_spi_if>.
WARNING:Xst:2677 - Node <PLBV46_SLAVE_SINGLE_I/I_SLAVE_ATTACHMENT/I_DECODER/rdce_out_i_12> of sequential type is unconnected in block <quad_spi_if>.
WARNING:Xst:2677 - Node <PLBV46_SLAVE_SINGLE_I/I_SLAVE_ATTACHMENT/I_DECODER/rdce_out_i_13> of sequential type is unconnected in block <quad_spi_if>.
WARNING:Xst:2677 - Node <PLBV46_SLAVE_SINGLE_I/I_SLAVE_ATTACHMENT/I_DECODER/rdce_out_i_14> of sequential type is unconnected in block <quad_spi_if>.
WARNING:Xst:2677 - Node <PLBV46_SLAVE_SINGLE_I/I_SLAVE_ATTACHMENT/I_DECODER/rdce_out_i_15> of sequential type is unconnected in block <quad_spi_if>.
WARNING:Xst:2677 - Node <PLBV46_SLAVE_SINGLE_I/I_SLAVE_ATTACHMENT/I_DECODER/cs_out_i_0> of sequential type is unconnected in block <quad_spi_if>.
WARNING:Xst:2677 - Node <PLBV46_SLAVE_SINGLE_I/I_SLAVE_ATTACHMENT/I_DECODER/MEM_DECODE_GEN<0>.GEN_PLB_SHARED.cs_out_s_h_0> of sequential type is unconnected in block <quad_spi_if>.

Mapping all equations...
WARNING:Xst:2036 - Inserting OBUF on port <DQ_O<3>> driven by black box <spi_sf>. Possible simulation mismatch.
WARNING:Xst:2036 - Inserting OBUF on port <DQ_O<2>> driven by black box <spi_sf>. Possible simulation mismatch.
WARNING:Xst:2036 - Inserting OBUF on port <DQ_O<1>> driven by black box <spi_sf>. Possible simulation mismatch.
WARNING:Xst:2036 - Inserting OBUF on port <DQ_O<0>> driven by black box <spi_sf>. Possible simulation mismatch.
WARNING:Xst:2036 - Inserting OBUF on port <DQ_T<3>> driven by black box <spi_sf>. Possible simulation mismatch.
WARNING:Xst:2036 - Inserting OBUF on port <DQ_T<2>> driven by black box <spi_sf>. Possible simulation mismatch.
WARNING:Xst:2036 - Inserting OBUF on port <DQ_T<1>> driven by black box <spi_sf>. Possible simulation mismatch.
WARNING:Xst:2036 - Inserting OBUF on port <DQ_T<0>> driven by black box <spi_sf>. Possible simulation mismatch.
WARNING:Xst:2036 - Inserting OBUF on port <C> driven by black box <spi_sf>. Possible simulation mismatch.
WARNING:Xst:2036 - Inserting OBUF on port <S> driven by black box <spi_sf>. Possible simulation mismatch.
Building and optimizing final netlist ...
Found area constraint ratio of 100 (+ 5) on block quad_spi_if, actual ratio is 2.
WARNING:Xst:2957 - There are clock and non-clock loads on clock signal SPLB_Clk_BUFGP. This is not a recommended design practice, that may cause excessive delay, skew or unroutable situations.
FlipFlop PLBV46_SLAVE_SINGLE_I/I_SLAVE_ATTACHMENT/I_DECODER/rdce_out_i_0 has been replicated 2 time(s)
FlipFlop PLBV46_SLAVE_SINGLE_I/I_SLAVE_ATTACHMENT/I_DECODER/rdce_out_i_2 has been replicated 1 time(s)
FlipFlop PLBV46_SLAVE_SINGLE_I/I_SLAVE_ATTACHMENT/I_DECODER/rdce_out_i_3 has been replicated 3 time(s)
FlipFlop PLBV46_SLAVE_SINGLE_I/I_SLAVE_ATTACHMENT/I_DECODER/rdce_out_i_4 has been replicated 1 time(s)
FlipFlop PLBV46_SLAVE_SINGLE_I/I_SLAVE_ATTACHMENT/I_DECODER/rdce_out_i_5 has been replicated 1 time(s)
FlipFlop PLBV46_SLAVE_SINGLE_I/I_SLAVE_ATTACHMENT/I_DECODER/rdce_out_i_6 has been replicated 1 time(s)
FlipFlop PLBV46_SLAVE_SINGLE_I/I_SLAVE_ATTACHMENT/I_DECODER/rdce_out_i_7 has been replicated 2 time(s)
FlipFlop PLBV46_SLAVE_SINGLE_I/I_SLAVE_ATTACHMENT/I_DECODER/rdce_out_i_8 has been replicated 3 time(s)
FlipFlop PLBV46_SLAVE_SINGLE_I/I_SLAVE_ATTACHMENT/I_DECODER/rdce_out_i_9 has been replicated 3 time(s)

Final Macro Processing ...

=========================================================================
Final Register Report

Macro Statistics
# Registers                                            : 385
 Flip-Flops                                            : 385

=========================================================================

=========================================================================
*                           Partition Report                            *
=========================================================================

Partition Implementation Status
-------------------------------

  No Partitions were found in this design.

-------------------------------

=========================================================================
*                            Design Summary                             *
=========================================================================

Top Level Output File Name         : quad_spi_if.ngc

Primitive and Black Box Usage:
------------------------------
# BELS                             : 457
#      GND                         : 1
#      LUT2                        : 8
#      LUT3                        : 207
#      LUT4                        : 20
#      LUT5                        : 37
#      LUT6                        : 171
#      MUXF7                       : 12
#      VCC                         : 1
# FlipFlops/Latches                : 385
#      FD                          : 58
#      FDR                         : 95
#      FDRE                        : 232
# Clock Buffers                    : 1
#      BUFGP                       : 1
# IO Buffers                       : 254
#      IBUF                        : 69
#      OBUF                        : 185
# Others                           : 1
#      spi_sf                      : 1

Device utilization summary:
---------------------------

Selected Device : 6slx45csg324-2 


Slice Logic Utilization: 
 Number of Slice Registers:             385  out of  54576     0%  
 Number of Slice LUTs:                  443  out of  27288     1%  
    Number used as Logic:               443  out of  27288     1%  

Slice Logic Distribution: 
 Number of LUT Flip Flop pairs used:    550
   Number with an unused Flip Flop:     165  out of    550    30%  
   Number with an unused LUT:           107  out of    550    19%  
   Number of fully used LUT-FF pairs:   278  out of    550    50%  
   Number of unique control sets:        15

IO Utilization: 
 Number of IOs:                         445
 Number of bonded IOBs:                 255  out of    218   116% (*) 

Specific Feature Utilization:
 Number of BUFG/BUFGCTRLs:                1  out of     16     6%  

WARNING:Xst:1336 -  (*) More than 100% of Device resources are used

---------------------------
Partition Resource Summary:
---------------------------

  No Partitions were found in this design.

---------------------------


=========================================================================
Timing Report

NOTE: THESE TIMING NUMBERS ARE ONLY A SYNTHESIS ESTIMATE.
      FOR ACCURATE TIMING INFORMATION PLEASE REFER TO THE TRACE REPORT
      GENERATED AFTER PLACE-and-ROUTE.

Clock Information:
------------------
-----------------------------------+------------------------+-------+
Clock Signal                       | Clock buffer(FF name)  | Load  |
-----------------------------------+------------------------+-------+
SPLB_Clk                           | BUFGP                  | 385   |
-----------------------------------+------------------------+-------+

Asynchronous Control Signals Information:
----------------------------------------
No asynchronous control signals found in this design

Timing Summary:
---------------
Speed Grade: -2

   Minimum period: 6.719ns (Maximum Frequency: 148.832MHz)
   Minimum input arrival time before clock: 6.894ns
   Maximum output required time after clock: 5.114ns
   Maximum combinational path delay: 3.593ns

Timing Details:
---------------
All values displayed in nanoseconds (ns)

=========================================================================
Timing constraint: Default period analysis for Clock 'SPLB_Clk'
  Clock period: 6.719ns (frequency: 148.832MHz)
  Total number of paths / destination ports: 7284 / 578
-------------------------------------------------------------------------
Delay:               6.719ns (Levels of Logic = 5)
  Source:            PLBV46_SLAVE_SINGLE_I/I_SLAVE_ATTACHMENT/I_DECODER/rdce_out_i_5 (FF)
  Destination:       PLBV46_SLAVE_SINGLE_I/I_SLAVE_ATTACHMENT/sl_rddbus_i_24 (FF)
  Source Clock:      SPLB_Clk rising
  Destination Clock: SPLB_Clk rising

  Data Path: PLBV46_SLAVE_SINGLE_I/I_SLAVE_ATTACHMENT/I_DECODER/rdce_out_i_5 to PLBV46_SLAVE_SINGLE_I/I_SLAVE_ATTACHMENT/sl_rddbus_i_24
                                Gate     Net
    Cell:in->out      fanout   Delay   Delay  Logical Name (Net Name)
    ----------------------------------------  ------------
     FD:C->Q              25   0.633   1.403  PLBV46_SLAVE_SINGLE_I/I_SLAVE_ATTACHMENT/I_DECODER/rdce_out_i_5 (PLBV46_SLAVE_SINGLE_I/I_SLAVE_ATTACHMENT/I_DECODER/rdce_out_i_5)
     LUT3:I2->O            5   0.373   1.458  USER_LOGIC_I/GND_38_o_slv_reg_read_sel[0]_equal_59_o<0>11_2 (USER_LOGIC_I/GND_38_o_slv_reg_read_sel[0]_equal_59_o<0>111)
     LUT6:I0->O            1   0.373   0.000  USER_LOGIC_I/Mmux_IP2Bus_Data161_F (N178)
     MUXF7:I0->O           1   0.227   0.682  USER_LOGIC_I/Mmux_IP2Bus_Data161 (USER_LOGIC_I/Mmux_IP2Bus_Data16)
     LUT6:I5->O            1   0.373   0.682  USER_LOGIC_I/Mmux_IP2Bus_Data164 (user_IP2Bus_Data<23>)
     LUT4:I3->O            1   0.373   0.000  PLBV46_SLAVE_SINGLE_I/I_SLAVE_ATTACHMENT/sl_rddbus_i_23_rstpot (PLBV46_SLAVE_SINGLE_I/I_SLAVE_ATTACHMENT/sl_rddbus_i_23_rstpot)
     FD:D                      0.142          PLBV46_SLAVE_SINGLE_I/I_SLAVE_ATTACHMENT/sl_rddbus_i_23
    ----------------------------------------
    Total                      6.719ns (2.494ns logic, 4.225ns route)
                                       (37.1% logic, 62.9% route)

=========================================================================
Timing constraint: Default OFFSET IN BEFORE for Clock 'SPLB_Clk'
  Total number of paths / destination ports: 489 / 469
-------------------------------------------------------------------------
Offset:              6.894ns (Levels of Logic = 3)
  Source:            SPLB_Rst (PAD)
  Destination:       PLBV46_SLAVE_SINGLE_I/I_SLAVE_ATTACHMENT/sl_mbusy_i_0 (FF)
  Destination Clock: SPLB_Clk rising

  Data Path: SPLB_Rst to PLBV46_SLAVE_SINGLE_I/I_SLAVE_ATTACHMENT/sl_mbusy_i_0
                                Gate     Net
    Cell:in->out      fanout   Delay   Delay  Logical Name (Net Name)
    ----------------------------------------  ------------
     IBUF:I->O           316   1.328   2.727  SPLB_Rst_IBUF (SPLB_Rst_IBUF)
     LUT3:I0->O           22   0.373   1.951  PLBV46_SLAVE_SINGLE_I/I_SLAVE_ATTACHMENT/Bus_Reset_clear_sl_busy_OR_22_o1 (PLBV46_SLAVE_SINGLE_I/I_SLAVE_ATTACHMENT/Bus_Reset_clear_sl_busy_OR_22_o)
     LUT6:I0->O            1   0.373   0.000  PLBV46_SLAVE_SINGLE_I/I_SLAVE_ATTACHMENT/Mmux_sl_mbusy_i[0]_PWR_13_o_MUX_167_o1 (PLBV46_SLAVE_SINGLE_I/I_SLAVE_ATTACHMENT/sl_mbusy_i[0]_PWR_13_o_MUX_167_o)
     FDR:D                     0.142          PLBV46_SLAVE_SINGLE_I/I_SLAVE_ATTACHMENT/sl_mbusy_i_7
    ----------------------------------------
    Total                      6.894ns (2.216ns logic, 4.678ns route)
                                       (32.1% logic, 67.9% route)

=========================================================================
Timing constraint: Default OFFSET OUT AFTER for Clock 'SPLB_Clk'
  Total number of paths / destination ports: 193 / 193
-------------------------------------------------------------------------
Offset:              5.114ns (Levels of Logic = 1)
  Source:            PLBV46_SLAVE_SINGLE_I/I_SLAVE_ATTACHMENT/sl_addrack_i (FF)
  Destination:       Sl_addrAck (PAD)
  Source Clock:      SPLB_Clk rising

  Data Path: PLBV46_SLAVE_SINGLE_I/I_SLAVE_ATTACHMENT/sl_addrack_i to Sl_addrAck
                                Gate     Net
    Cell:in->out      fanout   Delay   Delay  Logical Name (Net Name)
    ----------------------------------------  ------------
     FDR:C->Q             35   0.633   1.569  PLBV46_SLAVE_SINGLE_I/I_SLAVE_ATTACHMENT/sl_addrack_i (PLBV46_SLAVE_SINGLE_I/I_SLAVE_ATTACHMENT/sl_addrack_i)
     OBUF:I->O                 2.912          Sl_addrAck_OBUF (Sl_addrAck)
    ----------------------------------------
    Total                      5.114ns (3.545ns logic, 1.569ns route)
                                       (69.3% logic, 30.7% route)

=========================================================================
Timing constraint: Default path analysis
  Total number of paths / destination ports: 14 / 14
-------------------------------------------------------------------------
Delay:               3.593ns (Levels of Logic = 1)
  Source:            USER_LOGIC_I/spi_sf_instance:dq_o<3> (PAD)
  Destination:       DQ_O<3> (PAD)

  Data Path: USER_LOGIC_I/spi_sf_instance:dq_o<3> to DQ_O<3>
                                Gate     Net
    Cell:in->out      fanout   Delay   Delay  Logical Name (Net Name)
    ----------------------------------------  ------------
    spi_sf:dq_o<3>         1   0.000   0.681  USER_LOGIC_I/spi_sf_instance (DQ_O_3_OBUF)
     OBUF:I->O                 2.912          DQ_O_3_OBUF (DQ_O<3>)
    ----------------------------------------
    Total                      3.593ns (2.912ns logic, 0.681ns route)
                                       (81.0% logic, 19.0% route)

=========================================================================


Total REAL time to Xst completion: 18.00 secs
Total CPU time to Xst completion: 18.05 secs
 
--> 

Total memory usage is 214716 kilobytes

Number of errors   :    0 (   0 filtered)
Number of warnings :  239 (   0 filtered)
Number of infos    :   10 (   0 filtered)

