Command line:
   tb_sad_wrapper_isim_beh.exe
     -simmode  gui
     -simrunnum  0
     -socket  55035

Fri Jul 25 09:38:33 2014


 Elaboration Time: 0.37 sec

 Current Memory Usage: 362.979 Meg

 Total Signals          : 28770
 Total Nets             : 131893
 Total Signal Drivers   : 11871
 Total Blocks           : 10225
 Total Primitive Blocks : 7881
 Total Processes        : 10282
 Total Traceable Variables  : 25374
 Total Scalar Nets and Variables : 230082
Total Line Count : 49461

 Total Simulation Time: 1.76 sec

 Current Memory Usage: 443.462 Meg

Fri Jul 25 09:43:30 2014

