\BOOKMARK [0][]{chapter*.2}{List of Tables}{}% 1
\BOOKMARK [0][]{chapter*.3}{List of Figures}{}% 2
\BOOKMARK [0][]{chapter.1}{Introduction}{}% 3
\BOOKMARK [0][]{chapter.2}{Background}{}% 4
\BOOKMARK [1][]{section.2.1}{Computer Stereo Vision Overview}{chapter.2}% 5
\BOOKMARK [2][]{subsection.2.1.1}{Parallelism in Stereo Vision}{section.2.1}% 6
\BOOKMARK [1][]{section.2.2}{Stereo Vision Algorithms}{chapter.2}% 7
\BOOKMARK [2][]{subsection.2.2.1}{Sum of the Absolute Differences \(SAD\) Algorithm}{section.2.2}% 8
\BOOKMARK [0][]{chapter.3}{Related Work}{}% 9
\BOOKMARK [0][]{chapter.4}{Implementation}{}% 10
\BOOKMARK [1][]{section.4.1}{Architecture Overview}{chapter.4}% 11
\BOOKMARK [2][]{subsection.4.1.1}{Sum of the Absolute Differences Architecture}{section.4.1}% 12
\BOOKMARK [3][-]{subsubsection.4.1.1.1}{State Diagram}{subsection.4.1.1}% 13
\BOOKMARK [3][-]{subsubsection.4.1.1.2}{9x9 Window}{subsection.4.1.1}% 14
\BOOKMARK [3][-]{subsubsection.4.1.1.3}{7x7 Window}{subsection.4.1.1}% 15
\BOOKMARK [2][]{subsection.4.1.2}{Minimum Comparator Architecture}{section.4.1}% 16
\BOOKMARK [2][]{subsection.4.1.3}{SAD Wrapper}{section.4.1}% 17
\BOOKMARK [2][]{subsection.4.1.4}{Top Level}{section.4.1}% 18
\BOOKMARK [1][]{section.4.2}{FPGALink}{chapter.4}% 19
\BOOKMARK [0][]{chapter.5}{Experiments and Results}{}% 20
\BOOKMARK [1][]{section.5.1}{Window Size Selection}{chapter.5}% 21
\BOOKMARK [1][]{section.5.2}{Resource Utilization on FPGA}{chapter.5}% 22
\BOOKMARK [1][]{section.5.3}{Testbench Simulation}{chapter.5}% 23
\BOOKMARK [1][]{section.5.4}{Pixel Parallelization}{chapter.5}% 24
\BOOKMARK [1][]{section.5.5}{FPGA Clock Cycle Runtimes}{chapter.5}% 25
\BOOKMARK [2][]{subsection.5.5.1}{Frame Rate}{section.5.5}% 26
\BOOKMARK [1][]{section.5.6}{Test Image Pairs}{chapter.5}% 27
\BOOKMARK [2][]{subsection.5.6.1}{Data Overflows}{section.5.6}% 28
\BOOKMARK [2][]{subsection.5.6.2}{Tsukuba}{section.5.6}% 29
\BOOKMARK [2][]{subsection.5.6.3}{Venus}{section.5.6}% 30
\BOOKMARK [2][]{subsection.5.6.4}{Cones}{section.5.6}% 31
\BOOKMARK [0][]{chapter.6}{Conclusions}{}% 32
\BOOKMARK [0][]{chapter.7}{Future Work}{}% 33
\BOOKMARK [0][]{chapter*.34}{Bibliography}{}% 34
\BOOKMARK [0][]{chapter*.34}{Appendix}{}% 35
\BOOKMARK [0][]{appendix.A}{Absolute Difference 9x9 Window Code Snippet}{}% 36
\BOOKMARK [0][]{appendix.B}{Absolute Difference 7x7 Window Code Snippet}{}% 37
\BOOKMARK [0][]{appendix.C}{Minimum Comparator Code}{}% 38
\BOOKMARK [0][]{appendix.D}{Testbench Simulations}{}% 39
\BOOKMARK [0][]{appendix.E}{C Serial SAD Algorithm}{}% 40
