This is pdfTeX, Version 3.1415926-2.5-1.40.14 (TeX Live 2013/Debian) (format=pdflatex 2014.7.2)  25 JUL 2014 15:08
entering extended mode
 restricted \write18 enabled.
 %&-line parsing enabled.
**thesis.tex
(./thesis.tex
LaTeX2e <2011/06/27>
Babel <3.9h> and hyphenation patterns for 4 languages loaded.
(./ucthesis.cls
Document Class: ucthesis 1996/06/26 JTW's modification of 1994/10/31 v3.0 Unive
rsity of California Thesis Class
(./uct12.clo)
\descriptionmargin=\dimen102
\c@part=\count79
\c@chapter=\count80
\c@section=\count81
\c@subsection=\count82
\c@subsubsection=\count83
\c@paragraph=\count84
\c@subparagraph=\count85
\abovecaptionskip=\skip41
\belowcaptionskip=\skip42
\c@figure=\count86
\c@table=\count87
) (/usr/share/texlive/texmf-dist/tex/generic/oberdiek/ifpdf.sty
Package: ifpdf 2011/01/30 v2.3 Provides the ifpdf switch (HO)
Package ifpdf Info: pdfTeX in PDF mode is detected.
)
(/usr/share/texlive/texmf-dist/tex/latex/url/url.sty
\Urlmuskip=\muskip10
Package: url 2013/09/16  ver 3.4  Verb mode for urls, etc.
)
(/usr/share/texlive/texmf-dist/tex/latex/tools/multicol.sty
Package: multicol 2011/06/27 v1.7a multicolumn formatting (FMi)
\c@tracingmulticols=\count88
\mult@box=\box26
\multicol@leftmargin=\dimen103
\c@unbalance=\count89
\c@collectmore=\count90
\doublecol@number=\count91
\multicoltolerance=\count92
\multicolpretolerance=\count93
\full@width=\dimen104
\page@free=\dimen105
\premulticols=\dimen106
\postmulticols=\dimen107
\multicolsep=\skip43
\multicolbaselineskip=\skip44
\partial@page=\box27
\last@line=\box28
\mult@rightbox=\box29
\mult@grightbox=\box30
\mult@gfirstbox=\box31
\mult@firstbox=\box32
\@tempa=\box33
\@tempa=\box34
\@tempa=\box35
\@tempa=\box36
\@tempa=\box37
\@tempa=\box38
\@tempa=\box39
\@tempa=\box40
\@tempa=\box41
\@tempa=\box42
\@tempa=\box43
\@tempa=\box44
\@tempa=\box45
\@tempa=\box46
\@tempa=\box47
\@tempa=\box48
\@tempa=\box49
\c@columnbadness=\count94
\c@finalcolumnbadness=\count95
\last@try=\dimen108
\multicolovershoot=\dimen109
\multicolundershoot=\dimen110
\mult@nat@firstbox=\box50
\colbreak@box=\box51
\multicol@sort@counter=\count96
)
(/usr/share/texlive/texmf-dist/tex/latex/cite/cite.sty
LaTeX Info: Redefining \cite on input line 302.
LaTeX Info: Redefining \nocite on input line 373.
Package: cite 2010/09/10  v 5.3
)
(/usr/share/texlive/texmf-dist/tex/latex/base/fixltx2e.sty
Package: fixltx2e 2006/09/13 v1.1m fixes to LaTeX
LaTeX Info: Redefining \em on input line 420.
)
(/usr/share/texlive/texmf-dist/tex/latex/listings/listings.sty
(/usr/share/texlive/texmf-dist/tex/latex/graphics/keyval.sty
Package: keyval 1999/03/16 v1.13 key=value parser (DPC)
\KV@toks@=\toks14
)
\lst@mode=\count97
\lst@gtempboxa=\box52
\lst@token=\toks15
\lst@length=\count98
\lst@currlwidth=\dimen111
\lst@column=\count99
\lst@pos=\count100
\lst@lostspace=\dimen112
\lst@width=\dimen113
\lst@newlines=\count101
\lst@lineno=\count102
\lst@maxwidth=\dimen114

(/usr/share/texlive/texmf-dist/tex/latex/listings/lstmisc.sty
File: lstmisc.sty 2013/08/26 1.5b (Carsten Heinz)
\c@lstnumber=\count103
\lst@skipnumbers=\count104
\lst@framebox=\box53
)
(/usr/share/texlive/texmf-dist/tex/latex/listings/listings.cfg
File: listings.cfg 2013/08/26 1.5b listings configuration
))
Package: listings 2013/08/26 1.5b (Carsten Heinz)

(/usr/share/texlive/texmf-dist/tex/latex/graphics/graphicx.sty
Package: graphicx 1999/02/16 v1.0f Enhanced LaTeX Graphics (DPC,SPQR)

(/usr/share/texlive/texmf-dist/tex/latex/graphics/graphics.sty
Package: graphics 2009/02/05 v1.0o Standard LaTeX Graphics (DPC,SPQR)

(/usr/share/texlive/texmf-dist/tex/latex/graphics/trig.sty
Package: trig 1999/03/16 v1.09 sin cos tan (DPC)
)
(/usr/share/texlive/texmf-dist/tex/latex/latexconfig/graphics.cfg
File: graphics.cfg 2010/04/23 v1.9 graphics configuration of TeX Live
)
Package graphics Info: Driver file: pdftex.def on input line 91.

(/usr/share/texlive/texmf-dist/tex/latex/pdftex-def/pdftex.def
File: pdftex.def 2011/05/27 v0.06d Graphics/color for pdfTeX

(/usr/share/texlive/texmf-dist/tex/generic/oberdiek/infwarerr.sty
Package: infwarerr 2010/04/08 v1.3 Providing info/warning/error messages (HO)
)
(/usr/share/texlive/texmf-dist/tex/generic/oberdiek/ltxcmds.sty
Package: ltxcmds 2011/11/09 v1.22 LaTeX kernel commands for general use (HO)
)
\Gread@gobject=\count105
))
\Gin@req@height=\dimen115
\Gin@req@width=\dimen116
)
(/usr/share/texlive/texmf-dist/tex/latex/hyperref/hyperref.sty
Package: hyperref 2012/11/06 v6.83m Hypertext links for LaTeX

(/usr/share/texlive/texmf-dist/tex/generic/oberdiek/hobsub-hyperref.sty
Package: hobsub-hyperref 2012/05/28 v1.13 Bundle oberdiek, subset hyperref (HO)


(/usr/share/texlive/texmf-dist/tex/generic/oberdiek/hobsub-generic.sty
Package: hobsub-generic 2012/05/28 v1.13 Bundle oberdiek, subset generic (HO)
Package: hobsub 2012/05/28 v1.13 Construct package bundles (HO)
Package hobsub Info: Skipping package `infwarerr' (already loaded).
Package hobsub Info: Skipping package `ltxcmds' (already loaded).
Package: ifluatex 2010/03/01 v1.3 Provides the ifluatex switch (HO)
Package ifluatex Info: LuaTeX not detected.
Package: ifvtex 2010/03/01 v1.5 Detect VTeX and its facilities (HO)
Package ifvtex Info: VTeX not detected.
Package: intcalc 2007/09/27 v1.1 Expandable calculations with integers (HO)
Package hobsub Info: Skipping package `ifpdf' (already loaded).
Package: etexcmds 2011/02/16 v1.5 Avoid name clashes with e-TeX commands (HO)
Package etexcmds Info: Could not find \expanded.
(etexcmds)             That can mean that you are not using pdfTeX 1.50 or
(etexcmds)             that some package has redefined \expanded.
(etexcmds)             In the latter case, load this package earlier.
Package: kvsetkeys 2012/04/25 v1.16 Key value parser (HO)
Package: kvdefinekeys 2011/04/07 v1.3 Define keys (HO)
Package: pdftexcmds 2011/11/29 v0.20 Utility functions of pdfTeX for LuaTeX (HO
)
Package pdftexcmds Info: LuaTeX not detected.
Package pdftexcmds Info: \pdf@primitive is available.
Package pdftexcmds Info: \pdf@ifprimitive is available.
Package pdftexcmds Info: \pdfdraftmode found.
Package: pdfescape 2011/11/25 v1.13 Implements pdfTeX's escape features (HO)
Package: bigintcalc 2012/04/08 v1.3 Expandable calculations on big integers (HO
)
Package: bitset 2011/01/30 v1.1 Handle bit-vector datatype (HO)
Package: uniquecounter 2011/01/30 v1.2 Provide unlimited unique counter (HO)
)
Package hobsub Info: Skipping package `hobsub' (already loaded).
Package: letltxmacro 2010/09/02 v1.4 Let assignment for LaTeX macros (HO)
Package: hopatch 2012/05/28 v1.2 Wrapper for package hooks (HO)
Package: xcolor-patch 2011/01/30 xcolor patch
Package: atveryend 2011/06/30 v1.8 Hooks at the very end of document (HO)
Package atveryend Info: \enddocument detected (standard20110627).
Package: atbegshi 2011/10/05 v1.16 At begin shipout hook (HO)
Package: refcount 2011/10/16 v3.4 Data extraction from label references (HO)
Package: hycolor 2011/01/30 v1.7 Color options for hyperref/bookmark (HO)
)
(/usr/share/texlive/texmf-dist/tex/generic/ifxetex/ifxetex.sty
Package: ifxetex 2010/09/12 v0.6 Provides ifxetex conditional
)
(/usr/share/texlive/texmf-dist/tex/latex/oberdiek/auxhook.sty
Package: auxhook 2011/03/04 v1.3 Hooks for auxiliary files (HO)
)
(/usr/share/texlive/texmf-dist/tex/latex/oberdiek/kvoptions.sty
Package: kvoptions 2011/06/30 v3.11 Key value format for package options (HO)
)
\@linkdim=\dimen117
\Hy@linkcounter=\count106
\Hy@pagecounter=\count107

(/usr/share/texlive/texmf-dist/tex/latex/hyperref/pd1enc.def
File: pd1enc.def 2012/11/06 v6.83m Hyperref: PDFDocEncoding definition (HO)
)
\Hy@SavedSpaceFactor=\count108

(/usr/share/texlive/texmf-dist/tex/latex/latexconfig/hyperref.cfg
File: hyperref.cfg 2002/06/06 v1.2 hyperref configuration of TeXLive
)
Package hyperref Info: Option `plainpages' set `false' on input line 4319.
Package hyperref Info: Option `breaklinks' set `true' on input line 4319.
Package hyperref Info: Option `colorlinks' set `true' on input line 4319.
Package hyperref Info: Option `bookmarks' set `true' on input line 4319.
Package hyperref Info: Option `bookmarksopen' set `true' on input line 4319.
Package hyperref Info: Hyper figures OFF on input line 4443.
Package hyperref Info: Link nesting OFF on input line 4448.
Package hyperref Info: Hyper index ON on input line 4451.
Package hyperref Info: Plain pages OFF on input line 4458.
Package hyperref Info: Backreferencing OFF on input line 4463.
Package hyperref Info: Implicit mode ON; LaTeX internals redefined.
Package hyperref Info: Bookmarks ON on input line 4688.
\c@Hy@tempcnt=\count109
LaTeX Info: Redefining \url on input line 5041.
\XeTeXLinkMargin=\dimen118
\Fld@menulength=\count110
\Field@Width=\dimen119
\Fld@charsize=\dimen120
Package hyperref Info: Hyper figures OFF on input line 6295.
Package hyperref Info: Link nesting OFF on input line 6300.
Package hyperref Info: Hyper index ON on input line 6303.
Package hyperref Info: backreferencing OFF on input line 6310.
Package hyperref Info: Link coloring ON on input line 6313.
Package hyperref Info: Link coloring with OCG OFF on input line 6320.
Package hyperref Info: PDF/A mode OFF on input line 6325.
LaTeX Info: Redefining \ref on input line 6365.
LaTeX Info: Redefining \pageref on input line 6369.
\Hy@abspage=\count111
\c@Item=\count112
\c@Hfootnote=\count113
)

Package hyperref Message: Driver: hpdftex.

(/usr/share/texlive/texmf-dist/tex/latex/hyperref/hpdftex.def
File: hpdftex.def 2012/11/06 v6.83m Hyperref driver for pdfTeX
\Fld@listcount=\count114
\c@bookmark@seq@number=\count115

(/usr/share/texlive/texmf-dist/tex/latex/oberdiek/rerunfilecheck.sty
Package: rerunfilecheck 2011/04/15 v1.7 Rerun checks for auxiliary files (HO)
Package uniquecounter Info: New unique counter `rerunfilecheck' on input line 2
82.
)
\Hy@SectionHShift=\skip45
)
Package hyperref Info: Option `colorlinks' set `true' on input line 52.

(/usr/share/texlive/texmf-dist/tex/latex/rotating/rotating.sty
Package: rotating 2009/03/28 v2.16a rotated objects in LaTeX

(/usr/share/texlive/texmf-dist/tex/latex/base/ifthen.sty
Package: ifthen 2001/05/26 v1.1c Standard LaTeX ifthen package (DPC)
)
\c@r@tfl@t=\count116
\rotFPtop=\skip46
\rotFPbot=\skip47
\rot@float@box=\box54
\rot@mess@toks=\toks16
)
(/usr/share/texlive/texmf-dist/tex/latex/titlesec/titlesec.sty
Package: titlesec 2011/12/15 v2.10.0 Sectioning titles
\ttl@box=\box55
\beforetitleunit=\skip48
\aftertitleunit=\skip49
\ttl@plus=\dimen121
\ttl@minus=\dimen122
\ttl@toksa=\toks17
\titlewidth=\dimen123
\titlewidthlast=\dimen124
\titlewidthfirst=\dimen125
)
(/usr/share/texlive/texmf-dist/tex/latex/caption/caption.sty
Package: caption 2013/05/02 v3.3-89 Customizing captions (AR)

(/usr/share/texlive/texmf-dist/tex/latex/caption/caption3.sty
Package: caption3 2013/05/02 v1.6-88 caption3 kernel (AR)
Package caption3 Info: TeX engine: e-TeX on input line 57.
\captionmargin=\dimen126
\captionmargin@=\dimen127
\captionwidth=\dimen128
\caption@tempdima=\dimen129
\caption@indent=\dimen130
\caption@parindent=\dimen131
\caption@hangindent=\dimen132
Package caption Info: Unknown document class (or package),
(caption)             standard defaults will be used.
)

Package caption Warning: Unsupported document class (or package) detected,
(caption)                usage of the caption package is not recommended.
See the caption package documentation for explanation.

Package caption Info: \@makecaption = \long macro:#1#2->\vskip \abovecaptionski
p \sbox \@tempboxa {{#1}.\hspace {6pt}#2}\ifdim \wd \@tempboxa >\hsize {#1}. {#
2} \else \global \@minipagefalse \hb@xt@ \hsize {\hfil \box \@tempboxa \hfil }\
fi \vskip \belowcaptionskip .
\c@ContinuedFloat=\count117
Package caption Info: hyperref package is loaded.
Package caption Info: listings package is loaded.
Package caption Info: rotating package is loaded.
) (/usr/share/texlive/texmf-dist/tex/latex/caption/subcaption.sty
Package: subcaption 2013/02/03 v1.1-62 Sub-captions (AR)
\c@subfigure=\count118
\c@subtable=\count119
)
(/usr/share/texlive/texmf-dist/tex/latex/mh/mathtools.sty
Package: mathtools 2013/02/12 v1.13 mathematical typesetting tools

(/usr/share/texlive/texmf-dist/tex/latex/tools/calc.sty
Package: calc 2007/08/22 v4.3 Infix arithmetic (KKT,FJ)
\calc@Acount=\count120
\calc@Bcount=\count121
\calc@Adimen=\dimen133
\calc@Bdimen=\dimen134
\calc@Askip=\skip50
\calc@Bskip=\skip51
LaTeX Info: Redefining \setlength on input line 76.
LaTeX Info: Redefining \addtolength on input line 77.
\calc@Ccount=\count122
\calc@Cskip=\skip52
)
(/usr/share/texlive/texmf-dist/tex/latex/mh/mhsetup.sty
Package: mhsetup 2010/01/21 v1.2a programming setup (MH)
)
(/usr/share/texlive/texmf-dist/tex/latex/amsmath/amsmath.sty
Package: amsmath 2013/01/14 v2.14 AMS math features
\@mathmargin=\skip53

For additional information on amsmath, use the `?' option.
(/usr/share/texlive/texmf-dist/tex/latex/amsmath/amstext.sty
Package: amstext 2000/06/29 v2.01

(/usr/share/texlive/texmf-dist/tex/latex/amsmath/amsgen.sty
File: amsgen.sty 1999/11/30 v2.0
\@emptytoks=\toks18
\ex@=\dimen135
))
(/usr/share/texlive/texmf-dist/tex/latex/amsmath/amsbsy.sty
Package: amsbsy 1999/11/29 v1.2d
\pmbraise@=\dimen136
)
(/usr/share/texlive/texmf-dist/tex/latex/amsmath/amsopn.sty
Package: amsopn 1999/12/14 v2.01 operator names
)
\inf@bad=\count123
LaTeX Info: Redefining \frac on input line 210.
\uproot@=\count124
\leftroot@=\count125
LaTeX Info: Redefining \overline on input line 306.
\classnum@=\count126
\DOTSCASE@=\count127
LaTeX Info: Redefining \ldots on input line 378.
LaTeX Info: Redefining \dots on input line 381.
LaTeX Info: Redefining \cdots on input line 466.
\Mathstrutbox@=\box56
\strutbox@=\box57
\big@size=\dimen137
LaTeX Font Info:    Redeclaring font encoding OML on input line 566.
LaTeX Font Info:    Redeclaring font encoding OMS on input line 567.
\macc@depth=\count128
\c@MaxMatrixCols=\count129
\dotsspace@=\muskip11
\c@parentequation=\count130
\dspbrk@lvl=\count131
\tag@help=\toks19
\row@=\count132
\column@=\count133
\maxfields@=\count134
\andhelp@=\toks20
\eqnshift@=\dimen138
\alignsep@=\dimen139
\tagshift@=\dimen140
\tagwidth@=\dimen141
\totwidth@=\dimen142
\lineht@=\dimen143
\@envbody=\toks21
\multlinegap=\skip54
\multlinetaggap=\skip55
\mathdisplay@stack=\toks22
LaTeX Info: Redefining \[ on input line 2665.
LaTeX Info: Redefining \] on input line 2666.
)
LaTeX Info: Thecontrolsequence`\('isalreadyrobust on input line 129.
LaTeX Info: Thecontrolsequence`\)'isalreadyrobust on input line 129.
LaTeX Info: Thecontrolsequence`\['isalreadyrobust on input line 129.
LaTeX Info: Thecontrolsequence`\]'isalreadyrobust on input line 129.
\g_MT_multlinerow_int=\count135
\l_MT_multwidth_dim=\dimen144
\origjot=\skip56
\l_MT_shortvdotswithinadjustabove_dim=\dimen145
\l_MT_shortvdotswithinadjustbelow_dim=\dimen146
\l_MT_above_intertext_sep=\dimen147
\l_MT_below_intertext_sep=\dimen148
\l_MT_above_shortintertext_sep=\dimen149
\l_MT_below_shortintertext_sep=\dimen150
)
(/usr/share/texlive/texmf-dist/tex/latex/algorithms/algorithmic.sty
Package: algorithmic 2009/08/24 v0.1 Document Style `algorithmic'
\c@ALC@unique=\count136
\c@ALC@line=\count137
\c@ALC@rem=\count138
\c@ALC@depth=\count139
\ALC@tlm=\skip57
\algorithmicindent=\skip58
)
(/usr/share/texlive/texmf-dist/tex/latex/amsfonts/amssymb.sty
Package: amssymb 2013/01/14 v3.01 AMS font symbols

(/usr/share/texlive/texmf-dist/tex/latex/amsfonts/amsfonts.sty
Package: amsfonts 2013/01/14 v3.01 Basic AMSFonts support
\symAMSa=\mathgroup4
\symAMSb=\mathgroup5
LaTeX Font Info:    Overwriting math alphabet `\mathfrak' in version `bold'
(Font)                  U/euf/m/n --> U/euf/b/n on input line 106.
))
(/usr/share/texlive/texmf-dist/tex/latex/geometry/geometry.sty
Package: geometry 2010/09/12 v5.6 Page Geometry
\Gm@cnth=\count140
\Gm@cntv=\count141
\c@Gm@tempcnt=\count142
\Gm@bindingoffset=\dimen151
\Gm@wd@mp=\dimen152
\Gm@odd@mp=\dimen153
\Gm@even@mp=\dimen154
\Gm@layoutwidth=\dimen155
\Gm@layoutheight=\dimen156
\Gm@layouthoffset=\dimen157
\Gm@layoutvoffset=\dimen158
\Gm@dimlist=\toks23
)
(/usr/share/texlive/texmf-dist/tex/latex/textcase/textcase.sty
Package: textcase 2004/10/07 v0.07 Text only upper/lower case changing (DPC)
)
(/usr/share/texlive/texmf-dist/tex/latex/appendix/appendix.sty
Package: appendix 2009/09/02 v1.2b extra appendix facilities
\c@@pps=\count143
\c@@ppsavesec=\count144
\c@@ppsaveapp=\count145
)
(/usr/share/texlive/texmf-dist/tex/latex/tools/tabularx.sty
Package: tabularx 1999/01/07 v2.07 `tabularx' package (DPC)

(/usr/share/texlive/texmf-dist/tex/latex/tools/array.sty
Package: array 2008/09/09 v2.4c Tabular extension package (FMi)
\col@sep=\dimen159
\extrarowheight=\dimen160
\NC@list=\toks24
\extratabsurround=\skip59
\backup@length=\skip60
)
\TX@col@width=\dimen161
\TX@old@table=\dimen162
\TX@old@col=\dimen163
\TX@target=\dimen164
\TX@delta=\dimen165
\TX@cols=\count146
\TX@ftn=\toks25
)
(/usr/share/texlive/texmf-dist/tex/latex/algorithms/algorithm.sty
Package: algorithm 2009/08/24 v0.1 Document Style `algorithm' - floating enviro
nment

(/usr/share/texlive/texmf-dist/tex/latex/float/float.sty
Package: float 2001/11/08 v1.3d Float enhancements (AL)
\c@float@type=\count147
\float@exts=\toks26
\float@box=\box58
\@float@everytoks=\toks27
\@floatcapt=\box59
)
\@float@every@algorithm=\toks28
\c@algorithm=\count148
)
(/usr/share/texlive/texmf-dist/tex/latex/enumitem/enumitem.sty
Package: enumitem 2011/09/28 v3.5.2 Customized lists
\labelindent=\skip61
\enit@outerparindent=\dimen166
\enit@toks=\toks29
\enit@inbox=\box60
\enitdp@description=\count149
)
\@float@every@table=\toks30
 (./thesis.aux
(./chapters/Introduction.aux) (./chapters/Background.aux)
(./chapters/Related_Works.aux) (./chapters/Implementation.aux)
(./chapters/Experiments_and_Results.aux

LaTeX Warning: Label `fig:tsukubaPy' multiply defined.


LaTeX Warning: Label `sub@fig:tsukubaPy' multiply defined.


LaTeX Warning: Label `fig:tsukubaFPGA' multiply defined.


LaTeX Warning: Label `sub@fig:tsukubaFPGA' multiply defined.


LaTeX Warning: Label `fig:venusPy' multiply defined.


LaTeX Warning: Label `sub@fig:venusPy' multiply defined.


LaTeX Warning: Label `fig:venusFPGA' multiply defined.


LaTeX Warning: Label `sub@fig:venusFPGA' multiply defined.

) (./chapters/Conclusions.aux) (./chapters/Future_Work.aux) (./AppendixA.aux)
(./AppendixB.aux) (./AppendixC.aux) (./AppendixD.aux) (./AppendixE.aux)
(./AppendixF.aux))
\openout1 = `thesis.aux'.

LaTeX Font Info:    Checking defaults for OML/cmm/m/it on input line 124.
LaTeX Font Info:    ... okay on input line 124.
LaTeX Font Info:    Checking defaults for T1/cmr/m/n on input line 124.
LaTeX Font Info:    ... okay on input line 124.
LaTeX Font Info:    Checking defaults for OT1/cmr/m/n on input line 124.
LaTeX Font Info:    ... okay on input line 124.
LaTeX Font Info:    Checking defaults for OMS/cmsy/m/n on input line 124.
LaTeX Font Info:    ... okay on input line 124.
LaTeX Font Info:    Checking defaults for OMX/cmex/m/n on input line 124.
LaTeX Font Info:    ... okay on input line 124.
LaTeX Font Info:    Checking defaults for U/cmr/m/n on input line 124.
LaTeX Font Info:    ... okay on input line 124.
LaTeX Font Info:    Checking defaults for PD1/pdf/m/n on input line 124.
LaTeX Font Info:    ... okay on input line 124.
\c@lstlisting=\count150

(/usr/share/texlive/texmf-dist/tex/context/base/supp-pdf.mkii
[Loading MPS to PDF converter (version 2006.09.02).]
\scratchcounter=\count151
\scratchdimen=\dimen167
\scratchbox=\box61
\nofMPsegments=\count152
\nofMParguments=\count153
\everyMPshowfont=\toks31
\MPscratchCnt=\count154
\MPscratchDim=\dimen168
\MPnumerator=\count155
\makeMPintoPDFobject=\count156
\everyMPtoPDFconversion=\toks32
) (/usr/share/texlive/texmf-dist/tex/latex/oberdiek/epstopdf-base.sty
Package: epstopdf-base 2010/02/09 v2.5 Base part for package epstopdf

(/usr/share/texlive/texmf-dist/tex/latex/oberdiek/grfext.sty
Package: grfext 2010/08/19 v1.1 Manage graphics extensions (HO)
)
Package grfext Info: Graphics extension search list:
(grfext)             [.png,.pdf,.jpg,.mps,.jpeg,.jbig2,.jb2,.PNG,.PDF,.JPG,.JPE
G,.JBIG2,.JB2,.eps]
(grfext)             \AppendGraphicsExtensions on input line 452.

(/usr/share/texlive/texmf-dist/tex/latex/latexconfig/epstopdf-sys.cfg
File: epstopdf-sys.cfg 2010/07/13 v1.3 Configuration of (r)epstopdf for TeX Liv
e
))
\AtBeginShipoutBox=\box62

(/usr/share/texlive/texmf-dist/tex/latex/graphics/color.sty
Package: color 2005/11/14 v1.0j Standard LaTeX Color (DPC)

(/usr/share/texlive/texmf-dist/tex/latex/latexconfig/color.cfg
File: color.cfg 2007/01/18 v1.5 color configuration of teTeX/TeXLive
)
Package color Info: Driver file: pdftex.def on input line 130.
)
Package hyperref Info: Link coloring ON on input line 124.

(/usr/share/texlive/texmf-dist/tex/latex/hyperref/nameref.sty
Package: nameref 2012/10/27 v2.43 Cross-referencing by name of section

(/usr/share/texlive/texmf-dist/tex/generic/oberdiek/gettitlestring.sty
Package: gettitlestring 2010/12/03 v1.4 Cleanup title references (HO)
)
\c@section@level=\count157
)
LaTeX Info: Redefining \ref on input line 124.
LaTeX Info: Redefining \pageref on input line 124.
LaTeX Info: Redefining \nameref on input line 124.

(./thesis.out) (./thesis.out)
\@outlinefile=\write3
\openout3 = `thesis.out'.

Package caption Info: Begin \AtBeginDocument code.
Package caption Info: float package is loaded.
Package caption Info: End \AtBeginDocument code.

*geometry* driver: auto-detecting
*geometry* detected driver: pdftex
*geometry* verbose mode - [ preamble ] result:
* driver: pdftex
* paper: custom
* layout: <same size as paper>
* layoutoffset:(h,v)=(0.0pt,0.0pt)
* modes: 
* h-part:(L,W,R)=(108.405pt, 411.93878pt, 93.95122pt)
* v-part:(T,H,B)=(90.3375pt, 632.3625pt, 72.26999pt)
* \paperwidth=614.295pt
* \paperheight=794.96999pt
* \textwidth=411.93878pt
* \textheight=632.3625pt
* \oddsidemargin=36.13501pt
* \evensidemargin=36.13501pt
* \topmargin=18.0675pt
* \headheight=0.0pt
* \headsep=0.0pt
* \topskip=12.0pt
* \footskip=30.0pt
* \marginparwidth=0.0pt
* \marginparsep=10.0pt
* \columnsep=10.0pt
* \skip\footins=10.8pt plus 4.0pt minus 2.0pt
* \hoffset=0.0pt
* \voffset=0.0pt
* \mag=1000
* \@twocolumnfalse
* \@twosidefalse
* \@mparswitchfalse
* \@reversemarginfalse
* (1in=72.27pt=25.4mm, 1cm=28.453pt)

[1

{/var/lib/texmf/fonts/map/pdftex/updmap/pdftex.map}]
LaTeX Font Info:    Try loading font information for OMS+cmr on input line 141.


(/usr/share/texlive/texmf-dist/tex/latex/base/omscmr.fd
File: omscmr.fd 1999/05/25 v2.5h Standard LaTeX font definitions
)
LaTeX Font Info:    Font shape `OMS/cmr/m/n' in size <12> not available
(Font)              Font shape `OMS/cmsy/m/n' tried instead on input line 141.
 [2]
LaTeX Font Info:    Try loading font information for U+msa on input line 144.

(/usr/share/texlive/texmf-dist/tex/latex/amsfonts/umsa.fd
File: umsa.fd 2013/01/14 v3.01 AMS symbols A
)
LaTeX Font Info:    Try loading font information for U+msb on input line 144.

(/usr/share/texlive/texmf-dist/tex/latex/amsfonts/umsb.fd
File: umsb.fd 2013/01/14 v3.01 AMS symbols B
) [3]
(./chapters/Abstract.tex) [4] [5] (./thesis.toc [6

])
\tf@toc=\write4
\openout4 = `thesis.toc'.

 [7] (./thesis.lot)
\tf@lot=\write5
\openout5 = `thesis.lot'.


[8

] (./thesis.lof [9

])
\tf@lof=\write6
\openout6 = `thesis.lof'.

 [10]
\openout2 = `chapters/Introduction.aux'.

 (./chapters/Introduction.tex
CHAPTER 1.
)pdfTeX warning (ext4): destination with the same identifier (name{page.1}) has
 been already used, duplicate ignored
<to be read again> 
                   \relax 
l.172 \include{chapters/Introduction}
                                      [1


]
\openout2 = `chapters/Background.aux'.

 (./chapters/Background.tex
CHAPTER 2.
[2



] <figures/stereoVisionDiagram.jpg, id=421, 276.28218pt x 212.29312pt>
File: figures/stereoVisionDiagram.jpg Graphic file (type jpg)

<use figures/stereoVisionDiagram.jpg>
Package pdftex.def Info: figures/stereoVisionDiagram.jpg used on input line 20.

(pdftex.def)             Requested size: 276.2815pt x 212.2926pt.
 [3] [4 <./figures/stereoVisionDiagram.jpg>] [5] [6]
<figures/sadCorrespondingWindows.png, id=459, 440.64626pt x 183.68625pt>
File: figures/sadCorrespondingWindows.png Graphic file (type png)

<use figures/sadCorrespondingWindows.png>
Package pdftex.def Info: figures/sadCorrespondingWindows.png used on input line
 54.
(pdftex.def)             Requested size: 440.64517pt x 183.68578pt.

Overfull \hbox (28.70639pt too wide) in paragraph at lines 54--56
 [] 
 []

<figures/epipolar.png, id=467, 563.10374pt x 315.1775pt>
File: figures/epipolar.png Graphic file (type png)

<use figures/epipolar.png>
Package pdftex.def Info: figures/epipolar.png used on input line 65.
(pdftex.def)             Requested size: 254.16765pt x 142.26378pt.
 [7 <./figures/sadCorrespondingWindows.png (PNG copy)>] <figures/sadGlobalGraph
.png, id=484, 208.78pt x 193.72375pt>
File: figures/sadGlobalGraph.png Graphic file (type png)

<use figures/sadGlobalGraph.png>
Package pdftex.def Info: figures/sadGlobalGraph.png used on input line 82.
(pdftex.def)             Requested size: 164.773pt x 152.89818pt.

<figures/sadLocalGraph.png, id=485, 204.765pt x 192.72pt>
File: figures/sadLocalGraph.png Graphic file (type png)

<use figures/sadLocalGraph.png>
Package pdftex.def Info: figures/sadLocalGraph.png used on input line 87.
(pdftex.def)             Requested size: 164.773pt x 155.09074pt.
 [8 <./figures/epipolar.png>]) [9 <./figures/sadGlobalGraph.png (PNG copy)> <./
figures/sadLocalGraph.png (PNG copy)>] [10]
\openout2 = `chapters/Related_Works.aux'.


(./chapters/Related_Works.tex
CHAPTER 3.
[11



]) [12] [13]
\openout2 = `chapters/Implementation.aux'.

 (./chapters/Implementation.tex
CHAPTER 4.
[14



] <figures/sadAlgorithm_rtl.png, id=552, 591.008pt x 176.66pt>
File: figures/sadAlgorithm_rtl.png Graphic file (type png)

<use figures/sadAlgorithm_rtl.png>
Package pdftex.def Info: figures/sadAlgorithm_rtl.png used on input line 21.
(pdftex.def)             Requested size: 284.52756pt x 85.04921pt.
 [15 <./figures/sadAlgorithm_rtl.png>]
<figures/stateMachine.png, id=561, 350.911pt x 354.926pt>
File: figures/stateMachine.png Graphic file (type png)

<use figures/stateMachine.png>
Package pdftex.def Info: figures/stateMachine.png used on input line 35.
(pdftex.def)             Requested size: 284.52756pt x 287.78093pt.
 [16 <./figures/stateMachine.png>]
<figures/sadAlgorithm9x9.png, id=571, 550.055pt x 124.465pt>
File: figures/sadAlgorithm9x9.png Graphic file (type png)

<use figures/sadAlgorithm9x9.png>
Package pdftex.def Info: figures/sadAlgorithm9x9.png used on input line 50.
(pdftex.def)             Requested size: 341.43306pt x 77.26056pt.

<figures/sadPipeline9x9.png, id=573, 179.069pt x 136.51pt>
File: figures/sadPipeline9x9.png Graphic file (type png)

<use figures/sadPipeline9x9.png>
Package pdftex.def Info: figures/sadPipeline9x9.png used on input line 61.
(pdftex.def)             Requested size: 170.71652pt x 130.14616pt.


LaTeX Warning: `h' float specifier changed to `ht'.


Overfull \hbox (14.13643pt too wide) in paragraph at lines 68--70
\OT1/cmtt/m/n/12 https : / / github . com / cccitron / mastersThesis / tree / m
aster / makestuff / libs /
 []

[17 <./figures/sadAlgorithm9x9.png>] [18 <./figures/sadPipeline9x9.png>]
<figures/sadAlgorithm7x7.png, id=590, 558.888pt x 437.635pt>
File: figures/sadAlgorithm7x7.png Graphic file (type png)

<use figures/sadAlgorithm7x7.png>
Package pdftex.def Info: figures/sadAlgorithm7x7.png used on input line 79.
(pdftex.def)             Requested size: 341.43306pt x 267.35762pt.

<figures/sadPipeline7x7.png, id=592, 186.296pt x 256.96pt>
File: figures/sadPipeline7x7.png Graphic file (type png)

<use figures/sadPipeline7x7.png>
Package pdftex.def Info: figures/sadPipeline7x7.png used on input line 90.
(pdftex.def)             Requested size: 170.71652pt x 235.48857pt.


LaTeX Warning: `h' float specifier changed to `ht'.


Overfull \hbox (14.13643pt too wide) in paragraph at lines 97--99
\OT1/cmtt/m/n/12 https : / / github . com / cccitron / mastersThesis / tree / m
aster / makestuff / libs /
 []

[19 <./figures/sadAlgorithm7x7.png>] [20 <./figures/sadPipeline7x7.png>]
<figures/minComparator_rtl.png, id=605, 428.802pt x 220.022pt>
File: figures/minComparator_rtl.png Graphic file (type png)

<use figures/minComparator_rtl.png>
Package pdftex.def Info: figures/minComparator_rtl.png used on input line 108.
(pdftex.def)             Requested size: 284.52756pt x 145.9972pt.
 [21 <./figures/minComparator_rtl.png>]
<figures/minComparator.png, id=613, 652.839pt x 654.445pt>
File: figures/minComparator.png Graphic file (type png)

<use figures/minComparator.png>
Package pdftex.def Info: figures/minComparator.png used on input line 119.
(pdftex.def)             Requested size: 426.79134pt x 427.85075pt.

Overfull \hbox (14.85255pt too wide) in paragraph at lines 119--121
 [] 
 []


LaTeX Warning: `h' float specifier changed to `ht'.

<figures/sad_wrapper_rtl.png, id=615, 482.603pt x 334.048pt>
File: figures/sad_wrapper_rtl.png Graphic file (type png)

<use figures/sad_wrapper_rtl.png>
Package pdftex.def Info: figures/sad_wrapper_rtl.png used on input line 133.
(pdftex.def)             Requested size: 284.52756pt x 196.94388pt.


LaTeX Warning: `h' float specifier changed to `ht'.

[22] <figures/top_level_rtl.png, id=623, 516.329pt x 322.003pt>
File: figures/top_level_rtl.png Graphic file (type png)

<use figures/top_level_rtl.png>
Package pdftex.def Info: figures/top_level_rtl.png used on input line 147.
(pdftex.def)             Requested size: 426.79134pt x 266.16673pt.

Overfull \hbox (14.85255pt too wide) in paragraph at lines 147--149
 [] 
 []


LaTeX Warning: `h' float specifier changed to `ht'.

<figures/fpgalinkOverview.png, id=627, 562.1pt x 457.71pt>
File: figures/fpgalinkOverview.png Graphic file (type png)

<use figures/fpgalinkOverview.png>
Package pdftex.def Info: figures/fpgalinkOverview.png used on input line 164.
(pdftex.def)             Requested size: 426.79134pt x 347.52798pt.

Overfull \hbox (14.85255pt too wide) in paragraph at lines 164--166
 [] 
 []


LaTeX Warning: `h' float specifier changed to `ht'.

) [23] [24 <./figures/minComparator.png>] [25 <./figures/sad_wrapper_rtl.png> <
./figures/top_level_rtl.png>] [26 <./figures/fpgalinkOverview.png>]
\openout2 = `chapters/Experiments_and_Results.aux'.


(./chapters/Experiments_and_Results.tex
CHAPTER 5.
<figures/sad_tsukuba_3x3_0-15.png, id=653, 289.08pt x 216.81pt>
File: figures/sad_tsukuba_3x3_0-15.png Graphic file (type png)

<use figures/sad_tsukuba_3x3_0-15.png>
Package pdftex.def Info: figures/sad_tsukuba_3x3_0-15.png used on input line 18
.
(pdftex.def)             Requested size: 185.37119pt x 139.02588pt.

<figures/sad_tsukuba_5x5_0-15.png, id=654, 289.08pt x 216.81pt>
File: figures/sad_tsukuba_5x5_0-15.png Graphic file (type png)

<use figures/sad_tsukuba_5x5_0-15.png>
Package pdftex.def Info: figures/sad_tsukuba_5x5_0-15.png used on input line 23
.
(pdftex.def)             Requested size: 185.37119pt x 139.02588pt.

<figures/sad_tsukuba_7x7_0-15.png, id=655, 289.08pt x 216.81pt>
File: figures/sad_tsukuba_7x7_0-15.png Graphic file (type png)

<use figures/sad_tsukuba_7x7_0-15.png>
Package pdftex.def Info: figures/sad_tsukuba_7x7_0-15.png used on input line 29
.
(pdftex.def)             Requested size: 185.37119pt x 139.02588pt.

<figures/sad_tsukuba_9x9_0-15.png, id=656, 289.08pt x 216.81pt>
File: figures/sad_tsukuba_9x9_0-15.png Graphic file (type png)

<use figures/sad_tsukuba_9x9_0-15.png>
Package pdftex.def Info: figures/sad_tsukuba_9x9_0-15.png used on input line 34
.
(pdftex.def)             Requested size: 185.37119pt x 139.02588pt.

<figures/sad_tsukuba_11x11_0-15.png, id=657, 289.08pt x 216.81pt>
File: figures/sad_tsukuba_11x11_0-15.png Graphic file (type png)

<use figures/sad_tsukuba_11x11_0-15.png>
Package pdftex.def Info: figures/sad_tsukuba_11x11_0-15.png used on input line 
40.
(pdftex.def)             Requested size: 185.37119pt x 139.02588pt.

<figures/sad_tsukuba_13x13_0-15.png, id=658, 289.08pt x 216.81pt>
File: figures/sad_tsukuba_13x13_0-15.png Graphic file (type png)

<use figures/sad_tsukuba_13x13_0-15.png>
Package pdftex.def Info: figures/sad_tsukuba_13x13_0-15.png used on input line 
45.
(pdftex.def)             Requested size: 185.37119pt x 139.02588pt.
 [27



] [28 <./figures/sad_tsukuba_3x3_0-15.png (PNG copy)> <./figures/sad_tsukuba_5x
5_0-15.png (PNG copy)> <./figures/sad_tsukuba_7x7_0-15.png (PNG copy)> <./figur
es/sad_tsukuba_9x9_0-15.png (PNG copy)> <./figures/sad_tsukuba_11x11_0-15.png (
PNG copy)> <./figures/sad_tsukuba_13x13_0-15.png (PNG copy)>] [29] [30] [31]
<figures/tsukuba_disp9x9_2_sad_overflow.png, id=698, 361.35pt x 281.05pt>
File: figures/tsukuba_disp9x9_2_sad_overflow.png Graphic file (type png)

<use figures/tsukuba_disp9x9_2_sad_overflow.png>
Package pdftex.def Info: figures/tsukuba_disp9x9_2_sad_overflow.png used on inp
ut line 146.
(pdftex.def)             Requested size: 227.62204pt x 177.04099pt.
 [32]
<figures/tsukubaL.jpg, id=708, 385.44pt x 289.08pt>
File: figures/tsukubaL.jpg Graphic file (type jpg)
 <use figures/tsukubaL.jpg>
Package pdftex.def Info: figures/tsukubaL.jpg used on input line 161.
(pdftex.def)             Requested size: 185.37119pt x 139.02588pt.

<figures/tsukubaR.jpg, id=709, 385.44pt x 289.08pt>
File: figures/tsukubaR.jpg Graphic file (type jpg)
 <use figures/tsukubaR.jpg>
Package pdftex.def Info: figures/tsukubaR.jpg used on input line 166.
(pdftex.def)             Requested size: 185.37119pt x 139.02588pt.

<figures/tsukuba_9x9_python3.png, id=710, 368.37625pt x 287.0725pt>
File: figures/tsukuba_9x9_python3.png Graphic file (type png)

<use figures/tsukuba_9x9_python3.png>
Package pdftex.def Info: figures/tsukuba_9x9_python3.png used on input line 172
.
(pdftex.def)             Requested size: 185.37119pt x 144.45576pt.

<figures/tsukuba_9x9_fpga.png, id=711, 361.35pt x 281.05pt>
File: figures/tsukuba_9x9_fpga.png Graphic file (type png)

<use figures/tsukuba_9x9_fpga.png>
Package pdftex.def Info: figures/tsukuba_9x9_fpga.png used on input line 177.
(pdftex.def)             Requested size: 185.37119pt x 144.17842pt.

<figures/tsukuba_7x7_python3.png, id=712, 364.36125pt x 283.0575pt>
File: figures/tsukuba_7x7_python3.png Graphic file (type png)

<use figures/tsukuba_7x7_python3.png>
Package pdftex.def Info: figures/tsukuba_7x7_python3.png used on input line 183
.
(pdftex.def)             Requested size: 185.37119pt x 144.00755pt.

<figures/tsukuba_7x7_fpga.png, id=713, 364.36125pt x 283.0575pt>
File: figures/tsukuba_7x7_fpga.png Graphic file (type png)

<use figures/tsukuba_7x7_fpga.png>
Package pdftex.def Info: figures/tsukuba_7x7_fpga.png used on input line 188.
(pdftex.def)             Requested size: 185.37119pt x 144.00755pt.

<figures/venusL.png, id=717, 435.6275pt x 384.43625pt>
File: figures/venusL.png Graphic file (type png)

<use figures/venusL.png>
Package pdftex.def Info: figures/venusL.png used on input line 206.
(pdftex.def)             Requested size: 185.37119pt x 163.58562pt.

<figures/venusR.png, id=718, 435.6275pt x 384.43625pt>
File: figures/venusR.png Graphic file (type png)

<use figures/venusR.png>
Package pdftex.def Info: figures/venusR.png used on input line 211.
(pdftex.def)             Requested size: 185.37119pt x 163.58562pt.

<figures/venus_9x9_python3.png, id=719, 418.56375pt x 382.42876pt>
File: figures/venus_9x9_python3.png Graphic file (type png)

<use figures/venus_9x9_python3.png>
Package pdftex.def Info: figures/venus_9x9_python3.png used on input line 217.
(pdftex.def)             Requested size: 185.37119pt x 169.36621pt.

<figures/venus_9x9_fpga.png, id=720, 411.5375pt x 376.40625pt>
File: figures/venus_9x9_fpga.png Graphic file (type png)

<use figures/venus_9x9_fpga.png>
Package pdftex.def Info: figures/venus_9x9_fpga.png used on input line 222.
(pdftex.def)             Requested size: 185.37119pt x 169.5478pt.

<figures/venus_7x7_python3.png, id=721, 414.54875pt x 378.41376pt>
File: figures/venus_7x7_python3.png Graphic file (type png)

<use figures/venus_7x7_python3.png>
Package pdftex.def Info: figures/venus_7x7_python3.png used on input line 228.
(pdftex.def)             Requested size: 185.37119pt x 169.21062pt.

<figures/venus_7x7_fpga.png, id=722, 414.54875pt x 378.41376pt>
File: figures/venus_7x7_fpga.png Graphic file (type png)

<use figures/venus_7x7_fpga.png>
Package pdftex.def Info: figures/venus_7x7_fpga.png used on input line 233.
(pdftex.def)             Requested size: 185.37119pt x 169.21062pt.
 [33 <./figures/tsukuba_disp9x9_2_sad_overflow.png (PNG copy)>] [34 <./figures/
tsukubaL.jpg> <./figures/tsukubaR.jpg> <./figures/tsukuba_9x9_python3.png (PNG 
copy)> <./figures/tsukuba_9x9_fpga.png (PNG copy)> <./figures/tsukuba_7x7_pytho
n3.png (PNG copy)> <./figures/tsukuba_7x7_fpga.png (PNG copy)>] <figures/conesL
.png, id=738, 451.6875pt x 376.40625pt>
File: figures/conesL.png Graphic file (type png)

<use figures/conesL.png>
Package pdftex.def Info: figures/conesL.png used on input line 252.
(pdftex.def)             Requested size: 185.37119pt x 154.47688pt.

<figures/conesR.png, id=739, 451.6875pt x 376.40625pt>
File: figures/conesR.png Graphic file (type png)

<use figures/conesR.png>
Package pdftex.def Info: figures/conesR.png used on input line 257.
(pdftex.def)             Requested size: 185.37119pt x 154.47688pt.

<figures/cones_9x9_matlab_0-59.png, id=740, 338.76563pt x 282.30469pt>
File: figures/cones_9x9_matlab_0-59.png Graphic file (type png)

<use figures/cones_9x9_matlab_0-59.png>
Package pdftex.def Info: figures/cones_9x9_matlab_0-59.png used on input line 2
63.
(pdftex.def)             Requested size: 185.37119pt x 154.47975pt.

<figures/cones_9x9_python3.png, id=743, 434.62375pt x 374.39874pt>
File: figures/cones_9x9_python3.png Graphic file (type png)

<use figures/cones_9x9_python3.png>
Package pdftex.def Info: figures/cones_9x9_python3.png used on input line 268.
(pdftex.def)             Requested size: 185.37119pt x 159.68579pt.
) [35] [36 <./figures/venusL.png (PNG copy)> <./figures/venusR.png (PNG copy)> 
<./figures/venus_9x9_python3.png (PNG copy)> <./figures/venus_9x9_fpga.png (PNG
 copy)> <./figures/venus_7x7_python3.png (PNG copy)> <./figures/venus_7x7_fpga.
png (PNG copy)>] [37 <./figures/conesL.png (PNG copy)> <./figures/conesR.png (P
NG copy)> <./figures/cones_9x9_matlab_0-59.png (PNG copy)> <./figures/cones_9x9
_python3.png (PNG copy)>]
\openout2 = `chapters/Conclusions.aux'.


(./chapters/Conclusions.tex
CHAPTER 6.
) [38



]
\openout2 = `chapters/Future_Work.aux'.

 (./chapters/Future_Work.tex
CHAPTER 7.
) [39



] (./thesis.bbl
Underfull \hbox (badness 10000) in paragraph at lines 8--12
[]\OT1/cmr/m/n/12 Atlys spartan-6 fpga de-vel-op-ment board.  [][]$\OT1/cmtt/m/
n/12 http : / /
 []


Underfull \hbox (badness 10000) in paragraph at lines 8--12
\OT1/cmtt/m/n/12 www . digilentinc . com / Products / Detail . cfm ? NavPath =
 []


Underfull \hbox (badness 10000) in paragraph at lines 8--12
\OT1/cmtt/m/n/12 2 ,[] 400 ,[] 836 & Prod = ATLYS & CFID = 5602753 & CFTOKEN =
 []


Underfull \hbox (badness 10000) in paragraph at lines 8--12
\OT1/cmtt/m/n/12 ff475ab97d889237-[]27A8B1C4-[]5056-[]0201-[]02F29D3CC5564ED6$[
][]\OT1/cmr/m/n/12 , July
 []


Underfull \hbox (badness 5592) in paragraph at lines 14--16
[]\OT1/cmr/m/n/12 Bumblebee2.  [][]$\OT1/cmtt/m/n/12 http : / / ww2 . ptgrey . 
com / stereo-[]vision / bumblebee-[]2$[][]\OT1/cmr/m/n/12 ,
 []


Underfull \hbox (badness 10000) in paragraph at lines 18--22
[]\OT1/cmr/m/n/12 Digi-key.  [][]$\OT1/cmtt/m/n/12 http : / / www . digikey . c
om / product-[]detail / en /
 []


Underfull \hbox (badness 1917) in paragraph at lines 29--33
[]\OT1/cmr/m/n/12 Vmodcam - stereo cam-era mod-ule.  [][]$\OT1/cmtt/m/n/12 http
 : / / www . digilentinc . com /
 []


Underfull \hbox (badness 10000) in paragraph at lines 29--33
\OT1/cmtt/m/n/12 Products / Detail . cfm ? NavPath = 2 ,[] 648 ,[] 931 & Prod =
 VMOD-[]CAM$[][]\OT1/cmr/m/n/12 , July
 []

Missing character: There is no â in font cmr12!
Missing character: There is no € in font cmr12!
Missing character: There is no “ in font cmr12!

Underfull \hbox (badness 10000) in paragraph at lines 35--39
[]\OT1/cmr/m/n/12 Xtremedsp starter plat-form  spartan-3a dsp 1800a edi-
 []


Underfull \hbox (badness 10000) in paragraph at lines 35--39
\OT1/cmr/m/n/12 tion.  [][]$\OT1/cmtt/m/n/12 http : / / www . xilinx . com / pr
oducts / boards-[]and-[]kits /
 []


Underfull \hbox (badness 1515) in paragraph at lines 41--45
[]\OT1/cmr/m/n/12 Epipolar ge-om-e-try.  [][]$\OT1/cmtt/m/n/12 http : / / homep
ages . inf . ed . ac . uk / rbf / CVonline /
 []

[40



]
Overfull \hbox (109.27783pt too wide) in paragraph at lines 47--53
\OT1/cmtt/m/n/12 correlation-[]based-[]similarity-[]measures-[]in-[]area-[]base
d-[]stereo-[]matching-[]systems/$[][]\OT1/cmr/m/n/12 ,
 []

[41] [42]
Underfull \hbox (badness 2134) in paragraph at lines 140--143
[]\OT1/cmr/m/n/12 Daniel Scharstein and Richard Szeliski.  Stereo.  [][]$\OT1/c
mtt/m/n/12 http : / / vision .
 []

) [43]
\openout2 = `AppendixA.aux'.

 (./AppendixA.tex
APPENDIX A.
(/usr/share/texlive/texmf-dist/tex/latex/listings/lstlang1.sty
File: lstlang1.sty 2013/08/26 1.5b listings language file
)
LaTeX Font Info:    Try loading font information for OML+cmr on input line 17.

(/usr/share/texlive/texmf-dist/tex/latex/base/omlcmr.fd
File: omlcmr.fd 1999/05/25 v2.5h Standard LaTeX font definitions
)
LaTeX Font Info:    Font shape `OML/cmr/m/n' in size <10> not available
(Font)              Font shape `OML/cmm/m/it' tried instead on input line 17.
) [44


]
\openout2 = `AppendixB.aux'.

 (./AppendixB.tex
APPENDIX B.
Package color Info: Redefining color mygreen on input line 4.
LaTeX Font Info:    Font shape `OMS/cmr/m/n' in size <10> not available
(Font)              Font shape `OMS/cmsy/m/n' tried instead on input line 19.
) [45



]
\openout2 = `AppendixC.aux'.

 (./AppendixC.tex
APPENDIX C.
Package color Info: Redefining color mygreen on input line 4.
) [46



]
\openout2 = `AppendixD.aux'.

 (./AppendixD.tex
APPENDIX D.
Package color Info: Redefining color mygreen on input line 4.
(/usr/share/texlive/texmf-dist/tex/latex/listings/lstlang1.sty
File: lstlang1.sty 2013/08/26 1.5b listings language file
)) [47



]
\openout2 = `AppendixE.aux'.


(./AppendixE.tex
APPENDIX E.

Underfull \hbox (badness 10000) in paragraph at lines 8--8
[]|\OT1/cmr/bx/n/12 Window
 []


Underfull \hbox (badness 10000) in paragraph at lines 9--9
[]|\OT1/cmr/bx/n/12 Disparity
 []


Underfull \hbox (badness 2318) in paragraph at lines 11--11
[]|\OT1/cmr/bx/n/12 # of Slice
 []


Underfull \hbox (badness 10000) in paragraph at lines 11--11
\OT1/cmr/bx/n/12 Reg-is-ters
 []


Underfull \hbox (badness 10000) in paragraph at lines 12--12
[]|\OT1/cmr/bx/n/12 # of Slice
 []


Underfull \hbox (badness 10000) in paragraph at lines 12--12
\OT1/cmr/bx/n/12 LUTs used
 []


Underfull \hbox (badness 6910) in paragraph at lines 13--13
\OT1/cmr/bx/n/12 pied Slices
 []


Underfull \hbox (badness 4792) in paragraph at lines 14--16
[]|\OT1/cmr/bx/n/12 # of MUX-
 []

) [48



] [49]
\openout2 = `AppendixF.aux'.

 (./AppendixF.tex
APPENDIX F.
<figures/testbench_simulation_9x9.png, id=920, 1264.725pt x 544.0325pt>
File: figures/testbench_simulation_9x9.png Graphic file (type png)

<use figures/testbench_simulation_9x9.png>
Package pdftex.def Info: figures/testbench_simulation_9x9.png used on input lin
e 6.
(pdftex.def)             Requested size: 661.48183pt x 284.52756pt.

Overfull \hbox (29.11932pt too wide) in paragraph at lines 6--8
 [] 
 []

<figures/testbench_simulation_7x7.png, id=921, 866.23625pt x 583.17876pt>
File: figures/testbench_simulation_7x7.png Graphic file (type png)

<use figures/testbench_simulation_7x7.png>
Package pdftex.def Info: figures/testbench_simulation_7x7.png used on input lin
e 16.
(pdftex.def)             Requested size: 422.63544pt x 284.52756pt.
) [50



] [51 <./figures/testbench_simulation_9x9.png (PNG copy)>] [52 <./figures/testb
ench_simulation_7x7.png (PNG copy)>]
Package atveryend Info: Empty hook `BeforeClearDocument' on input line 208.
Package atveryend Info: Empty hook `AfterLastShipout' on input line 208.
 (./thesis.aux (./chapters/Introduction.aux) (./chapters/Background.aux)
(./chapters/Related_Works.aux) (./chapters/Implementation.aux)
(./chapters/Experiments_and_Results.aux) (./chapters/Conclusions.aux)
(./chapters/Future_Work.aux) (./AppendixA.aux) (./AppendixB.aux)
(./AppendixC.aux) (./AppendixD.aux) (./AppendixE.aux) (./AppendixF.aux))
Package atveryend Info: Executing hook `AtVeryEndDocument' on input line 208.
Package atveryend Info: Executing hook `AtEndAfterFileList' on input line 208.
Package rerunfilecheck Info: File `thesis.out' has not changed.
(rerunfilecheck)             Checksum: 6D32F5E8C8A1CE70CD8EAEE34CE365CC;2653.


LaTeX Warning: There were multiply-defined labels.

Package atveryend Info: Empty hook `AtVeryVeryEnd' on input line 208.
 ) 
Here is how much of TeX's memory you used:
 11610 strings out of 494985
 174988 string characters out of 6180357
 306133 words of memory out of 5000000
 14283 multiletter control sequences out of 15000+600000
 11405 words of font info for 45 fonts, out of 8000000 for 9000
 36 hyphenation exceptions out of 8191
 36i,12n,42p,1231b,1368s stack positions out of 5000i,500n,10000p,200000b,80000s
</usr/share/texlive/texmf-dist/fonts/type1/public/amsfonts/cm/cmbx12.pfb></us
r/share/texlive/texmf-dist/fonts/type1/public/amsfonts/cm/cmex10.pfb></usr/shar
e/texlive/texmf-dist/fonts/type1/public/amsfonts/cm/cmmi10.pfb></usr/share/texl
ive/texmf-dist/fonts/type1/public/amsfonts/cm/cmmi12.pfb></usr/share/texlive/te
xmf-dist/fonts/type1/public/amsfonts/cm/cmmi8.pfb></usr/share/texlive/texmf-dis
t/fonts/type1/public/amsfonts/cm/cmr10.pfb></usr/share/texlive/texmf-dist/fonts
/type1/public/amsfonts/cm/cmr12.pfb></usr/share/texlive/texmf-dist/fonts/type1/
public/amsfonts/cm/cmr8.pfb></usr/share/texlive/texmf-dist/fonts/type1/public/a
msfonts/cm/cmsy10.pfb></usr/share/texlive/texmf-dist/fonts/type1/public/amsfont
s/cm/cmsy8.pfb></usr/share/texlive/texmf-dist/fonts/type1/public/amsfonts/cm/cm
ti12.pfb></usr/share/texlive/texmf-dist/fonts/type1/public/amsfonts/cm/cmtt12.p
fb>
Output written on thesis.pdf (62 pages, 2065162 bytes).
PDF statistics:
 1030 PDF objects out of 1200 (max. 8388607)
 887 compressed objects within 9 object streams
 242 named destinations out of 1000 (max. 500000)
 534 words of extra memory for PDF output out of 10000 (max. 10000000)

