Command line:
   tb_top_level_isim_beh.exe
     -simmode  gui
     -simrunnum  0
     -socket  41539

Thu May 15 14:15:58 2014


 Elaboration Time: 0.02 sec

 Current Memory Usage: 199.574 Meg

 Total Signals          : 61
 Total Nets             : 5085
 Total Signal Drivers   : 27
 Total Blocks           : 7
 Total Primitive Blocks : 5
 Total Processes        : 8
 Total Traceable Variables  : 19
 Total Scalar Nets and Variables : 6092
Total Line Count : 228
Total Line Count : 228

 Total Simulation Time: 0.06 sec

 Current Memory Usage: 275.075 Meg

Thu May 15 14:17:06 2014

