Command line:
   tb_top_level_isim_beh.exe
     -simmode  gui
     -simrunnum  0
     -socket  48633

Thu May 15 14:36:54 2014


 Elaboration Time: 0.03 sec

 Current Memory Usage: 198.705 Meg

 Total Signals          : 57
 Total Nets             : 3997
 Total Signal Drivers   : 21
 Total Blocks           : 7
 Total Primitive Blocks : 5
 Total Processes        : 7
 Total Traceable Variables  : 19
 Total Scalar Nets and Variables : 5004
Total Line Count : 164
Total Line Count : 164

 Total Simulation Time: 0.05 sec

 Current Memory Usage: 274.207 Meg

Thu May 15 14:37:21 2014

