Release 14.7 - xst P.20131013 (lin64)
Copyright (c) 1995-2013 Xilinx, Inc.  All rights reserved.
--> 
Parameter TMPDIR set to xst/projnav.tmp


Total REAL time to Xst completion: 0.00 secs
Total CPU time to Xst completion: 0.05 secs
 
--> 
Parameter xsthdpdir set to xst


Total REAL time to Xst completion: 0.00 secs
Total CPU time to Xst completion: 0.05 secs
 
--> 
Reading design: absDiff.prj

TABLE OF CONTENTS
  1) Synthesis Options Summary
  2) HDL Parsing
  3) HDL Elaboration
  4) HDL Synthesis
       4.1) HDL Synthesis Report
  5) Advanced HDL Synthesis
       5.1) Advanced HDL Synthesis Report
  6) Low Level Synthesis
  7) Partition Report
  8) Design Summary
       8.1) Primitive and Black Box Usage
       8.2) Device utilization summary
       8.3) Partition Resource Summary
       8.4) Timing Report
            8.4.1) Clock Information
            8.4.2) Asynchronous Control Signals Information
            8.4.3) Timing Summary
            8.4.4) Timing Details
            8.4.5) Cross Clock Domains Report


=========================================================================
*                      Synthesis Options Summary                        *
=========================================================================
---- Source Parameters
Input File Name                    : "absDiff.prj"
Ignore Synthesis Constraint File   : NO

---- Target Parameters
Output File Name                   : "absDiff"
Output Format                      : NGC
Target Device                      : xc6slx45-3-csg324

---- Source Options
Top Module Name                    : absDiff
Automatic FSM Extraction           : YES
FSM Encoding Algorithm             : Auto
Safe Implementation                : No
FSM Style                          : LUT
RAM Extraction                     : Yes
RAM Style                          : Auto
ROM Extraction                     : Yes
Shift Register Extraction          : YES
ROM Style                          : Auto
Resource Sharing                   : YES
Asynchronous To Synchronous        : NO
Shift Register Minimum Size        : 2
Use DSP Block                      : Auto
Automatic Register Balancing       : No

---- Target Options
LUT Combining                      : Auto
Reduce Control Sets                : Auto
Add IO Buffers                     : YES
Global Maximum Fanout              : 100000
Add Generic Clock Buffer(BUFG)     : 16
Register Duplication               : YES
Optimize Instantiated Primitives   : NO
Use Clock Enable                   : Auto
Use Synchronous Set                : Auto
Use Synchronous Reset              : Auto
Pack IO Registers into IOBs        : Auto
Equivalent register Removal        : YES

---- General Options
Optimization Goal                  : Speed
Optimization Effort                : 1
Power Reduction                    : NO
Keep Hierarchy                     : No
Netlist Hierarchy                  : As_Optimized
RTL Output                         : Yes
Global Optimization                : AllClockNets
Read Cores                         : YES
Write Timing Constraints           : NO
Cross Clock Analysis               : NO
Hierarchy Separator                : /
Bus Delimiter                      : <>
Case Specifier                     : Maintain
Slice Utilization Ratio            : 100
BRAM Utilization Ratio             : 100
DSP48 Utilization Ratio            : 100
Auto BRAM Packing                  : NO
Slice Utilization Ratio Delta      : 5

=========================================================================


=========================================================================
*                          HDL Parsing                                  *
=========================================================================
Parsing VHDL file "/home/cccitron/mastersThesis/absDiff/absDiff.vhd" into library work
Parsing entity <absDiff>.
Parsing architecture <Behavioral> of entity <absdiff>.

=========================================================================
*                            HDL Elaboration                            *
=========================================================================

Elaborating entity <absDiff> (architecture <Behavioral>) from library <work>.
WARNING:HDLCompiler:871 - "/home/cccitron/mastersThesis/absDiff/absDiff.vhd" Line 81: Using initial value "000000100000010100000101000001000000000000000111000001110000010100001001" for template3x3 since it is never assigned
WARNING:HDLCompiler:871 - "/home/cccitron/mastersThesis/absDiff/absDiff.vhd" Line 82: Using initial value "000000100000011100000101000000010000011100000100000010000000010000000110" for img3x3_0 since it is never assigned
WARNING:HDLCompiler:871 - "/home/cccitron/mastersThesis/absDiff/absDiff.vhd" Line 83: Using initial value "000001110000010100001000000001110000010000000010000001000000011000001000" for img3x3_1 since it is never assigned
WARNING:HDLCompiler:871 - "/home/cccitron/mastersThesis/absDiff/absDiff.vhd" Line 84: Using initial value "000001010000100000000110000001000000001000000111000001100000100000000101" for img3x3_2 since it is never assigned
WARNING:HDLCompiler:871 - "/home/cccitron/mastersThesis/absDiff/absDiff.vhd" Line 85: Using initial value "000000000000000000000000000000000000000000000000000000000000000000000000" for zeros since it is never assigned

=========================================================================
*                           HDL Synthesis                               *
=========================================================================

Synthesizing Unit <absDiff>.
    Related source file is "/home/cccitron/mastersThesis/absDiff/absDiff.vhd".
WARNING:Xst:647 - Input <CLK_I> is never used. This port will be preserved and left unconnected if it belongs to a top-level block or it belongs to a sub-block and the hierarchy of this sub-block is preserved.
    Found 9-bit adder for signal <sad_tl_s> created at line 103.
    Found 9-bit adder for signal <sad_tc_s> created at line 108.
    Found 9-bit adder for signal <sad_tr_s> created at line 113.
    Found 9-bit adder for signal <sad_cl_s> created at line 118.
    Found 9-bit adder for signal <sad_cc_s> created at line 123.
    Found 9-bit adder for signal <sad_cr_s> created at line 128.
    Found 9-bit adder for signal <sad_bl_s> created at line 133.
    Found 9-bit adder for signal <sad_bc_s> created at line 138.
    Found 9-bit adder for signal <sad_br_s> created at line 143.
    Found 8-bit adder for signal <n0229> created at line 145.
    Found 8-bit adder for signal <n0232> created at line 145.
    Found 8-bit adder for signal <n0235> created at line 145.
    Found 8-bit adder for signal <n0238> created at line 145.
    Found 8-bit adder for signal <n0241> created at line 145.
    Found 8-bit adder for signal <n0244> created at line 145.
    Found 8-bit adder for signal <n0247> created at line 145.
    Found 8-bit adder for signal <led_out> created at line 145.
    Found 9-bit subtractor for signal <t_tl_s[8]_s_tl_s[8]_sub_8_OUT<8:0>> created at line 103.
    Found 9-bit subtractor for signal <t_tc_s[8]_s_tc_s[8]_sub_12_OUT<8:0>> created at line 108.
    Found 9-bit subtractor for signal <t_tr_s[8]_s_tr_s[8]_sub_16_OUT<8:0>> created at line 113.
    Found 9-bit subtractor for signal <t_cl_s[8]_s_cl_s[8]_sub_20_OUT<8:0>> created at line 118.
    Found 9-bit subtractor for signal <t_cr_s[8]_s_cr_s[8]_sub_28_OUT<8:0>> created at line 128.
    Found 9-bit subtractor for signal <t_bl_s[8]_s_bl_s[8]_sub_32_OUT<8:0>> created at line 133.
    Found 9-bit subtractor for signal <t_bc_s[8]_s_bc_s[8]_sub_36_OUT<8:0>> created at line 138.
    Found 9-bit subtractor for signal <t_br_s[8]_s_br_s[8]_sub_40_OUT<8:0>> created at line 143.
    Found 9-bit subtractor for signal <t_cc_s[8]_s_cc_s[8]_sub_24_OUT<8:0>> created at line 123.
    Summary:
	inferred  26 Adder/Subtractor(s).
	inferred   1 Multiplexer(s).
Unit <absDiff> synthesized.

=========================================================================
HDL Synthesis Report

Macro Statistics
# Adders/Subtractors                                   : 26
 8-bit adder                                           : 8
 9-bit adder                                           : 9
 9-bit subtractor                                      : 9
# Multiplexers                                         : 1
 72-bit 2-to-1 multiplexer                             : 1
# Xors                                                 : 72
 1-bit xor2                                            : 72

=========================================================================

=========================================================================
*                       Advanced HDL Synthesis                          *
=========================================================================


Synthesizing (advanced) Unit <absDiff>.
	The following adders/subtractors are grouped into adder tree <Madd_led_out_Madd1> :
 	<Madd_sad_tl_s_Madd> in block <absDiff>, 	<Madd_n0229_Madd> in block <absDiff>, 	<Madd_n0232_Madd> in block <absDiff>, 	<Madd_n0235_Madd> in block <absDiff>, 	<Madd_n0238_Madd> in block <absDiff>, 	<Madd_n0241_Madd> in block <absDiff>, 	<Madd_n0244_Madd> in block <absDiff>, 	<Madd_n0247_Madd> in block <absDiff>, 	<Madd_led_out_Madd> in block <absDiff>.
Unit <absDiff> synthesized (advanced).

=========================================================================
Advanced HDL Synthesis Report

Macro Statistics
# Adders/Subtractors                                   : 9
 9-bit subtractor                                      : 9
# Adder Trees                                          : 1
 8-bit / 10-inputs adder tree                          : 1
# Multiplexers                                         : 1
 72-bit 2-to-1 multiplexer                             : 1
# Xors                                                 : 72
 1-bit xor2                                            : 72

=========================================================================

=========================================================================
*                         Low Level Synthesis                           *
=========================================================================

Optimizing unit <absDiff> ...

Mapping all equations...
Building and optimizing final netlist ...
Found area constraint ratio of 100 (+ 5) on block absDiff, actual ratio is 0.

Final Macro Processing ...

=========================================================================
Final Register Report

Found no macro
=========================================================================

=========================================================================
*                           Partition Report                            *
=========================================================================

Partition Implementation Status
-------------------------------

  No Partitions were found in this design.

-------------------------------

=========================================================================
*                            Design Summary                             *
=========================================================================

Top Level Output File Name         : absDiff.ngc

Primitive and Black Box Usage:
------------------------------
# BELS                             : 114
#      GND                         : 1
#      LUT1                        : 1
#      LUT2                        : 12
#      LUT3                        : 24
#      LUT4                        : 9
#      LUT6                        : 2
#      MUXCY                       : 29
#      XORCY                       : 36
# IO Buffers                       : 16
#      IBUF                        : 8
#      OBUF                        : 8

Device utilization summary:
---------------------------

Selected Device : 6slx45csg324-3 


Slice Logic Utilization: 
 Number of Slice LUTs:                   48  out of  27288     0%  
    Number used as Logic:                48  out of  27288     0%  

Slice Logic Distribution: 
 Number of LUT Flip Flop pairs used:     48
   Number with an unused Flip Flop:      48  out of     48   100%  
   Number with an unused LUT:             0  out of     48     0%  
   Number of fully used LUT-FF pairs:     0  out of     48     0%  
   Number of unique control sets:         0

IO Utilization: 
 Number of IOs:                          17
 Number of bonded IOBs:                  16  out of    218     7%  

Specific Feature Utilization:

---------------------------
Partition Resource Summary:
---------------------------

  No Partitions were found in this design.

---------------------------


=========================================================================
Timing Report

NOTE: THESE TIMING NUMBERS ARE ONLY A SYNTHESIS ESTIMATE.
      FOR ACCURATE TIMING INFORMATION PLEASE REFER TO THE TRACE REPORT
      GENERATED AFTER PLACE-and-ROUTE.

Clock Information:
------------------
No clock signals found in this design

Asynchronous Control Signals Information:
----------------------------------------
No asynchronous control signals found in this design

Timing Summary:
---------------
Speed Grade: -3

   Minimum period: No path found
   Minimum input arrival time before clock: No path found
   Maximum output required time after clock: No path found
   Maximum combinational path delay: 12.665ns

Timing Details:
---------------
All values displayed in nanoseconds (ns)

=========================================================================
Timing constraint: Default path analysis
  Total number of paths / destination ports: 45250 / 8
-------------------------------------------------------------------------
Delay:               12.665ns (Levels of Logic = 18)
  Source:            sw_in<4> (PAD)
  Destination:       led_out<7> (PAD)

  Data Path: sw_in<4> to led_out<7>
                                Gate     Net
    Cell:in->out      fanout   Delay   Delay  Logical Name (Net Name)
    ----------------------------------------  ------------
     IBUF:I->O             2   1.222   0.981  sw_in_4_IBUF (sw_in_4_IBUF)
     LUT6:I0->O           22   0.203   1.362  Mxor_t_tc_s[8]_t_tc_s[8]_XOR_24_o_xo<0>11 (Mxor_t_tc_s[8]_t_tc_s[8]_XOR_24_o_xo<0>1)
     LUT3:I0->O            2   0.205   0.616  ADDERTREE_INTERNAL_Madd_21 (ADDERTREE_INTERNAL_Madd_2)
     MUXCY:DI->O           1   0.145   0.000  ADDERTREE_INTERNAL_Madd4_cy<0> (ADDERTREE_INTERNAL_Madd4_cy<0>)
     XORCY:CI->O           1   0.180   0.808  ADDERTREE_INTERNAL_Madd4_xor<1> (ADDERTREE_INTERNAL_Madd_14)
     LUT3:I0->O            1   0.205   0.000  ADDERTREE_INTERNAL_Madd5_lut<1> (ADDERTREE_INTERNAL_Madd5_lut<1>)
     MUXCY:S->O            1   0.172   0.000  ADDERTREE_INTERNAL_Madd5_cy<1> (ADDERTREE_INTERNAL_Madd5_cy<1>)
     MUXCY:CI->O           1   0.019   0.000  ADDERTREE_INTERNAL_Madd5_cy<2> (ADDERTREE_INTERNAL_Madd5_cy<2>)
     MUXCY:CI->O           0   0.019   0.000  ADDERTREE_INTERNAL_Madd5_cy<3> (ADDERTREE_INTERNAL_Madd5_cy<3>)
     XORCY:CI->O           1   0.180   0.684  ADDERTREE_INTERNAL_Madd5_xor<4> (ADDERTREE_INTERNAL_Madd_45)
     LUT2:I0->O            1   0.203   0.000  ADDERTREE_INTERNAL_Madd7_lut<4> (ADDERTREE_INTERNAL_Madd7_lut<4>)
     MUXCY:S->O            0   0.172   0.000  ADDERTREE_INTERNAL_Madd7_cy<4> (ADDERTREE_INTERNAL_Madd7_cy<4>)
     XORCY:CI->O           2   0.180   0.617  ADDERTREE_INTERNAL_Madd7_xor<5> (ADDERTREE_INTERNAL_Madd_57)
     LUT3:I2->O            1   0.205   0.580  ADDERTREE_INTERNAL_Madd85 (ADDERTREE_INTERNAL_Madd85)
     LUT4:I3->O            1   0.205   0.000  ADDERTREE_INTERNAL_Madd8_lut<0>6 (ADDERTREE_INTERNAL_Madd8_lut<0>6)
     MUXCY:S->O            0   0.172   0.000  ADDERTREE_INTERNAL_Madd8_cy<0>_5 (ADDERTREE_INTERNAL_Madd8_cy<0>6)
     XORCY:CI->O           1   0.180   0.579  ADDERTREE_INTERNAL_Madd8_xor<0>_6 (led_out_7_OBUF)
     OBUF:I->O                 2.571          led_out_7_OBUF (led_out<7>)
    ----------------------------------------
    Total                     12.665ns (6.438ns logic, 6.227ns route)
                                       (50.8% logic, 49.2% route)

=========================================================================

Cross Clock Domains Report:
--------------------------

=========================================================================


Total REAL time to Xst completion: 7.00 secs
Total CPU time to Xst completion: 6.83 secs
 
--> 


Total memory usage is 381720 kilobytes

Number of errors   :    0 (   0 filtered)
Number of warnings :    6 (   0 filtered)
Number of infos    :    0 (   0 filtered)

