iMPACT Version: 14.7

iMPACT log file Started on Mon Feb 17 15:52:53 2014

Welcome to iMPACT
iMPACT Version: 14.7
Project:'/home/cccitron/makestuff/libs/libfpgalink-20120621/hdl/fx2/vhdl/ex_fifo-me/fifo//auto_project.ipf' already exists.
Original project has been renamed to'/home/cccitron/makestuff/libs/libfpgalink-20120621/hdl/fx2/vhdl/ex_fifo-me/fifo//auto_project_1.ipf'.
Project:/home/cccitron/makestuff/libs/libfpgalink-20120621/hdl/fx2/vhdl/ex_fifo-me/fifo//auto_project.ipf created.
// *** BATCH CMD : setMode -bs
GUI --- Auto connect to cable...
// *** BATCH CMD : setCable -port auto
AutoDetecting cable. Please wait.
*** WARNING ***: When port is set to auto detect mode, cable speed is set todefault 6 MHz regardless of explicit arguments supplied for setting the baudrates
PROGRESS_START - Starting Operation.
If you are using the Platform Cable USB, please refer to the USB CableInstallation Guide (UG344) to install the libusb package.
Connecting to cable (Usb Port - USB21).
Checking cable driver.
 Linux release = 3.11.0-15-generic.
WARNING:iMPACT -  Module windrvr6 is not loaded. Please reinstall the cable   drivers. See Answer Record 22648.
Cable connection failed.
INFO:Cse - The fxload application is not installed. This application is required   when using the Platform Cable USB. This warning should be ignored if you are   using the Parallel Cable III or Parallel Cable IV. Please download and   install the fxload-2002_04_11 package. Note that root access is required to   perform the installation.
Connecting to cable (Parallel Port - parport0).
 Linux release = 3.11.0-15-generic.
WARNING:iMPACT -  Module windrvr6 is not loaded. Please reinstall the cable   drivers. See Answer Record 22648.
Cable connection failed.
Connecting to cable (Parallel Port - parport1).
 Linux release = 3.11.0-15-generic.
WARNING:iMPACT -  Module windrvr6 is not loaded. Please reinstall the cable   drivers. See Answer Record 22648.
Cable connection failed.
Connecting to cable (Parallel Port - parport2).
 Linux release = 3.11.0-15-generic.
WARNING:iMPACT -  Module windrvr6 is not loaded. Please reinstall the cable   drivers. See Answer Record 22648.
Cable connection failed.
Connecting to cable (Parallel Port - parport3).
 Linux release = 3.11.0-15-generic.
WARNING:iMPACT -  Module windrvr6 is not loaded. Please reinstall the cable   drivers. See Answer Record 22648.
Cable connection failed.
PROGRESS_END - End Operation.
Elapsed time =      4 sec.
Cable autodetection failed.
WARNING:iMPACT:923 - Can not find cable, check cable setup !// *** BATCH CMD : setMode -bs
// *** BATCH CMD : setMode -ss
// *** BATCH CMD : setMode -sm
// *** BATCH CMD : setMode -hw140
// *** BATCH CMD : setMode -spi
// *** BATCH CMD : setMode -acecf
// *** BATCH CMD : setMode -acempm
// *** BATCH CMD : setMode -pff
Welcome to iMPACT
iMPACT Version: 14.7
Project:'/home/cccitron/makestuff/libs/libfpgalink-20120621/hdl/fx2/vhdl/ex_fifo-me/fifo//auto_project.ipf' already exists.
Original project has been renamed to'/home/cccitron/makestuff/libs/libfpgalink-20120621/hdl/fx2/vhdl/ex_fifo-me/fifo//auto_project_1.ipf'.
Project:/home/cccitron/makestuff/libs/libfpgalink-20120621/hdl/fx2/vhdl/ex_fifo-me/fifo//auto_project.ipf created.
// *** BATCH CMD : setMode -bs
// *** BATCH CMD : addDevice -p 1 -file"/home/cccitron/makestuff/libs/libfpgalink-20120621/hdl/fx2/vhdl/ex_fifo-me/fifo/top_level.bit"
'1': Loading file'/home/cccitron/makestuff/libs/libfpgalink-20120621/hdl/fx2/vhdl/ex_fifo-me/fifo/top_level.bit' ...
done.
INFO:iMPACT:1777 - 
   Reading /opt/Xilinx/14.7/ISE_DS/ISE/spartan6/data/xc6slx45.bsd...
INFO:iMPACT:2257 - Startup Clock has been changed to 'JtagClk' in the bitstream   stored in memory,
   but the original bitstream file remains unchanged.
UserID read from the bitstream file = 0xFFFFFFFF.
Data width read from the bitstream file = 1.
INFO:iMPACT:501 - '1': Added Device xc6slx45 successfully.
----------------------------------------------------------------------
INFO:iMPACT - XSVF file 'default.xsvf'  will be generated in   '/home/cccitron/makestuff/libs/libfpgalink-20120621/hdl/fx2/vhdl/ex_fifo-me/f   ifo/' using preset options listed below.
INFO:iMPACT - Any pre-selected programming properties will not alter this   output.
INFO:iMPACT - Current time: 2/17/14 3:53 PM
// *** BATCH CMD : expressxsvf -p 1 -program -erase -verify -file"/home/cccitron/makestuff/libs/libfpgalink-20120621/hdl/fx2/vhdl/ex_fifo-me/fifo/default.xsvf" 
One step SVF/XSVF operation will close any existing cable connections.
 Please reconnect your cable after the completion of the one-step operation.

'1': Programming device...
PROGRESS_START - Starting Operation.
 LCK_cycle = NoWait.
LCK cycle: NoWait
done.
INFO:iMPACT:579 - '1': Completed downloading bit file to device.
INFO:iMPACT:188 - '1': Programming completed successfully.
PROGRESS_END - End Operation.
Elapsed time =      3 sec.
Project:'/home/cccitron/makestuff/libs/libfpgalink-20120621/hdl/fx2/vhdl/ex_fifo-me/fifo//auto_project.ipf' created.
// *** BATCH CMD : setMode -bs
// *** BATCH CMD : setMode -ss
// *** BATCH CMD : setMode -sm
// *** BATCH CMD : setMode -hw140
// *** BATCH CMD : setMode -spi
// *** BATCH CMD : setMode -acecf
// *** BATCH CMD : setMode -acempm
// *** BATCH CMD : setMode -pff
// *** BATCH CMD : setMode -bs
// *** BATCH CMD : saveProjectFile -file"/home/cccitron/makestuff/libs/libfpgalink-20120621/hdl/fx2/vhdl/ex_fifo-me/fifo//auto_project.ipf"
// *** BATCH CMD : setMode -bs
// *** BATCH CMD : deleteDevice -position 1
// *** BATCH CMD : setMode -bs
// *** BATCH CMD : setMode -ss
// *** BATCH CMD : setMode -sm
// *** BATCH CMD : setMode -hw140
// *** BATCH CMD : setMode -spi
// *** BATCH CMD : setMode -acecf
// *** BATCH CMD : setMode -acempm
// *** BATCH CMD : setMode -pff
